16:05:48.446 - Team 4 joined the race!
16:05:48.446 - Team 4 driving to marker 0(Dist: 2.6km) for 200 milliseconds
16:05:48.646 - Team 4 arrived to RouteMarker Hula Valley. Checking for approval..
16:05:48.647 - Team 4 approved to enter marker Hula Valley
16:05:48.647 - Team 4 received clue: Route Information
16:05:48.647 - Team 4 at RM Hula Valley is leaving..
16:05:48.647 - Team 4 driving to marker 1(Dist: 33.0km) for 3300 milliseconds
16:05:51.953 - Team 4 arrived to RouteMarker Ramon Crater. Checking for approval..
16:05:51.953 - Team 4 is waiting for RouteMarker Ramon Crater to be available.
16:05:53.939 - Team 4 is waiting for RouteMarker Ramon Crater to be available.
16:05:54.153 - Team 4 is waiting for RouteMarker Ramon Crater to be available.
16:05:54.950 - Team 4 is waiting for RouteMarker Ramon Crater to be available.
16:05:55.238 - Team 4 is waiting for RouteMarker Ramon Crater to be available.
16:05:57.504 - Team 4 is waiting for RouteMarker Ramon Crater to be available.
16:05:58.200 - Team 4 approved to enter marker Ramon Crater
16:05:58.200 - Team 4 received clue: Detour
16:05:58.200 - Team 4 performing mental task for 1000 millis.
16:05:59.200 - Team 4 at RM Ramon Crater is leaving..
16:05:59.201 - Team 4 driving to marker 2(Dist: 28.0km) for 2800 milliseconds
16:06:02.001 - Team 4 arrived to RouteMarker Jerusalem Old City. Checking for approval..
16:06:02.001 - Team 4 approved to enter marker Jerusalem Old City
16:06:02.001 - Team 4 received clue: Route Information
16:06:02.001 - Team 4 at RM Jerusalem Old City is leaving..
16:06:02.001 - Team 4 driving to marker 3(Dist: 15.6km) for 1500 milliseconds
16:06:03.501 - Team 4 arrived to RouteMarker Dead Sea. Checking for approval..
16:06:03.501 - Team 4 approved to enter marker Dead Sea
16:06:03.501 - Team 4 received clue: Roadblock
16:06:03.502 - Team 4 draws random member: Contestant [ name=Helena Sala, physicalScore=36, mentalScore=94 ]
16:06:07.015 - Team 4 at RM Dead Sea is leaving..
16:06:07.017 - Team 4 driving to marker 4(Dist: 27.8km) for 2700 milliseconds
16:06:09.717 - Team 4 arrived to RouteMarker Acre Market. Checking for approval..
16:06:09.720 - Team 4 approved to enter marker Acre Market
16:06:09.721 - Team 4 received clue: Route Information
16:06:09.721 - Team 4 at RM Acre Market is leaving..
16:06:09.721 - Team 4 driving to marker 5(Dist: 14.2km) for 1400 milliseconds
16:06:11.121 - Team 4 arrived to RouteMarker Kinneret. Checking for approval..
16:06:11.121 - Team 4 approved to enter marker Kinneret
16:06:11.121 - Team 4 received clue: Route Information
16:06:11.121 - Team 4 at RM Kinneret is leaving..
16:06:11.121 - Team 4 driving to marker 6(Dist: 12.5km) for 1200 milliseconds
16:06:12.324 - Team 4 arrived to RouteMarker Bahai Garden. Checking for approval..
16:06:12.324 - Team 4 approved to enter marker Bahai Garden
16:06:12.324 - Team 4 received clue: Detour
16:06:12.324 - Team 4 performing mental task for 1000 millis.
16:06:13.324 - Team 4 at RM Bahai Garden is leaving..
16:06:13.324 - Team 4 driving to marker 7(Dist: 25.1km) for 2500 milliseconds
16:06:15.824 - Team 4 arrived to RouteMarker Tel Aviv Azrieli Center. Checking for approval..
16:06:15.828 - Team 4 approved to enter marker Tel Aviv Azrieli Center
16:06:15.828 - Team 4 received clue: Route Information
16:06:15.828 - Team 4 at RM Tel Aviv Azrieli Center is leaving..
