16:05:48.434 - Team 1 joined the race!
16:05:48.434 - Team 1 driving to marker 0(Dist: 2.6km) for 200 milliseconds
16:05:48.638 - Team 1 arrived to RouteMarker Hula Valley. Checking for approval..
16:05:48.638 - Team 1 approved to enter marker Hula Valley
16:05:48.638 - Team 1 received clue: Route Information
16:05:48.639 - Team 1 at RM Hula Valley is leaving..
16:05:48.639 - Team 1 driving to marker 1(Dist: 33.0km) for 3300 milliseconds
16:05:51.950 - Team 1 arrived to RouteMarker Ramon Crater. Checking for approval..
16:05:51.951 - Team 1 approved to enter marker Ramon Crater
16:05:51.951 - Team 1 received clue: Detour
16:05:51.951 - Team 1 performing mental task for 2200 millis.
16:05:54.152 - Team 1 at RM Ramon Crater is leaving..
16:05:54.158 - Team 1 driving to marker 2(Dist: 28.0km) for 2800 milliseconds
16:05:56.958 - Team 1 arrived to RouteMarker Jerusalem Old City. Checking for approval..
16:05:56.958 - Team 1 approved to enter marker Jerusalem Old City
16:05:56.958 - Team 1 received clue: Route Information
16:05:56.958 - Team 1 at RM Jerusalem Old City is leaving..
16:05:56.958 - Team 1 driving to marker 3(Dist: 15.6km) for 1500 milliseconds
16:05:58.459 - Team 1 arrived to RouteMarker Dead Sea. Checking for approval..
16:05:58.459 - Team 1 approved to enter marker Dead Sea
16:05:58.459 - Team 1 received clue: Roadblock
16:05:58.459 - Team 1 draws random member: Contestant [ name=Elton Victor, physicalScore=69, mentalScore=65 ]
16:06:01.760 - Team 1 at RM Dead Sea is leaving..
16:06:01.761 - Team 1 driving to marker 4(Dist: 27.8km) for 2700 milliseconds
16:06:04.462 - Team 1 arrived to RouteMarker Acre Market. Checking for approval..
16:06:04.462 - Team 1 approved to enter marker Acre Market
16:06:04.462 - Team 1 received clue: Route Information
16:06:04.462 - Team 1 at RM Acre Market is leaving..
16:06:04.463 - Team 1 driving to marker 5(Dist: 14.2km) for 1400 milliseconds
16:06:05.863 - Team 1 arrived to RouteMarker Kinneret. Checking for approval..
16:06:05.863 - Team 1 approved to enter marker Kinneret
16:06:05.863 - Team 1 received clue: Route Information
16:06:05.863 - Team 1 at RM Kinneret is leaving..
16:06:05.864 - Team 1 driving to marker 6(Dist: 12.5km) for 1200 milliseconds
16:06:07.064 - Team 1 arrived to RouteMarker Bahai Garden. Checking for approval..
16:06:07.064 - Team 1 approved to enter marker Bahai Garden
16:06:07.064 - Team 1 received clue: Detour
16:06:07.064 - Team 1 performing mental task for 2200 millis.
16:06:09.264 - Team 1 at RM Bahai Garden is leaving..
16:06:09.264 - Team 1 driving to marker 7(Dist: 25.1km) for 2500 milliseconds
16:06:11.765 - Team 1 arrived to RouteMarker Tel Aviv Azrieli Center. Checking for approval..
16:06:11.766 - Team 1 approved to enter marker Tel Aviv Azrieli Center
16:06:11.766 - Team 1 received clue: Route Information
16:06:11.766 - Team 1 at RM Tel Aviv Azrieli Center is leaving..
