16:05:48.448 - Team 10 joined the race!
16:05:48.448 - Team 10 driving to marker 0(Dist: 2.6km) for 200 milliseconds
16:05:48.648 - Team 10 arrived to RouteMarker Hula Valley. Checking for approval..
16:05:48.648 - Team 10 approved to enter marker Hula Valley
16:05:48.648 - Team 10 received clue: Route Information
16:05:48.649 - Team 10 at RM Hula Valley is leaving..
16:05:48.649 - Team 10 driving to marker 1(Dist: 33.0km) for 3300 milliseconds
16:05:51.954 - Team 10 arrived to RouteMarker Ramon Crater. Checking for approval..
16:05:51.954 - Team 10 is waiting for RouteMarker Ramon Crater to be available.
16:05:53.939 - Team 10 is waiting for RouteMarker Ramon Crater to be available.
16:05:54.154 - Team 10 is waiting for RouteMarker Ramon Crater to be available.
16:05:54.950 - Team 10 is waiting for RouteMarker Ramon Crater to be available.
16:05:55.238 - Team 10 is waiting for RouteMarker Ramon Crater to be available.
16:05:57.503 - Team 10 is waiting for RouteMarker Ramon Crater to be available.
16:05:58.200 - Team 10 is waiting for RouteMarker Ramon Crater to be available.
16:05:59.200 - Team 10 approved to enter marker Ramon Crater
16:05:59.201 - Team 10 received clue: Detour
16:05:59.201 - Team 10 performing physical task for 2550 millis
16:06:01.751 - Team 10 at RM Ramon Crater is leaving..
16:06:01.751 - Team 10 driving to marker 2(Dist: 28.0km) for 2800 milliseconds
16:06:04.552 - Team 10 arrived to RouteMarker Jerusalem Old City. Checking for approval..
16:06:04.552 - Team 10 approved to enter marker Jerusalem Old City
16:06:04.553 - Team 10 received clue: Route Information
16:06:04.553 - Team 10 at RM Jerusalem Old City is leaving..
16:06:04.553 - Team 10 driving to marker 3(Dist: 15.6km) for 1500 milliseconds
16:06:06.053 - Team 10 arrived to RouteMarker Dead Sea. Checking for approval..
16:06:06.053 - Team 10 is waiting for RouteMarker Dead Sea to be available.
16:06:06.854 - Team 10 approved to enter marker Dead Sea
16:06:06.854 - Team 10 received clue: Roadblock
16:06:06.855 - Team 10 draws random member: Contestant [ name=Stella Blaha, physicalScore=56, mentalScore=25 ]
16:06:12.805 - Team 10 at RM Dead Sea is leaving..
16:06:12.805 - Team 10 driving to marker 4(Dist: 27.8km) for 2700 milliseconds
16:06:15.505 - Team 10 arrived to RouteMarker Acre Market. Checking for approval..
16:06:15.505 - Team 10 approved to enter marker Acre Market
16:06:15.505 - Team 10 received clue: Route Information
16:06:15.505 - Team 10 at RM Acre Market is leaving..
16:06:15.505 - Team 10 driving to marker 5(Dist: 14.2km) for 1400 milliseconds
16:06:16.905 - Team 10 arrived to RouteMarker Kinneret. Checking for approval..
16:06:16.907 - Team 10 approved to enter marker Kinneret
16:06:16.907 - Team 10 received clue: Route Information
16:06:16.908 - Team 10 at RM Kinneret is leaving..
16:06:16.908 - Team 10 driving to marker 6(Dist: 12.5km) for 1200 milliseconds
16:06:18.108 - Team 10 arrived to RouteMarker Bahai Garden. Checking for approval..
16:06:18.108 - Team 10 approved to enter marker Bahai Garden
16:06:18.108 - Team 10 received clue: Detour
16:06:18.108 - Team 10 performing physical task for 2550 millis
16:06:20.658 - Team 10 at RM Bahai Garden is leaving..
16:06:20.658 - Team 10 driving to marker 7(Dist: 25.1km) for 2500 milliseconds
16:06:23.159 - Team 10 arrived to RouteMarker Tel Aviv Azrieli Center. Checking for approval..
16:06:23.159 - Team 10 approved to enter marker Tel Aviv Azrieli Center
16:06:23.159 - Team 10 received clue: Route Information
16:06:23.159 - Team 10 at RM Tel Aviv Azrieli Center is leaving..
