16:05:48.449 - Team 7 joined the race!
16:05:48.450 - Team 7 driving to marker 0(Dist: 2.6km) for 200 milliseconds
16:05:48.650 - Team 7 arrived to RouteMarker Hula Valley. Checking for approval..
16:05:48.650 - Team 7 approved to enter marker Hula Valley
16:05:48.650 - Team 7 received clue: Route Information
16:05:48.651 - Team 7 at RM Hula Valley is leaving..
16:05:48.651 - Team 7 driving to marker 1(Dist: 33.0km) for 3300 milliseconds
16:05:51.954 - Team 7 arrived to RouteMarker Ramon Crater. Checking for approval..
16:05:51.959 - Team 7 is waiting for RouteMarker Ramon Crater to be available.
16:05:53.938 - Team 7 is waiting for RouteMarker Ramon Crater to be available.
16:05:54.158 - Team 7 is waiting for RouteMarker Ramon Crater to be available.
16:05:54.950 - Team 7 approved to enter marker Ramon Crater
16:05:54.950 - Team 7 received clue: Detour
16:05:54.950 - Team 7 performing mental task for 3250 millis.
16:05:58.200 - Team 7 at RM Ramon Crater is leaving..
16:05:58.201 - Team 7 driving to marker 2(Dist: 28.0km) for 2800 milliseconds
16:06:01.001 - Team 7 arrived to RouteMarker Jerusalem Old City. Checking for approval..
16:06:01.001 - Team 7 approved to enter marker Jerusalem Old City
16:06:01.001 - Team 7 received clue: Route Information
16:06:01.001 - Team 7 at RM Jerusalem Old City is leaving..
16:06:01.002 - Team 7 driving to marker 3(Dist: 15.6km) for 1500 milliseconds
16:06:02.502 - Team 7 arrived to RouteMarker Dead Sea. Checking for approval..
16:06:02.502 - Team 7 approved to enter marker Dead Sea
16:06:02.502 - Team 7 received clue: Roadblock
16:06:02.503 - Team 7 draws random member: Contestant [ name=Faustino Garrard, physicalScore=54, mentalScore=59 ]
16:06:06.854 - Team 7 at RM Dead Sea is leaving..
16:06:06.855 - Team 7 driving to marker 4(Dist: 27.8km) for 2700 milliseconds
16:06:09.555 - Team 7 arrived to RouteMarker Acre Market. Checking for approval..
16:06:09.558 - Team 7 approved to enter marker Acre Market
16:06:09.558 - Team 7 received clue: Route Information
16:06:09.558 - Team 7 at RM Acre Market is leaving..
16:06:09.558 - Team 7 driving to marker 5(Dist: 14.2km) for 1400 milliseconds
16:06:10.958 - Team 7 arrived to RouteMarker Kinneret. Checking for approval..
16:06:10.958 - Team 7 approved to enter marker Kinneret
16:06:10.995 - Team 7 received clue: Route Information
16:06:10.995 - Team 7 at RM Kinneret is leaving..
16:06:10.995 - Team 7 driving to marker 6(Dist: 12.5km) for 1200 milliseconds
16:06:12.195 - Team 7 arrived to RouteMarker Bahai Garden. Checking for approval..
16:06:12.206 - Team 7 approved to enter marker Bahai Garden
16:06:12.218 - Team 7 received clue: Detour
16:06:12.218 - Team 7 performing mental task for 3250 millis.
16:06:15.468 - Team 7 at RM Bahai Garden is leaving..
16:06:15.468 - Team 7 driving to marker 7(Dist: 25.1km) for 2500 milliseconds
16:06:17.968 - Team 7 arrived to RouteMarker Tel Aviv Azrieli Center. Checking for approval..
16:06:17.968 - Team 7 approved to enter marker Tel Aviv Azrieli Center
16:06:17.968 - Team 7 received clue: Route Information
16:06:17.968 - Team 7 at RM Tel Aviv Azrieli Center is leaving..
