16:05:48.432 - Team 2 joined the race!
16:05:48.433 - Team 2 driving to marker 0(Dist: 2.6km) for 200 milliseconds
16:05:48.633 - Team 2 arrived to RouteMarker Hula Valley. Checking for approval..
16:05:48.633 - Team 2 approved to enter marker Hula Valley
16:05:48.633 - Team 2 received clue: Route Information
16:05:48.634 - Team 2 at RM Hula Valley is leaving..
16:05:48.635 - Team 2 driving to marker 1(Dist: 33.0km) for 3300 milliseconds
16:05:51.936 - Team 2 arrived to RouteMarker Ramon Crater. Checking for approval..
16:05:51.936 - Team 2 approved to enter marker Ramon Crater
16:05:51.937 - Team 2 received clue: Detour
16:05:51.938 - Team 2 performing mental task for 2000 millis.
16:05:53.938 - Team 2 at RM Ramon Crater is leaving..
16:05:53.939 - Team 2 driving to marker 2(Dist: 28.0km) for 2800 milliseconds
16:05:56.739 - Team 2 arrived to RouteMarker Jerusalem Old City. Checking for approval..
16:05:56.739 - Team 2 approved to enter marker Jerusalem Old City
16:05:56.739 - Team 2 received clue: Route Information
16:05:56.739 - Team 2 at RM Jerusalem Old City is leaving..
16:05:56.740 - Team 2 driving to marker 3(Dist: 15.6km) for 1500 milliseconds
16:05:58.240 - Team 2 arrived to RouteMarker Dead Sea. Checking for approval..
16:05:58.240 - Team 2 approved to enter marker Dead Sea
16:05:58.240 - Team 2 received clue: Roadblock
16:05:58.241 - Team 2 draws random member: Contestant [ name=Lore Cirino, physicalScore=44, mentalScore=72 ]
16:06:02.445 - Team 2 at RM Dead Sea is leaving..
16:06:02.446 - Team 2 driving to marker 4(Dist: 27.8km) for 2700 milliseconds
16:06:05.147 - Team 2 arrived to RouteMarker Acre Market. Checking for approval..
16:06:05.147 - Team 2 approved to enter marker Acre Market
16:06:05.147 - Team 2 received clue: Route Information
16:06:05.147 - Team 2 at RM Acre Market is leaving..
16:06:05.147 - Team 2 driving to marker 5(Dist: 14.2km) for 1400 milliseconds
16:06:06.547 - Team 2 arrived to RouteMarker Kinneret. Checking for approval..
16:06:06.547 - Team 2 approved to enter marker Kinneret
16:06:06.547 - Team 2 received clue: Route Information
16:06:06.547 - Team 2 at RM Kinneret is leaving..
16:06:06.547 - Team 2 driving to marker 6(Dist: 12.5km) for 1200 milliseconds
16:06:07.747 - Team 2 arrived to RouteMarker Bahai Garden. Checking for approval..
16:06:07.747 - Team 2 approved to enter marker Bahai Garden
16:06:07.747 - Team 2 received clue: Detour
16:06:07.747 - Team 2 performing mental task for 2000 millis.
16:06:09.748 - Team 2 at RM Bahai Garden is leaving..
16:06:09.748 - Team 2 driving to marker 7(Dist: 25.1km) for 2500 milliseconds
16:06:12.248 - Team 2 arrived to RouteMarker Tel Aviv Azrieli Center. Checking for approval..
16:06:12.248 - Team 2 approved to enter marker Tel Aviv Azrieli Center
16:06:12.248 - Team 2 received clue: Route Information
16:06:12.248 - Team 2 at RM Tel Aviv Azrieli Center is leaving..
