16:05:48.444 - Team 6 joined the race!
16:05:48.445 - Team 6 driving to marker 0(Dist: 2.6km) for 200 milliseconds
16:05:48.646 - Team 6 arrived to RouteMarker Hula Valley. Checking for approval..
16:05:48.646 - Team 6 approved to enter marker Hula Valley
16:05:48.646 - Team 6 received clue: Route Information
16:05:48.646 - Team 6 at RM Hula Valley is leaving..
16:05:48.646 - Team 6 driving to marker 1(Dist: 33.0km) for 3300 milliseconds
16:05:51.952 - Team 6 arrived to RouteMarker Ramon Crater. Checking for approval..
16:05:51.953 - Team 6 is waiting for RouteMarker Ramon Crater to be available.
16:05:53.939 - Team 6 is waiting for RouteMarker Ramon Crater to be available.
16:05:54.153 - Team 6 is waiting for RouteMarker Ramon Crater to be available.
16:05:54.959 - Team 6 is waiting for RouteMarker Ramon Crater to be available.
16:05:55.238 - Team 6 approved to enter marker Ramon Crater
16:05:55.238 - Team 6 received clue: Detour
16:05:55.238 - Team 6 performing physical task for 5600 millis
16:06:00.838 - Team 6 at RM Ramon Crater is leaving..
16:06:00.838 - Team 6 driving to marker 2(Dist: 28.0km) for 2800 milliseconds
16:06:03.638 - Team 6 arrived to RouteMarker Jerusalem Old City. Checking for approval..
16:06:03.638 - Team 6 approved to enter marker Jerusalem Old City
16:06:03.638 - Team 6 received clue: Route Information
16:06:03.638 - Team 6 at RM Jerusalem Old City is leaving..
16:06:03.638 - Team 6 driving to marker 3(Dist: 15.6km) for 1500 milliseconds
16:06:05.139 - Team 6 arrived to RouteMarker Dead Sea. Checking for approval..
16:06:05.139 - Team 6 is waiting for RouteMarker Dead Sea to be available.
16:06:05.271 - Team 6 approved to enter marker Dead Sea
16:06:05.271 - Team 6 received clue: Roadblock
16:06:05.272 - Team 6 draws random member: Contestant [ name=Ulf Hurst, physicalScore=65, mentalScore=24 ]
16:06:10.822 - Team 6 at RM Dead Sea is leaving..
16:06:10.822 - Team 6 driving to marker 4(Dist: 27.8km) for 2700 milliseconds
16:06:13.532 - Team 6 arrived to RouteMarker Acre Market. Checking for approval..
16:06:13.532 - Team 6 approved to enter marker Acre Market
16:06:13.532 - Team 6 received clue: Route Information
16:06:13.533 - Team 6 at RM Acre Market is leaving..
16:06:13.533 - Team 6 driving to marker 5(Dist: 14.2km) for 1400 milliseconds
16:06:14.933 - Team 6 arrived to RouteMarker Kinneret. Checking for approval..
16:06:14.933 - Team 6 approved to enter marker Kinneret
16:06:14.933 - Team 6 received clue: Route Information
16:06:14.933 - Team 6 at RM Kinneret is leaving..
16:06:14.933 - Team 6 driving to marker 6(Dist: 12.5km) for 1200 milliseconds
16:06:16.133 - Team 6 arrived to RouteMarker Bahai Garden. Checking for approval..
16:06:16.133 - Team 6 approved to enter marker Bahai Garden
16:06:16.133 - Team 6 received clue: Detour
16:06:16.133 - Team 6 performing physical task for 5600 millis
16:06:21.734 - Team 6 at RM Bahai Garden is leaving..
16:06:21.734 - Team 6 driving to marker 7(Dist: 25.1km) for 2500 milliseconds
16:06:24.234 - Team 6 arrived to RouteMarker Tel Aviv Azrieli Center. Checking for approval..
16:06:24.234 - Team 6 approved to enter marker Tel Aviv Azrieli Center
16:06:24.234 - Team 6 received clue: Route Information
16:06:24.234 - Team 6 at RM Tel Aviv Azrieli Center is leaving..
