16:00:18.083 - Starting simulating race
16:00:18.094 - Importing teams from teams.json
16:00:18.120 - Importing Route Markers from markers.json
16:00:18.124 - Team 0 joined the race!
16:00:18.125 - Team 0 driving to marker 0(Dist: 2.6km) for 200 milliseconds
16:00:18.126 - Team 2 joined the race!
16:00:18.127 - Team 2 driving to marker 0(Dist: 2.6km) for 200 milliseconds
16:00:18.129 - Team 4 joined the race!
16:00:18.129 - Team 6 joined the race!
16:00:18.130 - Team 6 driving to marker 0(Dist: 2.6km) for 200 milliseconds
16:00:18.130 - Team 4 driving to marker 0(Dist: 2.6km) for 200 milliseconds
16:00:18.130 - Team 8 joined the race!
16:00:18.131 - Team 8 driving to marker 0(Dist: 2.6km) for 200 milliseconds
16:00:18.131 - Team 3 joined the race!
16:00:18.131 - Team 5 joined the race!
16:00:18.132 - Team 5 driving to marker 0(Dist: 2.6km) for 200 milliseconds
16:00:18.133 - Team 1 joined the race!
16:00:18.133 - Team 10 joined the race!
16:00:18.133 - Team 1 driving to marker 0(Dist: 2.6km) for 200 milliseconds
16:00:18.133 - Team 3 driving to marker 0(Dist: 2.6km) for 200 milliseconds
16:00:18.133 - Team 10 driving to marker 0(Dist: 2.6km) for 200 milliseconds
16:00:18.134 - Team 7 joined the race!
16:00:18.134 - Team 7 driving to marker 0(Dist: 2.6km) for 200 milliseconds
16:00:18.135 - Team 9 joined the race!
16:00:18.135 - Team 9 driving to marker 0(Dist: 2.6km) for 200 milliseconds
16:00:18.325 - Team 0 arrived to RouteMarker Hula Valley. Checking for approval..
16:00:18.325 - Team 0 approved to enter marker Hula Valley
16:00:18.326 - Team 0 received clue: Route Information
16:00:18.326 - Team 0 at RM Hula Valley is leaving..
16:00:18.328 - Team 0 driving to marker 1(Dist: 33.0km) for 3300 milliseconds
16:00:18.328 - Team 2 arrived to RouteMarker Hula Valley. Checking for approval..
16:00:18.328 - Team 2 approved to enter marker Hula Valley
16:00:18.329 - Team 2 received clue: Route Information
16:00:18.329 - Team 2 at RM Hula Valley is leaving..
16:00:18.330 - Team 2 driving to marker 1(Dist: 33.0km) for 3300 milliseconds
16:00:18.331 - Team 4 arrived to RouteMarker Hula Valley. Checking for approval..
16:00:18.331 - Team 4 approved to enter marker Hula Valley
16:00:18.332 - Team 4 received clue: Route Information
16:00:18.332 - Team 4 at RM Hula Valley is leaving..
16:00:18.333 - Team 4 driving to marker 1(Dist: 33.0km) for 3300 milliseconds
16:00:18.333 - Team 6 arrived to RouteMarker Hula Valley. Checking for approval..
16:00:18.333 - Team 6 approved to enter marker Hula Valley
16:00:18.334 - Team 6 received clue: Route Information
16:00:18.338 - Team 6 at RM Hula Valley is leaving..
16:00:18.338 - Team 6 driving to marker 1(Dist: 33.0km) for 3300 milliseconds
16:00:18.339 - Team 8 arrived to RouteMarker Hula Valley. Checking for approval..
16:00:18.339 - Team 8 approved to enter marker Hula Valley
16:00:18.339 - Team 8 received clue: Route Information
16:00:18.339 - Team 8 at RM Hula Valley is leaving..
16:00:18.340 - Team 8 driving to marker 1(Dist: 33.0km) for 3300 milliseconds
16:00:18.339 - Team 5 arrived to RouteMarker Hula Valley. Checking for approval..
16:00:18.340 - Team 5 approved to enter marker Hula Valley
16:00:18.340 - Team 5 received clue: Route Information
16:00:18.341 - Team 5 at RM Hula Valley is leaving..
16:00:18.341 - Team 1 arrived to RouteMarker Hula Valley. Checking for approval..
16:00:18.341 - Team 5 driving to marker 1(Dist: 33.0km) for 3300 milliseconds
16:00:18.341 - Team 1 approved to enter marker Hula Valley
16:00:18.341 - Team 1 received clue: Route Information
16:00:18.342 - Team 1 at RM Hula Valley is leaving..
16:00:18.342 - Team 3 arrived to RouteMarker Hula Valley. Checking for approval..
16:00:18.342 - Team 3 approved to enter marker Hula Valley
16:00:18.342 - Team 1 driving to marker 1(Dist: 33.0km) for 3300 milliseconds
16:00:18.342 - Team 3 received clue: Route Information
16:00:18.342 - Team 10 arrived to RouteMarker Hula Valley. Checking for approval..
16:00:18.342 - Team 3 at RM Hula Valley is leaving..
16:00:18.343 - Team 3 driving to marker 1(Dist: 33.0km) for 3300 milliseconds
16:00:18.343 - Team 7 arrived to RouteMarker Hula Valley. Checking for approval..
16:00:18.344 - Team 7 approved to enter marker Hula Valley
16:00:18.344 - Team 7 received clue: Route Information
16:00:18.344 - Team 7 at RM Hula Valley is leaving..
16:00:18.344 - Team 7 driving to marker 1(Dist: 33.0km) for 3300 milliseconds
16:00:18.345 - Team 9 arrived to RouteMarker Hula Valley. Checking for approval..
16:00:18.345 - Team 9 approved to enter marker Hula Valley
16:00:18.345 - Team 9 received clue: Route Information
16:00:18.345 - Team 9 at RM Hula Valley is leaving..
16:00:18.345 - Team 9 driving to marker 1(Dist: 33.0km) for 3300 milliseconds
16:00:18.346 - Team 10 approved to enter marker Hula Valley
16:00:18.346 - Team 10 received clue: Route Information
16:00:18.346 - Team 10 at RM Hula Valley is leaving..
16:00:18.347 - Team 10 driving to marker 1(Dist: 33.0km) for 3300 milliseconds
16:00:21.628 - Team 0 arrived to RouteMarker Ramon Crater. Checking for approval..
16:00:21.628 - Team 0 approved to enter marker Ramon Crater
16:00:21.629 - Team 0 received clue: Detour
16:00:21.630 - Team 2 arrived to RouteMarker Ramon Crater. Checking for approval..
16:00:21.630 - Team 0 performing physical task for 3000 millis
16:00:21.630 - Team 2 approved to enter marker Ramon Crater
16:00:21.631 - Team 2 received clue: Detour
16:00:21.631 - Team 2 performing mental task for 2000 millis.
16:00:21.633 - Team 4 arrived to RouteMarker Ramon Crater. Checking for approval..
16:00:21.633 - Team 4 approved to enter marker Ramon Crater
16:00:21.633 - Team 4 received clue: Detour
16:00:21.633 - Team 4 performing mental task for 1000 millis.
16:00:21.638 - Team 6 arrived to RouteMarker Ramon Crater. Checking for approval..
16:00:21.638 - Team 6 is waiting for RouteMarker Ramon Crater to be available.
16:00:21.640 - Team 8 arrived to RouteMarker Ramon Crater. Checking for approval..
16:00:21.640 - Team 8 is waiting for RouteMarker Ramon Crater to be available.
16:00:21.641 - Team 5 arrived to RouteMarker Ramon Crater. Checking for approval..
16:00:21.641 - Team 5 is waiting for RouteMarker Ramon Crater to be available.
16:00:21.642 - Team 1 arrived to RouteMarker Ramon Crater. Checking for approval..
16:00:21.642 - Team 1 is waiting for RouteMarker Ramon Crater to be available.
16:00:21.643 - Team 3 arrived to RouteMarker Ramon Crater. Checking for approval..
16:00:21.643 - Team 3 is waiting for RouteMarker Ramon Crater to be available.
16:00:21.644 - Team 7 arrived to RouteMarker Ramon Crater. Checking for approval..
16:00:21.644 - Team 7 is waiting for RouteMarker Ramon Crater to be available.
16:00:21.646 - Team 9 arrived to RouteMarker Ramon Crater. Checking for approval..
16:00:21.646 - Team 9 is waiting for RouteMarker Ramon Crater to be available.
16:00:21.647 - Team 10 arrived to RouteMarker Ramon Crater. Checking for approval..
16:00:21.647 - Team 10 is waiting for RouteMarker Ramon Crater to be available.
16:00:22.634 - Team 4 at RM Ramon Crater is leaving..
16:00:22.634 - Team 10 approved to enter marker Ramon Crater
16:00:22.634 - Team 10 received clue: Detour
16:00:22.635 - Team 10 performing physical task for 2550 millis
16:00:22.635 - Team 9 is waiting for RouteMarker Ramon Crater to be available.
16:00:22.635 - Team 7 is waiting for RouteMarker Ramon Crater to be available.
16:00:22.636 - Team 3 is waiting for RouteMarker Ramon Crater to be available.
16:00:22.636 - Team 1 is waiting for RouteMarker Ramon Crater to be available.
16:00:22.636 - Team 5 is waiting for RouteMarker Ramon Crater to be available.
16:00:22.645 - Team 8 is waiting for RouteMarker Ramon Crater to be available.
16:00:22.645 - Team 6 is waiting for RouteMarker Ramon Crater to be available.
16:00:22.645 - Team 4 driving to marker 2(Dist: 28.0km) for 2800 milliseconds
16:00:23.631 - Team 2 at RM Ramon Crater is leaving..
16:00:23.631 - Team 6 approved to enter marker Ramon Crater
16:00:23.631 - Team 6 received clue: Detour
16:00:23.631 - Team 8 is waiting for RouteMarker Ramon Crater to be available.
16:00:23.632 - Team 6 performing physical task for 5600 millis
16:00:23.631 - Team 2 driving to marker 2(Dist: 28.0km) for 2800 milliseconds
16:00:23.632 - Team 5 is waiting for RouteMarker Ramon Crater to be available.
16:00:23.632 - Team 1 is waiting for RouteMarker Ramon Crater to be available.
16:00:23.632 - Team 3 is waiting for RouteMarker Ramon Crater to be available.
16:00:23.633 - Team 7 is waiting for RouteMarker Ramon Crater to be available.
16:00:23.633 - Team 9 is waiting for RouteMarker Ramon Crater to be available.
16:00:24.631 - Team 0 at RM Ramon Crater is leaving..
16:00:24.631 - Team 9 approved to enter marker Ramon Crater
16:00:24.631 - Team 9 received clue: Detour
16:00:24.631 - Team 9 performing mental task for 1300 millis.
16:00:24.632 - Team 7 is waiting for RouteMarker Ramon Crater to be available.
16:00:24.632 - Team 3 is waiting for RouteMarker Ramon Crater to be available.
16:00:24.632 - Team 1 is waiting for RouteMarker Ramon Crater to be available.
16:00:24.638 - Team 5 is waiting for RouteMarker Ramon Crater to be available.
16:00:24.639 - Team 8 is waiting for RouteMarker Ramon Crater to be available.
16:00:24.639 - Team 0 driving to marker 2(Dist: 28.0km) for 2800 milliseconds
16:00:25.185 - Team 10 at RM Ramon Crater is leaving..
16:00:25.186 - Team 8 approved to enter marker Ramon Crater
16:00:25.186 - Team 8 received clue: Detour
16:00:25.187 - Team 8 performing physical task for 850 millis
16:00:25.187 - Team 5 is waiting for RouteMarker Ramon Crater to be available.
16:00:25.187 - Team 1 is waiting for RouteMarker Ramon Crater to be available.
16:00:25.187 - Team 3 is waiting for RouteMarker Ramon Crater to be available.
16:00:25.187 - Team 7 is waiting for RouteMarker Ramon Crater to be available.
16:00:25.188 - Team 10 driving to marker 2(Dist: 28.0km) for 2800 milliseconds
16:00:25.446 - Team 4 arrived to RouteMarker Jerusalem Old City. Checking for approval..
16:00:25.446 - Team 4 approved to enter marker Jerusalem Old City
16:00:25.446 - Team 4 received clue: Route Information
16:00:25.447 - Team 4 at RM Jerusalem Old City is leaving..
16:00:25.447 - Team 4 driving to marker 3(Dist: 15.6km) for 1500 milliseconds
16:00:25.932 - Team 9 at RM Ramon Crater is leaving..
16:00:25.932 - Team 7 approved to enter marker Ramon Crater
16:00:25.932 - Team 7 received clue: Detour
16:00:25.932 - Team 7 performing mental task for 3250 millis.
16:00:25.932 - Team 3 is waiting for RouteMarker Ramon Crater to be available.
16:00:25.932 - Team 1 is waiting for RouteMarker Ramon Crater to be available.
16:00:25.933 - Team 5 is waiting for RouteMarker Ramon Crater to be available.
16:00:25.933 - Team 9 driving to marker 2(Dist: 28.0km) for 2800 milliseconds
16:00:26.037 - Team 8 at RM Ramon Crater is leaving..
16:00:26.037 - Team 8 driving to marker 2(Dist: 28.0km) for 2800 milliseconds
16:00:26.037 - Team 5 approved to enter marker Ramon Crater
16:00:26.037 - Team 1 approved to enter marker Ramon Crater
16:00:26.037 - Team 1 received clue: Detour
16:00:26.037 - Team 5 received clue: Detour
16:00:26.037 - Team 1 performing mental task for 2200 millis.
16:00:26.038 - Team 5 performing physical task for 2400 millis
16:00:26.038 - Team 3 is waiting for RouteMarker Ramon Crater to be available.
16:00:26.432 - Team 2 arrived to RouteMarker Jerusalem Old City. Checking for approval..
16:00:26.433 - Team 2 approved to enter marker Jerusalem Old City
16:00:26.433 - Team 2 received clue: Route Information
16:00:26.433 - Team 2 at RM Jerusalem Old City is leaving..
16:00:26.433 - Team 2 driving to marker 3(Dist: 15.6km) for 1500 milliseconds
16:00:26.948 - Team 4 arrived to RouteMarker Dead Sea. Checking for approval..
16:00:26.948 - Team 4 approved to enter marker Dead Sea
16:00:26.948 - Team 4 received clue: Roadblock
16:00:26.948 - Performing a member roadblock task
16:00:26.949 - Giving random member: java.util.Random@1077d85
16:00:26.949 - Member Nicole McKenzie performing combined task for 3300 millis.
16:00:27.439 - Team 0 arrived to RouteMarker Jerusalem Old City. Checking for approval..
16:00:27.439 - Team 0 approved to enter marker Jerusalem Old City
16:00:27.439 - Team 0 received clue: Route Information
16:00:27.439 - Team 0 at RM Jerusalem Old City is leaving..
16:00:27.440 - Team 0 driving to marker 3(Dist: 15.6km) for 1500 milliseconds
16:00:27.933 - Team 2 arrived to RouteMarker Dead Sea. Checking for approval..
16:00:27.933 - Team 2 approved to enter marker Dead Sea
16:00:27.933 - Team 2 received clue: Roadblock
16:00:27.933 - Performing a member roadblock task
16:00:27.933 - Giving random member: java.util.Random@7058afe2
16:00:27.934 - Member Lore Cirino performing combined task for 4200 millis.
16:00:27.988 - Team 10 arrived to RouteMarker Jerusalem Old City. Checking for approval..
16:00:27.988 - Team 10 approved to enter marker Jerusalem Old City
16:00:27.988 - Team 10 received clue: Route Information
16:00:27.988 - Team 10 at RM Jerusalem Old City is leaving..
16:00:27.989 - Team 10 driving to marker 3(Dist: 15.6km) for 1500 milliseconds
16:00:28.238 - Team 1 at RM Ramon Crater is leaving..
16:00:28.238 - Team 3 is waiting for RouteMarker Ramon Crater to be available.
16:00:28.238 - Team 1 driving to marker 2(Dist: 28.0km) for 2800 milliseconds
16:00:28.438 - Team 5 at RM Ramon Crater is leaving..
16:00:28.441 - Team 3 approved to enter marker Ramon Crater
16:00:28.441 - Team 3 received clue: Detour
16:00:28.441 - Team 3 performing physical task for 3350 millis
16:00:28.441 - Team 5 driving to marker 2(Dist: 28.0km) for 2800 milliseconds
16:00:28.733 - Team 9 arrived to RouteMarker Jerusalem Old City. Checking for approval..
16:00:28.733 - Team 9 approved to enter marker Jerusalem Old City
16:00:28.733 - Team 9 received clue: Route Information
16:00:28.733 - Team 9 at RM Jerusalem Old City is leaving..
16:00:28.734 - Team 9 driving to marker 3(Dist: 15.6km) for 1500 milliseconds
16:00:28.837 - Team 8 arrived to RouteMarker Jerusalem Old City. Checking for approval..
16:00:28.841 - Team 8 approved to enter marker Jerusalem Old City
16:00:28.841 - Team 8 received clue: Route Information
16:00:28.843 - Team 8 at RM Jerusalem Old City is leaving..
16:00:28.849 - Team 8 driving to marker 3(Dist: 15.6km) for 1500 milliseconds
16:00:28.940 - Team 0 arrived to RouteMarker Dead Sea. Checking for approval..
16:00:28.940 - Team 0 approved to enter marker Dead Sea
16:00:28.940 - Team 0 received clue: Roadblock
16:00:28.940 - Performing a member roadblock task
16:00:28.940 - Giving random member: java.util.Random@4877dcf8
16:00:28.940 - Member Rahmi Girish performing combined task for 2750 millis.
16:00:29.182 - Team 7 at RM Ramon Crater is leaving..
16:00:29.182 - Team 7 driving to marker 2(Dist: 28.0km) for 2800 milliseconds
16:00:29.232 - Team 6 at RM Ramon Crater is leaving..
16:00:29.232 - Team 6 driving to marker 2(Dist: 28.0km) for 2800 milliseconds
16:00:29.489 - Team 10 arrived to RouteMarker Dead Sea. Checking for approval..
16:00:29.489 - Team 10 is waiting for RouteMarker Dead Sea to be available.
16:00:30.234 - Team 9 arrived to RouteMarker Dead Sea. Checking for approval..
16:00:30.234 - Team 9 is waiting for RouteMarker Dead Sea to be available.
16:00:30.249 - Member Nicole McKenzie finished the combined task!
16:00:30.249 - Team 4 at RM Dead Sea is leaving..
16:00:30.249 - Team 9 approved to enter marker Dead Sea
16:00:30.249 - Team 9 received clue: Roadblock
16:00:30.249 - Performing a member roadblock task
16:00:30.249 - Giving random member: java.util.Random@4ec44cf9
16:00:30.249 - Member Pastor Wilcox performing combined task for 1250 millis.
16:00:30.250 - Team 10 is waiting for RouteMarker Dead Sea to be available.
16:00:30.250 - Team 4 driving to marker 4(Dist: 27.8km) for 2700 milliseconds
16:00:30.349 - Team 8 arrived to RouteMarker Dead Sea. Checking for approval..
16:00:30.349 - Team 8 is waiting for RouteMarker Dead Sea to be available.
16:00:31.038 - Team 1 arrived to RouteMarker Jerusalem Old City. Checking for approval..
16:00:31.038 - Team 1 approved to enter marker Jerusalem Old City
16:00:31.038 - Team 1 received clue: Route Information
16:00:31.038 - Team 1 at RM Jerusalem Old City is leaving..
16:00:31.041 - Team 1 driving to marker 3(Dist: 15.6km) for 1500 milliseconds
16:00:31.241 - Team 5 arrived to RouteMarker Jerusalem Old City. Checking for approval..
16:00:31.241 - Team 5 approved to enter marker Jerusalem Old City
16:00:31.241 - Team 5 received clue: Route Information
16:00:31.241 - Team 5 at RM Jerusalem Old City is leaving..
16:00:31.241 - Team 5 driving to marker 3(Dist: 15.6km) for 1500 milliseconds
16:00:31.499 - Member Pastor Wilcox finished the combined task!
16:00:31.499 - Team 9 at RM Dead Sea is leaving..
16:00:31.499 - Team 8 approved to enter marker Dead Sea
16:00:31.499 - Team 8 received clue: Roadblock
16:00:31.499 - Performing a member roadblock task
16:00:31.499 - Giving random member: java.util.Random@61b8feeb
16:00:31.499 - Member Lucie Arts performing combined task for 3600 millis.
16:00:31.500 - Team 9 driving to marker 4(Dist: 27.8km) for 2700 milliseconds
16:00:31.500 - Team 10 is waiting for RouteMarker Dead Sea to be available.
16:00:31.691 - Member Rahmi Girish finished the combined task!
16:00:31.697 - Team 0 at RM Dead Sea is leaving..
16:00:31.697 - Team 10 approved to enter marker Dead Sea
16:00:31.697 - Team 10 received clue: Roadblock
16:00:31.697 - Performing a member roadblock task
16:00:31.697 - Giving random member: java.util.Random@79664856
16:00:31.697 - Member Stella Blaha performing combined task for 5950 millis.
16:00:31.698 - Team 0 driving to marker 4(Dist: 27.8km) for 2700 milliseconds
16:00:31.791 - Team 3 at RM Ramon Crater is leaving..
16:00:31.791 - Team 3 driving to marker 2(Dist: 28.0km) for 2800 milliseconds
16:00:31.982 - Team 7 arrived to RouteMarker Jerusalem Old City. Checking for approval..
16:00:31.982 - Team 7 approved to enter marker Jerusalem Old City
16:00:31.982 - Team 7 received clue: Route Information
16:00:31.982 - Team 7 at RM Jerusalem Old City is leaving..
16:00:31.982 - Team 7 driving to marker 3(Dist: 15.6km) for 1500 milliseconds
16:00:32.032 - Team 6 arrived to RouteMarker Jerusalem Old City. Checking for approval..
16:00:32.032 - Team 6 approved to enter marker Jerusalem Old City
16:00:32.032 - Team 6 received clue: Route Information
16:00:32.032 - Team 6 at RM Jerusalem Old City is leaving..
16:00:32.032 - Team 6 driving to marker 3(Dist: 15.6km) for 1500 milliseconds
16:00:32.134 - Member Lore Cirino finished the combined task!
16:00:32.137 - Team 2 at RM Dead Sea is leaving..
16:00:32.137 - Team 2 driving to marker 4(Dist: 27.8km) for 2700 milliseconds
16:00:32.541 - Team 1 arrived to RouteMarker Dead Sea. Checking for approval..
16:00:32.541 - Team 1 approved to enter marker Dead Sea
16:00:32.541 - Team 1 received clue: Roadblock
16:00:32.541 - Performing a member roadblock task
16:00:32.541 - Giving random member: java.util.Random@cd34ce
16:00:32.541 - Member Hans Emanuel performing combined task for 2550 millis.
16:00:32.741 - Team 5 arrived to RouteMarker Dead Sea. Checking for approval..
16:00:32.750 - Team 5 is waiting for RouteMarker Dead Sea to be available.
16:00:32.950 - Team 4 arrived to RouteMarker Acre Market. Checking for approval..
16:00:32.950 - Team 4 approved to enter marker Acre Market
16:00:32.950 - Team 4 received clue: Route Information
16:00:32.950 - Team 4 at RM Acre Market is leaving..
16:00:32.951 - Team 4 driving to marker 5(Dist: 14.2km) for 1400 milliseconds
16:00:33.482 - Team 7 arrived to RouteMarker Dead Sea. Checking for approval..
16:00:33.483 - Team 7 is waiting for RouteMarker Dead Sea to be available.
16:00:33.532 - Team 6 arrived to RouteMarker Dead Sea. Checking for approval..
16:00:33.532 - Team 6 is waiting for RouteMarker Dead Sea to be available.
16:00:34.201 - Team 9 arrived to RouteMarker Acre Market. Checking for approval..
16:00:34.201 - Team 9 approved to enter marker Acre Market
16:00:34.201 - Team 9 received clue: Route Information
16:00:34.201 - Team 9 at RM Acre Market is leaving..
16:00:34.201 - Team 9 driving to marker 5(Dist: 14.2km) for 1400 milliseconds
16:00:34.352 - Team 4 arrived to RouteMarker Kinneret. Checking for approval..
16:00:34.352 - Team 4 approved to enter marker Kinneret
16:00:34.352 - Team 4 received clue: Route Information
16:00:34.352 - Team 4 at RM Kinneret is leaving..
16:00:34.352 - Team 4 driving to marker 6(Dist: 12.5km) for 1200 milliseconds
16:00:34.399 - Team 0 arrived to RouteMarker Acre Market. Checking for approval..
16:00:34.399 - Team 0 approved to enter marker Acre Market
16:00:34.399 - Team 0 received clue: Route Information
16:00:34.399 - Team 0 at RM Acre Market is leaving..
16:00:34.399 - Team 0 driving to marker 5(Dist: 14.2km) for 1400 milliseconds
16:00:34.592 - Team 3 arrived to RouteMarker Jerusalem Old City. Checking for approval..
16:00:34.592 - Team 3 approved to enter marker Jerusalem Old City
16:00:34.592 - Team 3 received clue: Route Information
16:00:34.592 - Team 3 at RM Jerusalem Old City is leaving..
16:00:34.592 - Team 3 driving to marker 3(Dist: 15.6km) for 1500 milliseconds
16:00:34.838 - Team 2 arrived to RouteMarker Acre Market. Checking for approval..
16:00:34.838 - Team 2 approved to enter marker Acre Market
16:00:34.838 - Team 2 received clue: Route Information
16:00:34.838 - Team 2 at RM Acre Market is leaving..
16:00:34.838 - Team 2 driving to marker 5(Dist: 14.2km) for 1400 milliseconds
16:00:35.092 - Member Hans Emanuel finished the combined task!
16:00:35.092 - Team 1 at RM Dead Sea is leaving..
16:00:35.092 - Team 6 approved to enter marker Dead Sea
16:00:35.092 - Team 6 received clue: Roadblock
16:00:35.092 - Performing a member roadblock task
16:00:35.093 - Giving random member: java.util.Random@3324b1e1
16:00:35.099 - Member Sigifrid Cowden performing combined task for 7550 millis.
16:00:35.099 - Team 7 is waiting for RouteMarker Dead Sea to be available.
16:00:35.100 - Team 5 is waiting for RouteMarker Dead Sea to be available.
16:00:35.100 - Team 1 driving to marker 4(Dist: 27.8km) for 2700 milliseconds
16:00:35.100 - Member Lucie Arts finished the combined task!
16:00:35.100 - Team 8 at RM Dead Sea is leaving..
16:00:35.100 - Team 5 approved to enter marker Dead Sea
16:00:35.101 - Team 5 received clue: Roadblock
16:00:35.101 - Performing a member roadblock task
16:00:35.101 - Giving random member: java.util.Random@17aad349
16:00:35.101 - Member Andreas Putnam performing combined task for 2200 millis.
16:00:35.101 - Team 7 is waiting for RouteMarker Dead Sea to be available.
16:00:35.101 - Team 8 driving to marker 4(Dist: 27.8km) for 2700 milliseconds
16:00:35.553 - Team 4 arrived to RouteMarker Bahai Garden. Checking for approval..
16:00:35.553 - Team 4 approved to enter marker Bahai Garden
16:00:35.553 - Team 4 received clue: Detour
16:00:35.553 - Team 4 performing mental task for 1000 millis.
16:00:35.601 - Team 9 arrived to RouteMarker Kinneret. Checking for approval..
16:00:35.601 - Team 9 approved to enter marker Kinneret
16:00:35.601 - Team 9 received clue: Route Information
16:00:35.601 - Team 9 at RM Kinneret is leaving..
16:00:35.601 - Team 9 driving to marker 6(Dist: 12.5km) for 1200 milliseconds
16:00:35.799 - Team 0 arrived to RouteMarker Kinneret. Checking for approval..
16:00:35.799 - Team 0 approved to enter marker Kinneret
16:00:35.799 - Team 0 received clue: Route Information
16:00:35.799 - Team 0 at RM Kinneret is leaving..
16:00:35.799 - Team 0 driving to marker 6(Dist: 12.5km) for 1200 milliseconds
16:00:36.092 - Team 3 arrived to RouteMarker Dead Sea. Checking for approval..
16:00:36.092 - Team 3 is waiting for RouteMarker Dead Sea to be available.
16:00:36.239 - Team 2 arrived to RouteMarker Kinneret. Checking for approval..
16:00:36.239 - Team 2 approved to enter marker Kinneret
16:00:36.239 - Team 2 received clue: Route Information
16:00:36.240 - Team 2 at RM Kinneret is leaving..
16:00:36.240 - Team 2 driving to marker 6(Dist: 12.5km) for 1200 milliseconds
16:00:36.553 - Team 4 at RM Bahai Garden is leaving..
16:00:36.553 - Team 4 driving to marker 7(Dist: 25.1km) for 2500 milliseconds
16:00:36.801 - Team 9 arrived to RouteMarker Bahai Garden. Checking for approval..
16:00:36.803 - Team 9 approved to enter marker Bahai Garden
16:00:36.803 - Team 9 received clue: Detour
16:00:36.803 - Team 9 performing mental task for 1300 millis.
16:00:37 - Team 0 arrived to RouteMarker Bahai Garden. Checking for approval..
16:00:37 - Team 0 approved to enter marker Bahai Garden
16:00:37 - Team 0 received clue: Detour
16:00:37 - Team 0 performing physical task for 3000 millis
16:00:37.301 - Member Andreas Putnam finished the combined task!
16:00:37.301 - Team 5 at RM Dead Sea is leaving..
16:00:37.301 - Team 3 approved to enter marker Dead Sea
16:00:37.301 - Team 3 received clue: Roadblock
16:00:37.301 - Performing a member roadblock task
16:00:37.301 - Giving random member: java.util.Random@28b82782
16:00:37.302 - Member Ema Major performing combined task for 5050 millis.
16:00:37.302 - Team 7 is waiting for RouteMarker Dead Sea to be available.
16:00:37.302 - Team 5 driving to marker 4(Dist: 27.8km) for 2700 milliseconds
16:00:37.440 - Team 2 arrived to RouteMarker Bahai Garden. Checking for approval..
16:00:37.440 - Team 2 approved to enter marker Bahai Garden
16:00:37.440 - Team 2 received clue: Detour
16:00:37.440 - Team 2 performing mental task for 2000 millis.
16:00:37.649 - Member Stella Blaha finished the combined task!
16:00:37.649 - Team 10 at RM Dead Sea is leaving..
16:00:37.649 - Team 10 driving to marker 4(Dist: 27.8km) for 2700 milliseconds
16:00:37.649 - Team 7 approved to enter marker Dead Sea
16:00:37.649 - Team 7 received clue: Roadblock
16:00:37.649 - Performing a member roadblock task
16:00:37.649 - Giving random member: java.util.Random@5f1c97d7
16:00:37.649 - Member Faustino Garrard performing combined task for 4350 millis.
16:00:37.800 - Team 1 arrived to RouteMarker Acre Market. Checking for approval..
16:00:37.800 - Team 1 approved to enter marker Acre Market
16:00:37.800 - Team 1 received clue: Route Information
16:00:37.800 - Team 1 at RM Acre Market is leaving..
16:00:37.801 - Team 1 driving to marker 5(Dist: 14.2km) for 1400 milliseconds
16:00:37.801 - Team 8 arrived to RouteMarker Acre Market. Checking for approval..
16:00:37.801 - Team 8 approved to enter marker Acre Market
16:00:37.804 - Team 8 received clue: Route Information
16:00:37.804 - Team 8 at RM Acre Market is leaving..
16:00:37.804 - Team 8 driving to marker 5(Dist: 14.2km) for 1400 milliseconds
16:00:38.103 - Team 9 at RM Bahai Garden is leaving..
16:00:38.103 - Team 9 driving to marker 7(Dist: 25.1km) for 2500 milliseconds
16:00:39.053 - Team 4 arrived to RouteMarker Tel Aviv Azrieli Center. Checking for approval..
16:00:39.053 - Team 4 approved to enter marker Tel Aviv Azrieli Center
16:00:39.053 - Team 4 received clue: Route Information
16:00:39.053 - Team 4 at RM Tel Aviv Azrieli Center is leaving..
16:00:39.201 - Team 1 arrived to RouteMarker Kinneret. Checking for approval..
16:00:39.204 - Team 1 approved to enter marker Kinneret
16:00:39.204 - Team 1 received clue: Route Information
16:00:39.205 - Team 1 at RM Kinneret is leaving..
16:00:39.205 - Team 1 driving to marker 6(Dist: 12.5km) for 1200 milliseconds
16:00:39.205 - Team 8 arrived to RouteMarker Kinneret. Checking for approval..
16:00:39.206 - Team 8 approved to enter marker Kinneret
16:00:39.206 - Team 8 received clue: Route Information
16:00:39.206 - Team 8 at RM Kinneret is leaving..
16:00:39.206 - Team 8 driving to marker 6(Dist: 12.5km) for 1200 milliseconds
16:00:39.440 - Team 2 at RM Bahai Garden is leaving..
16:00:39.440 - Team 2 driving to marker 7(Dist: 25.1km) for 2500 milliseconds
16:00:40 - Team 0 at RM Bahai Garden is leaving..
16:00:40 - Team 0 driving to marker 7(Dist: 25.1km) for 2500 milliseconds
16:00:40.002 - Team 5 arrived to RouteMarker Acre Market. Checking for approval..
16:00:40.002 - Team 5 approved to enter marker Acre Market
16:00:40.002 - Team 5 received clue: Route Information
16:00:40.002 - Team 5 at RM Acre Market is leaving..
16:00:40.002 - Team 5 driving to marker 5(Dist: 14.2km) for 1400 milliseconds
16:00:40.349 - Team 10 arrived to RouteMarker Acre Market. Checking for approval..
16:00:40.349 - Team 10 approved to enter marker Acre Market
16:00:40.349 - Team 10 received clue: Route Information
16:00:40.349 - Team 10 at RM Acre Market is leaving..
16:00:40.349 - Team 10 driving to marker 5(Dist: 14.2km) for 1400 milliseconds
16:00:40.405 - Team 1 arrived to RouteMarker Bahai Garden. Checking for approval..
16:00:40.405 - Team 1 approved to enter marker Bahai Garden
16:00:40.405 - Team 1 received clue: Detour
16:00:40.405 - Team 1 performing mental task for 2200 millis.
16:00:40.406 - Team 8 arrived to RouteMarker Bahai Garden. Checking for approval..
16:00:40.406 - Team 8 approved to enter marker Bahai Garden
16:00:40.406 - Team 8 received clue: Detour
16:00:40.406 - Team 8 performing physical task for 850 millis
16:00:40.603 - Team 9 arrived to RouteMarker Tel Aviv Azrieli Center. Checking for approval..
16:00:40.603 - Team 9 approved to enter marker Tel Aviv Azrieli Center
16:00:40.603 - Team 9 received clue: Route Information
16:00:40.604 - Team 9 at RM Tel Aviv Azrieli Center is leaving..
16:00:41.258 - Team 8 at RM Bahai Garden is leaving..
16:00:41.258 - Team 8 driving to marker 7(Dist: 25.1km) for 2500 milliseconds
16:00:41.402 - Team 5 arrived to RouteMarker Kinneret. Checking for approval..
16:00:41.403 - Team 5 approved to enter marker Kinneret
16:00:41.403 - Team 5 received clue: Route Information
16:00:41.403 - Team 5 at RM Kinneret is leaving..
16:00:41.403 - Team 5 driving to marker 6(Dist: 12.5km) for 1200 milliseconds
16:00:41.749 - Team 10 arrived to RouteMarker Kinneret. Checking for approval..
16:00:41.749 - Team 10 approved to enter marker Kinneret
16:00:41.749 - Team 10 received clue: Route Information
16:00:41.749 - Team 10 at RM Kinneret is leaving..
16:00:41.749 - Team 10 driving to marker 6(Dist: 12.5km) for 1200 milliseconds
16:00:41.941 - Team 2 arrived to RouteMarker Tel Aviv Azrieli Center. Checking for approval..
16:00:41.941 - Team 2 approved to enter marker Tel Aviv Azrieli Center
16:00:41.941 - Team 2 received clue: Route Information
16:00:41.941 - Team 2 at RM Tel Aviv Azrieli Center is leaving..
16:00:41.999 - Member Faustino Garrard finished the combined task!
16:00:41.999 - Team 7 at RM Dead Sea is leaving..
16:00:41.999 - Team 7 driving to marker 4(Dist: 27.8km) for 2700 milliseconds
16:00:42.352 - Member Ema Major finished the combined task!
16:00:42.352 - Team 3 at RM Dead Sea is leaving..
16:00:42.352 - Team 3 driving to marker 4(Dist: 27.8km) for 2700 milliseconds
16:00:42.500 - Team 0 arrived to RouteMarker Tel Aviv Azrieli Center. Checking for approval..
16:00:42.500 - Team 0 approved to enter marker Tel Aviv Azrieli Center
16:00:42.500 - Team 0 received clue: Route Information
16:00:42.500 - Team 0 at RM Tel Aviv Azrieli Center is leaving..
16:00:42.603 - Team 5 arrived to RouteMarker Bahai Garden. Checking for approval..
16:00:42.603 - Team 5 approved to enter marker Bahai Garden
16:00:42.603 - Team 5 received clue: Detour
16:00:42.603 - Team 5 performing physical task for 2400 millis
16:00:42.605 - Team 1 at RM Bahai Garden is leaving..
16:00:42.605 - Team 1 driving to marker 7(Dist: 25.1km) for 2500 milliseconds
16:00:42.649 - Member Sigifrid Cowden finished the combined task!
16:00:42.649 - Team 6 at RM Dead Sea is leaving..
16:00:42.649 - Team 6 driving to marker 4(Dist: 27.8km) for 2700 milliseconds
16:00:42.950 - Team 10 arrived to RouteMarker Bahai Garden. Checking for approval..
16:00:42.950 - Team 10 approved to enter marker Bahai Garden
16:00:42.950 - Team 10 received clue: Detour
16:00:42.950 - Team 10 performing physical task for 2550 millis
16:00:43.758 - Team 8 arrived to RouteMarker Tel Aviv Azrieli Center. Checking for approval..
16:00:43.758 - Team 8 approved to enter marker Tel Aviv Azrieli Center
16:00:43.758 - Team 8 received clue: Route Information
16:00:43.758 - Team 8 at RM Tel Aviv Azrieli Center is leaving..
16:00:44.699 - Team 7 arrived to RouteMarker Acre Market. Checking for approval..
16:00:44.699 - Team 7 approved to enter marker Acre Market
16:00:44.699 - Team 7 received clue: Route Information
16:00:44.699 - Team 7 at RM Acre Market is leaving..
16:00:44.699 - Team 7 driving to marker 5(Dist: 14.2km) for 1400 milliseconds
16:00:45.003 - Team 5 at RM Bahai Garden is leaving..
16:00:45.003 - Team 5 driving to marker 7(Dist: 25.1km) for 2500 milliseconds
16:00:45.052 - Team 3 arrived to RouteMarker Acre Market. Checking for approval..
16:00:45.052 - Team 3 approved to enter marker Acre Market
16:00:45.052 - Team 3 received clue: Route Information
16:00:45.052 - Team 3 at RM Acre Market is leaving..
16:00:45.052 - Team 3 driving to marker 5(Dist: 14.2km) for 1400 milliseconds
16:00:45.105 - Team 1 arrived to RouteMarker Tel Aviv Azrieli Center. Checking for approval..
16:00:45.105 - Team 1 approved to enter marker Tel Aviv Azrieli Center
16:00:45.105 - Team 1 received clue: Route Information
16:00:45.105 - Team 1 at RM Tel Aviv Azrieli Center is leaving..
16:00:45.349 - Team 6 arrived to RouteMarker Acre Market. Checking for approval..
16:00:45.349 - Team 6 approved to enter marker Acre Market
16:00:45.349 - Team 6 received clue: Route Information
16:00:45.349 - Team 6 at RM Acre Market is leaving..
16:00:45.349 - Team 6 driving to marker 5(Dist: 14.2km) for 1400 milliseconds
16:00:45.500 - Team 10 at RM Bahai Garden is leaving..
16:00:45.500 - Team 10 driving to marker 7(Dist: 25.1km) for 2500 milliseconds
16:00:46.099 - Team 7 arrived to RouteMarker Kinneret. Checking for approval..
16:00:46.099 - Team 7 approved to enter marker Kinneret
16:00:46.099 - Team 7 received clue: Route Information
16:00:46.099 - Team 7 at RM Kinneret is leaving..
16:00:46.099 - Team 7 driving to marker 6(Dist: 12.5km) for 1200 milliseconds
16:00:46.452 - Team 3 arrived to RouteMarker Kinneret. Checking for approval..
16:00:46.452 - Team 3 approved to enter marker Kinneret
16:00:46.452 - Team 3 received clue: Route Information
16:00:46.452 - Team 3 at RM Kinneret is leaving..
16:00:46.452 - Team 3 driving to marker 6(Dist: 12.5km) for 1200 milliseconds
16:00:46.750 - Team 6 arrived to RouteMarker Kinneret. Checking for approval..
16:00:46.750 - Team 6 approved to enter marker Kinneret
16:00:46.750 - Team 6 received clue: Route Information
16:00:46.750 - Team 6 at RM Kinneret is leaving..
16:00:46.750 - Team 6 driving to marker 6(Dist: 12.5km) for 1200 milliseconds
16:00:47.299 - Team 7 arrived to RouteMarker Bahai Garden. Checking for approval..
16:00:47.299 - Team 7 approved to enter marker Bahai Garden
16:00:47.299 - Team 7 received clue: Detour
16:00:47.299 - Team 7 performing mental task for 3250 millis.
16:00:47.503 - Team 5 arrived to RouteMarker Tel Aviv Azrieli Center. Checking for approval..
16:00:47.503 - Team 5 approved to enter marker Tel Aviv Azrieli Center
16:00:47.503 - Team 5 received clue: Route Information
16:00:47.503 - Team 5 at RM Tel Aviv Azrieli Center is leaving..
16:00:47.652 - Team 3 arrived to RouteMarker Bahai Garden. Checking for approval..
16:00:47.652 - Team 3 approved to enter marker Bahai Garden
16:00:47.652 - Team 3 received clue: Detour
16:00:47.652 - Team 3 performing physical task for 3350 millis
16:00:47.951 - Team 6 arrived to RouteMarker Bahai Garden. Checking for approval..
16:00:47.951 - Team 6 approved to enter marker Bahai Garden
16:00:47.951 - Team 6 received clue: Detour
16:00:47.951 - Team 6 performing physical task for 5600 millis
16:00:48 - Team 10 arrived to RouteMarker Tel Aviv Azrieli Center. Checking for approval..
16:00:48 - Team 10 approved to enter marker Tel Aviv Azrieli Center
16:00:48 - Team 10 received clue: Route Information
16:00:48 - Team 10 at RM Tel Aviv Azrieli Center is leaving..
16:00:50.549 - Team 7 at RM Bahai Garden is leaving..
16:00:50.549 - Team 7 driving to marker 7(Dist: 25.1km) for 2500 milliseconds
16:00:51.007 - Team 3 at RM Bahai Garden is leaving..
16:00:51.007 - Team 3 driving to marker 7(Dist: 25.1km) for 2500 milliseconds
16:00:53.050 - Team 7 arrived to RouteMarker Tel Aviv Azrieli Center. Checking for approval..
16:00:53.050 - Team 7 approved to enter marker Tel Aviv Azrieli Center
16:00:53.050 - Team 7 received clue: Route Information
16:00:53.050 - Team 7 at RM Tel Aviv Azrieli Center is leaving..
16:00:53.508 - Team 3 arrived to RouteMarker Tel Aviv Azrieli Center. Checking for approval..
16:00:53.508 - Team 3 approved to enter marker Tel Aviv Azrieli Center
16:00:53.508 - Team 3 received clue: Route Information
16:00:53.508 - Team 3 at RM Tel Aviv Azrieli Center is leaving..
16:00:53.552 - Team 6 at RM Bahai Garden is leaving..
16:00:53.552 - Team 6 driving to marker 7(Dist: 25.1km) for 2500 milliseconds
16:00:56.052 - Team 6 arrived to RouteMarker Tel Aviv Azrieli Center. Checking for approval..
16:00:56.052 - Team 6 approved to enter marker Tel Aviv Azrieli Center
16:00:56.052 - Team 6 received clue: Route Information
16:00:56.052 - Team 6 at RM Tel Aviv Azrieli Center is leaving..
