16:00:18.130 - Team 8 joined the race!
16:00:18.131 - Team 8 driving to marker 0(Dist: 2.6km) for 200 milliseconds
16:00:18.338 - Team 8 arrived to RouteMarker Hula Valley. Checking for approval..
16:00:18.339 - Team 8 approved to enter marker Hula Valley
16:00:18.339 - Team 8 received clue: Route Information
16:00:18.339 - Team 8 at RM Hula Valley is leaving..
16:00:18.340 - Team 8 driving to marker 1(Dist: 33.0km) for 3300 milliseconds
16:00:21.640 - Team 8 arrived to RouteMarker Ramon Crater. Checking for approval..
16:00:21.640 - Team 8 is waiting for RouteMarker Ramon Crater to be available.
16:00:22.636 - Team 8 is waiting for RouteMarker Ramon Crater to be available.
16:00:23.631 - Team 8 is waiting for RouteMarker Ramon Crater to be available.
16:00:24.639 - Team 8 is waiting for RouteMarker Ramon Crater to be available.
16:00:25.186 - Team 8 approved to enter marker Ramon Crater
16:00:25.186 - Team 8 received clue: Detour
16:00:25.187 - Team 8 performing physical task for 850 millis
16:00:26.037 - Team 8 at RM Ramon Crater is leaving..
16:00:26.037 - Team 8 driving to marker 2(Dist: 28.0km) for 2800 milliseconds
16:00:28.837 - Team 8 arrived to RouteMarker Jerusalem Old City. Checking for approval..
16:00:28.841 - Team 8 approved to enter marker Jerusalem Old City
16:00:28.841 - Team 8 received clue: Route Information
16:00:28.841 - Team 8 at RM Jerusalem Old City is leaving..
16:00:28.849 - Team 8 driving to marker 3(Dist: 15.6km) for 1500 milliseconds
16:00:30.349 - Team 8 arrived to RouteMarker Dead Sea. Checking for approval..
16:00:30.349 - Team 8 is waiting for RouteMarker Dead Sea to be available.
16:00:31.499 - Team 8 approved to enter marker Dead Sea
16:00:31.499 - Team 8 received clue: Roadblock
16:00:35.100 - Team 8 at RM Dead Sea is leaving..
16:00:35.101 - Team 8 driving to marker 4(Dist: 27.8km) for 2700 milliseconds
16:00:37.801 - Team 8 arrived to RouteMarker Acre Market. Checking for approval..
16:00:37.801 - Team 8 approved to enter marker Acre Market
16:00:37.801 - Team 8 received clue: Route Information
16:00:37.804 - Team 8 at RM Acre Market is leaving..
16:00:37.804 - Team 8 driving to marker 5(Dist: 14.2km) for 1400 milliseconds
16:00:39.205 - Team 8 arrived to RouteMarker Kinneret. Checking for approval..
16:00:39.206 - Team 8 approved to enter marker Kinneret
16:00:39.206 - Team 8 received clue: Route Information
16:00:39.206 - Team 8 at RM Kinneret is leaving..
16:00:39.206 - Team 8 driving to marker 6(Dist: 12.5km) for 1200 milliseconds
16:00:40.406 - Team 8 arrived to RouteMarker Bahai Garden. Checking for approval..
16:00:40.406 - Team 8 approved to enter marker Bahai Garden
16:00:40.406 - Team 8 received clue: Detour
16:00:40.406 - Team 8 performing physical task for 850 millis
16:00:41.258 - Team 8 at RM Bahai Garden is leaving..
16:00:41.258 - Team 8 driving to marker 7(Dist: 25.1km) for 2500 milliseconds
16:00:43.758 - Team 8 arrived to RouteMarker Tel Aviv Azrieli Center. Checking for approval..
16:00:43.758 - Team 8 approved to enter marker Tel Aviv Azrieli Center
16:00:43.758 - Team 8 received clue: Route Information
16:00:43.758 - Team 8 at RM Tel Aviv Azrieli Center is leaving..
