16:00:18.129 - Team 4 joined the race!
16:00:18.130 - Team 4 driving to marker 0(Dist: 2.6km) for 200 milliseconds
16:00:18.330 - Team 4 arrived to RouteMarker Hula Valley. Checking for approval..
16:00:18.331 - Team 4 approved to enter marker Hula Valley
16:00:18.331 - Team 4 received clue: Route Information
16:00:18.332 - Team 4 at RM Hula Valley is leaving..
16:00:18.332 - Team 4 driving to marker 1(Dist: 33.0km) for 3300 milliseconds
16:00:21.633 - Team 4 arrived to RouteMarker Ramon Crater. Checking for approval..
16:00:21.633 - Team 4 approved to enter marker Ramon Crater
16:00:21.633 - Team 4 received clue: Detour
16:00:21.633 - Team 4 performing mental task for 1000 millis.
16:00:22.633 - Team 4 at RM Ramon Crater is leaving..
16:00:22.645 - Team 4 driving to marker 2(Dist: 28.0km) for 2800 milliseconds
16:00:25.446 - Team 4 arrived to RouteMarker Jerusalem Old City. Checking for approval..
16:00:25.446 - Team 4 approved to enter marker Jerusalem Old City
16:00:25.446 - Team 4 received clue: Route Information
16:00:25.446 - Team 4 at RM Jerusalem Old City is leaving..
16:00:25.447 - Team 4 driving to marker 3(Dist: 15.6km) for 1500 milliseconds
16:00:26.948 - Team 4 arrived to RouteMarker Dead Sea. Checking for approval..
16:00:26.948 - Team 4 approved to enter marker Dead Sea
16:00:26.948 - Team 4 received clue: Roadblock
16:00:30.249 - Team 4 at RM Dead Sea is leaving..
16:00:30.250 - Team 4 driving to marker 4(Dist: 27.8km) for 2700 milliseconds
16:00:32.950 - Team 4 arrived to RouteMarker Acre Market. Checking for approval..
16:00:32.950 - Team 4 approved to enter marker Acre Market
16:00:32.950 - Team 4 received clue: Route Information
16:00:32.950 - Team 4 at RM Acre Market is leaving..
16:00:32.951 - Team 4 driving to marker 5(Dist: 14.2km) for 1400 milliseconds
16:00:34.352 - Team 4 arrived to RouteMarker Kinneret. Checking for approval..
16:00:34.352 - Team 4 approved to enter marker Kinneret
16:00:34.352 - Team 4 received clue: Route Information
16:00:34.352 - Team 4 at RM Kinneret is leaving..
16:00:34.352 - Team 4 driving to marker 6(Dist: 12.5km) for 1200 milliseconds
16:00:35.553 - Team 4 arrived to RouteMarker Bahai Garden. Checking for approval..
16:00:35.553 - Team 4 approved to enter marker Bahai Garden
16:00:35.553 - Team 4 received clue: Detour
16:00:35.553 - Team 4 performing mental task for 1000 millis.
16:00:36.553 - Team 4 at RM Bahai Garden is leaving..
16:00:36.553 - Team 4 driving to marker 7(Dist: 25.1km) for 2500 milliseconds
16:00:39.053 - Team 4 arrived to RouteMarker Tel Aviv Azrieli Center. Checking for approval..
16:00:39.053 - Team 4 approved to enter marker Tel Aviv Azrieli Center
16:00:39.053 - Team 4 received clue: Route Information
16:00:39.053 - Team 4 at RM Tel Aviv Azrieli Center is leaving..
