16:00:18.129 - Team 6 joined the race!
16:00:18.130 - Team 6 driving to marker 0(Dist: 2.6km) for 200 milliseconds
16:00:18.333 - Team 6 arrived to RouteMarker Hula Valley. Checking for approval..
16:00:18.333 - Team 6 approved to enter marker Hula Valley
16:00:18.334 - Team 6 received clue: Route Information
16:00:18.338 - Team 6 at RM Hula Valley is leaving..
16:00:18.338 - Team 6 driving to marker 1(Dist: 33.0km) for 3300 milliseconds
16:00:21.638 - Team 6 arrived to RouteMarker Ramon Crater. Checking for approval..
16:00:21.638 - Team 6 is waiting for RouteMarker Ramon Crater to be available.
16:00:22.645 - Team 6 is waiting for RouteMarker Ramon Crater to be available.
16:00:23.631 - Team 6 approved to enter marker Ramon Crater
16:00:23.631 - Team 6 received clue: Detour
16:00:23.632 - Team 6 performing physical task for 5600 millis
16:00:29.232 - Team 6 at RM Ramon Crater is leaving..
16:00:29.232 - Team 6 driving to marker 2(Dist: 28.0km) for 2800 milliseconds
16:00:32.032 - Team 6 arrived to RouteMarker Jerusalem Old City. Checking for approval..
16:00:32.032 - Team 6 approved to enter marker Jerusalem Old City
16:00:32.032 - Team 6 received clue: Route Information
16:00:32.032 - Team 6 at RM Jerusalem Old City is leaving..
16:00:32.032 - Team 6 driving to marker 3(Dist: 15.6km) for 1500 milliseconds
16:00:33.532 - Team 6 arrived to RouteMarker Dead Sea. Checking for approval..
16:00:33.532 - Team 6 is waiting for RouteMarker Dead Sea to be available.
16:00:35.092 - Team 6 approved to enter marker Dead Sea
16:00:35.092 - Team 6 received clue: Roadblock
16:00:42.649 - Team 6 at RM Dead Sea is leaving..
16:00:42.649 - Team 6 driving to marker 4(Dist: 27.8km) for 2700 milliseconds
16:00:45.349 - Team 6 arrived to RouteMarker Acre Market. Checking for approval..
16:00:45.349 - Team 6 approved to enter marker Acre Market
16:00:45.349 - Team 6 received clue: Route Information
16:00:45.349 - Team 6 at RM Acre Market is leaving..
16:00:45.349 - Team 6 driving to marker 5(Dist: 14.2km) for 1400 milliseconds
16:00:46.750 - Team 6 arrived to RouteMarker Kinneret. Checking for approval..
16:00:46.750 - Team 6 approved to enter marker Kinneret
16:00:46.750 - Team 6 received clue: Route Information
16:00:46.750 - Team 6 at RM Kinneret is leaving..
16:00:46.750 - Team 6 driving to marker 6(Dist: 12.5km) for 1200 milliseconds
16:00:47.951 - Team 6 arrived to RouteMarker Bahai Garden. Checking for approval..
16:00:47.951 - Team 6 approved to enter marker Bahai Garden
16:00:47.951 - Team 6 received clue: Detour
16:00:47.951 - Team 6 performing physical task for 5600 millis
16:00:53.552 - Team 6 at RM Bahai Garden is leaving..
16:00:53.552 - Team 6 driving to marker 7(Dist: 25.1km) for 2500 milliseconds
16:00:56.052 - Team 6 arrived to RouteMarker Tel Aviv Azrieli Center. Checking for approval..
16:00:56.052 - Team 6 approved to enter marker Tel Aviv Azrieli Center
16:00:56.052 - Team 6 received clue: Route Information
16:00:56.052 - Team 6 at RM Tel Aviv Azrieli Center is leaving..
