16:00:18.135 - Team 9 joined the race!
16:00:18.135 - Team 9 driving to marker 0(Dist: 2.6km) for 200 milliseconds
16:00:18.345 - Team 9 arrived to RouteMarker Hula Valley. Checking for approval..
16:00:18.345 - Team 9 approved to enter marker Hula Valley
16:00:18.345 - Team 9 received clue: Route Information
16:00:18.345 - Team 9 at RM Hula Valley is leaving..
16:00:18.345 - Team 9 driving to marker 1(Dist: 33.0km) for 3300 milliseconds
16:00:21.646 - Team 9 arrived to RouteMarker Ramon Crater. Checking for approval..
16:00:21.646 - Team 9 is waiting for RouteMarker Ramon Crater to be available.
16:00:22.635 - Team 9 is waiting for RouteMarker Ramon Crater to be available.
16:00:23.633 - Team 9 is waiting for RouteMarker Ramon Crater to be available.
16:00:24.631 - Team 9 approved to enter marker Ramon Crater
16:00:24.631 - Team 9 received clue: Detour
16:00:24.631 - Team 9 performing mental task for 1300 millis.
16:00:25.932 - Team 9 at RM Ramon Crater is leaving..
16:00:25.933 - Team 9 driving to marker 2(Dist: 28.0km) for 2800 milliseconds
16:00:28.733 - Team 9 arrived to RouteMarker Jerusalem Old City. Checking for approval..
16:00:28.733 - Team 9 approved to enter marker Jerusalem Old City
16:00:28.733 - Team 9 received clue: Route Information
16:00:28.733 - Team 9 at RM Jerusalem Old City is leaving..
16:00:28.734 - Team 9 driving to marker 3(Dist: 15.6km) for 1500 milliseconds
16:00:30.234 - Team 9 arrived to RouteMarker Dead Sea. Checking for approval..
16:00:30.234 - Team 9 is waiting for RouteMarker Dead Sea to be available.
16:00:30.249 - Team 9 approved to enter marker Dead Sea
16:00:30.249 - Team 9 received clue: Roadblock
16:00:31.499 - Team 9 at RM Dead Sea is leaving..
16:00:31.500 - Team 9 driving to marker 4(Dist: 27.8km) for 2700 milliseconds
16:00:34.201 - Team 9 arrived to RouteMarker Acre Market. Checking for approval..
16:00:34.201 - Team 9 approved to enter marker Acre Market
16:00:34.201 - Team 9 received clue: Route Information
16:00:34.201 - Team 9 at RM Acre Market is leaving..
16:00:34.201 - Team 9 driving to marker 5(Dist: 14.2km) for 1400 milliseconds
16:00:35.601 - Team 9 arrived to RouteMarker Kinneret. Checking for approval..
16:00:35.601 - Team 9 approved to enter marker Kinneret
16:00:35.601 - Team 9 received clue: Route Information
16:00:35.601 - Team 9 at RM Kinneret is leaving..
16:00:35.601 - Team 9 driving to marker 6(Dist: 12.5km) for 1200 milliseconds
16:00:36.801 - Team 9 arrived to RouteMarker Bahai Garden. Checking for approval..
16:00:36.803 - Team 9 approved to enter marker Bahai Garden
16:00:36.803 - Team 9 received clue: Detour
16:00:36.803 - Team 9 performing mental task for 1300 millis.
16:00:38.103 - Team 9 at RM Bahai Garden is leaving..
16:00:38.103 - Team 9 driving to marker 7(Dist: 25.1km) for 2500 milliseconds
16:00:40.603 - Team 9 arrived to RouteMarker Tel Aviv Azrieli Center. Checking for approval..
16:00:40.603 - Team 9 approved to enter marker Tel Aviv Azrieli Center
16:00:40.603 - Team 9 received clue: Route Information
16:00:40.603 - Team 9 at RM Tel Aviv Azrieli Center is leaving..
