16:00:18.132 - Team 7 joined the race!
16:00:18.134 - Team 7 driving to marker 0(Dist: 2.6km) for 200 milliseconds
16:00:18.343 - Team 7 arrived to RouteMarker Hula Valley. Checking for approval..
16:00:18.344 - Team 7 approved to enter marker Hula Valley
16:00:18.344 - Team 7 received clue: Route Information
16:00:18.344 - Team 7 at RM Hula Valley is leaving..
16:00:18.344 - Team 7 driving to marker 1(Dist: 33.0km) for 3300 milliseconds
16:00:21.644 - Team 7 arrived to RouteMarker Ramon Crater. Checking for approval..
16:00:21.644 - Team 7 is waiting for RouteMarker Ramon Crater to be available.
16:00:22.635 - Team 7 is waiting for RouteMarker Ramon Crater to be available.
16:00:23.633 - Team 7 is waiting for RouteMarker Ramon Crater to be available.
16:00:24.632 - Team 7 is waiting for RouteMarker Ramon Crater to be available.
16:00:25.187 - Team 7 is waiting for RouteMarker Ramon Crater to be available.
16:00:25.932 - Team 7 approved to enter marker Ramon Crater
16:00:25.932 - Team 7 received clue: Detour
16:00:25.932 - Team 7 performing mental task for 3250 millis.
16:00:29.182 - Team 7 at RM Ramon Crater is leaving..
16:00:29.182 - Team 7 driving to marker 2(Dist: 28.0km) for 2800 milliseconds
16:00:31.982 - Team 7 arrived to RouteMarker Jerusalem Old City. Checking for approval..
16:00:31.982 - Team 7 approved to enter marker Jerusalem Old City
16:00:31.982 - Team 7 received clue: Route Information
16:00:31.982 - Team 7 at RM Jerusalem Old City is leaving..
16:00:31.982 - Team 7 driving to marker 3(Dist: 15.6km) for 1500 milliseconds
16:00:33.482 - Team 7 arrived to RouteMarker Dead Sea. Checking for approval..
16:00:33.482 - Team 7 is waiting for RouteMarker Dead Sea to be available.
16:00:35.099 - Team 7 is waiting for RouteMarker Dead Sea to be available.
16:00:35.101 - Team 7 is waiting for RouteMarker Dead Sea to be available.
16:00:37.302 - Team 7 is waiting for RouteMarker Dead Sea to be available.
16:00:37.649 - Team 7 approved to enter marker Dead Sea
16:00:37.649 - Team 7 received clue: Roadblock
16:00:41.999 - Team 7 at RM Dead Sea is leaving..
16:00:41.999 - Team 7 driving to marker 4(Dist: 27.8km) for 2700 milliseconds
16:00:44.699 - Team 7 arrived to RouteMarker Acre Market. Checking for approval..
16:00:44.699 - Team 7 approved to enter marker Acre Market
16:00:44.699 - Team 7 received clue: Route Information
16:00:44.699 - Team 7 at RM Acre Market is leaving..
16:00:44.699 - Team 7 driving to marker 5(Dist: 14.2km) for 1400 milliseconds
16:00:46.099 - Team 7 arrived to RouteMarker Kinneret. Checking for approval..
16:00:46.099 - Team 7 approved to enter marker Kinneret
16:00:46.099 - Team 7 received clue: Route Information
16:00:46.099 - Team 7 at RM Kinneret is leaving..
16:00:46.099 - Team 7 driving to marker 6(Dist: 12.5km) for 1200 milliseconds
16:00:47.299 - Team 7 arrived to RouteMarker Bahai Garden. Checking for approval..
16:00:47.299 - Team 7 approved to enter marker Bahai Garden
16:00:47.299 - Team 7 received clue: Detour
16:00:47.299 - Team 7 performing mental task for 3250 millis.
16:00:50.549 - Team 7 at RM Bahai Garden is leaving..
16:00:50.549 - Team 7 driving to marker 7(Dist: 25.1km) for 2500 milliseconds
16:00:53.050 - Team 7 arrived to RouteMarker Tel Aviv Azrieli Center. Checking for approval..
16:00:53.050 - Team 7 approved to enter marker Tel Aviv Azrieli Center
16:00:53.050 - Team 7 received clue: Route Information
16:00:53.050 - Team 7 at RM Tel Aviv Azrieli Center is leaving..
