16:00:18.124 - Team 0 joined the race!
16:00:18.125 - Team 0 driving to marker 0(Dist: 2.6km) for 200 milliseconds
16:00:18.325 - Team 0 arrived to RouteMarker Hula Valley. Checking for approval..
16:00:18.325 - Team 0 approved to enter marker Hula Valley
16:00:18.326 - Team 0 received clue: Route Information
16:00:18.326 - Team 0 at RM Hula Valley is leaving..
16:00:18.327 - Team 0 driving to marker 1(Dist: 33.0km) for 3300 milliseconds
16:00:21.628 - Team 0 arrived to RouteMarker Ramon Crater. Checking for approval..
16:00:21.628 - Team 0 approved to enter marker Ramon Crater
16:00:21.629 - Team 0 received clue: Detour
16:00:21.630 - Team 0 performing physical task for 3000 millis
16:00:24.631 - Team 0 at RM Ramon Crater is leaving..
16:00:24.639 - Team 0 driving to marker 2(Dist: 28.0km) for 2800 milliseconds
16:00:27.439 - Team 0 arrived to RouteMarker Jerusalem Old City. Checking for approval..
16:00:27.439 - Team 0 approved to enter marker Jerusalem Old City
16:00:27.439 - Team 0 received clue: Route Information
16:00:27.439 - Team 0 at RM Jerusalem Old City is leaving..
16:00:27.439 - Team 0 driving to marker 3(Dist: 15.6km) for 1500 milliseconds
16:00:28.940 - Team 0 arrived to RouteMarker Dead Sea. Checking for approval..
16:00:28.940 - Team 0 approved to enter marker Dead Sea
16:00:28.940 - Team 0 received clue: Roadblock
16:00:31.697 - Team 0 at RM Dead Sea is leaving..
16:00:31.698 - Team 0 driving to marker 4(Dist: 27.8km) for 2700 milliseconds
16:00:34.399 - Team 0 arrived to RouteMarker Acre Market. Checking for approval..
16:00:34.399 - Team 0 approved to enter marker Acre Market
16:00:34.399 - Team 0 received clue: Route Information
16:00:34.399 - Team 0 at RM Acre Market is leaving..
16:00:34.399 - Team 0 driving to marker 5(Dist: 14.2km) for 1400 milliseconds
16:00:35.799 - Team 0 arrived to RouteMarker Kinneret. Checking for approval..
16:00:35.799 - Team 0 approved to enter marker Kinneret
16:00:35.799 - Team 0 received clue: Route Information
16:00:35.799 - Team 0 at RM Kinneret is leaving..
16:00:35.799 - Team 0 driving to marker 6(Dist: 12.5km) for 1200 milliseconds
16:00:37 - Team 0 arrived to RouteMarker Bahai Garden. Checking for approval..
16:00:37 - Team 0 approved to enter marker Bahai Garden
16:00:37 - Team 0 received clue: Detour
16:00:37 - Team 0 performing physical task for 3000 millis
16:00:40 - Team 0 at RM Bahai Garden is leaving..
16:00:40 - Team 0 driving to marker 7(Dist: 25.1km) for 2500 milliseconds
16:00:42.500 - Team 0 arrived to RouteMarker Tel Aviv Azrieli Center. Checking for approval..
16:00:42.500 - Team 0 approved to enter marker Tel Aviv Azrieli Center
16:00:42.500 - Team 0 received clue: Route Information
16:00:42.500 - Team 0 at RM Tel Aviv Azrieli Center is leaving..
