16:00:18.132 - Team 1 joined the race!16:00:18.133 - Team 1 driving to marker 0(Dist: 2.6km) for 200 milliseconds
16:00:18.133 - Team 10 driving to marker 0(Dist: 2.6km) for 200 milliseconds
16:00:18.341 - Team 1 arrived to RouteMarker Hula Valley. Checking for approval..
16:00:18.341 - Team 1 approved to enter marker Hula Valley
16:00:18.341 - Team 1 received clue: Route Information
16:00:18.342 - Team 1 at RM Hula Valley is leaving..
16:00:18.342 - Team 1 driving to marker 1(Dist: 33.0km) for 3300 milliseconds
16:00:18.342 - Team 10 arrived to RouteMarker Hula Valley. Checking for approval..
16:00:18.346 - Team 10 approved to enter marker Hula Valley
16:00:18.346 - Team 10 received clue: Route Information
16:00:18.346 - Team 10 at RM Hula Valley is leaving..
16:00:18.346 - Team 10 driving to marker 1(Dist: 33.0km) for 3300 milliseconds
16:00:21.642 - Team 1 arrived to RouteMarker Ramon Crater. Checking for approval..
16:00:21.642 - Team 1 is waiting for RouteMarker Ramon Crater to be available.
16:00:21.647 - Team 10 arrived to RouteMarker Ramon Crater. Checking for approval..
16:00:21.647 - Team 10 is waiting for RouteMarker Ramon Crater to be available.
16:00:22.634 - Team 10 approved to enter marker Ramon Crater
16:00:22.634 - Team 10 received clue: Detour
16:00:22.635 - Team 10 performing physical task for 2550 millis
16:00:22.636 - Team 1 is waiting for RouteMarker Ramon Crater to be available.
16:00:23.632 - Team 1 is waiting for RouteMarker Ramon Crater to be available.
16:00:24.632 - Team 1 is waiting for RouteMarker Ramon Crater to be available.
16:00:25.185 - Team 10 at RM Ramon Crater is leaving..
16:00:25.187 - Team 1 is waiting for RouteMarker Ramon Crater to be available.
16:00:25.187 - Team 10 driving to marker 2(Dist: 28.0km) for 2800 milliseconds
16:00:25.932 - Team 1 is waiting for RouteMarker Ramon Crater to be available.
16:00:26.037 - Team 1 approved to enter marker Ramon Crater
16:00:26.037 - Team 1 received clue: Detour
16:00:26.037 - Team 1 performing mental task for 2200 millis.
16:00:27.988 - Team 10 arrived to RouteMarker Jerusalem Old City. Checking for approval..
16:00:27.988 - Team 10 approved to enter marker Jerusalem Old City
16:00:27.988 - Team 10 received clue: Route Information
16:00:27.988 - Team 10 at RM Jerusalem Old City is leaving..
16:00:27.989 - Team 10 driving to marker 3(Dist: 15.6km) for 1500 milliseconds
16:00:28.238 - Team 1 at RM Ramon Crater is leaving..
16:00:28.238 - Team 1 driving to marker 2(Dist: 28.0km) for 2800 milliseconds
16:00:29.489 - Team 10 arrived to RouteMarker Dead Sea. Checking for approval..
16:00:29.489 - Team 10 is waiting for RouteMarker Dead Sea to be available.
16:00:30.250 - Team 10 is waiting for RouteMarker Dead Sea to be available.
16:00:31.038 - Team 1 arrived to RouteMarker Jerusalem Old City. Checking for approval..
16:00:31.038 - Team 1 approved to enter marker Jerusalem Old City
16:00:31.038 - Team 1 received clue: Route Information
16:00:31.038 - Team 1 at RM Jerusalem Old City is leaving..
16:00:31.041 - Team 1 driving to marker 3(Dist: 15.6km) for 1500 milliseconds
16:00:31.500 - Team 10 is waiting for RouteMarker Dead Sea to be available.
16:00:31.697 - Team 10 approved to enter marker Dead Sea
16:00:31.697 - Team 10 received clue: Roadblock
16:00:32.541 - Team 1 arrived to RouteMarker Dead Sea. Checking for approval..
16:00:32.541 - Team 1 approved to enter marker Dead Sea
16:00:32.541 - Team 1 received clue: Roadblock
16:00:35.092 - Team 1 at RM Dead Sea is leaving..
16:00:35.100 - Team 1 driving to marker 4(Dist: 27.8km) for 2700 milliseconds
16:00:37.649 - Team 10 at RM Dead Sea is leaving..
16:00:37.649 - Team 10 driving to marker 4(Dist: 27.8km) for 2700 milliseconds
16:00:37.800 - Team 1 arrived to RouteMarker Acre Market. Checking for approval..
16:00:37.800 - Team 1 approved to enter marker Acre Market
16:00:37.800 - Team 1 received clue: Route Information
16:00:37.800 - Team 1 at RM Acre Market is leaving..
16:00:37.800 - Team 1 driving to marker 5(Dist: 14.2km) for 1400 milliseconds
16:00:39.201 - Team 1 arrived to RouteMarker Kinneret. Checking for approval..
16:00:39.204 - Team 1 approved to enter marker Kinneret
16:00:39.204 - Team 1 received clue: Route Information
16:00:39.204 - Team 1 at RM Kinneret is leaving..
16:00:39.205 - Team 1 driving to marker 6(Dist: 12.5km) for 1200 milliseconds
16:00:40.349 - Team 10 arrived to RouteMarker Acre Market. Checking for approval..
16:00:40.349 - Team 10 approved to enter marker Acre Market
16:00:40.349 - Team 10 received clue: Route Information
16:00:40.349 - Team 10 at RM Acre Market is leaving..
16:00:40.349 - Team 10 driving to marker 5(Dist: 14.2km) for 1400 milliseconds
16:00:40.405 - Team 1 arrived to RouteMarker Bahai Garden. Checking for approval..
16:00:40.405 - Team 1 approved to enter marker Bahai Garden
16:00:40.405 - Team 1 received clue: Detour
16:00:40.405 - Team 1 performing mental task for 2200 millis.
16:00:41.749 - Team 10 arrived to RouteMarker Kinneret. Checking for approval..
16:00:41.749 - Team 10 approved to enter marker Kinneret
16:00:41.749 - Team 10 received clue: Route Information
16:00:41.749 - Team 10 at RM Kinneret is leaving..
16:00:41.749 - Team 10 driving to marker 6(Dist: 12.5km) for 1200 milliseconds
16:00:42.605 - Team 1 at RM Bahai Garden is leaving..
16:00:42.605 - Team 1 driving to marker 7(Dist: 25.1km) for 2500 milliseconds
16:00:42.950 - Team 10 arrived to RouteMarker Bahai Garden. Checking for approval..
16:00:42.950 - Team 10 approved to enter marker Bahai Garden
16:00:42.950 - Team 10 received clue: Detour
16:00:42.950 - Team 10 performing physical task for 2550 millis
16:00:45.105 - Team 1 arrived to RouteMarker Tel Aviv Azrieli Center. Checking for approval..
16:00:45.105 - Team 1 approved to enter marker Tel Aviv Azrieli Center
16:00:45.105 - Team 1 received clue: Route Information
16:00:45.105 - Team 1 at RM Tel Aviv Azrieli Center is leaving..
16:00:45.500 - Team 10 at RM Bahai Garden is leaving..
16:00:45.500 - Team 10 driving to marker 7(Dist: 25.1km) for 2500 milliseconds
16:00:48 - Team 10 arrived to RouteMarker Tel Aviv Azrieli Center. Checking for approval..
16:00:48 - Team 10 approved to enter marker Tel Aviv Azrieli Center
16:00:48 - Team 10 received clue: Route Information
16:00:48 - Team 10 at RM Tel Aviv Azrieli Center is leaving..
