16:00:18.131 - Team 3 joined the race!
16:00:18.132 - Team 3 driving to marker 0(Dist: 2.6km) for 200 milliseconds
16:00:18.341 - Team 3 arrived to RouteMarker Hula Valley. Checking for approval..
16:00:18.342 - Team 3 approved to enter marker Hula Valley
16:00:18.342 - Team 3 received clue: Route Information
16:00:18.342 - Team 3 at RM Hula Valley is leaving..
16:00:18.343 - Team 3 driving to marker 1(Dist: 33.0km) for 3300 milliseconds
16:00:21.643 - Team 3 arrived to RouteMarker Ramon Crater. Checking for approval..
16:00:21.643 - Team 3 is waiting for RouteMarker Ramon Crater to be available.
16:00:22.636 - Team 3 is waiting for RouteMarker Ramon Crater to be available.
16:00:23.632 - Team 3 is waiting for RouteMarker Ramon Crater to be available.
16:00:24.632 - Team 3 is waiting for RouteMarker Ramon Crater to be available.
16:00:25.187 - Team 3 is waiting for RouteMarker Ramon Crater to be available.
16:00:25.932 - Team 3 is waiting for RouteMarker Ramon Crater to be available.
16:00:26.038 - Team 3 is waiting for RouteMarker Ramon Crater to be available.
16:00:28.238 - Team 3 is waiting for RouteMarker Ramon Crater to be available.
16:00:28.440 - Team 3 approved to enter marker Ramon Crater
16:00:28.441 - Team 3 received clue: Detour
16:00:28.441 - Team 3 performing physical task for 3350 millis
16:00:31.791 - Team 3 at RM Ramon Crater is leaving..
16:00:31.791 - Team 3 driving to marker 2(Dist: 28.0km) for 2800 milliseconds
16:00:34.592 - Team 3 arrived to RouteMarker Jerusalem Old City. Checking for approval..
16:00:34.592 - Team 3 approved to enter marker Jerusalem Old City
16:00:34.592 - Team 3 received clue: Route Information
16:00:34.592 - Team 3 at RM Jerusalem Old City is leaving..
16:00:34.592 - Team 3 driving to marker 3(Dist: 15.6km) for 1500 milliseconds
16:00:36.092 - Team 3 arrived to RouteMarker Dead Sea. Checking for approval..
16:00:36.092 - Team 3 is waiting for RouteMarker Dead Sea to be available.
16:00:37.301 - Team 3 approved to enter marker Dead Sea
16:00:37.301 - Team 3 received clue: Roadblock
16:00:42.352 - Team 3 at RM Dead Sea is leaving..
16:00:42.352 - Team 3 driving to marker 4(Dist: 27.8km) for 2700 milliseconds
16:00:45.052 - Team 3 arrived to RouteMarker Acre Market. Checking for approval..
16:00:45.052 - Team 3 approved to enter marker Acre Market
16:00:45.052 - Team 3 received clue: Route Information
16:00:45.052 - Team 3 at RM Acre Market is leaving..
16:00:45.052 - Team 3 driving to marker 5(Dist: 14.2km) for 1400 milliseconds
16:00:46.452 - Team 3 arrived to RouteMarker Kinneret. Checking for approval..
16:00:46.452 - Team 3 approved to enter marker Kinneret
16:00:46.452 - Team 3 received clue: Route Information
16:00:46.452 - Team 3 at RM Kinneret is leaving..
16:00:46.452 - Team 3 driving to marker 6(Dist: 12.5km) for 1200 milliseconds
16:00:47.652 - Team 3 arrived to RouteMarker Bahai Garden. Checking for approval..
16:00:47.652 - Team 3 approved to enter marker Bahai Garden
16:00:47.652 - Team 3 received clue: Detour
16:00:47.652 - Team 3 performing physical task for 3350 millis
16:00:51.006 - Team 3 at RM Bahai Garden is leaving..
16:00:51.007 - Team 3 driving to marker 7(Dist: 25.1km) for 2500 milliseconds
16:00:53.508 - Team 3 arrived to RouteMarker Tel Aviv Azrieli Center. Checking for approval..
16:00:53.508 - Team 3 approved to enter marker Tel Aviv Azrieli Center
16:00:53.508 - Team 3 received clue: Route Information
16:00:53.508 - Team 3 at RM Tel Aviv Azrieli Center is leaving..
