17:51:29.438 - Starting simulating race
17:51:29.449 - Importing teams from teams.json
17:51:29.472 - Importing Route Markers from markers.json
17:51:29.478 - Team 1 joined the race!
17:51:29.478 - Team 1 driving to marker 0(Dist: 2.6km) for 200 milliseconds
17:51:29.478 - Team 0 joined the race!
17:51:29.478 - Team 0 driving to marker 0(Dist: 2.6km) for 200 milliseconds
17:51:29.478 - Team 2 joined the race!
17:51:29.480 - Team 2 driving to marker 0(Dist: 2.6km) for 200 milliseconds
17:51:29.481 - Team 4 joined the race!
17:51:29.481 - Team 6 joined the race!
17:51:29.481 - Team 4 driving to marker 0(Dist: 2.6km) for 200 milliseconds
17:51:29.481 - Team 6 driving to marker 0(Dist: 2.6km) for 200 milliseconds
17:51:29.482 - Team 8 joined the race!
17:51:29.482 - Team 8 driving to marker 0(Dist: 2.6km) for 200 milliseconds
17:51:29.482 - Team 3 joined the race!
17:51:29.483 - Team 9 joined the race!
17:51:29.483 - Team 9 driving to marker 0(Dist: 2.6km) for 200 milliseconds
17:51:29.483 - Team 10 joined the race!
17:51:29.484 - Team 10 driving to marker 0(Dist: 2.6km) for 200 milliseconds
17:51:29.484 - Team 3 driving to marker 0(Dist: 2.6km) for 200 milliseconds
17:51:29.484 - Team 5 joined the race!
17:51:29.485 - Team 5 driving to marker 0(Dist: 2.6km) for 200 milliseconds
17:51:29.485 - Team 7 joined the race!
17:51:29.485 - Team 7 driving to marker 0(Dist: 2.6km) for 200 milliseconds
17:51:29.678 - Team 1 arrived to RouteMarker Hula Valley. Checking for approval..
17:51:29.678 - Team 1 approved to enter marker Hula Valley
17:51:29.679 - Team 1 received clue: Route Information
17:51:29.679 - Team 1 at RM Hula Valley is leaving..
17:51:29.681 - Team 1 driving to marker 1(Dist: 33.0km) for 3300 milliseconds
17:51:29.681 - Team 0 arrived to RouteMarker Hula Valley. Checking for approval..
17:51:29.681 - Team 0 approved to enter marker Hula Valley
17:51:29.682 - Team 0 received clue: Route Information
17:51:29.682 - Team 0 at RM Hula Valley is leaving..
17:51:29.683 - Team 0 driving to marker 1(Dist: 33.0km) for 3300 milliseconds
17:51:29.683 - Team 2 arrived to RouteMarker Hula Valley. Checking for approval..
17:51:29.683 - Team 2 approved to enter marker Hula Valley
17:51:29.684 - Team 2 received clue: Route Information
17:51:29.685 - Team 2 at RM Hula Valley is leaving..
17:51:29.685 - Team 2 driving to marker 1(Dist: 33.0km) for 3300 milliseconds
17:51:29.685 - Team 4 arrived to RouteMarker Hula Valley. Checking for approval..
17:51:29.686 - Team 4 approved to enter marker Hula Valley
17:51:29.686 - Team 4 received clue: Route Information
17:51:29.691 - Team 4 at RM Hula Valley is leaving..
17:51:29.692 - Team 4 driving to marker 1(Dist: 33.0km) for 3300 milliseconds
17:51:29.692 - Team 8 arrived to RouteMarker Hula Valley. Checking for approval..
17:51:29.692 - Team 8 approved to enter marker Hula Valley
17:51:29.693 - Team 8 received clue: Route Information
17:51:29.693 - Team 8 at RM Hula Valley is leaving..
17:51:29.694 - Team 8 driving to marker 1(Dist: 33.0km) for 3300 milliseconds
17:51:29.694 - Team 6 arrived to RouteMarker Hula Valley. Checking for approval..
17:51:29.695 - Team 6 approved to enter marker Hula Valley
17:51:29.695 - Team 6 received clue: Route Information
17:51:29.696 - Team 6 at RM Hula Valley is leaving..
17:51:29.696 - Team 6 driving to marker 1(Dist: 33.0km) for 3300 milliseconds
17:51:29.696 - Team 9 arrived to RouteMarker Hula Valley. Checking for approval..
17:51:29.696 - Team 9 approved to enter marker Hula Valley
17:51:29.696 - Team 9 received clue: Route Information
17:51:29.697 - Team 9 at RM Hula Valley is leaving..
17:51:29.697 - Team 9 driving to marker 1(Dist: 33.0km) for 3300 milliseconds
17:51:29.698 - Team 10 arrived to RouteMarker Hula Valley. Checking for approval..
17:51:29.698 - Team 10 approved to enter marker Hula Valley
17:51:29.699 - Team 10 received clue: Route Information
17:51:29.700 - Team 10 at RM Hula Valley is leaving..
17:51:29.704 - Team 10 driving to marker 1(Dist: 33.0km) for 3300 milliseconds
17:51:29.704 - Team 3 arrived to RouteMarker Hula Valley. Checking for approval..
17:51:29.704 - Team 3 approved to enter marker Hula Valley
17:51:29.705 - Team 3 received clue: Route Information
17:51:29.705 - Team 3 at RM Hula Valley is leaving..
17:51:29.705 - Team 3 driving to marker 1(Dist: 33.0km) for 3300 milliseconds
17:51:29.705 - Team 7 arrived to RouteMarker Hula Valley. Checking for approval..
17:51:29.706 - Team 7 approved to enter marker Hula Valley
17:51:29.706 - Team 7 received clue: Route Information
17:51:29.706 - Team 7 at RM Hula Valley is leaving..
17:51:29.706 - Team 7 driving to marker 1(Dist: 33.0km) for 3300 milliseconds
17:51:29.707 - Team 5 arrived to RouteMarker Hula Valley. Checking for approval..
17:51:29.707 - Team 5 approved to enter marker Hula Valley
17:51:29.707 - Team 5 received clue: Route Information
17:51:29.708 - Team 5 at RM Hula Valley is leaving..
17:51:29.708 - Team 5 driving to marker 1(Dist: 33.0km) for 3300 milliseconds
17:51:32.981 - Team 1 arrived to RouteMarker Ramon Crater. Checking for approval..
17:51:32.981 - Team 1 approved to enter marker Ramon Crater
17:51:32.982 - Team 1 received clue: Detour
17:51:32.983 - Team 1 performing mental task for 2200 millis.
17:51:32.983 - Team 0 arrived to RouteMarker Ramon Crater. Checking for approval..
17:51:32.987 - Team 0 approved to enter marker Ramon Crater
17:51:32.991 - Team 0 received clue: Detour
17:51:32.992 - Team 0 performing physical task for 3000 millis
17:51:32.992 - Team 2 arrived to RouteMarker Ramon Crater. Checking for approval..
17:51:32.993 - Team 2 approved to enter marker Ramon Crater
17:51:32.993 - Team 2 received clue: Detour
17:51:32.993 - Team 2 performing mental task for 2000 millis.
17:51:32.993 - Team 4 arrived to RouteMarker Ramon Crater. Checking for approval..
17:51:32.993 - Team 4 is waiting for RouteMarker Ramon Crater to be available.
17:51:32.994 - Team 8 arrived to RouteMarker Ramon Crater. Checking for approval..
17:51:32.994 - Team 8 is waiting for RouteMarker Ramon Crater to be available.
17:51:32.996 - Team 6 arrived to RouteMarker Ramon Crater. Checking for approval..
17:51:32.996 - Team 6 is waiting for RouteMarker Ramon Crater to be available.
17:51:32.998 - Team 9 arrived to RouteMarker Ramon Crater. Checking for approval..
17:51:32.998 - Team 9 is waiting for RouteMarker Ramon Crater to be available.
17:51:33.004 - Team 10 arrived to RouteMarker Ramon Crater. Checking for approval..
17:51:33.004 - Team 10 is waiting for RouteMarker Ramon Crater to be available.
17:51:33.005 - Team 3 arrived to RouteMarker Ramon Crater. Checking for approval..
17:51:33.005 - Team 3 is waiting for RouteMarker Ramon Crater to be available.
17:51:33.006 - Team 7 arrived to RouteMarker Ramon Crater. Checking for approval..
17:51:33.006 - Team 7 is waiting for RouteMarker Ramon Crater to be available.
17:51:33.008 - Team 5 arrived to RouteMarker Ramon Crater. Checking for approval..
17:51:33.008 - Team 5 is waiting for RouteMarker Ramon Crater to be available.
17:51:34.993 - Team 2 at RM Ramon Crater is leaving..
17:51:34.993 - Team 5 approved to enter marker Ramon Crater
17:51:34.993 - Team 5 received clue: Detour
17:51:34.993 - Team 5 performing physical task for 2400 millis
17:51:34.994 - Team 7 is waiting for RouteMarker Ramon Crater to be available.
17:51:34.994 - Team 3 is waiting for RouteMarker Ramon Crater to be available.
17:51:34.994 - Team 10 is waiting for RouteMarker Ramon Crater to be available.
17:51:34.994 - Team 9 is waiting for RouteMarker Ramon Crater to be available.
17:51:34.994 - Team 6 is waiting for RouteMarker Ramon Crater to be available.
17:51:34.994 - Team 8 is waiting for RouteMarker Ramon Crater to be available.
17:51:34.995 - Team 4 is waiting for RouteMarker Ramon Crater to be available.
17:51:34.995 - Team 2 driving to marker 2(Dist: 28.0km) for 2800 milliseconds
17:51:35.183 - Team 1 at RM Ramon Crater is leaving..
17:51:35.189 - Team 4 approved to enter marker Ramon Crater
17:51:35.189 - Team 4 received clue: Detour
17:51:35.190 - Team 4 performing mental task for 1000 millis.
17:51:35.190 - Team 8 is waiting for RouteMarker Ramon Crater to be available.
17:51:35.190 - Team 6 is waiting for RouteMarker Ramon Crater to be available.
17:51:35.191 - Team 9 is waiting for RouteMarker Ramon Crater to be available.
17:51:35.191 - Team 10 is waiting for RouteMarker Ramon Crater to be available.
17:51:35.195 - Team 3 is waiting for RouteMarker Ramon Crater to be available.
17:51:35.196 - Team 7 is waiting for RouteMarker Ramon Crater to be available.
17:51:35.196 - Team 1 driving to marker 2(Dist: 28.0km) for 2800 milliseconds
17:51:35.992 - Team 0 at RM Ramon Crater is leaving..
17:51:35.992 - Team 7 approved to enter marker Ramon Crater
17:51:35.992 - Team 7 received clue: Detour
17:51:35.992 - Team 7 performing mental task for 3250 millis.
17:51:35.992 - Team 3 is waiting for RouteMarker Ramon Crater to be available.
17:51:35.992 - Team 10 is waiting for RouteMarker Ramon Crater to be available.
17:51:35.993 - Team 9 is waiting for RouteMarker Ramon Crater to be available.
17:51:36.001 - Team 6 is waiting for RouteMarker Ramon Crater to be available.
17:51:36.001 - Team 8 is waiting for RouteMarker Ramon Crater to be available.
17:51:36.001 - Team 0 driving to marker 2(Dist: 28.0km) for 2800 milliseconds
17:51:36.190 - Team 4 at RM Ramon Crater is leaving..
17:51:36.195 - Team 8 approved to enter marker Ramon Crater
17:51:36.195 - Team 8 received clue: Detour
17:51:36.195 - Team 8 performing physical task for 850 millis
17:51:36.195 - Team 6 is waiting for RouteMarker Ramon Crater to be available.
17:51:36.195 - Team 9 is waiting for RouteMarker Ramon Crater to be available.
17:51:36.196 - Team 10 is waiting for RouteMarker Ramon Crater to be available.
17:51:36.196 - Team 3 is waiting for RouteMarker Ramon Crater to be available.
17:51:36.196 - Team 4 driving to marker 2(Dist: 28.0km) for 2800 milliseconds
17:51:37.045 - Team 8 at RM Ramon Crater is leaving..
17:51:37.045 - Team 3 approved to enter marker Ramon Crater
17:51:37.045 - Team 3 received clue: Detour
17:51:37.045 - Team 3 performing physical task for 3350 millis
17:51:37.045 - Team 10 is waiting for RouteMarker Ramon Crater to be available.
17:51:37.045 - Team 9 is waiting for RouteMarker Ramon Crater to be available.
17:51:37.045 - Team 6 is waiting for RouteMarker Ramon Crater to be available.
17:51:37.051 - Team 8 driving to marker 2(Dist: 28.0km) for 2800 milliseconds
17:51:37.393 - Team 5 at RM Ramon Crater is leaving..
17:51:37.393 - Team 6 approved to enter marker Ramon Crater
17:51:37.393 - Team 6 received clue: Detour
17:51:37.393 - Team 6 performing physical task for 5600 millis
17:51:37.393 - Team 9 is waiting for RouteMarker Ramon Crater to be available.
17:51:37.393 - Team 10 is waiting for RouteMarker Ramon Crater to be available.
17:51:37.394 - Team 5 driving to marker 2(Dist: 28.0km) for 2800 milliseconds
17:51:37.795 - Team 2 arrived to RouteMarker Jerusalem Old City. Checking for approval..
17:51:37.795 - Team 2 approved to enter marker Jerusalem Old City
17:51:37.795 - Team 2 received clue: Route Information
17:51:37.795 - Team 2 at RM Jerusalem Old City is leaving..
17:51:37.795 - Team 2 driving to marker 3(Dist: 15.6km) for 1500 milliseconds
17:51:37.999 - Team 1 arrived to RouteMarker Jerusalem Old City. Checking for approval..
17:51:38 - Team 1 approved to enter marker Jerusalem Old City
17:51:38 - Team 1 received clue: Route Information
17:51:38 - Team 1 at RM Jerusalem Old City is leaving..
17:51:38 - Team 1 driving to marker 3(Dist: 15.6km) for 1500 milliseconds
17:51:38.801 - Team 0 arrived to RouteMarker Jerusalem Old City. Checking for approval..
17:51:38.801 - Team 0 approved to enter marker Jerusalem Old City
17:51:38.801 - Team 0 received clue: Route Information
17:51:38.801 - Team 0 at RM Jerusalem Old City is leaving..
17:51:38.801 - Team 0 driving to marker 3(Dist: 15.6km) for 1500 milliseconds
17:51:38.996 - Team 4 arrived to RouteMarker Jerusalem Old City. Checking for approval..
17:51:38.996 - Team 4 approved to enter marker Jerusalem Old City
17:51:38.996 - Team 4 received clue: Route Information
17:51:38.996 - Team 4 at RM Jerusalem Old City is leaving..
17:51:38.996 - Team 4 driving to marker 3(Dist: 15.6km) for 1500 milliseconds
17:51:39.242 - Team 7 at RM Ramon Crater is leaving..
17:51:39.242 - Team 7 driving to marker 2(Dist: 28.0km) for 2800 milliseconds
17:51:39.242 - Team 10 approved to enter marker Ramon Crater
17:51:39.242 - Team 10 received clue: Detour
17:51:39.242 - Team 9 approved to enter marker Ramon Crater
17:51:39.242 - Team 10 performing physical task for 2550 millis
17:51:39.242 - Team 9 received clue: Detour
17:51:39.242 - Team 9 performing mental task for 1300 millis.
17:51:39.295 - Team 2 arrived to RouteMarker Dead Sea. Checking for approval..
17:51:39.295 - Team 2 approved to enter marker Dead Sea
17:51:39.296 - Team 2 received clue: Roadblock
17:51:39.296 - Performing a member roadblock task
17:51:39.297 - Team 2 draws random member: Contestant [ name=Jana Cleve, physicalScore=43, mentalScore=88 ]
17:51:39.297 - Member Jana Cleve performing combined task for 3450 millis.
17:51:39.500 - Team 1 arrived to RouteMarker Dead Sea. Checking for approval..
17:51:39.500 - Team 1 approved to enter marker Dead Sea
17:51:39.500 - Team 1 received clue: Roadblock
17:51:39.500 - Performing a member roadblock task
17:51:39.500 - Team 1 draws random member: Contestant [ name=Hans Emanuel, physicalScore=58, mentalScore=91 ]
17:51:39.501 - Member Hans Emanuel performing combined task for 2550 millis.
17:51:39.851 - Team 8 arrived to RouteMarker Jerusalem Old City. Checking for approval..
17:51:39.851 - Team 8 approved to enter marker Jerusalem Old City
17:51:39.851 - Team 8 received clue: Route Information
17:51:39.851 - Team 8 at RM Jerusalem Old City is leaving..
17:51:39.851 - Team 8 driving to marker 3(Dist: 15.6km) for 1500 milliseconds
17:51:40.194 - Team 5 arrived to RouteMarker Jerusalem Old City. Checking for approval..
17:51:40.194 - Team 5 approved to enter marker Jerusalem Old City
17:51:40.195 - Team 5 received clue: Route Information
17:51:40.195 - Team 5 at RM Jerusalem Old City is leaving..
17:51:40.195 - Team 5 driving to marker 3(Dist: 15.6km) for 1500 milliseconds
17:51:40.301 - Team 0 arrived to RouteMarker Dead Sea. Checking for approval..
17:51:40.301 - Team 0 approved to enter marker Dead Sea
17:51:40.301 - Team 0 received clue: Roadblock
17:51:40.301 - Performing a member roadblock task
17:51:40.302 - Team 0 draws random member: Contestant [ name=Rahmi Girish, physicalScore=67, mentalScore=78 ]
17:51:40.302 - Member Rahmi Girish performing combined task for 2750 millis.
17:51:40.401 - Team 3 at RM Ramon Crater is leaving..
17:51:40.401 - Team 3 driving to marker 2(Dist: 28.0km) for 2800 milliseconds
17:51:40.496 - Team 4 arrived to RouteMarker Dead Sea. Checking for approval..
17:51:40.499 - Team 4 is waiting for RouteMarker Dead Sea to be available.
17:51:40.542 - Team 9 at RM Ramon Crater is leaving..
17:51:40.542 - Team 9 driving to marker 2(Dist: 28.0km) for 2800 milliseconds
17:51:41.351 - Team 8 arrived to RouteMarker Dead Sea. Checking for approval..
17:51:41.351 - Team 8 is waiting for RouteMarker Dead Sea to be available.
17:51:41.695 - Team 5 arrived to RouteMarker Dead Sea. Checking for approval..
17:51:41.695 - Team 5 is waiting for RouteMarker Dead Sea to be available.
17:51:41.792 - Team 10 at RM Ramon Crater is leaving..
17:51:41.792 - Team 10 driving to marker 2(Dist: 28.0km) for 2800 milliseconds
17:51:42.042 - Team 7 arrived to RouteMarker Jerusalem Old City. Checking for approval..
17:51:42.042 - Team 7 approved to enter marker Jerusalem Old City
17:51:42.042 - Team 7 received clue: Route Information
17:51:42.042 - Team 7 at RM Jerusalem Old City is leaving..
17:51:42.042 - Team 7 driving to marker 3(Dist: 15.6km) for 1500 milliseconds
17:51:42.051 - Member Hans Emanuel finished the combined task!
17:51:42.051 - Team 1 at RM Dead Sea is leaving..
17:51:42.051 - Team 5 approved to enter marker Dead Sea
17:51:42.051 - Team 5 received clue: Roadblock
17:51:42.051 - Team 4 approved to enter marker Dead Sea
17:51:42.051 - Team 1 driving to marker 4(Dist: 27.8km) for 2700 milliseconds
17:51:42.051 - Team 4 received clue: Roadblock
17:51:42.051 - Performing a member roadblock task
17:51:42.052 - Team 4 draws random member: Contestant [ name=Nicole McKenzie, physicalScore=45, mentalScore=89 ]
17:51:42.052 - Member Nicole McKenzie performing combined task for 3300 millis.
17:51:42.051 - Team 8 approved to enter marker Dead Sea
17:51:42.052 - Team 8 received clue: Roadblock
17:51:42.052 - Performing a member roadblock task
17:51:42.053 - Team 8 draws random member: Contestant [ name=Khaled Baumhauer, physicalScore=97, mentalScore=55 ]
17:51:42.053 - Member Khaled Baumhauer performing combined task for 2400 millis.
17:51:42.051 - Performing a member roadblock task
17:51:42.053 - Team 5 draws random member: Contestant [ name=Andreas Putnam, physicalScore=85, mentalScore=71 ]
17:51:42.053 - Member Andreas Putnam performing combined task for 2200 millis.
17:51:42.747 - Member Jana Cleve finished the combined task!
17:51:42.747 - Team 2 at RM Dead Sea is leaving..
17:51:42.747 - Team 2 driving to marker 4(Dist: 27.8km) for 2700 milliseconds
17:51:42.993 - Team 6 at RM Ramon Crater is leaving..
17:51:42.993 - Team 6 driving to marker 2(Dist: 28.0km) for 2800 milliseconds
17:51:43.052 - Member Rahmi Girish finished the combined task!
17:51:43.052 - Team 0 at RM Dead Sea is leaving..
17:51:43.053 - Team 0 driving to marker 4(Dist: 27.8km) for 2700 milliseconds
17:51:43.202 - Team 3 arrived to RouteMarker Jerusalem Old City. Checking for approval..
17:51:43.202 - Team 3 approved to enter marker Jerusalem Old City
17:51:43.202 - Team 3 received clue: Route Information
17:51:43.202 - Team 3 at RM Jerusalem Old City is leaving..
17:51:43.202 - Team 3 driving to marker 3(Dist: 15.6km) for 1500 milliseconds
17:51:43.342 - Team 9 arrived to RouteMarker Jerusalem Old City. Checking for approval..
17:51:43.342 - Team 9 approved to enter marker Jerusalem Old City
17:51:43.342 - Team 9 received clue: Route Information
17:51:43.342 - Team 9 at RM Jerusalem Old City is leaving..
17:51:43.342 - Team 9 driving to marker 3(Dist: 15.6km) for 1500 milliseconds
17:51:43.542 - Team 7 arrived to RouteMarker Dead Sea. Checking for approval..
17:51:43.542 - Team 7 is waiting for RouteMarker Dead Sea to be available.
17:51:44.253 - Member Andreas Putnam finished the combined task!
17:51:44.253 - Team 5 at RM Dead Sea is leaving..
17:51:44.253 - Team 7 approved to enter marker Dead Sea
17:51:44.253 - Team 7 received clue: Roadblock
17:51:44.253 - Performing a member roadblock task
17:51:44.254 - Team 7 draws random member: Contestant [ name=Christen Shepherd, physicalScore=64, mentalScore=76 ]
17:51:44.254 - Member Christen Shepherd performing combined task for 3000 millis.
17:51:44.254 - Team 5 driving to marker 4(Dist: 27.8km) for 2700 milliseconds
17:51:44.453 - Member Khaled Baumhauer finished the combined task!
17:51:44.453 - Team 8 at RM Dead Sea is leaving..
17:51:44.453 - Team 8 driving to marker 4(Dist: 27.8km) for 2700 milliseconds
17:51:44.592 - Team 10 arrived to RouteMarker Jerusalem Old City. Checking for approval..
17:51:44.592 - Team 10 approved to enter marker Jerusalem Old City
17:51:44.592 - Team 10 received clue: Route Information
17:51:44.592 - Team 10 at RM Jerusalem Old City is leaving..
17:51:44.593 - Team 10 driving to marker 3(Dist: 15.6km) for 1500 milliseconds
17:51:44.702 - Team 3 arrived to RouteMarker Dead Sea. Checking for approval..
17:51:44.702 - Team 3 approved to enter marker Dead Sea
17:51:44.702 - Team 3 received clue: Roadblock
17:51:44.702 - Performing a member roadblock task
17:51:44.702 - Team 3 draws random member: Contestant [ name=Filipa Xanthos, physicalScore=77, mentalScore=58 ]
17:51:44.702 - Member Filipa Xanthos performing combined task for 3250 millis.
17:51:44.763 - Team 1 arrived to RouteMarker Acre Market. Checking for approval..
17:51:44.764 - Team 1 approved to enter marker Acre Market
17:51:44.764 - Team 1 received clue: Route Information
17:51:44.764 - Team 1 at RM Acre Market is leaving..
17:51:44.764 - Team 1 driving to marker 5(Dist: 14.2km) for 1400 milliseconds
17:51:44.843 - Team 9 arrived to RouteMarker Dead Sea. Checking for approval..
17:51:44.843 - Team 9 is waiting for RouteMarker Dead Sea to be available.
17:51:45.352 - Member Nicole McKenzie finished the combined task!
17:51:45.352 - Team 4 at RM Dead Sea is leaving..
17:51:45.352 - Team 9 approved to enter marker Dead Sea
17:51:45.352 - Team 9 received clue: Roadblock
17:51:45.352 - Performing a member roadblock task
17:51:45.352 - Team 9 draws random member: Contestant [ name=Pastor Wilcox, physicalScore=96, mentalScore=79 ]
17:51:45.352 - Member Pastor Wilcox performing combined task for 1250 millis.
17:51:45.352 - Team 4 driving to marker 4(Dist: 27.8km) for 2700 milliseconds
17:51:45.447 - Team 2 arrived to RouteMarker Acre Market. Checking for approval..
17:51:45.447 - Team 2 approved to enter marker Acre Market
17:51:45.447 - Team 2 received clue: Route Information
17:51:45.447 - Team 2 at RM Acre Market is leaving..
17:51:45.447 - Team 2 driving to marker 5(Dist: 14.2km) for 1400 milliseconds
17:51:45.753 - Team 0 arrived to RouteMarker Acre Market. Checking for approval..
17:51:45.753 - Team 0 approved to enter marker Acre Market
17:51:45.753 - Team 0 received clue: Route Information
17:51:45.753 - Team 0 at RM Acre Market is leaving..
17:51:45.753 - Team 0 driving to marker 5(Dist: 14.2km) for 1400 milliseconds
17:51:45.793 - Team 6 arrived to RouteMarker Jerusalem Old City. Checking for approval..
17:51:45.793 - Team 6 approved to enter marker Jerusalem Old City
17:51:45.793 - Team 6 received clue: Route Information
17:51:45.793 - Team 6 at RM Jerusalem Old City is leaving..
17:51:45.793 - Team 6 driving to marker 3(Dist: 15.6km) for 1500 milliseconds
17:51:46.093 - Team 10 arrived to RouteMarker Dead Sea. Checking for approval..
17:51:46.093 - Team 10 is waiting for RouteMarker Dead Sea to be available.
17:51:46.164 - Team 1 arrived to RouteMarker Kinneret. Checking for approval..
17:51:46.164 - Team 1 approved to enter marker Kinneret
17:51:46.164 - Team 1 received clue: Route Information
17:51:46.164 - Team 1 at RM Kinneret is leaving..
17:51:46.165 - Team 1 driving to marker 6(Dist: 12.5km) for 1200 milliseconds
17:51:46.602 - Member Pastor Wilcox finished the combined task!
17:51:46.602 - Team 9 at RM Dead Sea is leaving..
17:51:46.602 - Team 10 approved to enter marker Dead Sea
17:51:46.602 - Team 10 received clue: Roadblock
17:51:46.602 - Performing a member roadblock task
17:51:46.602 - Team 10 draws random member: Contestant [ name=Theophilus Profeta, physicalScore=93, mentalScore=81 ]
17:51:46.609 - Member Theophilus Profeta performing combined task for 1300 millis.
17:51:46.609 - Team 9 driving to marker 4(Dist: 27.8km) for 2700 milliseconds
17:51:46.848 - Team 2 arrived to RouteMarker Kinneret. Checking for approval..
17:51:46.848 - Team 2 approved to enter marker Kinneret
17:51:46.848 - Team 2 received clue: Route Information
17:51:46.848 - Team 2 at RM Kinneret is leaving..
17:51:46.848 - Team 2 driving to marker 6(Dist: 12.5km) for 1200 milliseconds
17:51:46.955 - Team 5 arrived to RouteMarker Acre Market. Checking for approval..
17:51:46.958 - Team 5 approved to enter marker Acre Market
17:51:46.959 - Team 5 received clue: Route Information
17:51:46.959 - Team 5 at RM Acre Market is leaving..
17:51:46.959 - Team 5 driving to marker 5(Dist: 14.2km) for 1400 milliseconds
17:51:47.154 - Team 0 arrived to RouteMarker Kinneret. Checking for approval..
17:51:47.154 - Team 0 approved to enter marker Kinneret
17:51:47.154 - Team 0 received clue: Route Information
17:51:47.154 - Team 0 at RM Kinneret is leaving..
17:51:47.154 - Team 0 driving to marker 6(Dist: 12.5km) for 1200 milliseconds
17:51:47.154 - Team 8 arrived to RouteMarker Acre Market. Checking for approval..
17:51:47.154 - Team 8 approved to enter marker Acre Market
17:51:47.154 - Team 8 received clue: Route Information
17:51:47.155 - Team 8 at RM Acre Market is leaving..
17:51:47.155 - Team 8 driving to marker 5(Dist: 14.2km) for 1400 milliseconds
17:51:47.256 - Member Christen Shepherd finished the combined task!
17:51:47.257 - Team 7 at RM Dead Sea is leaving..
17:51:47.257 - Team 7 driving to marker 4(Dist: 27.8km) for 2700 milliseconds
17:51:47.294 - Team 6 arrived to RouteMarker Dead Sea. Checking for approval..
17:51:47.294 - Team 6 approved to enter marker Dead Sea
17:51:47.294 - Team 6 received clue: Roadblock
17:51:47.294 - Performing a member roadblock task
17:51:47.294 - Team 6 draws random member: Contestant [ name=Sigifrid Cowden, physicalScore=23, mentalScore=26 ]
17:51:47.294 - Member Sigifrid Cowden performing combined task for 7550 millis.
17:51:47.366 - Team 1 arrived to RouteMarker Bahai Garden. Checking for approval..
17:51:47.366 - Team 1 approved to enter marker Bahai Garden
17:51:47.366 - Team 1 received clue: Detour
17:51:47.366 - Team 1 performing mental task for 2200 millis.
17:51:47.910 - Member Theophilus Profeta finished the combined task!
17:51:47.910 - Team 10 at RM Dead Sea is leaving..
17:51:47.910 - Team 10 driving to marker 4(Dist: 27.8km) for 2700 milliseconds
17:51:47.953 - Member Filipa Xanthos finished the combined task!
17:51:47.953 - Team 3 at RM Dead Sea is leaving..
17:51:47.953 - Team 3 driving to marker 4(Dist: 27.8km) for 2700 milliseconds
17:51:48.048 - Team 2 arrived to RouteMarker Bahai Garden. Checking for approval..
17:51:48.048 - Team 2 approved to enter marker Bahai Garden
17:51:48.048 - Team 2 received clue: Detour
17:51:48.048 - Team 2 performing mental task for 2000 millis.
17:51:48.055 - Team 4 arrived to RouteMarker Acre Market. Checking for approval..
17:51:48.055 - Team 4 approved to enter marker Acre Market
17:51:48.055 - Team 4 received clue: Route Information
17:51:48.055 - Team 4 at RM Acre Market is leaving..
17:51:48.055 - Team 4 driving to marker 5(Dist: 14.2km) for 1400 milliseconds
17:51:48.354 - Team 0 arrived to RouteMarker Bahai Garden. Checking for approval..
17:51:48.354 - Team 0 approved to enter marker Bahai Garden
17:51:48.354 - Team 0 received clue: Detour
17:51:48.354 - Team 0 performing physical task for 3000 millis
17:51:48.359 - Team 5 arrived to RouteMarker Kinneret. Checking for approval..
17:51:48.359 - Team 5 approved to enter marker Kinneret
17:51:48.359 - Team 5 received clue: Route Information
17:51:48.359 - Team 5 at RM Kinneret is leaving..
17:51:48.359 - Team 5 driving to marker 6(Dist: 12.5km) for 1200 milliseconds
17:51:48.560 - Team 8 arrived to RouteMarker Kinneret. Checking for approval..
17:51:48.563 - Team 8 approved to enter marker Kinneret
17:51:48.563 - Team 8 received clue: Route Information
17:51:48.563 - Team 8 at RM Kinneret is leaving..
17:51:48.563 - Team 8 driving to marker 6(Dist: 12.5km) for 1200 milliseconds
17:51:49.310 - Team 9 arrived to RouteMarker Acre Market. Checking for approval..
17:51:49.310 - Team 9 approved to enter marker Acre Market
17:51:49.310 - Team 9 received clue: Route Information
17:51:49.310 - Team 9 at RM Acre Market is leaving..
17:51:49.310 - Team 9 driving to marker 5(Dist: 14.2km) for 1400 milliseconds
17:51:49.455 - Team 4 arrived to RouteMarker Kinneret. Checking for approval..
17:51:49.455 - Team 4 approved to enter marker Kinneret
17:51:49.455 - Team 4 received clue: Route Information
17:51:49.455 - Team 4 at RM Kinneret is leaving..
17:51:49.456 - Team 4 driving to marker 6(Dist: 12.5km) for 1200 milliseconds
17:51:49.559 - Team 5 arrived to RouteMarker Bahai Garden. Checking for approval..
17:51:49.559 - Team 5 is waiting for RouteMarker Bahai Garden to be available.
17:51:49.567 - Team 1 at RM Bahai Garden is leaving..
17:51:49.567 - Team 5 approved to enter marker Bahai Garden
17:51:49.567 - Team 5 received clue: Detour
17:51:49.567 - Team 5 performing physical task for 2400 millis
17:51:49.567 - Team 1 driving to marker 7(Dist: 25.1km) for 2500 milliseconds
17:51:49.763 - Team 8 arrived to RouteMarker Bahai Garden. Checking for approval..
17:51:49.763 - Team 8 is waiting for RouteMarker Bahai Garden to be available.
17:51:49.957 - Team 7 arrived to RouteMarker Acre Market. Checking for approval..
17:51:49.959 - Team 7 approved to enter marker Acre Market
17:51:49.959 - Team 7 received clue: Route Information
17:51:49.959 - Team 7 at RM Acre Market is leaving..
17:51:49.959 - Team 7 driving to marker 5(Dist: 14.2km) for 1400 milliseconds
17:51:50.048 - Team 2 at RM Bahai Garden is leaving..
17:51:50.048 - Team 8 approved to enter marker Bahai Garden
17:51:50.048 - Team 8 received clue: Detour
17:51:50.048 - Team 8 performing physical task for 850 millis
17:51:50.048 - Team 2 driving to marker 7(Dist: 25.1km) for 2500 milliseconds
17:51:50.610 - Team 10 arrived to RouteMarker Acre Market. Checking for approval..
17:51:50.610 - Team 10 approved to enter marker Acre Market
17:51:50.610 - Team 10 received clue: Route Information
17:51:50.610 - Team 10 at RM Acre Market is leaving..
17:51:50.610 - Team 10 driving to marker 5(Dist: 14.2km) for 1400 milliseconds
17:51:50.653 - Team 3 arrived to RouteMarker Acre Market. Checking for approval..
17:51:50.653 - Team 3 approved to enter marker Acre Market
17:51:50.655 - Team 3 received clue: Route Information
17:51:50.655 - Team 3 at RM Acre Market is leaving..
17:51:50.655 - Team 3 driving to marker 5(Dist: 14.2km) for 1400 milliseconds
17:51:50.656 - Team 4 arrived to RouteMarker Bahai Garden. Checking for approval..
17:51:50.656 - Team 4 is waiting for RouteMarker Bahai Garden to be available.
17:51:50.713 - Team 9 arrived to RouteMarker Kinneret. Checking for approval..
17:51:50.713 - Team 9 approved to enter marker Kinneret
17:51:50.713 - Team 9 received clue: Route Information
17:51:50.713 - Team 9 at RM Kinneret is leaving..
17:51:50.713 - Team 9 driving to marker 6(Dist: 12.5km) for 1200 milliseconds
17:51:50.898 - Team 8 at RM Bahai Garden is leaving..
17:51:50.898 - Team 4 approved to enter marker Bahai Garden
17:51:50.898 - Team 4 received clue: Detour
17:51:50.898 - Team 4 performing mental task for 1000 millis.
17:51:50.899 - Team 8 driving to marker 7(Dist: 25.1km) for 2500 milliseconds
17:51:51.354 - Team 0 at RM Bahai Garden is leaving..
17:51:51.354 - Team 0 driving to marker 7(Dist: 25.1km) for 2500 milliseconds
17:51:51.359 - Team 7 arrived to RouteMarker Kinneret. Checking for approval..
17:51:51.359 - Team 7 approved to enter marker Kinneret
17:51:51.359 - Team 7 received clue: Route Information
17:51:51.359 - Team 7 at RM Kinneret is leaving..
17:51:51.359 - Team 7 driving to marker 6(Dist: 12.5km) for 1200 milliseconds
17:51:51.898 - Team 4 at RM Bahai Garden is leaving..
17:51:51.898 - Team 4 driving to marker 7(Dist: 25.1km) for 2500 milliseconds
17:51:51.913 - Team 9 arrived to RouteMarker Bahai Garden. Checking for approval..
17:51:51.913 - Team 9 approved to enter marker Bahai Garden
17:51:51.913 - Team 9 received clue: Detour
17:51:51.913 - Team 9 performing mental task for 1300 millis.
17:51:51.967 - Team 5 at RM Bahai Garden is leaving..
17:51:51.967 - Team 5 driving to marker 7(Dist: 25.1km) for 2500 milliseconds
17:51:52.010 - Team 10 arrived to RouteMarker Kinneret. Checking for approval..
17:51:52.010 - Team 10 approved to enter marker Kinneret
17:51:52.010 - Team 10 received clue: Route Information
17:51:52.010 - Team 10 at RM Kinneret is leaving..
17:51:52.010 - Team 10 driving to marker 6(Dist: 12.5km) for 1200 milliseconds
17:51:52.056 - Team 3 arrived to RouteMarker Kinneret. Checking for approval..
17:51:52.056 - Team 3 approved to enter marker Kinneret
17:51:52.056 - Team 3 received clue: Route Information
17:51:52.056 - Team 3 at RM Kinneret is leaving..
17:51:52.056 - Team 3 driving to marker 6(Dist: 12.5km) for 1200 milliseconds
17:51:52.067 - Team 1 arrived to RouteMarker Tel Aviv Azrieli Center. Checking for approval..
17:51:52.067 - Team 1 approved to enter marker Tel Aviv Azrieli Center
17:51:52.067 - Team 1 received clue: Route Information
17:51:52.067 - Team 1 at RM Tel Aviv Azrieli Center is leaving..
17:51:52.548 - Team 2 arrived to RouteMarker Tel Aviv Azrieli Center. Checking for approval..
17:51:52.548 - Team 2 approved to enter marker Tel Aviv Azrieli Center
17:51:52.548 - Team 2 received clue: Route Information
17:51:52.548 - Team 2 at RM Tel Aviv Azrieli Center is leaving..
17:51:52.559 - Team 7 arrived to RouteMarker Bahai Garden. Checking for approval..
17:51:52.559 - Team 7 approved to enter marker Bahai Garden
17:51:52.559 - Team 7 received clue: Detour
17:51:52.559 - Team 7 performing mental task for 3250 millis.
17:51:53.210 - Team 10 arrived to RouteMarker Bahai Garden. Checking for approval..
17:51:53.210 - Team 10 approved to enter marker Bahai Garden
17:51:53.210 - Team 10 received clue: Detour
17:51:53.210 - Team 10 performing physical task for 2550 millis
17:51:53.213 - Team 9 at RM Bahai Garden is leaving..
17:51:53.213 - Team 9 driving to marker 7(Dist: 25.1km) for 2500 milliseconds
17:51:53.256 - Team 3 arrived to RouteMarker Bahai Garden. Checking for approval..
17:51:53.256 - Team 3 approved to enter marker Bahai Garden
17:51:53.256 - Team 3 received clue: Detour
17:51:53.256 - Team 3 performing physical task for 3350 millis
17:51:53.399 - Team 8 arrived to RouteMarker Tel Aviv Azrieli Center. Checking for approval..
17:51:53.404 - Team 8 approved to enter marker Tel Aviv Azrieli Center
17:51:53.408 - Team 8 received clue: Route Information
17:51:53.408 - Team 8 at RM Tel Aviv Azrieli Center is leaving..
17:51:53.854 - Team 0 arrived to RouteMarker Tel Aviv Azrieli Center. Checking for approval..
17:51:53.854 - Team 0 approved to enter marker Tel Aviv Azrieli Center
17:51:53.854 - Team 0 received clue: Route Information
17:51:53.854 - Team 0 at RM Tel Aviv Azrieli Center is leaving..
17:51:53.854 - Team 0 has finished the race!
17:51:53.855 - Team 1 has finished the race!
17:51:53.855 - Team 2 has finished the race!
17:51:54.398 - Team 4 arrived to RouteMarker Tel Aviv Azrieli Center. Checking for approval..
17:51:54.398 - Team 4 approved to enter marker Tel Aviv Azrieli Center
17:51:54.398 - Team 4 received clue: Route Information
17:51:54.398 - Team 4 at RM Tel Aviv Azrieli Center is leaving..
17:51:54.467 - Team 5 arrived to RouteMarker Tel Aviv Azrieli Center. Checking for approval..
17:51:54.467 - Team 5 approved to enter marker Tel Aviv Azrieli Center
17:51:54.467 - Team 5 received clue: Route Information
17:51:54.467 - Team 5 at RM Tel Aviv Azrieli Center is leaving..
17:51:54.844 - Member Sigifrid Cowden finished the combined task!
17:51:54.844 - Team 6 at RM Dead Sea is leaving..
17:51:54.844 - Team 6 driving to marker 4(Dist: 27.8km) for 2700 milliseconds
17:51:55.713 - Team 9 arrived to RouteMarker Tel Aviv Azrieli Center. Checking for approval..
17:51:55.713 - Team 9 approved to enter marker Tel Aviv Azrieli Center
17:51:55.713 - Team 9 received clue: Route Information
17:51:55.713 - Team 9 at RM Tel Aviv Azrieli Center is leaving..
17:51:55.760 - Team 10 at RM Bahai Garden is leaving..
17:51:55.760 - Team 10 driving to marker 7(Dist: 25.1km) for 2500 milliseconds
17:51:55.809 - Team 7 at RM Bahai Garden is leaving..
17:51:55.809 - Team 7 driving to marker 7(Dist: 25.1km) for 2500 milliseconds
17:51:56.606 - Team 3 at RM Bahai Garden is leaving..
17:51:56.606 - Team 3 driving to marker 7(Dist: 25.1km) for 2500 milliseconds
17:51:57.544 - Team 6 arrived to RouteMarker Acre Market. Checking for approval..
17:51:57.544 - Team 6 approved to enter marker Acre Market
17:51:57.544 - Team 6 received clue: Route Information
17:51:57.544 - Team 6 at RM Acre Market is leaving..
17:51:57.544 - Team 6 driving to marker 5(Dist: 14.2km) for 1400 milliseconds
17:51:58.260 - Team 10 arrived to RouteMarker Tel Aviv Azrieli Center. Checking for approval..
17:51:58.260 - Team 10 approved to enter marker Tel Aviv Azrieli Center
17:51:58.260 - Team 10 received clue: Route Information
17:51:58.260 - Team 10 at RM Tel Aviv Azrieli Center is leaving..
17:51:58.309 - Team 7 arrived to RouteMarker Tel Aviv Azrieli Center. Checking for approval..
17:51:58.309 - Team 7 approved to enter marker Tel Aviv Azrieli Center
17:51:58.309 - Team 7 received clue: Route Information
17:51:58.309 - Team 7 at RM Tel Aviv Azrieli Center is leaving..
17:51:58.944 - Team 6 arrived to RouteMarker Kinneret. Checking for approval..
17:51:58.944 - Team 6 approved to enter marker Kinneret
17:51:58.944 - Team 6 received clue: Route Information
17:51:58.944 - Team 6 at RM Kinneret is leaving..
17:51:58.944 - Team 6 driving to marker 6(Dist: 12.5km) for 1200 milliseconds
17:51:59.106 - Team 3 arrived to RouteMarker Tel Aviv Azrieli Center. Checking for approval..
17:51:59.118 - Team 3 approved to enter marker Tel Aviv Azrieli Center
17:51:59.118 - Team 3 received clue: Route Information
17:51:59.118 - Team 3 at RM Tel Aviv Azrieli Center is leaving..
17:51:59.118 - Team 3 has finished the race!
17:51:59.118 - Team 4 has finished the race!
17:51:59.118 - Team 5 has finished the race!
17:52:00.144 - Team 6 arrived to RouteMarker Bahai Garden. Checking for approval..
17:52:00.144 - Team 6 approved to enter marker Bahai Garden
17:52:00.144 - Team 6 received clue: Detour
17:52:00.144 - Team 6 performing physical task for 5600 millis
17:52:05.745 - Team 6 at RM Bahai Garden is leaving..
17:52:05.745 - Team 6 driving to marker 7(Dist: 25.1km) for 2500 milliseconds
17:52:08.245 - Team 6 arrived to RouteMarker Tel Aviv Azrieli Center. Checking for approval..
17:52:08.245 - Team 6 approved to enter marker Tel Aviv Azrieli Center
17:52:08.245 - Team 6 received clue: Route Information
17:52:08.245 - Team 6 at RM Tel Aviv Azrieli Center is leaving..
17:52:08.245 - Team 6 has finished the race!
17:52:08.245 - Team 7 has finished the race!
17:52:08.245 - Team 8 has finished the race!
17:52:08.245 - Team 9 has finished the race!
17:52:08.245 - Team 10 has finished the race!
17:52:08.245 - ===================================
17:52:08.245 - Race is finished. Printing standings.
17:52:08.245 - ===================================
17:52:08.259 - 1. Team [ id=1, avgPhysicalScore=63.50, avgMentalScore=78.00, 
	member1=Contestant [ name=Hans Emanuel, physicalScore=58, mentalScore=91 ], 
	member2=Contestant [ name=Elton Victor, physicalScore=69, mentalScore=65 ]
Total Time: 222. Team [ id=2, avgPhysicalScore=43.50, avgMentalScore=80.00, 
	member1=Contestant [ name=Jana Cleve, physicalScore=43, mentalScore=88 ], 
	member2=Contestant [ name=Lore Cirino, physicalScore=44, mentalScore=72 ]
Total Time: 233. Team [ id=8, avgPhysicalScore=91.50, avgMentalScore=48.50, 
	member1=Contestant [ name=Lucie Arts, physicalScore=86, mentalScore=42 ], 
	member2=Contestant [ name=Khaled Baumhauer, physicalScore=97, mentalScore=55 ]
Total Time: 234. Team [ id=0, avgPhysicalScore=70.00, avgMentalScore=67.00, 
	member1=Contestant [ name=Yuli Dechen, physicalScore=73, mentalScore=56 ], 
	member2=Contestant [ name=Rahmi Girish, physicalScore=67, mentalScore=78 ]
Total Time: 245. Team [ id=4, avgPhysicalScore=40.50, avgMentalScore=91.50, 
	member1=Contestant [ name=Helena Sala, physicalScore=36, mentalScore=94 ], 
	member2=Contestant [ name=Nicole McKenzie, physicalScore=45, mentalScore=89 ]
Total Time: 246. Team [ id=5, avgPhysicalScore=76.00, avgMentalScore=73.00, 
	member1=Contestant [ name=Jonas Herbert, physicalScore=67, mentalScore=75 ], 
	member2=Contestant [ name=Andreas Putnam, physicalScore=85, mentalScore=71 ]
Total Time: 247. Team [ id=9, avgPhysicalScore=76.00, avgMentalScore=87.00, 
	member1=Contestant [ name=Pastor Wilcox, physicalScore=96, mentalScore=79 ], 
	member2=Contestant [ name=Ohad Piatek, physicalScore=56, mentalScore=95 ]
Total Time: 268. Team [ id=10, avgPhysicalScore=74.50, avgMentalScore=53.00, 
	member1=Contestant [ name=Stella Blaha, physicalScore=56, mentalScore=25 ], 
	member2=Contestant [ name=Theophilus Profeta, physicalScore=93, mentalScore=81 ]
Total Time: 289. Team [ id=7, avgPhysicalScore=59.00, avgMentalScore=67.50, 
	member1=Contestant [ name=Christen Shepherd, physicalScore=64, mentalScore=76 ], 
	member2=Contestant [ name=Faustino Garrard, physicalScore=54, mentalScore=59 ]
Total Time: 2810. Team [ id=3, avgPhysicalScore=66.50, avgMentalScore=50.50, 
	member1=Contestant [ name=Ema Major, physicalScore=56, mentalScore=43 ], 
	member2=Contestant [ name=Filipa Xanthos, physicalScore=77, mentalScore=58 ]
Total Time: 2911. Team [ id=6, avgPhysicalScore=44.00, avgMentalScore=25.00, 
	member1=Contestant [ name=Ulf Hurst, physicalScore=65, mentalScore=24 ], 
	member2=Contestant [ name=Sigifrid Cowden, physicalScore=23, mentalScore=26 ]
Total Time: 38
