17:51:29.484 - Team 5 joined the race!
17:51:29.484 - Team 5 driving to marker 0(Dist: 2.6km) for 200 milliseconds
17:51:29.706 - Team 5 arrived to RouteMarker Hula Valley. Checking for approval..
17:51:29.707 - Team 5 approved to enter marker Hula Valley
17:51:29.707 - Team 5 received clue: Route Information
17:51:29.708 - Team 5 at RM Hula Valley is leaving..
17:51:29.708 - Team 5 driving to marker 1(Dist: 33.0km) for 3300 milliseconds
17:51:33.008 - Team 5 arrived to RouteMarker Ramon Crater. Checking for approval..
17:51:33.008 - Team 5 is waiting for RouteMarker Ramon Crater to be available.
17:51:34.993 - Team 5 approved to enter marker Ramon Crater
17:51:34.993 - Team 5 received clue: Detour
17:51:34.993 - Team 5 performing physical task for 2400 millis
17:51:37.393 - Team 5 at RM Ramon Crater is leaving..
17:51:37.394 - Team 5 driving to marker 2(Dist: 28.0km) for 2800 milliseconds
17:51:40.194 - Team 5 arrived to RouteMarker Jerusalem Old City. Checking for approval..
17:51:40.194 - Team 5 approved to enter marker Jerusalem Old City
17:51:40.195 - Team 5 received clue: Route Information
17:51:40.195 - Team 5 at RM Jerusalem Old City is leaving..
17:51:40.195 - Team 5 driving to marker 3(Dist: 15.6km) for 1500 milliseconds
17:51:41.695 - Team 5 arrived to RouteMarker Dead Sea. Checking for approval..
17:51:41.695 - Team 5 is waiting for RouteMarker Dead Sea to be available.
17:51:42.051 - Team 5 approved to enter marker Dead Sea
17:51:42.051 - Team 5 received clue: Roadblock
17:51:42.053 - Team 5 draws random member: Contestant [ name=Andreas Putnam, physicalScore=85, mentalScore=71 ]
17:51:44.253 - Team 5 at RM Dead Sea is leaving..
17:51:44.254 - Team 5 driving to marker 4(Dist: 27.8km) for 2700 milliseconds
17:51:46.955 - Team 5 arrived to RouteMarker Acre Market. Checking for approval..
17:51:46.958 - Team 5 approved to enter marker Acre Market
17:51:46.959 - Team 5 received clue: Route Information
17:51:46.959 - Team 5 at RM Acre Market is leaving..
17:51:46.959 - Team 5 driving to marker 5(Dist: 14.2km) for 1400 milliseconds
17:51:48.359 - Team 5 arrived to RouteMarker Kinneret. Checking for approval..
17:51:48.359 - Team 5 approved to enter marker Kinneret
17:51:48.359 - Team 5 received clue: Route Information
17:51:48.359 - Team 5 at RM Kinneret is leaving..
17:51:48.359 - Team 5 driving to marker 6(Dist: 12.5km) for 1200 milliseconds
17:51:49.559 - Team 5 arrived to RouteMarker Bahai Garden. Checking for approval..
17:51:49.559 - Team 5 is waiting for RouteMarker Bahai Garden to be available.
17:51:49.567 - Team 5 approved to enter marker Bahai Garden
17:51:49.567 - Team 5 received clue: Detour
17:51:49.567 - Team 5 performing physical task for 2400 millis
17:51:51.967 - Team 5 at RM Bahai Garden is leaving..
17:51:51.967 - Team 5 driving to marker 7(Dist: 25.1km) for 2500 milliseconds
17:51:54.467 - Team 5 arrived to RouteMarker Tel Aviv Azrieli Center. Checking for approval..
17:51:54.467 - Team 5 approved to enter marker Tel Aviv Azrieli Center
17:51:54.467 - Team 5 received clue: Route Information
17:51:54.467 - Team 5 at RM Tel Aviv Azrieli Center is leaving..
17:51:59.118 - Team 5 has finished the race!
