17:51:29.483 - Team 9 joined the race!
17:51:29.483 - Team 9 driving to marker 0(Dist: 2.6km) for 200 milliseconds
17:51:29.696 - Team 9 arrived to RouteMarker Hula Valley. Checking for approval..
17:51:29.696 - Team 9 approved to enter marker Hula Valley
17:51:29.696 - Team 9 received clue: Route Information
17:51:29.697 - Team 9 at RM Hula Valley is leaving..
17:51:29.697 - Team 9 driving to marker 1(Dist: 33.0km) for 3300 milliseconds
17:51:32.998 - Team 9 arrived to RouteMarker Ramon Crater. Checking for approval..
17:51:32.998 - Team 9 is waiting for RouteMarker Ramon Crater to be available.
17:51:34.994 - Team 9 is waiting for RouteMarker Ramon Crater to be available.
17:51:35.191 - Team 9 is waiting for RouteMarker Ramon Crater to be available.
17:51:35.993 - Team 9 is waiting for RouteMarker Ramon Crater to be available.
17:51:36.195 - Team 9 is waiting for RouteMarker Ramon Crater to be available.
17:51:37.045 - Team 9 is waiting for RouteMarker Ramon Crater to be available.
17:51:37.393 - Team 9 is waiting for RouteMarker Ramon Crater to be available.
17:51:39.242 - Team 9 approved to enter marker Ramon Crater
17:51:39.242 - Team 9 received clue: Detour
17:51:39.242 - Team 9 performing mental task for 1300 millis.
17:51:40.542 - Team 9 at RM Ramon Crater is leaving..
17:51:40.542 - Team 9 driving to marker 2(Dist: 28.0km) for 2800 milliseconds
17:51:43.342 - Team 9 arrived to RouteMarker Jerusalem Old City. Checking for approval..
17:51:43.342 - Team 9 approved to enter marker Jerusalem Old City
17:51:43.342 - Team 9 received clue: Route Information
17:51:43.342 - Team 9 at RM Jerusalem Old City is leaving..
17:51:43.342 - Team 9 driving to marker 3(Dist: 15.6km) for 1500 milliseconds
17:51:44.843 - Team 9 arrived to RouteMarker Dead Sea. Checking for approval..
17:51:44.843 - Team 9 is waiting for RouteMarker Dead Sea to be available.
17:51:45.352 - Team 9 approved to enter marker Dead Sea
17:51:45.352 - Team 9 received clue: Roadblock
17:51:45.352 - Team 9 draws random member: Contestant [ name=Pastor Wilcox, physicalScore=96, mentalScore=79 ]
17:51:46.602 - Team 9 at RM Dead Sea is leaving..
17:51:46.609 - Team 9 driving to marker 4(Dist: 27.8km) for 2700 milliseconds
17:51:49.310 - Team 9 arrived to RouteMarker Acre Market. Checking for approval..
17:51:49.310 - Team 9 approved to enter marker Acre Market
17:51:49.310 - Team 9 received clue: Route Information
17:51:49.310 - Team 9 at RM Acre Market is leaving..
17:51:49.310 - Team 9 driving to marker 5(Dist: 14.2km) for 1400 milliseconds
17:51:50.713 - Team 9 arrived to RouteMarker Kinneret. Checking for approval..
17:51:50.713 - Team 9 approved to enter marker Kinneret
17:51:50.713 - Team 9 received clue: Route Information
17:51:50.713 - Team 9 at RM Kinneret is leaving..
17:51:50.713 - Team 9 driving to marker 6(Dist: 12.5km) for 1200 milliseconds
17:51:51.913 - Team 9 arrived to RouteMarker Bahai Garden. Checking for approval..
17:51:51.913 - Team 9 approved to enter marker Bahai Garden
17:51:51.913 - Team 9 received clue: Detour
17:51:51.913 - Team 9 performing mental task for 1300 millis.
17:51:53.213 - Team 9 at RM Bahai Garden is leaving..
17:51:53.213 - Team 9 driving to marker 7(Dist: 25.1km) for 2500 milliseconds
17:51:55.713 - Team 9 arrived to RouteMarker Tel Aviv Azrieli Center. Checking for approval..
17:51:55.713 - Team 9 approved to enter marker Tel Aviv Azrieli Center
17:51:55.713 - Team 9 received clue: Route Information
17:51:55.713 - Team 9 at RM Tel Aviv Azrieli Center is leaving..
17:52:08.245 - Team 9 has finished the race!
