17:51:29.480 - Team 6 joined the race!
17:51:29.481 - Team 6 driving to marker 0(Dist: 2.6km) for 200 milliseconds
17:51:29.694 - Team 6 arrived to RouteMarker Hula Valley. Checking for approval..
17:51:29.695 - Team 6 approved to enter marker Hula Valley
17:51:29.695 - Team 6 received clue: Route Information
17:51:29.695 - Team 6 at RM Hula Valley is leaving..
17:51:29.696 - Team 6 driving to marker 1(Dist: 33.0km) for 3300 milliseconds
17:51:32.996 - Team 6 arrived to RouteMarker Ramon Crater. Checking for approval..
17:51:32.996 - Team 6 is waiting for RouteMarker Ramon Crater to be available.
17:51:34.994 - Team 6 is waiting for RouteMarker Ramon Crater to be available.
17:51:35.190 - Team 6 is waiting for RouteMarker Ramon Crater to be available.
17:51:35.993 - Team 6 is waiting for RouteMarker Ramon Crater to be available.
17:51:36.195 - Team 6 is waiting for RouteMarker Ramon Crater to be available.
17:51:37.045 - Team 6 is waiting for RouteMarker Ramon Crater to be available.
17:51:37.393 - Team 6 approved to enter marker Ramon Crater
17:51:37.393 - Team 6 received clue: Detour
17:51:37.393 - Team 6 performing physical task for 5600 millis
17:51:42.993 - Team 6 at RM Ramon Crater is leaving..
17:51:42.993 - Team 6 driving to marker 2(Dist: 28.0km) for 2800 milliseconds
17:51:45.793 - Team 6 arrived to RouteMarker Jerusalem Old City. Checking for approval..
17:51:45.793 - Team 6 approved to enter marker Jerusalem Old City
17:51:45.793 - Team 6 received clue: Route Information
17:51:45.793 - Team 6 at RM Jerusalem Old City is leaving..
17:51:45.793 - Team 6 driving to marker 3(Dist: 15.6km) for 1500 milliseconds
17:51:47.294 - Team 6 arrived to RouteMarker Dead Sea. Checking for approval..
17:51:47.294 - Team 6 approved to enter marker Dead Sea
17:51:47.294 - Team 6 received clue: Roadblock
17:51:47.294 - Team 6 draws random member: Contestant [ name=Sigifrid Cowden, physicalScore=23, mentalScore=26 ]
17:51:54.844 - Team 6 at RM Dead Sea is leaving..
17:51:54.844 - Team 6 driving to marker 4(Dist: 27.8km) for 2700 milliseconds
17:51:57.544 - Team 6 arrived to RouteMarker Acre Market. Checking for approval..
17:51:57.544 - Team 6 approved to enter marker Acre Market
17:51:57.544 - Team 6 received clue: Route Information
17:51:57.544 - Team 6 at RM Acre Market is leaving..
17:51:57.544 - Team 6 driving to marker 5(Dist: 14.2km) for 1400 milliseconds
17:51:58.944 - Team 6 arrived to RouteMarker Kinneret. Checking for approval..
17:51:58.944 - Team 6 approved to enter marker Kinneret
17:51:58.944 - Team 6 received clue: Route Information
17:51:58.944 - Team 6 at RM Kinneret is leaving..
17:51:58.944 - Team 6 driving to marker 6(Dist: 12.5km) for 1200 milliseconds
17:52:00.144 - Team 6 arrived to RouteMarker Bahai Garden. Checking for approval..
17:52:00.144 - Team 6 approved to enter marker Bahai Garden
17:52:00.144 - Team 6 received clue: Detour
17:52:00.144 - Team 6 performing physical task for 5600 millis
17:52:05.745 - Team 6 at RM Bahai Garden is leaving..
17:52:05.745 - Team 6 driving to marker 7(Dist: 25.1km) for 2500 milliseconds
17:52:08.245 - Team 6 arrived to RouteMarker Tel Aviv Azrieli Center. Checking for approval..
17:52:08.245 - Team 6 approved to enter marker Tel Aviv Azrieli Center
17:52:08.245 - Team 6 received clue: Route Information
17:52:08.245 - Team 6 at RM Tel Aviv Azrieli Center is leaving..
17:52:08.245 - Team 6 has finished the race!
