17:51:29.478 - Team 2 joined the race!
17:51:29.480 - Team 2 driving to marker 0(Dist: 2.6km) for 200 milliseconds
17:51:29.683 - Team 2 arrived to RouteMarker Hula Valley. Checking for approval..
17:51:29.683 - Team 2 approved to enter marker Hula Valley
17:51:29.684 - Team 2 received clue: Route Information
17:51:29.684 - Team 2 at RM Hula Valley is leaving..
17:51:29.685 - Team 2 driving to marker 1(Dist: 33.0km) for 3300 milliseconds
17:51:32.992 - Team 2 arrived to RouteMarker Ramon Crater. Checking for approval..
17:51:32.993 - Team 2 approved to enter marker Ramon Crater
17:51:32.993 - Team 2 received clue: Detour
17:51:32.993 - Team 2 performing mental task for 2000 millis.
17:51:34.993 - Team 2 at RM Ramon Crater is leaving..
17:51:34.995 - Team 2 driving to marker 2(Dist: 28.0km) for 2800 milliseconds
17:51:37.795 - Team 2 arrived to RouteMarker Jerusalem Old City. Checking for approval..
17:51:37.795 - Team 2 approved to enter marker Jerusalem Old City
17:51:37.795 - Team 2 received clue: Route Information
17:51:37.795 - Team 2 at RM Jerusalem Old City is leaving..
17:51:37.795 - Team 2 driving to marker 3(Dist: 15.6km) for 1500 milliseconds
17:51:39.295 - Team 2 arrived to RouteMarker Dead Sea. Checking for approval..
17:51:39.295 - Team 2 approved to enter marker Dead Sea
17:51:39.296 - Team 2 received clue: Roadblock
17:51:39.297 - Team 2 draws random member: Contestant [ name=Jana Cleve, physicalScore=43, mentalScore=88 ]
17:51:42.747 - Team 2 at RM Dead Sea is leaving..
17:51:42.747 - Team 2 driving to marker 4(Dist: 27.8km) for 2700 milliseconds
17:51:45.447 - Team 2 arrived to RouteMarker Acre Market. Checking for approval..
17:51:45.447 - Team 2 approved to enter marker Acre Market
17:51:45.447 - Team 2 received clue: Route Information
17:51:45.447 - Team 2 at RM Acre Market is leaving..
17:51:45.447 - Team 2 driving to marker 5(Dist: 14.2km) for 1400 milliseconds
17:51:46.848 - Team 2 arrived to RouteMarker Kinneret. Checking for approval..
17:51:46.848 - Team 2 approved to enter marker Kinneret
17:51:46.848 - Team 2 received clue: Route Information
17:51:46.848 - Team 2 at RM Kinneret is leaving..
17:51:46.848 - Team 2 driving to marker 6(Dist: 12.5km) for 1200 milliseconds
17:51:48.048 - Team 2 arrived to RouteMarker Bahai Garden. Checking for approval..
17:51:48.048 - Team 2 approved to enter marker Bahai Garden
17:51:48.048 - Team 2 received clue: Detour
17:51:48.048 - Team 2 performing mental task for 2000 millis.
17:51:50.048 - Team 2 at RM Bahai Garden is leaving..
17:51:50.048 - Team 2 driving to marker 7(Dist: 25.1km) for 2500 milliseconds
17:51:52.548 - Team 2 arrived to RouteMarker Tel Aviv Azrieli Center. Checking for approval..
17:51:52.548 - Team 2 approved to enter marker Tel Aviv Azrieli Center
17:51:52.548 - Team 2 received clue: Route Information
17:51:52.548 - Team 2 at RM Tel Aviv Azrieli Center is leaving..
17:51:53.855 - Team 2 has finished the race!
