17:51:29.477 - Team 0 joined the race!
17:51:29.478 - Team 0 driving to marker 0(Dist: 2.6km) for 200 milliseconds
17:51:29.681 - Team 0 arrived to RouteMarker Hula Valley. Checking for approval..
17:51:29.681 - Team 0 approved to enter marker Hula Valley
17:51:29.681 - Team 0 received clue: Route Information
17:51:29.682 - Team 0 at RM Hula Valley is leaving..
17:51:29.683 - Team 0 driving to marker 1(Dist: 33.0km) for 3300 milliseconds
17:51:32.983 - Team 0 arrived to RouteMarker Ramon Crater. Checking for approval..
17:51:32.984 - Team 0 approved to enter marker Ramon Crater
17:51:32.990 - Team 0 received clue: Detour
17:51:32.992 - Team 0 performing physical task for 3000 millis
17:51:35.992 - Team 0 at RM Ramon Crater is leaving..
17:51:36.001 - Team 0 driving to marker 2(Dist: 28.0km) for 2800 milliseconds
17:51:38.801 - Team 0 arrived to RouteMarker Jerusalem Old City. Checking for approval..
17:51:38.801 - Team 0 approved to enter marker Jerusalem Old City
17:51:38.801 - Team 0 received clue: Route Information
17:51:38.801 - Team 0 at RM Jerusalem Old City is leaving..
17:51:38.801 - Team 0 driving to marker 3(Dist: 15.6km) for 1500 milliseconds
17:51:40.301 - Team 0 arrived to RouteMarker Dead Sea. Checking for approval..
17:51:40.301 - Team 0 approved to enter marker Dead Sea
17:51:40.301 - Team 0 received clue: Roadblock
17:51:40.302 - Team 0 draws random member: Contestant [ name=Rahmi Girish, physicalScore=67, mentalScore=78 ]
17:51:43.052 - Team 0 at RM Dead Sea is leaving..
17:51:43.053 - Team 0 driving to marker 4(Dist: 27.8km) for 2700 milliseconds
17:51:45.753 - Team 0 arrived to RouteMarker Acre Market. Checking for approval..
17:51:45.753 - Team 0 approved to enter marker Acre Market
17:51:45.753 - Team 0 received clue: Route Information
17:51:45.753 - Team 0 at RM Acre Market is leaving..
17:51:45.753 - Team 0 driving to marker 5(Dist: 14.2km) for 1400 milliseconds
17:51:47.154 - Team 0 arrived to RouteMarker Kinneret. Checking for approval..
17:51:47.154 - Team 0 approved to enter marker Kinneret
17:51:47.154 - Team 0 received clue: Route Information
17:51:47.154 - Team 0 at RM Kinneret is leaving..
17:51:47.154 - Team 0 driving to marker 6(Dist: 12.5km) for 1200 milliseconds
17:51:48.354 - Team 0 arrived to RouteMarker Bahai Garden. Checking for approval..
17:51:48.354 - Team 0 approved to enter marker Bahai Garden
17:51:48.354 - Team 0 received clue: Detour
17:51:48.354 - Team 0 performing physical task for 3000 millis
17:51:51.354 - Team 0 at RM Bahai Garden is leaving..
17:51:51.354 - Team 0 driving to marker 7(Dist: 25.1km) for 2500 milliseconds
17:51:53.854 - Team 0 arrived to RouteMarker Tel Aviv Azrieli Center. Checking for approval..
17:51:53.854 - Team 0 approved to enter marker Tel Aviv Azrieli Center
17:51:53.854 - Team 0 received clue: Route Information
17:51:53.854 - Team 0 at RM Tel Aviv Azrieli Center is leaving..
17:51:53.854 - Team 0 has finished the race!
