17:51:29.480 - Team 4 joined the race!
17:51:29.481 - Team 4 driving to marker 0(Dist: 2.6km) for 200 milliseconds
17:51:29.685 - Team 4 arrived to RouteMarker Hula Valley. Checking for approval..
17:51:29.685 - Team 4 approved to enter marker Hula Valley
17:51:29.686 - Team 4 received clue: Route Information
17:51:29.690 - Team 4 at RM Hula Valley is leaving..
17:51:29.692 - Team 4 driving to marker 1(Dist: 33.0km) for 3300 milliseconds
17:51:32.993 - Team 4 arrived to RouteMarker Ramon Crater. Checking for approval..
17:51:32.993 - Team 4 is waiting for RouteMarker Ramon Crater to be available.
17:51:34.995 - Team 4 is waiting for RouteMarker Ramon Crater to be available.
17:51:35.189 - Team 4 approved to enter marker Ramon Crater
17:51:35.189 - Team 4 received clue: Detour
17:51:35.190 - Team 4 performing mental task for 1000 millis.
17:51:36.190 - Team 4 at RM Ramon Crater is leaving..
17:51:36.196 - Team 4 driving to marker 2(Dist: 28.0km) for 2800 milliseconds
17:51:38.996 - Team 4 arrived to RouteMarker Jerusalem Old City. Checking for approval..
17:51:38.996 - Team 4 approved to enter marker Jerusalem Old City
17:51:38.996 - Team 4 received clue: Route Information
17:51:38.996 - Team 4 at RM Jerusalem Old City is leaving..
17:51:38.996 - Team 4 driving to marker 3(Dist: 15.6km) for 1500 milliseconds
17:51:40.496 - Team 4 arrived to RouteMarker Dead Sea. Checking for approval..
17:51:40.499 - Team 4 is waiting for RouteMarker Dead Sea to be available.
17:51:42.051 - Team 4 approved to enter marker Dead Sea
17:51:42.051 - Team 4 received clue: Roadblock
17:51:42.052 - Team 4 draws random member: Contestant [ name=Nicole McKenzie, physicalScore=45, mentalScore=89 ]
17:51:45.352 - Team 4 at RM Dead Sea is leaving..
17:51:45.352 - Team 4 driving to marker 4(Dist: 27.8km) for 2700 milliseconds
17:51:48.055 - Team 4 arrived to RouteMarker Acre Market. Checking for approval..
17:51:48.055 - Team 4 approved to enter marker Acre Market
17:51:48.055 - Team 4 received clue: Route Information
17:51:48.055 - Team 4 at RM Acre Market is leaving..
17:51:48.055 - Team 4 driving to marker 5(Dist: 14.2km) for 1400 milliseconds
17:51:49.455 - Team 4 arrived to RouteMarker Kinneret. Checking for approval..
17:51:49.455 - Team 4 approved to enter marker Kinneret
17:51:49.455 - Team 4 received clue: Route Information
17:51:49.455 - Team 4 at RM Kinneret is leaving..
17:51:49.456 - Team 4 driving to marker 6(Dist: 12.5km) for 1200 milliseconds
17:51:50.656 - Team 4 arrived to RouteMarker Bahai Garden. Checking for approval..
17:51:50.656 - Team 4 is waiting for RouteMarker Bahai Garden to be available.
17:51:50.898 - Team 4 approved to enter marker Bahai Garden
17:51:50.898 - Team 4 received clue: Detour
17:51:50.898 - Team 4 performing mental task for 1000 millis.
17:51:51.898 - Team 4 at RM Bahai Garden is leaving..
17:51:51.898 - Team 4 driving to marker 7(Dist: 25.1km) for 2500 milliseconds
17:51:54.398 - Team 4 arrived to RouteMarker Tel Aviv Azrieli Center. Checking for approval..
17:51:54.398 - Team 4 approved to enter marker Tel Aviv Azrieli Center
17:51:54.398 - Team 4 received clue: Route Information
17:51:54.398 - Team 4 at RM Tel Aviv Azrieli Center is leaving..
17:51:59.118 - Team 4 has finished the race!
