17:51:29.482 - Team 3 joined the race!
17:51:29.484 - Team 3 driving to marker 0(Dist: 2.6km) for 200 milliseconds
17:51:29.704 - Team 3 arrived to RouteMarker Hula Valley. Checking for approval..
17:51:29.704 - Team 3 approved to enter marker Hula Valley
17:51:29.705 - Team 3 received clue: Route Information
17:51:29.705 - Team 3 at RM Hula Valley is leaving..
17:51:29.705 - Team 3 driving to marker 1(Dist: 33.0km) for 3300 milliseconds
17:51:33.005 - Team 3 arrived to RouteMarker Ramon Crater. Checking for approval..
17:51:33.005 - Team 3 is waiting for RouteMarker Ramon Crater to be available.
17:51:34.994 - Team 3 is waiting for RouteMarker Ramon Crater to be available.
17:51:35.195 - Team 3 is waiting for RouteMarker Ramon Crater to be available.
17:51:35.992 - Team 3 is waiting for RouteMarker Ramon Crater to be available.
17:51:36.196 - Team 3 is waiting for RouteMarker Ramon Crater to be available.
17:51:37.045 - Team 3 approved to enter marker Ramon Crater
17:51:37.045 - Team 3 received clue: Detour
17:51:37.045 - Team 3 performing physical task for 3350 millis
17:51:40.401 - Team 3 at RM Ramon Crater is leaving..
17:51:40.401 - Team 3 driving to marker 2(Dist: 28.0km) for 2800 milliseconds
17:51:43.202 - Team 3 arrived to RouteMarker Jerusalem Old City. Checking for approval..
17:51:43.202 - Team 3 approved to enter marker Jerusalem Old City
17:51:43.202 - Team 3 received clue: Route Information
17:51:43.202 - Team 3 at RM Jerusalem Old City is leaving..
17:51:43.202 - Team 3 driving to marker 3(Dist: 15.6km) for 1500 milliseconds
17:51:44.702 - Team 3 arrived to RouteMarker Dead Sea. Checking for approval..
17:51:44.702 - Team 3 approved to enter marker Dead Sea
17:51:44.702 - Team 3 received clue: Roadblock
17:51:44.702 - Team 3 draws random member: Contestant [ name=Filipa Xanthos, physicalScore=77, mentalScore=58 ]
17:51:47.953 - Team 3 at RM Dead Sea is leaving..
17:51:47.953 - Team 3 driving to marker 4(Dist: 27.8km) for 2700 milliseconds
17:51:50.653 - Team 3 arrived to RouteMarker Acre Market. Checking for approval..
17:51:50.653 - Team 3 approved to enter marker Acre Market
17:51:50.655 - Team 3 received clue: Route Information
17:51:50.655 - Team 3 at RM Acre Market is leaving..
17:51:50.655 - Team 3 driving to marker 5(Dist: 14.2km) for 1400 milliseconds
17:51:52.056 - Team 3 arrived to RouteMarker Kinneret. Checking for approval..
17:51:52.056 - Team 3 approved to enter marker Kinneret
17:51:52.056 - Team 3 received clue: Route Information
17:51:52.056 - Team 3 at RM Kinneret is leaving..
17:51:52.056 - Team 3 driving to marker 6(Dist: 12.5km) for 1200 milliseconds
17:51:53.256 - Team 3 arrived to RouteMarker Bahai Garden. Checking for approval..
17:51:53.256 - Team 3 approved to enter marker Bahai Garden
17:51:53.256 - Team 3 received clue: Detour
17:51:53.256 - Team 3 performing physical task for 3350 millis
17:51:56.606 - Team 3 at RM Bahai Garden is leaving..
17:51:56.606 - Team 3 driving to marker 7(Dist: 25.1km) for 2500 milliseconds
17:51:59.106 - Team 3 arrived to RouteMarker Tel Aviv Azrieli Center. Checking for approval..
17:51:59.118 - Team 3 approved to enter marker Tel Aviv Azrieli Center
17:51:59.118 - Team 3 received clue: Route Information
17:51:59.118 - Team 3 at RM Tel Aviv Azrieli Center is leaving..
17:51:59.118 - Team 3 has finished the race!
