17:51:29.481 - Team 8 joined the race!
17:51:29.482 - Team 8 driving to marker 0(Dist: 2.6km) for 200 milliseconds
17:51:29.692 - Team 8 arrived to RouteMarker Hula Valley. Checking for approval..
17:51:29.692 - Team 8 approved to enter marker Hula Valley
17:51:29.693 - Team 8 received clue: Route Information
17:51:29.693 - Team 8 at RM Hula Valley is leaving..
17:51:29.694 - Team 8 driving to marker 1(Dist: 33.0km) for 3300 milliseconds
17:51:32.994 - Team 8 arrived to RouteMarker Ramon Crater. Checking for approval..
17:51:32.994 - Team 8 is waiting for RouteMarker Ramon Crater to be available.
17:51:34.994 - Team 8 is waiting for RouteMarker Ramon Crater to be available.
17:51:35.190 - Team 8 is waiting for RouteMarker Ramon Crater to be available.
17:51:36.001 - Team 8 is waiting for RouteMarker Ramon Crater to be available.
17:51:36.195 - Team 8 approved to enter marker Ramon Crater
17:51:36.195 - Team 8 received clue: Detour
17:51:36.195 - Team 8 performing physical task for 850 millis
17:51:37.045 - Team 8 at RM Ramon Crater is leaving..
17:51:37.050 - Team 8 driving to marker 2(Dist: 28.0km) for 2800 milliseconds
17:51:39.851 - Team 8 arrived to RouteMarker Jerusalem Old City. Checking for approval..
17:51:39.851 - Team 8 approved to enter marker Jerusalem Old City
17:51:39.851 - Team 8 received clue: Route Information
17:51:39.851 - Team 8 at RM Jerusalem Old City is leaving..
17:51:39.851 - Team 8 driving to marker 3(Dist: 15.6km) for 1500 milliseconds
17:51:41.351 - Team 8 arrived to RouteMarker Dead Sea. Checking for approval..
17:51:41.351 - Team 8 is waiting for RouteMarker Dead Sea to be available.
17:51:42.051 - Team 8 approved to enter marker Dead Sea
17:51:42.052 - Team 8 received clue: Roadblock
17:51:42.053 - Team 8 draws random member: Contestant [ name=Khaled Baumhauer, physicalScore=97, mentalScore=55 ]
17:51:44.453 - Team 8 at RM Dead Sea is leaving..
17:51:44.453 - Team 8 driving to marker 4(Dist: 27.8km) for 2700 milliseconds
17:51:47.154 - Team 8 arrived to RouteMarker Acre Market. Checking for approval..
17:51:47.154 - Team 8 approved to enter marker Acre Market
17:51:47.154 - Team 8 received clue: Route Information
17:51:47.155 - Team 8 at RM Acre Market is leaving..
17:51:47.155 - Team 8 driving to marker 5(Dist: 14.2km) for 1400 milliseconds
17:51:48.559 - Team 8 arrived to RouteMarker Kinneret. Checking for approval..
17:51:48.563 - Team 8 approved to enter marker Kinneret
17:51:48.563 - Team 8 received clue: Route Information
17:51:48.563 - Team 8 at RM Kinneret is leaving..
17:51:48.563 - Team 8 driving to marker 6(Dist: 12.5km) for 1200 milliseconds
17:51:49.763 - Team 8 arrived to RouteMarker Bahai Garden. Checking for approval..
17:51:49.763 - Team 8 is waiting for RouteMarker Bahai Garden to be available.
17:51:50.048 - Team 8 approved to enter marker Bahai Garden
17:51:50.048 - Team 8 received clue: Detour
17:51:50.048 - Team 8 performing physical task for 850 millis
17:51:50.898 - Team 8 at RM Bahai Garden is leaving..
17:51:50.898 - Team 8 driving to marker 7(Dist: 25.1km) for 2500 milliseconds
17:51:53.399 - Team 8 arrived to RouteMarker Tel Aviv Azrieli Center. Checking for approval..
17:51:53.404 - Team 8 approved to enter marker Tel Aviv Azrieli Center
17:51:53.408 - Team 8 received clue: Route Information
17:51:53.408 - Team 8 at RM Tel Aviv Azrieli Center is leaving..
17:52:08.245 - Team 8 has finished the race!
