16:11:19.711 - Starting simulating race
16:11:19.722 - Importing teams from teams.json
16:11:19.743 - Importing Route Markers from markers.json
16:11:19.747 - Team 0 joined the race!
16:11:19.748 - Team 0 driving to marker 0(Dist: 2.6km) for 200 milliseconds
16:11:19.752 - Team 2 joined the race!
16:11:19.752 - Team 2 driving to marker 0(Dist: 2.6km) for 200 milliseconds
16:11:19.753 - Team 4 joined the race!
16:11:19.753 - Team 6 joined the race!
16:11:19.754 - Team 6 driving to marker 0(Dist: 2.6km) for 200 milliseconds
16:11:19.754 - Team 4 driving to marker 0(Dist: 2.6km) for 200 milliseconds
16:11:19.754 - Team 1 joined the race!
16:11:19.755 - Team 1 driving to marker 0(Dist: 2.6km) for 200 milliseconds
16:11:19.755 - Team 3 joined the race!
16:11:19.755 - Team 5 joined the race!
16:11:19.756 - Team 5 driving to marker 0(Dist: 2.6km) for 200 milliseconds
16:11:19.755 - Team 8 joined the race!
16:11:19.756 - Team 3 driving to marker 0(Dist: 2.6km) for 200 milliseconds
16:11:19.757 - Team 8 driving to marker 0(Dist: 2.6km) for 200 milliseconds
16:11:19.757 - Team 10 joined the race!
16:11:19.758 - Team 10 driving to marker 0(Dist: 2.6km) for 200 milliseconds
16:11:19.759 - Team 7 joined the race!
16:11:19.759 - Team 7 driving to marker 0(Dist: 2.6km) for 200 milliseconds
16:11:19.766 - Team 9 joined the race!
16:11:19.766 - Team 9 driving to marker 0(Dist: 2.6km) for 200 milliseconds
16:11:19.948 - Team 0 arrived to RouteMarker Hula Valley. Checking for approval..
16:11:19.948 - Team 0 approved to enter marker Hula Valley
16:11:19.948 - Team 0 received clue: Route Information
16:11:19.949 - Team 0 at RM Hula Valley is leaving..
16:11:19.951 - Team 0 driving to marker 1(Dist: 33.0km) for 3300 milliseconds
16:11:19.954 - Team 2 arrived to RouteMarker Hula Valley. Checking for approval..
16:11:19.954 - Team 2 approved to enter marker Hula Valley
16:11:19.955 - Team 2 received clue: Route Information
16:11:19.955 - Team 2 at RM Hula Valley is leaving..
16:11:19.956 - Team 2 driving to marker 1(Dist: 33.0km) for 3300 milliseconds
16:11:19.956 - Team 4 arrived to RouteMarker Hula Valley. Checking for approval..
16:11:19.956 - Team 4 approved to enter marker Hula Valley
16:11:19.957 - Team 4 received clue: Route Information
16:11:19.958 - Team 4 at RM Hula Valley is leaving..
16:11:19.958 - Team 4 driving to marker 1(Dist: 33.0km) for 3300 milliseconds
16:11:19.958 - Team 6 arrived to RouteMarker Hula Valley. Checking for approval..
16:11:19.959 - Team 6 approved to enter marker Hula Valley
16:11:19.959 - Team 6 received clue: Route Information
16:11:19.959 - Team 6 at RM Hula Valley is leaving..
16:11:19.960 - Team 6 driving to marker 1(Dist: 33.0km) for 3300 milliseconds
16:11:19.960 - Team 1 arrived to RouteMarker Hula Valley. Checking for approval..
16:11:19.960 - Team 1 approved to enter marker Hula Valley
16:11:19.960 - Team 5 arrived to RouteMarker Hula Valley. Checking for approval..
16:11:19.960 - Team 1 received clue: Route Information
16:11:19.960 - Team 5 approved to enter marker Hula Valley
16:11:19.961 - Team 5 received clue: Route Information
16:11:19.961 - Team 5 at RM Hula Valley is leaving..
16:11:19.961 - Team 5 driving to marker 1(Dist: 33.0km) for 3300 milliseconds
16:11:19.961 - Team 3 arrived to RouteMarker Hula Valley. Checking for approval..
16:11:19.962 - Team 3 approved to enter marker Hula Valley
16:11:19.962 - Team 1 at RM Hula Valley is leaving..
16:11:19.962 - Team 1 driving to marker 1(Dist: 33.0km) for 3300 milliseconds
16:11:19.962 - Team 8 arrived to RouteMarker Hula Valley. Checking for approval..
16:11:19.962 - Team 8 approved to enter marker Hula Valley
16:11:19.963 - Team 3 received clue: Route Information
16:11:19.963 - Team 3 at RM Hula Valley is leaving..
16:11:19.963 - Team 8 received clue: Route Information
16:11:19.963 - Team 3 driving to marker 1(Dist: 33.0km) for 3300 milliseconds
16:11:19.963 - Team 7 arrived to RouteMarker Hula Valley. Checking for approval..
16:11:19.963 - Team 8 at RM Hula Valley is leaving..
16:11:19.964 - Team 8 driving to marker 1(Dist: 33.0km) for 3300 milliseconds
16:11:19.964 - Team 10 arrived to RouteMarker Hula Valley. Checking for approval..
16:11:19.964 - Team 10 approved to enter marker Hula Valley
16:11:19.965 - Team 10 received clue: Route Information
16:11:19.965 - Team 10 at RM Hula Valley is leaving..
16:11:19.965 - Team 10 driving to marker 1(Dist: 33.0km) for 3300 milliseconds
16:11:19.965 - Team 7 approved to enter marker Hula Valley
16:11:19.965 - Team 7 received clue: Route Information
16:11:19.966 - Team 7 at RM Hula Valley is leaving..
16:11:19.966 - Team 9 arrived to RouteMarker Hula Valley. Checking for approval..
16:11:19.966 - Team 9 approved to enter marker Hula Valley
16:11:19.966 - Team 9 received clue: Route Information
16:11:19.966 - Team 7 driving to marker 1(Dist: 33.0km) for 3300 milliseconds
16:11:19.966 - Team 9 at RM Hula Valley is leaving..
16:11:19.967 - Team 9 driving to marker 1(Dist: 33.0km) for 3300 milliseconds
16:11:23.251 - Team 0 arrived to RouteMarker Ramon Crater. Checking for approval..
16:11:23.251 - Team 0 approved to enter marker Ramon Crater
16:11:23.252 - Team 0 received clue: Detour
16:11:23.252 - Team 0 performing physical task for 3000 millis
16:11:23.256 - Team 2 arrived to RouteMarker Ramon Crater. Checking for approval..
16:11:23.256 - Team 2 approved to enter marker Ramon Crater
16:11:23.256 - Team 2 received clue: Detour
16:11:23.256 - Team 2 performing mental task for 2000 millis.
16:11:23.258 - Team 4 arrived to RouteMarker Ramon Crater. Checking for approval..
16:11:23.258 - Team 4 approved to enter marker Ramon Crater
16:11:23.258 - Team 4 received clue: Detour
16:11:23.258 - Team 4 performing mental task for 1000 millis.
16:11:23.260 - Team 6 arrived to RouteMarker Ramon Crater. Checking for approval..
16:11:23.260 - Team 6 is waiting for RouteMarker Ramon Crater to be available.
16:11:23.261 - Team 5 arrived to RouteMarker Ramon Crater. Checking for approval..
16:11:23.261 - Team 5 is waiting for RouteMarker Ramon Crater to be available.
16:11:23.262 - Team 1 arrived to RouteMarker Ramon Crater. Checking for approval..
16:11:23.262 - Team 1 is waiting for RouteMarker Ramon Crater to be available.
16:11:23.263 - Team 3 arrived to RouteMarker Ramon Crater. Checking for approval..
16:11:23.263 - Team 3 is waiting for RouteMarker Ramon Crater to be available.
16:11:23.264 - Team 8 arrived to RouteMarker Ramon Crater. Checking for approval..
16:11:23.264 - Team 8 is waiting for RouteMarker Ramon Crater to be available.
16:11:23.265 - Team 10 arrived to RouteMarker Ramon Crater. Checking for approval..
16:11:23.265 - Team 10 is waiting for RouteMarker Ramon Crater to be available.
16:11:23.266 - Team 7 arrived to RouteMarker Ramon Crater. Checking for approval..
16:11:23.266 - Team 7 is waiting for RouteMarker Ramon Crater to be available.
16:11:23.267 - Team 9 arrived to RouteMarker Ramon Crater. Checking for approval..
16:11:23.267 - Team 9 is waiting for RouteMarker Ramon Crater to be available.
16:11:24.259 - Team 4 at RM Ramon Crater is leaving..
16:11:24.260 - Team 9 approved to enter marker Ramon Crater
16:11:24.260 - Team 9 received clue: Detour
16:11:24.260 - Team 9 performing mental task for 1300 millis.
16:11:24.260 - Team 7 is waiting for RouteMarker Ramon Crater to be available.
16:11:24.260 - Team 10 is waiting for RouteMarker Ramon Crater to be available.
16:11:24.261 - Team 8 is waiting for RouteMarker Ramon Crater to be available.
16:11:24.261 - Team 3 is waiting for RouteMarker Ramon Crater to be available.
16:11:24.261 - Team 1 is waiting for RouteMarker Ramon Crater to be available.
16:11:24.266 - Team 5 is waiting for RouteMarker Ramon Crater to be available.
16:11:24.266 - Team 6 is waiting for RouteMarker Ramon Crater to be available.
16:11:24.267 - Team 4 driving to marker 2(Dist: 28.0km) for 2800 milliseconds
16:11:25.257 - Team 2 at RM Ramon Crater is leaving..
16:11:25.257 - Team 6 approved to enter marker Ramon Crater
16:11:25.257 - Team 6 received clue: Detour
16:11:25.257 - Team 6 performing physical task for 5600 millis
16:11:25.258 - Team 5 is waiting for RouteMarker Ramon Crater to be available.
16:11:25.258 - Team 1 is waiting for RouteMarker Ramon Crater to be available.
16:11:25.259 - Team 3 is waiting for RouteMarker Ramon Crater to be available.
16:11:25.259 - Team 8 is waiting for RouteMarker Ramon Crater to be available.
16:11:25.267 - Team 10 is waiting for RouteMarker Ramon Crater to be available.
16:11:25.268 - Team 7 is waiting for RouteMarker Ramon Crater to be available.
16:11:25.268 - Team 2 driving to marker 2(Dist: 28.0km) for 2800 milliseconds
16:11:25.560 - Team 9 at RM Ramon Crater is leaving..
16:11:25.560 - Team 9 driving to marker 2(Dist: 28.0km) for 2800 milliseconds
16:11:25.560 - Team 1 approved to enter marker Ramon Crater
16:11:25.560 - Team 1 received clue: Detour
16:11:25.560 - Team 5 approved to enter marker Ramon Crater
16:11:25.560 - Team 3 approved to enter marker Ramon Crater
16:11:25.560 - Team 8 approved to enter marker Ramon Crater
16:11:25.561 - Team 8 received clue: Detour
16:11:25.561 - Team 8 performing physical task for 850 millis
16:11:25.560 - Team 7 approved to enter marker Ramon Crater
16:11:25.561 - Team 7 received clue: Detour
16:11:25.561 - Team 7 performing mental task for 3250 millis.
16:11:25.561 - Team 5 received clue: Detour
16:11:25.561 - Team 5 performing physical task for 2400 millis
16:11:25.561 - Team 3 received clue: Detour
16:11:25.561 - Team 3 performing physical task for 3350 millis
16:11:25.560 - Team 10 approved to enter marker Ramon Crater
16:11:25.562 - Team 10 received clue: Detour
16:11:25.562 - Team 10 performing physical task for 2550 millis
16:11:25.561 - Team 1 performing mental task for 2200 millis.
16:11:26.252 - Team 0 at RM Ramon Crater is leaving..
16:11:26.253 - Team 0 driving to marker 2(Dist: 28.0km) for 2800 milliseconds
16:11:26.411 - Team 8 at RM Ramon Crater is leaving..
16:11:26.411 - Team 8 driving to marker 2(Dist: 28.0km) for 2800 milliseconds
16:11:27.067 - Team 4 arrived to RouteMarker Jerusalem Old City. Checking for approval..
16:11:27.067 - Team 4 approved to enter marker Jerusalem Old City
16:11:27.067 - Team 4 received clue: Route Information
16:11:27.067 - Team 4 at RM Jerusalem Old City is leaving..
16:11:27.067 - Team 4 driving to marker 3(Dist: 15.6km) for 1500 milliseconds
16:11:27.762 - Team 1 at RM Ramon Crater is leaving..
16:11:27.762 - Team 1 driving to marker 2(Dist: 28.0km) for 2800 milliseconds
16:11:27.961 - Team 5 at RM Ramon Crater is leaving..
16:11:27.961 - Team 5 driving to marker 2(Dist: 28.0km) for 2800 milliseconds
16:11:28.075 - Team 2 arrived to RouteMarker Jerusalem Old City. Checking for approval..
16:11:28.075 - Team 2 approved to enter marker Jerusalem Old City
16:11:28.075 - Team 2 received clue: Route Information
16:11:28.075 - Team 2 at RM Jerusalem Old City is leaving..
16:11:28.075 - Team 2 driving to marker 3(Dist: 15.6km) for 1500 milliseconds
16:11:28.112 - Team 10 at RM Ramon Crater is leaving..
16:11:28.113 - Team 10 driving to marker 2(Dist: 28.0km) for 2800 milliseconds
16:11:28.360 - Team 9 arrived to RouteMarker Jerusalem Old City. Checking for approval..
16:11:28.361 - Team 9 approved to enter marker Jerusalem Old City
16:11:28.361 - Team 9 received clue: Route Information
16:11:28.361 - Team 9 at RM Jerusalem Old City is leaving..
16:11:28.361 - Team 9 driving to marker 3(Dist: 15.6km) for 1500 milliseconds
16:11:28.567 - Team 4 arrived to RouteMarker Dead Sea. Checking for approval..
16:11:28.567 - Team 4 approved to enter marker Dead Sea
16:11:28.567 - Team 4 received clue: Roadblock
16:11:28.567 - Performing a member roadblock task
16:11:28.568 - Team 4 draws random member: Contestant [ name=Helena Sala, physicalScore=36, mentalScore=94 ]
16:11:28.568 - Member Helena Sala performing combined task for 3500 millis.
16:11:28.811 - Team 7 at RM Ramon Crater is leaving..
16:11:28.811 - Team 7 driving to marker 2(Dist: 28.0km) for 2800 milliseconds
16:11:28.914 - Team 3 at RM Ramon Crater is leaving..
16:11:28.914 - Team 3 driving to marker 2(Dist: 28.0km) for 2800 milliseconds
16:11:29.053 - Team 0 arrived to RouteMarker Jerusalem Old City. Checking for approval..
16:11:29.053 - Team 0 approved to enter marker Jerusalem Old City
16:11:29.053 - Team 0 received clue: Route Information
16:11:29.053 - Team 0 at RM Jerusalem Old City is leaving..
16:11:29.053 - Team 0 driving to marker 3(Dist: 15.6km) for 1500 milliseconds
16:11:29.211 - Team 8 arrived to RouteMarker Jerusalem Old City. Checking for approval..
16:11:29.211 - Team 8 approved to enter marker Jerusalem Old City
16:11:29.211 - Team 8 received clue: Route Information
16:11:29.211 - Team 8 at RM Jerusalem Old City is leaving..
16:11:29.211 - Team 8 driving to marker 3(Dist: 15.6km) for 1500 milliseconds
16:11:29.576 - Team 2 arrived to RouteMarker Dead Sea. Checking for approval..
16:11:29.577 - Team 2 approved to enter marker Dead Sea
16:11:29.577 - Team 2 received clue: Roadblock
16:11:29.577 - Performing a member roadblock task
16:11:29.577 - Team 2 draws random member: Contestant [ name=Lore Cirino, physicalScore=44, mentalScore=72 ]
16:11:29.577 - Member Lore Cirino performing combined task for 4200 millis.
16:11:29.869 - Team 9 arrived to RouteMarker Dead Sea. Checking for approval..
16:11:29.869 - Team 9 approved to enter marker Dead Sea
16:11:29.870 - Team 9 received clue: Roadblock
16:11:29.870 - Performing a member roadblock task
16:11:29.870 - Team 9 draws random member: Contestant [ name=Pastor Wilcox, physicalScore=96, mentalScore=79 ]
16:11:29.870 - Member Pastor Wilcox performing combined task for 1250 millis.
16:11:30.553 - Team 0 arrived to RouteMarker Dead Sea. Checking for approval..
16:11:30.553 - Team 0 is waiting for RouteMarker Dead Sea to be available.
16:11:30.562 - Team 1 arrived to RouteMarker Jerusalem Old City. Checking for approval..
16:11:30.562 - Team 1 approved to enter marker Jerusalem Old City
16:11:30.562 - Team 1 received clue: Route Information
16:11:30.562 - Team 1 at RM Jerusalem Old City is leaving..
16:11:30.563 - Team 1 driving to marker 3(Dist: 15.6km) for 1500 milliseconds
16:11:30.711 - Team 8 arrived to RouteMarker Dead Sea. Checking for approval..
16:11:30.711 - Team 8 is waiting for RouteMarker Dead Sea to be available.
16:11:30.761 - Team 5 arrived to RouteMarker Jerusalem Old City. Checking for approval..
16:11:30.761 - Team 5 approved to enter marker Jerusalem Old City
16:11:30.761 - Team 5 received clue: Route Information
16:11:30.761 - Team 5 at RM Jerusalem Old City is leaving..
16:11:30.761 - Team 5 driving to marker 3(Dist: 15.6km) for 1500 milliseconds
16:11:30.858 - Team 6 at RM Ramon Crater is leaving..
16:11:30.858 - Team 6 driving to marker 2(Dist: 28.0km) for 2800 milliseconds
16:11:30.917 - Team 10 arrived to RouteMarker Jerusalem Old City. Checking for approval..
16:11:30.917 - Team 10 approved to enter marker Jerusalem Old City
16:11:30.917 - Team 10 received clue: Route Information
16:11:30.917 - Team 10 at RM Jerusalem Old City is leaving..
16:11:30.917 - Team 10 driving to marker 3(Dist: 15.6km) for 1500 milliseconds
16:11:31.120 - Member Pastor Wilcox finished the combined task!
16:11:31.120 - Team 9 at RM Dead Sea is leaving..
16:11:31.120 - Team 8 approved to enter marker Dead Sea
16:11:31.120 - Team 8 received clue: Roadblock
16:11:31.120 - Performing a member roadblock task
16:11:31.121 - Team 8 draws random member: Contestant [ name=Lucie Arts, physicalScore=86, mentalScore=42 ]
16:11:31.121 - Member Lucie Arts performing combined task for 3600 millis.
16:11:31.121 - Team 0 is waiting for RouteMarker Dead Sea to be available.
16:11:31.121 - Team 9 driving to marker 4(Dist: 27.8km) for 2700 milliseconds
16:11:31.611 - Team 7 arrived to RouteMarker Jerusalem Old City. Checking for approval..
16:11:31.611 - Team 7 approved to enter marker Jerusalem Old City
16:11:31.611 - Team 7 received clue: Route Information
16:11:31.611 - Team 7 at RM Jerusalem Old City is leaving..
16:11:31.611 - Team 7 driving to marker 3(Dist: 15.6km) for 1500 milliseconds
16:11:31.715 - Team 3 arrived to RouteMarker Jerusalem Old City. Checking for approval..
16:11:31.715 - Team 3 approved to enter marker Jerusalem Old City
16:11:31.715 - Team 3 received clue: Route Information
16:11:31.715 - Team 3 at RM Jerusalem Old City is leaving..
16:11:31.717 - Team 3 driving to marker 3(Dist: 15.6km) for 1500 milliseconds
16:11:32.063 - Team 1 arrived to RouteMarker Dead Sea. Checking for approval..
16:11:32.063 - Team 1 is waiting for RouteMarker Dead Sea to be available.
16:11:32.068 - Member Helena Sala finished the combined task!
16:11:32.068 - Team 4 at RM Dead Sea is leaving..
16:11:32.068 - Team 1 approved to enter marker Dead Sea
16:11:32.068 - Team 1 received clue: Roadblock
16:11:32.068 - Performing a member roadblock task
16:11:32.072 - Team 1 draws random member: Contestant [ name=Elton Victor, physicalScore=69, mentalScore=65 ]
16:11:32.073 - Member Elton Victor performing combined task for 3300 millis.
16:11:32.073 - Team 0 is waiting for RouteMarker Dead Sea to be available.
16:11:32.073 - Team 4 driving to marker 4(Dist: 27.8km) for 2700 milliseconds
16:11:32.261 - Team 5 arrived to RouteMarker Dead Sea. Checking for approval..
16:11:32.266 - Team 5 is waiting for RouteMarker Dead Sea to be available.
16:11:32.418 - Team 10 arrived to RouteMarker Dead Sea. Checking for approval..
16:11:32.418 - Team 10 is waiting for RouteMarker Dead Sea to be available.
16:11:33.112 - Team 7 arrived to RouteMarker Dead Sea. Checking for approval..
16:11:33.112 - Team 7 is waiting for RouteMarker Dead Sea to be available.
16:11:33.217 - Team 3 arrived to RouteMarker Dead Sea. Checking for approval..
16:11:33.217 - Team 3 is waiting for RouteMarker Dead Sea to be available.
16:11:33.658 - Team 6 arrived to RouteMarker Jerusalem Old City. Checking for approval..
16:11:33.658 - Team 6 approved to enter marker Jerusalem Old City
16:11:33.658 - Team 6 received clue: Route Information
16:11:33.658 - Team 6 at RM Jerusalem Old City is leaving..
16:11:33.658 - Team 6 driving to marker 3(Dist: 15.6km) for 1500 milliseconds
16:11:33.778 - Member Lore Cirino finished the combined task!
16:11:33.778 - Team 2 at RM Dead Sea is leaving..
16:11:33.778 - Team 3 approved to enter marker Dead Sea
16:11:33.778 - Team 3 received clue: Roadblock
16:11:33.778 - Performing a member roadblock task
16:11:33.779 - Team 3 draws random member: Contestant [ name=Filipa Xanthos, physicalScore=77, mentalScore=58 ]
16:11:33.779 - Member Filipa Xanthos performing combined task for 3250 millis.
16:11:33.780 - Team 7 is waiting for RouteMarker Dead Sea to be available.
16:11:33.780 - Team 10 is waiting for RouteMarker Dead Sea to be available.
16:11:33.780 - Team 5 is waiting for RouteMarker Dead Sea to be available.
16:11:33.780 - Team 0 is waiting for RouteMarker Dead Sea to be available.
16:11:33.780 - Team 2 driving to marker 4(Dist: 27.8km) for 2700 milliseconds
16:11:33.821 - Team 9 arrived to RouteMarker Acre Market. Checking for approval..
16:11:33.821 - Team 9 approved to enter marker Acre Market
16:11:33.821 - Team 9 received clue: Route Information
16:11:33.821 - Team 9 at RM Acre Market is leaving..
16:11:33.822 - Team 9 driving to marker 5(Dist: 14.2km) for 1400 milliseconds
16:11:34.722 - Member Lucie Arts finished the combined task!
16:11:34.722 - Team 8 at RM Dead Sea is leaving..
16:11:34.722 - Team 0 approved to enter marker Dead Sea
16:11:34.722 - Team 0 received clue: Roadblock
16:11:34.722 - Performing a member roadblock task
16:11:34.723 - Team 0 draws random member: Contestant [ name=Rahmi Girish, physicalScore=67, mentalScore=78 ]
16:11:34.723 - Member Rahmi Girish performing combined task for 2750 millis.
16:11:34.724 - Team 5 is waiting for RouteMarker Dead Sea to be available.
16:11:34.724 - Team 10 is waiting for RouteMarker Dead Sea to be available.
16:11:34.724 - Team 7 is waiting for RouteMarker Dead Sea to be available.
16:11:34.724 - Team 8 driving to marker 4(Dist: 27.8km) for 2700 milliseconds
16:11:34.774 - Team 4 arrived to RouteMarker Acre Market. Checking for approval..
16:11:34.774 - Team 4 approved to enter marker Acre Market
16:11:34.774 - Team 4 received clue: Route Information
16:11:34.774 - Team 4 at RM Acre Market is leaving..
16:11:34.774 - Team 4 driving to marker 5(Dist: 14.2km) for 1400 milliseconds
16:11:35.159 - Team 6 arrived to RouteMarker Dead Sea. Checking for approval..
16:11:35.159 - Team 6 is waiting for RouteMarker Dead Sea to be available.
16:11:35.223 - Team 9 arrived to RouteMarker Kinneret. Checking for approval..
16:11:35.223 - Team 9 approved to enter marker Kinneret
16:11:35.223 - Team 9 received clue: Route Information
16:11:35.223 - Team 9 at RM Kinneret is leaving..
16:11:35.223 - Team 9 driving to marker 6(Dist: 12.5km) for 1200 milliseconds
16:11:35.374 - Member Elton Victor finished the combined task!
16:11:35.374 - Team 1 at RM Dead Sea is leaving..
16:11:35.374 - Team 6 approved to enter marker Dead Sea
16:11:35.374 - Team 6 received clue: Roadblock
16:11:35.374 - Performing a member roadblock task
16:11:35.375 - Team 6 draws random member: Contestant [ name=Sigifrid Cowden, physicalScore=23, mentalScore=26 ]
16:11:35.375 - Member Sigifrid Cowden performing combined task for 7550 millis.
16:11:35.376 - Team 7 is waiting for RouteMarker Dead Sea to be available.
16:11:35.376 - Team 10 is waiting for RouteMarker Dead Sea to be available.
16:11:35.376 - Team 5 is waiting for RouteMarker Dead Sea to be available.
16:11:35.376 - Team 1 driving to marker 4(Dist: 27.8km) for 2700 milliseconds
16:11:36.174 - Team 4 arrived to RouteMarker Kinneret. Checking for approval..
16:11:36.174 - Team 4 approved to enter marker Kinneret
16:11:36.174 - Team 4 received clue: Route Information
16:11:36.174 - Team 4 at RM Kinneret is leaving..
16:11:36.174 - Team 4 driving to marker 6(Dist: 12.5km) for 1200 milliseconds
16:11:36.425 - Team 9 arrived to RouteMarker Bahai Garden. Checking for approval..
16:11:36.426 - Team 9 approved to enter marker Bahai Garden
16:11:36.426 - Team 9 received clue: Detour
16:11:36.426 - Team 9 performing mental task for 1300 millis.
16:11:36.481 - Team 2 arrived to RouteMarker Acre Market. Checking for approval..
16:11:36.481 - Team 2 approved to enter marker Acre Market
16:11:36.481 - Team 2 received clue: Route Information
16:11:36.481 - Team 2 at RM Acre Market is leaving..
16:11:36.481 - Team 2 driving to marker 5(Dist: 14.2km) for 1400 milliseconds
16:11:37.031 - Member Filipa Xanthos finished the combined task!
16:11:37.031 - Team 3 at RM Dead Sea is leaving..
16:11:37.031 - Team 5 approved to enter marker Dead Sea
16:11:37.031 - Team 5 received clue: Roadblock
16:11:37.031 - Performing a member roadblock task
16:11:37.032 - Team 5 draws random member: Contestant [ name=Andreas Putnam, physicalScore=85, mentalScore=71 ]
16:11:37.032 - Member Andreas Putnam performing combined task for 2200 millis.
16:11:37.032 - Team 10 is waiting for RouteMarker Dead Sea to be available.
16:11:37.032 - Team 7 is waiting for RouteMarker Dead Sea to be available.
16:11:37.032 - Team 3 driving to marker 4(Dist: 27.8km) for 2700 milliseconds
16:11:37.374 - Team 4 arrived to RouteMarker Bahai Garden. Checking for approval..
16:11:37.374 - Team 4 approved to enter marker Bahai Garden
16:11:37.374 - Team 4 received clue: Detour
16:11:37.374 - Team 4 performing mental task for 1000 millis.
16:11:37.424 - Team 8 arrived to RouteMarker Acre Market. Checking for approval..
16:11:37.424 - Team 8 approved to enter marker Acre Market
16:11:37.424 - Team 8 received clue: Route Information
16:11:37.424 - Team 8 at RM Acre Market is leaving..
16:11:37.424 - Team 8 driving to marker 5(Dist: 14.2km) for 1400 milliseconds
16:11:37.473 - Member Rahmi Girish finished the combined task!
16:11:37.473 - Team 0 at RM Dead Sea is leaving..
16:11:37.480 - Team 7 approved to enter marker Dead Sea
16:11:37.480 - Team 7 received clue: Roadblock
16:11:37.480 - Performing a member roadblock task
16:11:37.480 - Team 7 draws random member: Contestant [ name=Christen Shepherd, physicalScore=64, mentalScore=76 ]
16:11:37.481 - Member Christen Shepherd performing combined task for 3000 millis.
16:11:37.481 - Team 10 is waiting for RouteMarker Dead Sea to be available.
16:11:37.481 - Team 0 driving to marker 4(Dist: 27.8km) for 2700 milliseconds
16:11:37.726 - Team 9 at RM Bahai Garden is leaving..
16:11:37.726 - Team 9 driving to marker 7(Dist: 25.1km) for 2500 milliseconds
16:11:37.881 - Team 2 arrived to RouteMarker Kinneret. Checking for approval..
16:11:37.881 - Team 2 approved to enter marker Kinneret
16:11:37.881 - Team 2 received clue: Route Information
16:11:37.881 - Team 2 at RM Kinneret is leaving..
16:11:37.881 - Team 2 driving to marker 6(Dist: 12.5km) for 1200 milliseconds
16:11:38.076 - Team 1 arrived to RouteMarker Acre Market. Checking for approval..
16:11:38.080 - Team 1 approved to enter marker Acre Market
16:11:38.080 - Team 1 received clue: Route Information
16:11:38.080 - Team 1 at RM Acre Market is leaving..
16:11:38.080 - Team 1 driving to marker 5(Dist: 14.2km) for 1400 milliseconds
16:11:38.374 - Team 4 at RM Bahai Garden is leaving..
16:11:38.375 - Team 4 driving to marker 7(Dist: 25.1km) for 2500 milliseconds
16:11:38.824 - Team 8 arrived to RouteMarker Kinneret. Checking for approval..
16:11:38.824 - Team 8 approved to enter marker Kinneret
16:11:38.824 - Team 8 received clue: Route Information
16:11:38.824 - Team 8 at RM Kinneret is leaving..
16:11:38.824 - Team 8 driving to marker 6(Dist: 12.5km) for 1200 milliseconds
16:11:39.081 - Team 2 arrived to RouteMarker Bahai Garden. Checking for approval..
16:11:39.081 - Team 2 approved to enter marker Bahai Garden
16:11:39.081 - Team 2 received clue: Detour
16:11:39.081 - Team 2 performing mental task for 2000 millis.
16:11:39.234 - Member Andreas Putnam finished the combined task!
16:11:39.234 - Team 5 at RM Dead Sea is leaving..
16:11:39.235 - Team 10 approved to enter marker Dead Sea
16:11:39.235 - Team 10 received clue: Roadblock
16:11:39.235 - Performing a member roadblock task
16:11:39.235 - Team 10 draws random member: Contestant [ name=Theophilus Profeta, physicalScore=93, mentalScore=81 ]
16:11:39.235 - Member Theophilus Profeta performing combined task for 1300 millis.
16:11:39.235 - Team 5 driving to marker 4(Dist: 27.8km) for 2700 milliseconds
16:11:39.480 - Team 1 arrived to RouteMarker Kinneret. Checking for approval..
16:11:39.480 - Team 1 approved to enter marker Kinneret
16:11:39.480 - Team 1 received clue: Route Information
16:11:39.480 - Team 1 at RM Kinneret is leaving..
16:11:39.480 - Team 1 driving to marker 6(Dist: 12.5km) for 1200 milliseconds
16:11:39.732 - Team 3 arrived to RouteMarker Acre Market. Checking for approval..
16:11:39.732 - Team 3 approved to enter marker Acre Market
16:11:39.732 - Team 3 received clue: Route Information
16:11:39.732 - Team 3 at RM Acre Market is leaving..
16:11:39.732 - Team 3 driving to marker 5(Dist: 14.2km) for 1400 milliseconds
16:11:40.024 - Team 8 arrived to RouteMarker Bahai Garden. Checking for approval..
16:11:40.024 - Team 8 approved to enter marker Bahai Garden
16:11:40.024 - Team 8 received clue: Detour
16:11:40.024 - Team 8 performing physical task for 850 millis
16:11:40.181 - Team 0 arrived to RouteMarker Acre Market. Checking for approval..
16:11:40.184 - Team 0 approved to enter marker Acre Market
16:11:40.184 - Team 0 received clue: Route Information
16:11:40.184 - Team 0 at RM Acre Market is leaving..
16:11:40.184 - Team 0 driving to marker 5(Dist: 14.2km) for 1400 milliseconds
16:11:40.226 - Team 9 arrived to RouteMarker Tel Aviv Azrieli Center. Checking for approval..
16:11:40.226 - Team 9 approved to enter marker Tel Aviv Azrieli Center
16:11:40.226 - Team 9 received clue: Route Information
16:11:40.226 - Team 9 at RM Tel Aviv Azrieli Center is leaving..
16:11:40.481 - Member Christen Shepherd finished the combined task!
16:11:40.481 - Team 7 at RM Dead Sea is leaving..
16:11:40.482 - Team 7 driving to marker 4(Dist: 27.8km) for 2700 milliseconds
16:11:40.535 - Member Theophilus Profeta finished the combined task!
16:11:40.535 - Team 10 at RM Dead Sea is leaving..
16:11:40.535 - Team 10 driving to marker 4(Dist: 27.8km) for 2700 milliseconds
16:11:40.681 - Team 1 arrived to RouteMarker Bahai Garden. Checking for approval..
16:11:40.681 - Team 1 approved to enter marker Bahai Garden
16:11:40.681 - Team 1 received clue: Detour
16:11:40.681 - Team 1 performing mental task for 2200 millis.
16:11:40.874 - Team 8 at RM Bahai Garden is leaving..
16:11:40.874 - Team 8 driving to marker 7(Dist: 25.1km) for 2500 milliseconds
16:11:40.875 - Team 4 arrived to RouteMarker Tel Aviv Azrieli Center. Checking for approval..
16:11:40.875 - Team 4 approved to enter marker Tel Aviv Azrieli Center
16:11:40.875 - Team 4 received clue: Route Information
16:11:40.875 - Team 4 at RM Tel Aviv Azrieli Center is leaving..
16:11:41.081 - Team 2 at RM Bahai Garden is leaving..
16:11:41.081 - Team 2 driving to marker 7(Dist: 25.1km) for 2500 milliseconds
16:11:41.132 - Team 3 arrived to RouteMarker Kinneret. Checking for approval..
16:11:41.132 - Team 3 approved to enter marker Kinneret
16:11:41.132 - Team 3 received clue: Route Information
16:11:41.132 - Team 3 at RM Kinneret is leaving..
16:11:41.134 - Team 3 driving to marker 6(Dist: 12.5km) for 1200 milliseconds
16:11:41.584 - Team 0 arrived to RouteMarker Kinneret. Checking for approval..
16:11:41.584 - Team 0 approved to enter marker Kinneret
16:11:41.584 - Team 0 received clue: Route Information
16:11:41.584 - Team 0 at RM Kinneret is leaving..
16:11:41.584 - Team 0 driving to marker 6(Dist: 12.5km) for 1200 milliseconds
16:11:41.935 - Team 5 arrived to RouteMarker Acre Market. Checking for approval..
16:11:41.935 - Team 5 approved to enter marker Acre Market
16:11:41.935 - Team 5 received clue: Route Information
16:11:41.935 - Team 5 at RM Acre Market is leaving..
16:11:41.935 - Team 5 driving to marker 5(Dist: 14.2km) for 1400 milliseconds
16:11:42.335 - Team 3 arrived to RouteMarker Bahai Garden. Checking for approval..
16:11:42.335 - Team 3 approved to enter marker Bahai Garden
16:11:42.335 - Team 3 received clue: Detour
16:11:42.335 - Team 3 performing physical task for 3350 millis
16:11:42.784 - Team 0 arrived to RouteMarker Bahai Garden. Checking for approval..
16:11:42.784 - Team 0 approved to enter marker Bahai Garden
16:11:42.784 - Team 0 received clue: Detour
16:11:42.785 - Team 0 performing physical task for 3000 millis
16:11:42.881 - Team 1 at RM Bahai Garden is leaving..
16:11:42.881 - Team 1 driving to marker 7(Dist: 25.1km) for 2500 milliseconds
16:11:42.926 - Member Sigifrid Cowden finished the combined task!
16:11:42.928 - Team 6 at RM Dead Sea is leaving..
16:11:42.929 - Team 6 driving to marker 4(Dist: 27.8km) for 2700 milliseconds
16:11:43.182 - Team 7 arrived to RouteMarker Acre Market. Checking for approval..
16:11:43.182 - Team 7 approved to enter marker Acre Market
16:11:43.182 - Team 7 received clue: Route Information
16:11:43.182 - Team 7 at RM Acre Market is leaving..
16:11:43.182 - Team 7 driving to marker 5(Dist: 14.2km) for 1400 milliseconds
16:11:43.235 - Team 10 arrived to RouteMarker Acre Market. Checking for approval..
16:11:43.235 - Team 10 approved to enter marker Acre Market
16:11:43.235 - Team 10 received clue: Route Information
16:11:43.235 - Team 10 at RM Acre Market is leaving..
16:11:43.235 - Team 10 driving to marker 5(Dist: 14.2km) for 1400 milliseconds
16:11:43.335 - Team 5 arrived to RouteMarker Kinneret. Checking for approval..
16:11:43.341 - Team 5 approved to enter marker Kinneret
16:11:43.341 - Team 5 received clue: Route Information
16:11:43.341 - Team 5 at RM Kinneret is leaving..
16:11:43.341 - Team 5 driving to marker 6(Dist: 12.5km) for 1200 milliseconds
16:11:43.374 - Team 8 arrived to RouteMarker Tel Aviv Azrieli Center. Checking for approval..
16:11:43.374 - Team 8 approved to enter marker Tel Aviv Azrieli Center
16:11:43.374 - Team 8 received clue: Route Information
16:11:43.374 - Team 8 at RM Tel Aviv Azrieli Center is leaving..
16:11:43.581 - Team 2 arrived to RouteMarker Tel Aviv Azrieli Center. Checking for approval..
16:11:43.582 - Team 2 approved to enter marker Tel Aviv Azrieli Center
16:11:43.582 - Team 2 received clue: Route Information
16:11:43.582 - Team 2 at RM Tel Aviv Azrieli Center is leaving..
16:11:44.542 - Team 5 arrived to RouteMarker Bahai Garden. Checking for approval..
16:11:44.542 - Team 5 approved to enter marker Bahai Garden
16:11:44.542 - Team 5 received clue: Detour
16:11:44.542 - Team 5 performing physical task for 2400 millis
16:11:44.587 - Team 7 arrived to RouteMarker Kinneret. Checking for approval..
16:11:44.587 - Team 7 approved to enter marker Kinneret
16:11:44.587 - Team 7 received clue: Route Information
16:11:44.587 - Team 7 at RM Kinneret is leaving..
16:11:44.588 - Team 7 driving to marker 6(Dist: 12.5km) for 1200 milliseconds
16:11:44.635 - Team 10 arrived to RouteMarker Kinneret. Checking for approval..
16:11:44.635 - Team 10 approved to enter marker Kinneret
16:11:44.635 - Team 10 received clue: Route Information
16:11:44.635 - Team 10 at RM Kinneret is leaving..
16:11:44.635 - Team 10 driving to marker 6(Dist: 12.5km) for 1200 milliseconds
16:11:45.381 - Team 1 arrived to RouteMarker Tel Aviv Azrieli Center. Checking for approval..
16:11:45.381 - Team 1 approved to enter marker Tel Aviv Azrieli Center
16:11:45.381 - Team 1 received clue: Route Information
16:11:45.385 - Team 1 at RM Tel Aviv Azrieli Center is leaving..
16:11:45.629 - Team 6 arrived to RouteMarker Acre Market. Checking for approval..
16:11:45.629 - Team 6 approved to enter marker Acre Market
16:11:45.629 - Team 6 received clue: Route Information
16:11:45.629 - Team 6 at RM Acre Market is leaving..
16:11:45.629 - Team 6 driving to marker 5(Dist: 14.2km) for 1400 milliseconds
16:11:45.685 - Team 3 at RM Bahai Garden is leaving..
16:11:45.685 - Team 3 driving to marker 7(Dist: 25.1km) for 2500 milliseconds
16:11:45.785 - Team 0 at RM Bahai Garden is leaving..
16:11:45.787 - Team 0 driving to marker 7(Dist: 25.1km) for 2500 milliseconds
16:11:45.788 - Team 7 arrived to RouteMarker Bahai Garden. Checking for approval..
16:11:45.788 - Team 7 approved to enter marker Bahai Garden
16:11:45.788 - Team 7 received clue: Detour
16:11:45.788 - Team 7 performing mental task for 3250 millis.
16:11:45.835 - Team 10 arrived to RouteMarker Bahai Garden. Checking for approval..
16:11:45.835 - Team 10 approved to enter marker Bahai Garden
16:11:45.835 - Team 10 received clue: Detour
16:11:45.835 - Team 10 performing physical task for 2550 millis
16:11:46.943 - Team 5 at RM Bahai Garden is leaving..
16:11:46.944 - Team 5 driving to marker 7(Dist: 25.1km) for 2500 milliseconds
16:11:47.029 - Team 6 arrived to RouteMarker Kinneret. Checking for approval..
16:11:47.029 - Team 6 approved to enter marker Kinneret
16:11:47.029 - Team 6 received clue: Route Information
16:11:47.029 - Team 6 at RM Kinneret is leaving..
16:11:47.029 - Team 6 driving to marker 6(Dist: 12.5km) for 1200 milliseconds
16:11:48.185 - Team 3 arrived to RouteMarker Tel Aviv Azrieli Center. Checking for approval..
16:11:48.185 - Team 3 approved to enter marker Tel Aviv Azrieli Center
16:11:48.185 - Team 3 received clue: Route Information
16:11:48.185 - Team 3 at RM Tel Aviv Azrieli Center is leaving..
16:11:48.229 - Team 6 arrived to RouteMarker Bahai Garden. Checking for approval..
16:11:48.229 - Team 6 approved to enter marker Bahai Garden
16:11:48.229 - Team 6 received clue: Detour
16:11:48.229 - Team 6 performing physical task for 5600 millis
16:11:48.289 - Team 0 arrived to RouteMarker Tel Aviv Azrieli Center. Checking for approval..
16:11:48.289 - Team 0 approved to enter marker Tel Aviv Azrieli Center
16:11:48.289 - Team 0 received clue: Route Information
16:11:48.289 - Team 0 at RM Tel Aviv Azrieli Center is leaving..
16:11:48.289 - Team 0 has finished the race!
16:11:48.290 - Team 1 has finished the race!
16:11:48.290 - Team 2 has finished the race!
16:11:48.290 - Team 3 has finished the race!
16:11:48.290 - Team 4 has finished the race!
16:11:48.385 - Team 10 at RM Bahai Garden is leaving..
16:11:48.385 - Team 10 driving to marker 7(Dist: 25.1km) for 2500 milliseconds
16:11:49.038 - Team 7 at RM Bahai Garden is leaving..
16:11:49.038 - Team 7 driving to marker 7(Dist: 25.1km) for 2500 milliseconds
16:11:49.444 - Team 5 arrived to RouteMarker Tel Aviv Azrieli Center. Checking for approval..
16:11:49.444 - Team 5 approved to enter marker Tel Aviv Azrieli Center
16:11:49.444 - Team 5 received clue: Route Information
16:11:49.444 - Team 5 at RM Tel Aviv Azrieli Center is leaving..
16:11:49.444 - Team 5 has finished the race!
16:11:50.885 - Team 10 arrived to RouteMarker Tel Aviv Azrieli Center. Checking for approval..
16:11:50.885 - Team 10 approved to enter marker Tel Aviv Azrieli Center
16:11:50.885 - Team 10 received clue: Route Information
16:11:50.885 - Team 10 at RM Tel Aviv Azrieli Center is leaving..
16:11:51.539 - Team 7 arrived to RouteMarker Tel Aviv Azrieli Center. Checking for approval..
16:11:51.539 - Team 7 approved to enter marker Tel Aviv Azrieli Center
16:11:51.539 - Team 7 received clue: Route Information
16:11:51.539 - Team 7 at RM Tel Aviv Azrieli Center is leaving..
16:11:53.830 - Team 6 at RM Bahai Garden is leaving..
16:11:53.830 - Team 6 driving to marker 7(Dist: 25.1km) for 2500 milliseconds
16:11:56.330 - Team 6 arrived to RouteMarker Tel Aviv Azrieli Center. Checking for approval..
16:11:56.330 - Team 6 approved to enter marker Tel Aviv Azrieli Center
16:11:56.330 - Team 6 received clue: Route Information
16:11:56.330 - Team 6 at RM Tel Aviv Azrieli Center is leaving..
16:11:56.330 - Team 6 has finished the race!
16:11:56.330 - Team 7 has finished the race!
16:11:56.330 - Team 8 has finished the race!
16:11:56.330 - Team 9 has finished the race!
16:11:56.330 - Team 10 has finished the race!
16:11:56.330 - ===================================
16:11:56.330 - Race is finished. Printing standings.
16:11:56.330 - ===================================
16:11:56.347 - 1. Team [ id=9, avgPhysicalScore=76.00, avgMentalScore=87.00, 
	member1=Contestant [ name=Pastor Wilcox, physicalScore=96, mentalScore=79 ], 
	member2=Contestant [ name=Ohad Piatek, physicalScore=56, mentalScore=95 ]
2. Team [ id=4, avgPhysicalScore=40.50, avgMentalScore=91.50, 
	member1=Contestant [ name=Helena Sala, physicalScore=36, mentalScore=94 ], 
	member2=Contestant [ name=Nicole McKenzie, physicalScore=45, mentalScore=89 ]
3. Team [ id=8, avgPhysicalScore=91.50, avgMentalScore=48.50, 
	member1=Contestant [ name=Lucie Arts, physicalScore=86, mentalScore=42 ], 
	member2=Contestant [ name=Khaled Baumhauer, physicalScore=97, mentalScore=55 ]
4. Team [ id=2, avgPhysicalScore=43.50, avgMentalScore=80.00, 
	member1=Contestant [ name=Jana Cleve, physicalScore=43, mentalScore=88 ], 
	member2=Contestant [ name=Lore Cirino, physicalScore=44, mentalScore=72 ]
5. Team [ id=1, avgPhysicalScore=63.50, avgMentalScore=78.00, 
	member1=Contestant [ name=Hans Emanuel, physicalScore=58, mentalScore=91 ], 
	member2=Contestant [ name=Elton Victor, physicalScore=69, mentalScore=65 ]
6. Team [ id=3, avgPhysicalScore=66.50, avgMentalScore=50.50, 
	member1=Contestant [ name=Ema Major, physicalScore=56, mentalScore=43 ], 
	member2=Contestant [ name=Filipa Xanthos, physicalScore=77, mentalScore=58 ]
7. Team [ id=0, avgPhysicalScore=70.00, avgMentalScore=67.00, 
	member1=Contestant [ name=Yuli Dechen, physicalScore=73, mentalScore=56 ], 
	member2=Contestant [ name=Rahmi Girish, physicalScore=67, mentalScore=78 ]
8. Team [ id=5, avgPhysicalScore=76.00, avgMentalScore=73.00, 
	member1=Contestant [ name=Jonas Herbert, physicalScore=67, mentalScore=75 ], 
	member2=Contestant [ name=Andreas Putnam, physicalScore=85, mentalScore=71 ]
9. Team [ id=10, avgPhysicalScore=74.50, avgMentalScore=53.00, 
	member1=Contestant [ name=Stella Blaha, physicalScore=56, mentalScore=25 ], 
	member2=Contestant [ name=Theophilus Profeta, physicalScore=93, mentalScore=81 ]
10. Team [ id=7, avgPhysicalScore=59.00, avgMentalScore=67.50, 
	member1=Contestant [ name=Christen Shepherd, physicalScore=64, mentalScore=76 ], 
	member2=Contestant [ name=Faustino Garrard, physicalScore=54, mentalScore=59 ]
11. Team [ id=6, avgPhysicalScore=44.00, avgMentalScore=25.00, 
	member1=Contestant [ name=Ulf Hurst, physicalScore=65, mentalScore=24 ], 
	member2=Contestant [ name=Sigifrid Cowden, physicalScore=23, mentalScore=26 ]

