16:11:19.755 - Team 3 joined the race!
16:11:19.756 - Team 3 driving to marker 0(Dist: 2.6km) for 200 milliseconds
16:11:19.961 - Team 3 arrived to RouteMarker Hula Valley. Checking for approval..
16:11:19.962 - Team 3 approved to enter marker Hula Valley
16:11:19.962 - Team 3 received clue: Route Information
16:11:19.963 - Team 3 at RM Hula Valley is leaving..
16:11:19.963 - Team 3 driving to marker 1(Dist: 33.0km) for 3300 milliseconds
16:11:23.263 - Team 3 arrived to RouteMarker Ramon Crater. Checking for approval..
16:11:23.263 - Team 3 is waiting for RouteMarker Ramon Crater to be available.
16:11:24.261 - Team 3 is waiting for RouteMarker Ramon Crater to be available.
16:11:25.259 - Team 3 is waiting for RouteMarker Ramon Crater to be available.
16:11:25.560 - Team 3 approved to enter marker Ramon Crater
16:11:25.561 - Team 3 received clue: Detour
16:11:25.561 - Team 3 performing physical task for 3350 millis
16:11:28.914 - Team 3 at RM Ramon Crater is leaving..
16:11:28.914 - Team 3 driving to marker 2(Dist: 28.0km) for 2800 milliseconds
16:11:31.715 - Team 3 arrived to RouteMarker Jerusalem Old City. Checking for approval..
16:11:31.715 - Team 3 approved to enter marker Jerusalem Old City
16:11:31.715 - Team 3 received clue: Route Information
16:11:31.715 - Team 3 at RM Jerusalem Old City is leaving..
16:11:31.716 - Team 3 driving to marker 3(Dist: 15.6km) for 1500 milliseconds
16:11:33.217 - Team 3 arrived to RouteMarker Dead Sea. Checking for approval..
16:11:33.217 - Team 3 is waiting for RouteMarker Dead Sea to be available.
16:11:33.778 - Team 3 approved to enter marker Dead Sea
16:11:33.778 - Team 3 received clue: Roadblock
16:11:33.779 - Team 3 draws random member: Contestant [ name=Filipa Xanthos, physicalScore=77, mentalScore=58 ]
16:11:37.031 - Team 3 at RM Dead Sea is leaving..
16:11:37.032 - Team 3 driving to marker 4(Dist: 27.8km) for 2700 milliseconds
16:11:39.732 - Team 3 arrived to RouteMarker Acre Market. Checking for approval..
16:11:39.732 - Team 3 approved to enter marker Acre Market
16:11:39.732 - Team 3 received clue: Route Information
16:11:39.732 - Team 3 at RM Acre Market is leaving..
16:11:39.732 - Team 3 driving to marker 5(Dist: 14.2km) for 1400 milliseconds
16:11:41.132 - Team 3 arrived to RouteMarker Kinneret. Checking for approval..
16:11:41.132 - Team 3 approved to enter marker Kinneret
16:11:41.132 - Team 3 received clue: Route Information
16:11:41.132 - Team 3 at RM Kinneret is leaving..
16:11:41.134 - Team 3 driving to marker 6(Dist: 12.5km) for 1200 milliseconds
16:11:42.335 - Team 3 arrived to RouteMarker Bahai Garden. Checking for approval..
16:11:42.335 - Team 3 approved to enter marker Bahai Garden
16:11:42.335 - Team 3 received clue: Detour
16:11:42.335 - Team 3 performing physical task for 3350 millis
16:11:45.685 - Team 3 at RM Bahai Garden is leaving..
16:11:45.685 - Team 3 driving to marker 7(Dist: 25.1km) for 2500 milliseconds
16:11:48.185 - Team 3 arrived to RouteMarker Tel Aviv Azrieli Center. Checking for approval..
16:11:48.185 - Team 3 approved to enter marker Tel Aviv Azrieli Center
16:11:48.185 - Team 3 received clue: Route Information
16:11:48.185 - Team 3 at RM Tel Aviv Azrieli Center is leaving..
16:11:48.290 - Team 3 has finished the race!
