16:11:19.754 - Team 1 joined the race!
16:11:19.755 - Team 1 driving to marker 0(Dist: 2.6km) for 200 milliseconds
16:11:19.960 - Team 1 arrived to RouteMarker Hula Valley. Checking for approval..
16:11:19.960 - Team 1 approved to enter marker Hula Valley
16:11:19.960 - Team 1 received clue: Route Information
16:11:19.962 - Team 1 at RM Hula Valley is leaving..
16:11:19.962 - Team 1 driving to marker 1(Dist: 33.0km) for 3300 milliseconds
16:11:23.262 - Team 1 arrived to RouteMarker Ramon Crater. Checking for approval..
16:11:23.262 - Team 1 is waiting for RouteMarker Ramon Crater to be available.
16:11:24.261 - Team 1 is waiting for RouteMarker Ramon Crater to be available.
16:11:25.258 - Team 1 is waiting for RouteMarker Ramon Crater to be available.
16:11:25.560 - Team 1 approved to enter marker Ramon Crater
16:11:25.560 - Team 1 received clue: Detour
16:11:25.560 - Team 1 performing mental task for 2200 millis.
16:11:27.762 - Team 1 at RM Ramon Crater is leaving..
16:11:27.762 - Team 1 driving to marker 2(Dist: 28.0km) for 2800 milliseconds
16:11:30.562 - Team 1 arrived to RouteMarker Jerusalem Old City. Checking for approval..
16:11:30.562 - Team 1 approved to enter marker Jerusalem Old City
16:11:30.562 - Team 1 received clue: Route Information
16:11:30.562 - Team 1 at RM Jerusalem Old City is leaving..
16:11:30.563 - Team 1 driving to marker 3(Dist: 15.6km) for 1500 milliseconds
16:11:32.063 - Team 1 arrived to RouteMarker Dead Sea. Checking for approval..
16:11:32.063 - Team 1 is waiting for RouteMarker Dead Sea to be available.
16:11:32.068 - Team 1 approved to enter marker Dead Sea
16:11:32.068 - Team 1 received clue: Roadblock
16:11:32.072 - Team 1 draws random member: Contestant [ name=Elton Victor, physicalScore=69, mentalScore=65 ]
16:11:35.374 - Team 1 at RM Dead Sea is leaving..
16:11:35.376 - Team 1 driving to marker 4(Dist: 27.8km) for 2700 milliseconds
16:11:38.076 - Team 1 arrived to RouteMarker Acre Market. Checking for approval..
16:11:38.080 - Team 1 approved to enter marker Acre Market
16:11:38.080 - Team 1 received clue: Route Information
16:11:38.080 - Team 1 at RM Acre Market is leaving..
16:11:38.080 - Team 1 driving to marker 5(Dist: 14.2km) for 1400 milliseconds
16:11:39.480 - Team 1 arrived to RouteMarker Kinneret. Checking for approval..
16:11:39.480 - Team 1 approved to enter marker Kinneret
16:11:39.480 - Team 1 received clue: Route Information
16:11:39.480 - Team 1 at RM Kinneret is leaving..
16:11:39.480 - Team 1 driving to marker 6(Dist: 12.5km) for 1200 milliseconds
16:11:40.681 - Team 1 arrived to RouteMarker Bahai Garden. Checking for approval..
16:11:40.681 - Team 1 approved to enter marker Bahai Garden
16:11:40.681 - Team 1 received clue: Detour
16:11:40.681 - Team 1 performing mental task for 2200 millis.
16:11:42.881 - Team 1 at RM Bahai Garden is leaving..
16:11:42.881 - Team 1 driving to marker 7(Dist: 25.1km) for 2500 milliseconds
16:11:45.381 - Team 1 arrived to RouteMarker Tel Aviv Azrieli Center. Checking for approval..
16:11:45.381 - Team 1 approved to enter marker Tel Aviv Azrieli Center
16:11:45.381 - Team 1 received clue: Route Information
16:11:45.385 - Team 1 at RM Tel Aviv Azrieli Center is leaving..
16:11:48.290 - Team 1 has finished the race!
