16:11:19.747 - Team 0 joined the race!
16:11:19.747 - Team 0 driving to marker 0(Dist: 2.6km) for 200 milliseconds
16:11:19.948 - Team 0 arrived to RouteMarker Hula Valley. Checking for approval..
16:11:19.948 - Team 0 approved to enter marker Hula Valley
16:11:19.948 - Team 0 received clue: Route Information
16:11:19.949 - Team 0 at RM Hula Valley is leaving..
16:11:19.950 - Team 0 driving to marker 1(Dist: 33.0km) for 3300 milliseconds
16:11:23.251 - Team 0 arrived to RouteMarker Ramon Crater. Checking for approval..
16:11:23.251 - Team 0 approved to enter marker Ramon Crater
16:11:23.252 - Team 0 received clue: Detour
16:11:23.252 - Team 0 performing physical task for 3000 millis
16:11:26.252 - Team 0 at RM Ramon Crater is leaving..
16:11:26.253 - Team 0 driving to marker 2(Dist: 28.0km) for 2800 milliseconds
16:11:29.053 - Team 0 arrived to RouteMarker Jerusalem Old City. Checking for approval..
16:11:29.053 - Team 0 approved to enter marker Jerusalem Old City
16:11:29.053 - Team 0 received clue: Route Information
16:11:29.053 - Team 0 at RM Jerusalem Old City is leaving..
16:11:29.053 - Team 0 driving to marker 3(Dist: 15.6km) for 1500 milliseconds
16:11:30.553 - Team 0 arrived to RouteMarker Dead Sea. Checking for approval..
16:11:30.553 - Team 0 is waiting for RouteMarker Dead Sea to be available.
16:11:31.121 - Team 0 is waiting for RouteMarker Dead Sea to be available.
16:11:32.073 - Team 0 is waiting for RouteMarker Dead Sea to be available.
16:11:33.780 - Team 0 is waiting for RouteMarker Dead Sea to be available.
16:11:34.722 - Team 0 approved to enter marker Dead Sea
16:11:34.722 - Team 0 received clue: Roadblock
16:11:34.723 - Team 0 draws random member: Contestant [ name=Rahmi Girish, physicalScore=67, mentalScore=78 ]
16:11:37.473 - Team 0 at RM Dead Sea is leaving..
16:11:37.481 - Team 0 driving to marker 4(Dist: 27.8km) for 2700 milliseconds
16:11:40.181 - Team 0 arrived to RouteMarker Acre Market. Checking for approval..
16:11:40.184 - Team 0 approved to enter marker Acre Market
16:11:40.184 - Team 0 received clue: Route Information
16:11:40.184 - Team 0 at RM Acre Market is leaving..
16:11:40.184 - Team 0 driving to marker 5(Dist: 14.2km) for 1400 milliseconds
16:11:41.584 - Team 0 arrived to RouteMarker Kinneret. Checking for approval..
16:11:41.584 - Team 0 approved to enter marker Kinneret
16:11:41.584 - Team 0 received clue: Route Information
16:11:41.584 - Team 0 at RM Kinneret is leaving..
16:11:41.584 - Team 0 driving to marker 6(Dist: 12.5km) for 1200 milliseconds
16:11:42.784 - Team 0 arrived to RouteMarker Bahai Garden. Checking for approval..
16:11:42.784 - Team 0 approved to enter marker Bahai Garden
16:11:42.784 - Team 0 received clue: Detour
16:11:42.785 - Team 0 performing physical task for 3000 millis
16:11:45.785 - Team 0 at RM Bahai Garden is leaving..
16:11:45.787 - Team 0 driving to marker 7(Dist: 25.1km) for 2500 milliseconds
16:11:48.289 - Team 0 arrived to RouteMarker Tel Aviv Azrieli Center. Checking for approval..
16:11:48.289 - Team 0 approved to enter marker Tel Aviv Azrieli Center
16:11:48.289 - Team 0 received clue: Route Information
16:11:48.289 - Team 0 at RM Tel Aviv Azrieli Center is leaving..
16:11:48.289 - Team 0 has finished the race!
