16:11:19.755 - Team 5 joined the race!
16:11:19.756 - Team 5 driving to marker 0(Dist: 2.6km) for 200 milliseconds
16:11:19.960 - Team 5 arrived to RouteMarker Hula Valley. Checking for approval..
16:11:19.960 - Team 5 approved to enter marker Hula Valley
16:11:19.961 - Team 5 received clue: Route Information
16:11:19.961 - Team 5 at RM Hula Valley is leaving..
16:11:19.961 - Team 5 driving to marker 1(Dist: 33.0km) for 3300 milliseconds
16:11:23.261 - Team 5 arrived to RouteMarker Ramon Crater. Checking for approval..
16:11:23.261 - Team 5 is waiting for RouteMarker Ramon Crater to be available.
16:11:24.261 - Team 5 is waiting for RouteMarker Ramon Crater to be available.
16:11:25.258 - Team 5 is waiting for RouteMarker Ramon Crater to be available.
16:11:25.560 - Team 5 approved to enter marker Ramon Crater
16:11:25.561 - Team 5 received clue: Detour
16:11:25.561 - Team 5 performing physical task for 2400 millis
16:11:27.961 - Team 5 at RM Ramon Crater is leaving..
16:11:27.961 - Team 5 driving to marker 2(Dist: 28.0km) for 2800 milliseconds
16:11:30.761 - Team 5 arrived to RouteMarker Jerusalem Old City. Checking for approval..
16:11:30.761 - Team 5 approved to enter marker Jerusalem Old City
16:11:30.761 - Team 5 received clue: Route Information
16:11:30.761 - Team 5 at RM Jerusalem Old City is leaving..
16:11:30.761 - Team 5 driving to marker 3(Dist: 15.6km) for 1500 milliseconds
16:11:32.261 - Team 5 arrived to RouteMarker Dead Sea. Checking for approval..
16:11:32.266 - Team 5 is waiting for RouteMarker Dead Sea to be available.
16:11:33.780 - Team 5 is waiting for RouteMarker Dead Sea to be available.
16:11:34.723 - Team 5 is waiting for RouteMarker Dead Sea to be available.
16:11:35.376 - Team 5 is waiting for RouteMarker Dead Sea to be available.
16:11:37.031 - Team 5 approved to enter marker Dead Sea
16:11:37.031 - Team 5 received clue: Roadblock
16:11:37.032 - Team 5 draws random member: Contestant [ name=Andreas Putnam, physicalScore=85, mentalScore=71 ]
16:11:39.234 - Team 5 at RM Dead Sea is leaving..
16:11:39.235 - Team 5 driving to marker 4(Dist: 27.8km) for 2700 milliseconds
16:11:41.935 - Team 5 arrived to RouteMarker Acre Market. Checking for approval..
16:11:41.935 - Team 5 approved to enter marker Acre Market
16:11:41.935 - Team 5 received clue: Route Information
16:11:41.935 - Team 5 at RM Acre Market is leaving..
16:11:41.935 - Team 5 driving to marker 5(Dist: 14.2km) for 1400 milliseconds
16:11:43.335 - Team 5 arrived to RouteMarker Kinneret. Checking for approval..
16:11:43.341 - Team 5 approved to enter marker Kinneret
16:11:43.341 - Team 5 received clue: Route Information
16:11:43.341 - Team 5 at RM Kinneret is leaving..
16:11:43.341 - Team 5 driving to marker 6(Dist: 12.5km) for 1200 milliseconds
16:11:44.542 - Team 5 arrived to RouteMarker Bahai Garden. Checking for approval..
16:11:44.542 - Team 5 approved to enter marker Bahai Garden
16:11:44.542 - Team 5 received clue: Detour
16:11:44.542 - Team 5 performing physical task for 2400 millis
16:11:46.943 - Team 5 at RM Bahai Garden is leaving..
16:11:46.944 - Team 5 driving to marker 7(Dist: 25.1km) for 2500 milliseconds
16:11:49.444 - Team 5 arrived to RouteMarker Tel Aviv Azrieli Center. Checking for approval..
16:11:49.444 - Team 5 approved to enter marker Tel Aviv Azrieli Center
16:11:49.444 - Team 5 received clue: Route Information
16:11:49.444 - Team 5 at RM Tel Aviv Azrieli Center is leaving..
16:11:49.444 - Team 5 has finished the race!
