16:11:19.766 - Team 9 joined the race!
16:11:19.766 - Team 9 driving to marker 0(Dist: 2.6km) for 200 milliseconds
16:11:19.966 - Team 9 arrived to RouteMarker Hula Valley. Checking for approval..
16:11:19.966 - Team 9 approved to enter marker Hula Valley
16:11:19.966 - Team 9 received clue: Route Information
16:11:19.966 - Team 9 at RM Hula Valley is leaving..
16:11:19.967 - Team 9 driving to marker 1(Dist: 33.0km) for 3300 milliseconds
16:11:23.267 - Team 9 arrived to RouteMarker Ramon Crater. Checking for approval..
16:11:23.267 - Team 9 is waiting for RouteMarker Ramon Crater to be available.
16:11:24.259 - Team 9 approved to enter marker Ramon Crater
16:11:24.260 - Team 9 received clue: Detour
16:11:24.260 - Team 9 performing mental task for 1300 millis.
16:11:25.560 - Team 9 at RM Ramon Crater is leaving..
16:11:25.560 - Team 9 driving to marker 2(Dist: 28.0km) for 2800 milliseconds
16:11:28.360 - Team 9 arrived to RouteMarker Jerusalem Old City. Checking for approval..
16:11:28.361 - Team 9 approved to enter marker Jerusalem Old City
16:11:28.361 - Team 9 received clue: Route Information
16:11:28.361 - Team 9 at RM Jerusalem Old City is leaving..
16:11:28.361 - Team 9 driving to marker 3(Dist: 15.6km) for 1500 milliseconds
16:11:29.869 - Team 9 arrived to RouteMarker Dead Sea. Checking for approval..
16:11:29.869 - Team 9 approved to enter marker Dead Sea
16:11:29.870 - Team 9 received clue: Roadblock
16:11:29.870 - Team 9 draws random member: Contestant [ name=Pastor Wilcox, physicalScore=96, mentalScore=79 ]
16:11:31.120 - Team 9 at RM Dead Sea is leaving..
16:11:31.121 - Team 9 driving to marker 4(Dist: 27.8km) for 2700 milliseconds
16:11:33.821 - Team 9 arrived to RouteMarker Acre Market. Checking for approval..
16:11:33.821 - Team 9 approved to enter marker Acre Market
16:11:33.821 - Team 9 received clue: Route Information
16:11:33.821 - Team 9 at RM Acre Market is leaving..
16:11:33.822 - Team 9 driving to marker 5(Dist: 14.2km) for 1400 milliseconds
16:11:35.223 - Team 9 arrived to RouteMarker Kinneret. Checking for approval..
16:11:35.223 - Team 9 approved to enter marker Kinneret
16:11:35.223 - Team 9 received clue: Route Information
16:11:35.223 - Team 9 at RM Kinneret is leaving..
16:11:35.223 - Team 9 driving to marker 6(Dist: 12.5km) for 1200 milliseconds
16:11:36.425 - Team 9 arrived to RouteMarker Bahai Garden. Checking for approval..
16:11:36.426 - Team 9 approved to enter marker Bahai Garden
16:11:36.426 - Team 9 received clue: Detour
16:11:36.426 - Team 9 performing mental task for 1300 millis.
16:11:37.726 - Team 9 at RM Bahai Garden is leaving..
16:11:37.726 - Team 9 driving to marker 7(Dist: 25.1km) for 2500 milliseconds
16:11:40.226 - Team 9 arrived to RouteMarker Tel Aviv Azrieli Center. Checking for approval..
16:11:40.226 - Team 9 approved to enter marker Tel Aviv Azrieli Center
16:11:40.226 - Team 9 received clue: Route Information
16:11:40.226 - Team 9 at RM Tel Aviv Azrieli Center is leaving..
16:11:56.330 - Team 9 has finished the race!
