16:11:19.753 - Team 4 joined the race!
16:11:19.754 - Team 4 driving to marker 0(Dist: 2.6km) for 200 milliseconds
16:11:19.956 - Team 4 arrived to RouteMarker Hula Valley. Checking for approval..
16:11:19.956 - Team 4 approved to enter marker Hula Valley
16:11:19.957 - Team 4 received clue: Route Information
16:11:19.958 - Team 4 at RM Hula Valley is leaving..
16:11:19.958 - Team 4 driving to marker 1(Dist: 33.0km) for 3300 milliseconds
16:11:23.258 - Team 4 arrived to RouteMarker Ramon Crater. Checking for approval..
16:11:23.258 - Team 4 approved to enter marker Ramon Crater
16:11:23.258 - Team 4 received clue: Detour
16:11:23.258 - Team 4 performing mental task for 1000 millis.
16:11:24.258 - Team 4 at RM Ramon Crater is leaving..
16:11:24.267 - Team 4 driving to marker 2(Dist: 28.0km) for 2800 milliseconds
16:11:27.067 - Team 4 arrived to RouteMarker Jerusalem Old City. Checking for approval..
16:11:27.067 - Team 4 approved to enter marker Jerusalem Old City
16:11:27.067 - Team 4 received clue: Route Information
16:11:27.067 - Team 4 at RM Jerusalem Old City is leaving..
16:11:27.067 - Team 4 driving to marker 3(Dist: 15.6km) for 1500 milliseconds
16:11:28.567 - Team 4 arrived to RouteMarker Dead Sea. Checking for approval..
16:11:28.567 - Team 4 approved to enter marker Dead Sea
16:11:28.567 - Team 4 received clue: Roadblock
16:11:28.568 - Team 4 draws random member: Contestant [ name=Helena Sala, physicalScore=36, mentalScore=94 ]
16:11:32.068 - Team 4 at RM Dead Sea is leaving..
16:11:32.073 - Team 4 driving to marker 4(Dist: 27.8km) for 2700 milliseconds
16:11:34.774 - Team 4 arrived to RouteMarker Acre Market. Checking for approval..
16:11:34.774 - Team 4 approved to enter marker Acre Market
16:11:34.774 - Team 4 received clue: Route Information
16:11:34.774 - Team 4 at RM Acre Market is leaving..
16:11:34.774 - Team 4 driving to marker 5(Dist: 14.2km) for 1400 milliseconds
16:11:36.174 - Team 4 arrived to RouteMarker Kinneret. Checking for approval..
16:11:36.174 - Team 4 approved to enter marker Kinneret
16:11:36.174 - Team 4 received clue: Route Information
16:11:36.174 - Team 4 at RM Kinneret is leaving..
16:11:36.174 - Team 4 driving to marker 6(Dist: 12.5km) for 1200 milliseconds
16:11:37.374 - Team 4 arrived to RouteMarker Bahai Garden. Checking for approval..
16:11:37.374 - Team 4 approved to enter marker Bahai Garden
16:11:37.374 - Team 4 received clue: Detour
16:11:37.374 - Team 4 performing mental task for 1000 millis.
16:11:38.374 - Team 4 at RM Bahai Garden is leaving..
16:11:38.374 - Team 4 driving to marker 7(Dist: 25.1km) for 2500 milliseconds
16:11:40.875 - Team 4 arrived to RouteMarker Tel Aviv Azrieli Center. Checking for approval..
16:11:40.875 - Team 4 approved to enter marker Tel Aviv Azrieli Center
16:11:40.875 - Team 4 received clue: Route Information
16:11:40.875 - Team 4 at RM Tel Aviv Azrieli Center is leaving..
16:11:48.290 - Team 4 has finished the race!
