16:13:36.621 - Team 4 joined the race!
16:13:36.621 - Team 4 driving to marker 0(Dist: 2.6km) for 200 milliseconds
16:13:36.822 - Team 4 arrived to RouteMarker Hula Valley. Checking for approval..
16:13:36.822 - Team 4 approved to enter marker Hula Valley
16:13:36.822 - Team 4 received clue: Route Information
16:13:36.822 - Team 4 at RM Hula Valley is leaving..
16:13:36.823 - Team 4 driving to marker 1(Dist: 33.0km) for 3300 milliseconds
16:13:40.134 - Team 4 arrived to RouteMarker Ramon Crater. Checking for approval..
16:13:40.134 - Team 4 is waiting for RouteMarker Ramon Crater to be available.
16:13:42.137 - Team 4 is waiting for RouteMarker Ramon Crater to be available.
16:13:42.338 - Team 4 is waiting for RouteMarker Ramon Crater to be available.
16:13:43.131 - Team 4 is waiting for RouteMarker Ramon Crater to be available.
16:13:44.423 - Team 4 approved to enter marker Ramon Crater
16:13:44.423 - Team 4 received clue: Detour
16:13:44.423 - Team 4 performing mental task for 1000 millis.
16:13:45.423 - Team 4 at RM Ramon Crater is leaving..
16:13:45.423 - Team 4 driving to marker 2(Dist: 28.0km) for 2800 milliseconds
16:13:48.223 - Team 4 arrived to RouteMarker Jerusalem Old City. Checking for approval..
16:13:48.223 - Team 4 approved to enter marker Jerusalem Old City
16:13:48.223 - Team 4 received clue: Route Information
16:13:48.223 - Team 4 at RM Jerusalem Old City is leaving..
16:13:48.223 - Team 4 driving to marker 3(Dist: 15.6km) for 1500 milliseconds
16:13:49.723 - Team 4 arrived to RouteMarker Dead Sea. Checking for approval..
16:13:49.723 - Team 4 is waiting for RouteMarker Dead Sea to be available.
16:13:49.958 - Team 4 approved to enter marker Dead Sea
16:13:49.960 - Team 4 received clue: Roadblock
16:13:49.963 - Team 4 draws random member: Contestant [ name=Nicole McKenzie, physicalScore=45, mentalScore=89 ]
16:13:53.264 - Team 4 at RM Dead Sea is leaving..
16:13:53.265 - Team 4 driving to marker 4(Dist: 27.8km) for 2700 milliseconds
16:13:55.965 - Team 4 arrived to RouteMarker Acre Market. Checking for approval..
16:13:55.965 - Team 4 approved to enter marker Acre Market
16:13:55.965 - Team 4 received clue: Route Information
16:13:55.965 - Team 4 at RM Acre Market is leaving..
16:13:55.965 - Team 4 driving to marker 5(Dist: 14.2km) for 1400 milliseconds
16:13:57.365 - Team 4 arrived to RouteMarker Kinneret. Checking for approval..
16:13:57.365 - Team 4 approved to enter marker Kinneret
16:13:57.365 - Team 4 received clue: Route Information
16:13:57.365 - Team 4 at RM Kinneret is leaving..
16:13:57.365 - Team 4 driving to marker 6(Dist: 12.5km) for 1200 milliseconds
16:13:58.565 - Team 4 arrived to RouteMarker Bahai Garden. Checking for approval..
16:13:58.565 - Team 4 approved to enter marker Bahai Garden
16:13:58.565 - Team 4 received clue: Detour
16:13:58.565 - Team 4 performing mental task for 1000 millis.
16:13:59.565 - Team 4 at RM Bahai Garden is leaving..
16:13:59.565 - Team 4 driving to marker 7(Dist: 25.1km) for 2500 milliseconds
16:14:02.065 - Team 4 arrived to RouteMarker Tel Aviv Azrieli Center. Checking for approval..
16:14:02.067 - Team 4 approved to enter marker Tel Aviv Azrieli Center
16:14:02.068 - Team 4 received clue: Route Information
16:14:02.068 - Team 4 at RM Tel Aviv Azrieli Center is leaving..
16:14:04.595 - Team 4 has finished the race!
