16:13:36.623 - Team 8 joined the race!
16:13:36.624 - Team 8 driving to marker 0(Dist: 2.6km) for 200 milliseconds
16:13:36.824 - Team 8 arrived to RouteMarker Hula Valley. Checking for approval..
16:13:36.824 - Team 8 approved to enter marker Hula Valley
16:13:36.825 - Team 8 received clue: Route Information
16:13:36.825 - Team 8 at RM Hula Valley is leaving..
16:13:36.827 - Team 8 driving to marker 1(Dist: 33.0km) for 3300 milliseconds
16:13:40.140 - Team 8 arrived to RouteMarker Ramon Crater. Checking for approval..
16:13:40.140 - Team 8 is waiting for RouteMarker Ramon Crater to be available.
16:13:42.136 - Team 8 is waiting for RouteMarker Ramon Crater to be available.
16:13:42.339 - Team 8 is waiting for RouteMarker Ramon Crater to be available.
16:13:43.123 - Team 8 is waiting for RouteMarker Ramon Crater to be available.
16:13:44.423 - Team 8 is waiting for RouteMarker Ramon Crater to be available.
16:13:44.690 - Team 8 is waiting for RouteMarker Ramon Crater to be available.
16:13:45.424 - Team 8 is waiting for RouteMarker Ramon Crater to be available.
16:13:45.688 - Team 8 approved to enter marker Ramon Crater
16:13:45.688 - Team 8 received clue: Detour
16:13:45.688 - Team 8 performing physical task for 850 millis
16:13:46.539 - Team 8 at RM Ramon Crater is leaving..
16:13:46.539 - Team 8 driving to marker 2(Dist: 28.0km) for 2800 milliseconds
16:13:49.339 - Team 8 arrived to RouteMarker Jerusalem Old City. Checking for approval..
16:13:49.339 - Team 8 approved to enter marker Jerusalem Old City
16:13:49.339 - Team 8 received clue: Route Information
16:13:49.339 - Team 8 at RM Jerusalem Old City is leaving..
16:13:49.340 - Team 8 driving to marker 3(Dist: 15.6km) for 1500 milliseconds
16:13:50.840 - Team 8 arrived to RouteMarker Dead Sea. Checking for approval..
16:13:50.840 - Team 8 is waiting for RouteMarker Dead Sea to be available.
16:13:53.265 - Team 8 is waiting for RouteMarker Dead Sea to be available.
16:13:53.435 - Team 8 is waiting for RouteMarker Dead Sea to be available.
16:13:55.893 - Team 8 is waiting for RouteMarker Dead Sea to be available.
16:13:56.589 - Team 8 approved to enter marker Dead Sea
16:13:56.589 - Team 8 received clue: Roadblock
16:13:56.589 - Team 8 draws random member: Contestant [ name=Lucie Arts, physicalScore=86, mentalScore=42 ]
16:14:00.218 - Team 8 at RM Dead Sea is leaving..
16:14:00.219 - Team 8 driving to marker 4(Dist: 27.8km) for 2700 milliseconds
16:14:02.920 - Team 8 arrived to RouteMarker Acre Market. Checking for approval..
16:14:02.920 - Team 8 approved to enter marker Acre Market
16:14:02.920 - Team 8 received clue: Route Information
16:14:02.924 - Team 8 at RM Acre Market is leaving..
16:14:02.924 - Team 8 driving to marker 5(Dist: 14.2km) for 1400 milliseconds
16:14:04.324 - Team 8 arrived to RouteMarker Kinneret. Checking for approval..
16:14:04.324 - Team 8 approved to enter marker Kinneret
16:14:04.324 - Team 8 received clue: Route Information
16:14:04.324 - Team 8 at RM Kinneret is leaving..
16:14:04.324 - Team 8 driving to marker 6(Dist: 12.5km) for 1200 milliseconds
16:14:05.524 - Team 8 arrived to RouteMarker Bahai Garden. Checking for approval..
16:14:05.524 - Team 8 approved to enter marker Bahai Garden
16:14:05.524 - Team 8 received clue: Detour
16:14:05.524 - Team 8 performing physical task for 850 millis
16:14:06.374 - Team 8 at RM Bahai Garden is leaving..
16:14:06.374 - Team 8 driving to marker 7(Dist: 25.1km) for 2500 milliseconds
16:14:08.874 - Team 8 arrived to RouteMarker Tel Aviv Azrieli Center. Checking for approval..
16:14:08.874 - Team 8 approved to enter marker Tel Aviv Azrieli Center
16:14:08.874 - Team 8 received clue: Route Information
16:14:08.874 - Team 8 at RM Tel Aviv Azrieli Center is leaving..
16:14:16.844 - Team 8 has finished the race!
