16:13:36.623 - Team 10 joined the race!
16:13:36.625 - Team 10 driving to marker 0(Dist: 2.6km) for 200 milliseconds
16:13:36.825 - Team 10 arrived to RouteMarker Hula Valley. Checking for approval..
16:13:36.827 - Team 10 is waiting for RouteMarker Hula Valley to be available.
16:13:36.828 - Team 10 approved to enter marker Hula Valley
16:13:36.828 - Team 10 received clue: Route Information
16:13:36.828 - Team 10 at RM Hula Valley is leaving..
16:13:36.828 - Team 10 driving to marker 1(Dist: 33.0km) for 3300 milliseconds
16:13:40.142 - Team 10 arrived to RouteMarker Ramon Crater. Checking for approval..
16:13:40.142 - Team 10 is waiting for RouteMarker Ramon Crater to be available.
16:13:42.134 - Team 10 approved to enter marker Ramon Crater
16:13:42.134 - Team 10 received clue: Detour
16:13:42.134 - Team 10 performing physical task for 2550 millis
16:13:44.684 - Team 10 at RM Ramon Crater is leaving..
16:13:44.691 - Team 10 driving to marker 2(Dist: 28.0km) for 2800 milliseconds
16:13:47.491 - Team 10 arrived to RouteMarker Jerusalem Old City. Checking for approval..
16:13:47.491 - Team 10 approved to enter marker Jerusalem Old City
16:13:47.491 - Team 10 received clue: Route Information
16:13:47.491 - Team 10 at RM Jerusalem Old City is leaving..
16:13:47.491 - Team 10 driving to marker 3(Dist: 15.6km) for 1500 milliseconds
16:13:48.991 - Team 10 arrived to RouteMarker Dead Sea. Checking for approval..
16:13:48.991 - Team 10 is waiting for RouteMarker Dead Sea to be available.
16:13:49.963 - Team 10 is waiting for RouteMarker Dead Sea to be available.
16:13:50.184 - Team 10 is waiting for RouteMarker Dead Sea to be available.
16:13:50.637 - Team 10 approved to enter marker Dead Sea
16:13:50.637 - Team 10 received clue: Roadblock
16:13:50.638 - Team 10 draws random member: Contestant [ name=Stella Blaha, physicalScore=56, mentalScore=25 ]
16:13:56.589 - Team 10 at RM Dead Sea is leaving..
16:13:56.589 - Team 10 driving to marker 4(Dist: 27.8km) for 2700 milliseconds
16:13:59.289 - Team 10 arrived to RouteMarker Acre Market. Checking for approval..
16:13:59.289 - Team 10 approved to enter marker Acre Market
16:13:59.289 - Team 10 received clue: Route Information
16:13:59.289 - Team 10 at RM Acre Market is leaving..
16:13:59.290 - Team 10 driving to marker 5(Dist: 14.2km) for 1400 milliseconds
16:14:00.690 - Team 10 arrived to RouteMarker Kinneret. Checking for approval..
16:14:00.690 - Team 10 approved to enter marker Kinneret
16:14:00.690 - Team 10 received clue: Route Information
16:14:00.690 - Team 10 at RM Kinneret is leaving..
16:14:00.690 - Team 10 driving to marker 6(Dist: 12.5km) for 1200 milliseconds
16:14:01.890 - Team 10 arrived to RouteMarker Bahai Garden. Checking for approval..
16:14:01.890 - Team 10 approved to enter marker Bahai Garden
16:14:01.890 - Team 10 received clue: Detour
16:14:01.890 - Team 10 performing physical task for 2550 millis
16:14:04.440 - Team 10 at RM Bahai Garden is leaving..
16:14:04.440 - Team 10 driving to marker 7(Dist: 25.1km) for 2500 milliseconds
16:14:06.940 - Team 10 arrived to RouteMarker Tel Aviv Azrieli Center. Checking for approval..
16:14:06.940 - Team 10 approved to enter marker Tel Aviv Azrieli Center
16:14:06.940 - Team 10 received clue: Route Information
16:14:06.940 - Team 10 at RM Tel Aviv Azrieli Center is leaving..
16:14:16.844 - Team 10 has finished the race!
