16:13:36.616 - Team 1 joined the race!
16:13:36.617 - Team 1 driving to marker 0(Dist: 2.6km) for 200 milliseconds
16:13:36.818 - Team 1 arrived to RouteMarker Hula Valley. Checking for approval..
16:13:36.818 - Team 1 approved to enter marker Hula Valley
16:13:36.818 - Team 1 received clue: Route Information
16:13:36.819 - Team 1 at RM Hula Valley is leaving..
16:13:36.819 - Team 1 driving to marker 1(Dist: 33.0km) for 3300 milliseconds
16:13:40.122 - Team 1 arrived to RouteMarker Ramon Crater. Checking for approval..
16:13:40.131 - Team 1 approved to enter marker Ramon Crater
16:13:40.132 - Team 1 received clue: Detour
16:13:40.133 - Team 1 performing mental task for 2200 millis.
16:13:42.333 - Team 1 at RM Ramon Crater is leaving..
16:13:42.338 - Team 1 driving to marker 2(Dist: 28.0km) for 2800 milliseconds
16:13:45.139 - Team 1 arrived to RouteMarker Jerusalem Old City. Checking for approval..
16:13:45.139 - Team 1 approved to enter marker Jerusalem Old City
16:13:45.140 - Team 1 received clue: Route Information
16:13:45.140 - Team 1 at RM Jerusalem Old City is leaving..
16:13:45.140 - Team 1 driving to marker 3(Dist: 15.6km) for 1500 milliseconds
16:13:46.657 - Team 1 arrived to RouteMarker Dead Sea. Checking for approval..
16:13:46.658 - Team 1 approved to enter marker Dead Sea
16:13:46.658 - Team 1 received clue: Roadblock
16:13:46.658 - Team 1 draws random member: Contestant [ name=Elton Victor, physicalScore=69, mentalScore=65 ]
16:13:49.958 - Team 1 at RM Dead Sea is leaving..
16:13:49.963 - Team 1 driving to marker 4(Dist: 27.8km) for 2700 milliseconds
16:13:52.663 - Team 1 arrived to RouteMarker Acre Market. Checking for approval..
16:13:52.663 - Team 1 approved to enter marker Acre Market
16:13:52.663 - Team 1 received clue: Route Information
16:13:52.663 - Team 1 at RM Acre Market is leaving..
16:13:52.663 - Team 1 driving to marker 5(Dist: 14.2km) for 1400 milliseconds
16:13:54.064 - Team 1 arrived to RouteMarker Kinneret. Checking for approval..
16:13:54.064 - Team 1 approved to enter marker Kinneret
16:13:54.064 - Team 1 received clue: Route Information
16:13:54.064 - Team 1 at RM Kinneret is leaving..
16:13:54.064 - Team 1 driving to marker 6(Dist: 12.5km) for 1200 milliseconds
16:13:55.265 - Team 1 arrived to RouteMarker Bahai Garden. Checking for approval..
16:13:55.265 - Team 1 approved to enter marker Bahai Garden
16:13:55.265 - Team 1 received clue: Detour
16:13:55.265 - Team 1 performing mental task for 2200 millis.
16:13:57.465 - Team 1 at RM Bahai Garden is leaving..
16:13:57.465 - Team 1 driving to marker 7(Dist: 25.1km) for 2500 milliseconds
16:13:59.965 - Team 1 arrived to RouteMarker Tel Aviv Azrieli Center. Checking for approval..
16:13:59.967 - Team 1 approved to enter marker Tel Aviv Azrieli Center
16:13:59.967 - Team 1 received clue: Route Information
16:13:59.967 - Team 1 at RM Tel Aviv Azrieli Center is leaving..
16:14:00.986 - Team 1 has finished the race!
