16:13:36.622 - Team 9 joined the race!
16:13:36.622 - Team 9 driving to marker 0(Dist: 2.6km) for 200 milliseconds
16:13:36.824 - Team 9 arrived to RouteMarker Hula Valley. Checking for approval..
16:13:36.825 - Team 9 approved to enter marker Hula Valley
16:13:36.827 - Team 9 received clue: Route Information
16:13:36.828 - Team 9 at RM Hula Valley is leaving..
16:13:36.828 - Team 9 driving to marker 1(Dist: 33.0km) for 3300 milliseconds
16:13:40.140 - Team 9 arrived to RouteMarker Ramon Crater. Checking for approval..
16:13:40.141 - Team 9 is waiting for RouteMarker Ramon Crater to be available.
16:13:42.135 - Team 9 is waiting for RouteMarker Ramon Crater to be available.
16:13:42.340 - Team 9 is waiting for RouteMarker Ramon Crater to be available.
16:13:43.122 - Team 9 approved to enter marker Ramon Crater
16:13:43.122 - Team 9 received clue: Detour
16:13:43.123 - Team 9 performing mental task for 1300 millis.
16:13:44.423 - Team 9 at RM Ramon Crater is leaving..
16:13:44.424 - Team 9 driving to marker 2(Dist: 28.0km) for 2800 milliseconds
16:13:47.224 - Team 9 arrived to RouteMarker Jerusalem Old City. Checking for approval..
16:13:47.224 - Team 9 approved to enter marker Jerusalem Old City
16:13:47.224 - Team 9 received clue: Route Information
16:13:47.224 - Team 9 at RM Jerusalem Old City is leaving..
16:13:47.224 - Team 9 driving to marker 3(Dist: 15.6km) for 1500 milliseconds
16:13:48.724 - Team 9 arrived to RouteMarker Dead Sea. Checking for approval..
16:13:48.724 - Team 9 is waiting for RouteMarker Dead Sea to be available.
16:13:49.963 - Team 9 is waiting for RouteMarker Dead Sea to be available.
16:13:50.184 - Team 9 is waiting for RouteMarker Dead Sea to be available.
16:13:50.638 - Team 9 is waiting for RouteMarker Dead Sea to be available.
16:13:53.265 - Team 9 is waiting for RouteMarker Dead Sea to be available.
16:13:53.435 - Team 9 approved to enter marker Dead Sea
16:13:53.435 - Team 9 received clue: Roadblock
16:13:53.435 - Team 9 draws random member: Contestant [ name=Ohad Piatek, physicalScore=56, mentalScore=95 ]
16:13:55.886 - Team 9 at RM Dead Sea is leaving..
16:13:55.894 - Team 9 driving to marker 4(Dist: 27.8km) for 2700 milliseconds
16:13:58.594 - Team 9 arrived to RouteMarker Acre Market. Checking for approval..
16:13:58.594 - Team 9 approved to enter marker Acre Market
16:13:58.594 - Team 9 received clue: Route Information
16:13:58.594 - Team 9 at RM Acre Market is leaving..
16:13:58.594 - Team 9 driving to marker 5(Dist: 14.2km) for 1400 milliseconds
16:13:59.994 - Team 9 arrived to RouteMarker Kinneret. Checking for approval..
16:13:59.994 - Team 9 approved to enter marker Kinneret
16:13:59.994 - Team 9 received clue: Route Information
16:13:59.995 - Team 9 at RM Kinneret is leaving..
16:13:59.995 - Team 9 driving to marker 6(Dist: 12.5km) for 1200 milliseconds
16:14:01.195 - Team 9 arrived to RouteMarker Bahai Garden. Checking for approval..
16:14:01.195 - Team 9 approved to enter marker Bahai Garden
16:14:01.195 - Team 9 received clue: Detour
16:14:01.195 - Team 9 performing mental task for 1300 millis.
16:14:02.495 - Team 9 at RM Bahai Garden is leaving..
16:14:02.495 - Team 9 driving to marker 7(Dist: 25.1km) for 2500 milliseconds
16:14:04.995 - Team 9 arrived to RouteMarker Tel Aviv Azrieli Center. Checking for approval..
16:14:04.995 - Team 9 approved to enter marker Tel Aviv Azrieli Center
16:14:04.995 - Team 9 received clue: Route Information
16:14:04.995 - Team 9 at RM Tel Aviv Azrieli Center is leaving..
16:14:16.844 - Team 9 has finished the race!
