16:13:36.618 - Team 3 joined the race!
16:13:36.618 - Team 3 driving to marker 0(Dist: 2.6km) for 200 milliseconds
16:13:36.819 - Team 3 arrived to RouteMarker Hula Valley. Checking for approval..
16:13:36.819 - Team 3 approved to enter marker Hula Valley
16:13:36.820 - Team 3 received clue: Route Information
16:13:36.821 - Team 3 at RM Hula Valley is leaving..
16:13:36.821 - Team 3 driving to marker 1(Dist: 33.0km) for 3300 milliseconds
16:13:40.134 - Team 3 arrived to RouteMarker Ramon Crater. Checking for approval..
16:13:40.134 - Team 3 is waiting for RouteMarker Ramon Crater to be available.
16:13:42.138 - Team 3 is waiting for RouteMarker Ramon Crater to be available.
16:13:42.338 - Team 3 approved to enter marker Ramon Crater
16:13:42.338 - Team 3 received clue: Detour
16:13:42.338 - Team 3 performing physical task for 3350 millis
16:13:45.688 - Team 3 at RM Ramon Crater is leaving..
16:13:45.688 - Team 3 driving to marker 2(Dist: 28.0km) for 2800 milliseconds
16:13:48.488 - Team 3 arrived to RouteMarker Jerusalem Old City. Checking for approval..
16:13:48.488 - Team 3 approved to enter marker Jerusalem Old City
16:13:48.488 - Team 3 received clue: Route Information
16:13:48.488 - Team 3 at RM Jerusalem Old City is leaving..
16:13:48.488 - Team 3 driving to marker 3(Dist: 15.6km) for 1500 milliseconds
16:13:49.988 - Team 3 arrived to RouteMarker Dead Sea. Checking for approval..
16:13:49.988 - Team 3 is waiting for RouteMarker Dead Sea to be available.
16:13:50.183 - Team 3 approved to enter marker Dead Sea
16:13:50.184 - Team 3 received clue: Roadblock
16:13:50.184 - Team 3 draws random member: Contestant [ name=Filipa Xanthos, physicalScore=77, mentalScore=58 ]
16:13:53.435 - Team 3 at RM Dead Sea is leaving..
16:13:53.436 - Team 3 driving to marker 4(Dist: 27.8km) for 2700 milliseconds
16:13:56.136 - Team 3 arrived to RouteMarker Acre Market. Checking for approval..
16:13:56.136 - Team 3 approved to enter marker Acre Market
16:13:56.136 - Team 3 received clue: Route Information
16:13:56.136 - Team 3 at RM Acre Market is leaving..
16:13:56.136 - Team 3 driving to marker 5(Dist: 14.2km) for 1400 milliseconds
16:13:57.536 - Team 3 arrived to RouteMarker Kinneret. Checking for approval..
16:13:57.543 - Team 3 approved to enter marker Kinneret
16:13:57.543 - Team 3 received clue: Route Information
16:13:57.543 - Team 3 at RM Kinneret is leaving..
16:13:57.544 - Team 3 driving to marker 6(Dist: 12.5km) for 1200 milliseconds
16:13:58.744 - Team 3 arrived to RouteMarker Bahai Garden. Checking for approval..
16:13:58.744 - Team 3 approved to enter marker Bahai Garden
16:13:58.744 - Team 3 received clue: Detour
16:13:58.744 - Team 3 performing physical task for 3350 millis
16:14:02.094 - Team 3 at RM Bahai Garden is leaving..
16:14:02.094 - Team 3 driving to marker 7(Dist: 25.1km) for 2500 milliseconds
16:14:04.595 - Team 3 arrived to RouteMarker Tel Aviv Azrieli Center. Checking for approval..
16:14:04.595 - Team 3 approved to enter marker Tel Aviv Azrieli Center
16:14:04.595 - Team 3 received clue: Route Information
16:14:04.595 - Team 3 at RM Tel Aviv Azrieli Center is leaving..
16:14:04.595 - Team 3 has finished the race!
