16:01:10.658 - Team 9 joined the race!
16:01:10.658 - Team 9 driving to marker 0(Dist: 2.6km) for 200 milliseconds
16:01:10.861 - Team 9 arrived to RouteMarker Hula Valley. Checking for approval..
16:01:10.862 - Team 9 approved to enter marker Hula Valley
16:01:10.862 - Team 9 received clue: Route Information
16:01:10.863 - Team 9 at RM Hula Valley is leaving..
16:01:10.863 - Team 9 driving to marker 1(Dist: 33.0km) for 3300 milliseconds
16:01:14.164 - Team 9 arrived to RouteMarker Ramon Crater. Checking for approval..
16:01:14.164 - Team 9 approved to enter marker Ramon Crater
16:01:14.164 - Team 9 received clue: Detour
16:01:14.164 - Team 9 performing mental task for 1300 millis.
16:01:15.464 - Team 9 at RM Ramon Crater is leaving..
16:01:15.473 - Team 9 driving to marker 2(Dist: 28.0km) for 2800 milliseconds
16:01:18.273 - Team 9 arrived to RouteMarker Jerusalem Old City. Checking for approval..
16:01:18.273 - Team 9 approved to enter marker Jerusalem Old City
16:01:18.273 - Team 9 received clue: Route Information
16:01:18.273 - Team 9 at RM Jerusalem Old City is leaving..
16:01:18.274 - Team 9 driving to marker 3(Dist: 15.6km) for 1500 milliseconds
16:01:19.774 - Team 9 arrived to RouteMarker Dead Sea. Checking for approval..
16:01:19.774 - Team 9 approved to enter marker Dead Sea
16:01:19.774 - Team 9 received clue: Roadblock
16:01:21.025 - Team 9 at RM Dead Sea is leaving..
16:01:21.025 - Team 9 driving to marker 4(Dist: 27.8km) for 2700 milliseconds
16:01:23.726 - Team 9 arrived to RouteMarker Acre Market. Checking for approval..
16:01:23.727 - Team 9 approved to enter marker Acre Market
16:01:23.727 - Team 9 received clue: Route Information
16:01:23.727 - Team 9 at RM Acre Market is leaving..
16:01:23.727 - Team 9 driving to marker 5(Dist: 14.2km) for 1400 milliseconds
16:01:25.127 - Team 9 arrived to RouteMarker Kinneret. Checking for approval..
16:01:25.127 - Team 9 approved to enter marker Kinneret
16:01:25.127 - Team 9 received clue: Route Information
16:01:25.127 - Team 9 at RM Kinneret is leaving..
16:01:25.127 - Team 9 driving to marker 6(Dist: 12.5km) for 1200 milliseconds
16:01:26.329 - Team 9 arrived to RouteMarker Bahai Garden. Checking for approval..
16:01:26.333 - Team 9 approved to enter marker Bahai Garden
16:01:26.334 - Team 9 received clue: Detour
16:01:26.334 - Team 9 performing mental task for 1300 millis.
16:01:27.642 - Team 9 at RM Bahai Garden is leaving..
16:01:27.642 - Team 9 driving to marker 7(Dist: 25.1km) for 2500 milliseconds
16:01:30.143 - Team 9 arrived to RouteMarker Tel Aviv Azrieli Center. Checking for approval..
16:01:30.143 - Team 9 approved to enter marker Tel Aviv Azrieli Center
16:01:30.143 - Team 9 received clue: Route Information
16:01:30.143 - Team 9 at RM Tel Aviv Azrieli Center is leaving..
