16:01:10.662 - Team 5 joined the race!
16:01:10.662 - Team 5 driving to marker 0(Dist: 2.6km) for 200 milliseconds
16:01:10.873 - Team 5 arrived to RouteMarker Hula Valley. Checking for approval..
16:01:10.874 - Team 5 approved to enter marker Hula Valley
16:01:10.874 - Team 5 received clue: Route Information
16:01:10.874 - Team 5 at RM Hula Valley is leaving..
16:01:10.874 - Team 5 driving to marker 1(Dist: 33.0km) for 3300 milliseconds
16:01:14.175 - Team 5 arrived to RouteMarker Ramon Crater. Checking for approval..
16:01:14.175 - Team 5 is waiting for RouteMarker Ramon Crater to be available.
16:01:15.466 - Team 5 is waiting for RouteMarker Ramon Crater to be available.
16:01:16.173 - Team 5 is waiting for RouteMarker Ramon Crater to be available.
16:01:16.323 - Team 5 approved to enter marker Ramon Crater
16:01:16.323 - Team 5 received clue: Detour
16:01:16.323 - Team 5 performing physical task for 2400 millis
16:01:18.724 - Team 5 at RM Ramon Crater is leaving..
16:01:18.725 - Team 5 driving to marker 2(Dist: 28.0km) for 2800 milliseconds
16:01:21.525 - Team 5 arrived to RouteMarker Jerusalem Old City. Checking for approval..
16:01:21.525 - Team 5 approved to enter marker Jerusalem Old City
16:01:21.525 - Team 5 received clue: Route Information
16:01:21.525 - Team 5 at RM Jerusalem Old City is leaving..
16:01:21.525 - Team 5 driving to marker 3(Dist: 15.6km) for 1500 milliseconds
16:01:23.025 - Team 5 arrived to RouteMarker Dead Sea. Checking for approval..
16:01:23.025 - Team 5 is waiting for RouteMarker Dead Sea to be available.
16:01:23.931 - Team 5 approved to enter marker Dead Sea
16:01:23.931 - Team 5 received clue: Roadblock
16:01:26.133 - Team 5 at RM Dead Sea is leaving..
16:01:26.134 - Team 5 driving to marker 4(Dist: 27.8km) for 2700 milliseconds
16:01:28.834 - Team 5 arrived to RouteMarker Acre Market. Checking for approval..
16:01:28.834 - Team 5 approved to enter marker Acre Market
16:01:28.834 - Team 5 received clue: Route Information
16:01:28.834 - Team 5 at RM Acre Market is leaving..
16:01:28.834 - Team 5 driving to marker 5(Dist: 14.2km) for 1400 milliseconds
16:01:30.234 - Team 5 arrived to RouteMarker Kinneret. Checking for approval..
16:01:30.234 - Team 5 approved to enter marker Kinneret
16:01:30.234 - Team 5 received clue: Route Information
16:01:30.234 - Team 5 at RM Kinneret is leaving..
16:01:30.234 - Team 5 driving to marker 6(Dist: 12.5km) for 1200 milliseconds
16:01:31.434 - Team 5 arrived to RouteMarker Bahai Garden. Checking for approval..
16:01:31.436 - Team 5 approved to enter marker Bahai Garden
16:01:31.436 - Team 5 received clue: Detour
16:01:31.436 - Team 5 performing physical task for 2400 millis
16:01:33.836 - Team 5 at RM Bahai Garden is leaving..
16:01:33.836 - Team 5 driving to marker 7(Dist: 25.1km) for 2500 milliseconds
16:01:36.353 - Team 5 arrived to RouteMarker Tel Aviv Azrieli Center. Checking for approval..
16:01:36.353 - Team 5 approved to enter marker Tel Aviv Azrieli Center
16:01:36.353 - Team 5 received clue: Route Information
16:01:36.354 - Team 5 at RM Tel Aviv Azrieli Center is leaving..
