16:01:10.660 - Team 6 joined the race!
16:01:10.661 - Team 6 driving to marker 0(Dist: 2.6km) for 200 milliseconds
16:01:10.868 - Team 6 arrived to RouteMarker Hula Valley. Checking for approval..
16:01:10.869 - Team 6 approved to enter marker Hula Valley
16:01:10.869 - Team 6 received clue: Route Information
16:01:10.869 - Team 6 at RM Hula Valley is leaving..
16:01:10.869 - Team 6 driving to marker 1(Dist: 33.0km) for 3300 milliseconds
16:01:14.169 - Team 6 arrived to RouteMarker Ramon Crater. Checking for approval..
16:01:14.169 - Team 6 is waiting for RouteMarker Ramon Crater to be available.
16:01:15.467 - Team 6 is waiting for RouteMarker Ramon Crater to be available.
16:01:16.164 - Team 6 is waiting for RouteMarker Ramon Crater to be available.
16:01:16.328 - Team 6 is waiting for RouteMarker Ramon Crater to be available.
16:01:17.160 - Team 6 approved to enter marker Ramon Crater
16:01:17.160 - Team 6 received clue: Detour
16:01:17.160 - Team 6 performing physical task for 5600 millis
16:01:22.760 - Team 6 at RM Ramon Crater is leaving..
16:01:22.760 - Team 6 driving to marker 2(Dist: 28.0km) for 2800 milliseconds
16:01:25.560 - Team 6 arrived to RouteMarker Jerusalem Old City. Checking for approval..
16:01:25.560 - Team 6 approved to enter marker Jerusalem Old City
16:01:25.560 - Team 6 received clue: Route Information
16:01:25.560 - Team 6 at RM Jerusalem Old City is leaving..
16:01:25.560 - Team 6 driving to marker 3(Dist: 15.6km) for 1500 milliseconds
16:01:27.061 - Team 6 arrived to RouteMarker Dead Sea. Checking for approval..
16:01:27.061 - Team 6 is waiting for RouteMarker Dead Sea to be available.
16:01:27.535 - Team 6 is waiting for RouteMarker Dead Sea to be available.
16:01:29.435 - Team 6 is waiting for RouteMarker Dead Sea to be available.
16:01:30.070 - Team 6 approved to enter marker Dead Sea
16:01:30.070 - Team 6 received clue: Roadblock
16:01:35.621 - Team 6 at RM Dead Sea is leaving..
16:01:35.621 - Team 6 driving to marker 4(Dist: 27.8km) for 2700 milliseconds
16:01:38.321 - Team 6 arrived to RouteMarker Acre Market. Checking for approval..
16:01:38.321 - Team 6 approved to enter marker Acre Market
16:01:38.321 - Team 6 received clue: Route Information
16:01:38.321 - Team 6 at RM Acre Market is leaving..
16:01:38.321 - Team 6 driving to marker 5(Dist: 14.2km) for 1400 milliseconds
16:01:39.721 - Team 6 arrived to RouteMarker Kinneret. Checking for approval..
16:01:39.721 - Team 6 approved to enter marker Kinneret
16:01:39.721 - Team 6 received clue: Route Information
16:01:39.721 - Team 6 at RM Kinneret is leaving..
16:01:39.721 - Team 6 driving to marker 6(Dist: 12.5km) for 1200 milliseconds
16:01:40.927 - Team 6 arrived to RouteMarker Bahai Garden. Checking for approval..
16:01:40.927 - Team 6 approved to enter marker Bahai Garden
16:01:40.927 - Team 6 received clue: Detour
16:01:40.927 - Team 6 performing physical task for 5600 millis
16:01:46.528 - Team 6 at RM Bahai Garden is leaving..
16:01:46.528 - Team 6 driving to marker 7(Dist: 25.1km) for 2500 milliseconds
16:01:49.028 - Team 6 arrived to RouteMarker Tel Aviv Azrieli Center. Checking for approval..
16:01:49.028 - Team 6 approved to enter marker Tel Aviv Azrieli Center
16:01:49.028 - Team 6 received clue: Route Information
16:01:49.028 - Team 6 at RM Tel Aviv Azrieli Center is leaving..
