16:01:10.655 - Team 0 joined the race!
16:01:10.656 - Team 0 driving to marker 0(Dist: 2.6km) for 200 milliseconds
16:01:10.856 - Team 0 arrived to RouteMarker Hula Valley. Checking for approval..
16:01:10.856 - Team 0 approved to enter marker Hula Valley
16:01:10.857 - Team 0 received clue: Route Information
16:01:10.857 - Team 0 at RM Hula Valley is leaving..
16:01:10.858 - Team 0 driving to marker 1(Dist: 33.0km) for 3300 milliseconds
16:01:14.159 - Team 0 arrived to RouteMarker Ramon Crater. Checking for approval..
16:01:14.159 - Team 0 approved to enter marker Ramon Crater
16:01:14.159 - Team 0 received clue: Detour
16:01:14.159 - Team 0 performing physical task for 3000 millis
16:01:17.159 - Team 0 at RM Ramon Crater is leaving..
16:01:17.160 - Team 0 driving to marker 2(Dist: 28.0km) for 2800 milliseconds
16:01:19.960 - Team 0 arrived to RouteMarker Jerusalem Old City. Checking for approval..
16:01:19.964 - Team 0 approved to enter marker Jerusalem Old City
16:01:19.964 - Team 0 received clue: Route Information
16:01:19.964 - Team 0 at RM Jerusalem Old City is leaving..
16:01:19.964 - Team 0 driving to marker 3(Dist: 15.6km) for 1500 milliseconds
16:01:21.464 - Team 0 arrived to RouteMarker Dead Sea. Checking for approval..
16:01:21.464 - Team 0 approved to enter marker Dead Sea
16:01:21.464 - Team 0 received clue: Roadblock
16:01:25.019 - Team 0 at RM Dead Sea is leaving..
16:01:25.019 - Team 0 driving to marker 4(Dist: 27.8km) for 2700 milliseconds
16:01:27.721 - Team 0 arrived to RouteMarker Acre Market. Checking for approval..
16:01:27.721 - Team 0 approved to enter marker Acre Market
16:01:27.721 - Team 0 received clue: Route Information
16:01:27.721 - Team 0 at RM Acre Market is leaving..
16:01:27.721 - Team 0 driving to marker 5(Dist: 14.2km) for 1400 milliseconds
16:01:29.122 - Team 0 arrived to RouteMarker Kinneret. Checking for approval..
16:01:29.122 - Team 0 approved to enter marker Kinneret
16:01:29.122 - Team 0 received clue: Route Information
16:01:29.122 - Team 0 at RM Kinneret is leaving..
16:01:29.122 - Team 0 driving to marker 6(Dist: 12.5km) for 1200 milliseconds
16:01:30.322 - Team 0 arrived to RouteMarker Bahai Garden. Checking for approval..
16:01:30.322 - Team 0 approved to enter marker Bahai Garden
16:01:30.322 - Team 0 received clue: Detour
16:01:30.322 - Team 0 performing physical task for 3000 millis
16:01:33.322 - Team 0 at RM Bahai Garden is leaving..
16:01:33.322 - Team 0 driving to marker 7(Dist: 25.1km) for 2500 milliseconds
16:01:35.822 - Team 0 arrived to RouteMarker Tel Aviv Azrieli Center. Checking for approval..
16:01:35.825 - Team 0 approved to enter marker Tel Aviv Azrieli Center
16:01:35.825 - Team 0 received clue: Route Information
16:01:35.825 - Team 0 at RM Tel Aviv Azrieli Center is leaving..
