18:26:57.024 - Starting simulating race
18:26:57.034 - Importing teams from teams.json
18:26:57.053 - Importing Route Markers from markers.json
18:26:57.058 - Team 0 joined the race!
18:26:57.058 - Team 1 joined the race!
18:26:57.058 - Team 0 driving to marker 0(Dist: 2.6km) for 200 milliseconds
18:26:57.058 - Team 1 driving to marker 0(Dist: 2.6km) for 200 milliseconds
18:26:57.060 - Team 2 joined the race!
18:26:57.060 - Team 2 driving to marker 0(Dist: 2.6km) for 200 milliseconds
18:26:57.060 - Team 4 joined the race!
18:26:57.061 - Team 4 driving to marker 0(Dist: 2.6km) for 200 milliseconds
18:26:57.062 - Team 7 joined the race!
18:26:57.062 - Team 7 driving to marker 0(Dist: 2.6km) for 200 milliseconds
18:26:57.063 - Team 9 joined the race!
18:26:57.063 - Team 9 driving to marker 0(Dist: 2.6km) for 200 milliseconds
18:26:57.064 - Team 3 joined the race!
18:26:57.064 - Team 3 driving to marker 0(Dist: 2.6km) for 200 milliseconds
18:26:57.061 - Team 6 joined the race!
18:26:57.064 - Team 6 driving to marker 0(Dist: 2.6km) for 200 milliseconds
18:26:57.065 - Team 8 joined the race!
18:26:57.065 - Team 8 driving to marker 0(Dist: 2.6km) for 200 milliseconds
18:26:57.065 - Team 10 joined the race!
18:26:57.065 - Team 10 driving to marker 0(Dist: 2.6km) for 200 milliseconds
18:26:57.066 - Team 5 joined the race!
18:26:57.066 - Team 5 driving to marker 0(Dist: 2.6km) for 200 milliseconds
18:26:57.258 - Team 0 arrived to RouteMarker Hula Valley. Checking for approval..
18:26:57.258 - Team 0 approved to enter marker Hula Valley
18:26:57.258 - Team 0 received clue: Route Information
18:26:57.259 - Team 0 at RM Hula Valley is leaving..
18:26:57.259 - Team 0 driving to marker 1(Dist: 33.0km) for 3300 milliseconds
18:26:57.260 - Team 2 arrived to RouteMarker Hula Valley. Checking for approval..
18:26:57.260 - Team 2 approved to enter marker Hula Valley
18:26:57.260 - Team 2 received clue: Route Information
18:26:57.260 - Team 2 at RM Hula Valley is leaving..
18:26:57.260 - Team 2 driving to marker 1(Dist: 33.0km) for 3300 milliseconds
18:26:57.261 - Team 1 arrived to RouteMarker Hula Valley. Checking for approval..
18:26:57.261 - Team 1 approved to enter marker Hula Valley
18:26:57.261 - Team 1 received clue: Route Information
18:26:57.261 - Team 1 at RM Hula Valley is leaving..
18:26:57.261 - Team 1 driving to marker 1(Dist: 33.0km) for 3300 milliseconds
18:26:57.261 - Team 4 arrived to RouteMarker Hula Valley. Checking for approval..
18:26:57.262 - Team 4 approved to enter marker Hula Valley
18:26:57.262 - Team 4 received clue: Route Information
18:26:57.262 - Team 4 at RM Hula Valley is leaving..
18:26:57.262 - Team 4 driving to marker 1(Dist: 33.0km) for 3300 milliseconds
18:26:57.263 - Team 9 arrived to RouteMarker Hula Valley. Checking for approval..
18:26:57.263 - Team 9 approved to enter marker Hula Valley
18:26:57.263 - Team 9 received clue: Route Information
18:26:57.263 - Team 7 arrived to RouteMarker Hula Valley. Checking for approval..
18:26:57.263 - Team 9 at RM Hula Valley is leaving..
18:26:57.263 - Team 9 driving to marker 1(Dist: 33.0km) for 3300 milliseconds
18:26:57.263 - Team 7 approved to enter marker Hula Valley
18:26:57.264 - Team 7 received clue: Route Information
18:26:57.264 - Team 7 at RM Hula Valley is leaving..
18:26:57.264 - Team 7 driving to marker 1(Dist: 33.0km) for 3300 milliseconds
18:26:57.264 - Team 6 arrived to RouteMarker Hula Valley. Checking for approval..
18:26:57.264 - Team 6 approved to enter marker Hula Valley
18:26:57.264 - Team 6 received clue: Route Information
18:26:57.265 - Team 6 at RM Hula Valley is leaving..
18:26:57.265 - Team 6 driving to marker 1(Dist: 33.0km) for 3300 milliseconds
18:26:57.265 - Team 3 arrived to RouteMarker Hula Valley. Checking for approval..
18:26:57.265 - Team 10 arrived to RouteMarker Hula Valley. Checking for approval..
18:26:57.265 - Team 10 approved to enter marker Hula Valley
18:26:57.265 - Team 10 received clue: Route Information
18:26:57.266 - Team 8 arrived to RouteMarker Hula Valley. Checking for approval..
18:26:57.266 - Team 8 approved to enter marker Hula Valley
18:26:57.266 - Team 8 received clue: Route Information
18:26:57.266 - Team 8 at RM Hula Valley is leaving..
18:26:57.266 - Team 8 driving to marker 1(Dist: 33.0km) for 3300 milliseconds
18:26:57.267 - Team 5 arrived to RouteMarker Hula Valley. Checking for approval..
18:26:57.267 - Team 5 approved to enter marker Hula Valley
18:26:57.267 - Team 10 at RM Hula Valley is leaving..
18:26:57.267 - Team 5 received clue: Route Information
18:26:57.268 - Team 10 driving to marker 1(Dist: 33.0km) for 3300 milliseconds
18:26:57.268 - Team 5 at RM Hula Valley is leaving..
18:26:57.268 - Team 5 driving to marker 1(Dist: 33.0km) for 3300 milliseconds
18:26:57.269 - Team 3 approved to enter marker Hula Valley
18:26:57.269 - Team 3 received clue: Route Information
18:26:57.269 - Team 3 at RM Hula Valley is leaving..
18:26:57.269 - Team 3 driving to marker 1(Dist: 33.0km) for 3300 milliseconds
18:27:00.559 - Team 0 arrived to RouteMarker Ramon Crater. Checking for approval..
18:27:00.559 - Team 0 approved to enter marker Ramon Crater
18:27:00.560 - Team 0 received clue: Detour
18:27:00.561 - Team 0 performing physical task for 3000 millis
18:27:00.562 - Team 2 arrived to RouteMarker Ramon Crater. Checking for approval..
18:27:00.566 - Team 2 approved to enter marker Ramon Crater
18:27:00.574 - Team 2 received clue: Detour
18:27:00.576 - Team 2 performing mental task for 2000 millis.
18:27:00.576 - Team 1 arrived to RouteMarker Ramon Crater. Checking for approval..
18:27:00.576 - Team 1 approved to enter marker Ramon Crater
18:27:00.576 - Team 1 received clue: Detour
18:27:00.577 - Team 4 arrived to RouteMarker Ramon Crater. Checking for approval..
18:27:00.577 - Team 1 performing mental task for 2200 millis.
18:27:00.577 - Team 9 arrived to RouteMarker Ramon Crater. Checking for approval..
18:27:00.577 - Team 9 is waiting for RouteMarker Ramon Crater to be available.
18:27:00.577 - Team 4 is waiting for RouteMarker Ramon Crater to be available.
18:27:00.577 - Team 7 arrived to RouteMarker Ramon Crater. Checking for approval..
18:27:00.577 - Team 7 is waiting for RouteMarker Ramon Crater to be available.
18:27:00.577 - Team 6 arrived to RouteMarker Ramon Crater. Checking for approval..
18:27:00.577 - Team 6 is waiting for RouteMarker Ramon Crater to be available.
18:27:00.577 - Team 8 arrived to RouteMarker Ramon Crater. Checking for approval..
18:27:00.578 - Team 8 is waiting for RouteMarker Ramon Crater to be available.
18:27:00.578 - Team 5 arrived to RouteMarker Ramon Crater. Checking for approval..
18:27:00.578 - Team 5 is waiting for RouteMarker Ramon Crater to be available.
18:27:00.578 - Team 10 arrived to RouteMarker Ramon Crater. Checking for approval..
18:27:00.578 - Team 3 arrived to RouteMarker Ramon Crater. Checking for approval..
18:27:00.578 - Team 10 is waiting for RouteMarker Ramon Crater to be available.
18:27:00.582 - Team 3 is waiting for RouteMarker Ramon Crater to be available.
18:27:02.576 - Team 2 at RM Ramon Crater is leaving..
18:27:02.576 - Team 3 approved to enter marker Ramon Crater
18:27:02.576 - Team 3 received clue: Detour
18:27:02.576 - Team 3 performing physical task for 3350 millis
18:27:02.576 - Team 10 is waiting for RouteMarker Ramon Crater to be available.
18:27:02.577 - Team 5 is waiting for RouteMarker Ramon Crater to be available.
18:27:02.577 - Team 8 is waiting for RouteMarker Ramon Crater to be available.
18:27:02.577 - Team 6 is waiting for RouteMarker Ramon Crater to be available.
18:27:02.577 - Team 7 is waiting for RouteMarker Ramon Crater to be available.
18:27:02.577 - Team 4 is waiting for RouteMarker Ramon Crater to be available.
18:27:02.578 - Team 9 is waiting for RouteMarker Ramon Crater to be available.
18:27:02.578 - Team 2 driving to marker 2(Dist: 28.0km) for 2800 milliseconds
18:27:02.777 - Team 1 at RM Ramon Crater is leaving..
18:27:02.783 - Team 9 approved to enter marker Ramon Crater
18:27:02.783 - Team 9 received clue: Detour
18:27:02.783 - Team 9 performing mental task for 1300 millis.
18:27:02.783 - Team 4 is waiting for RouteMarker Ramon Crater to be available.
18:27:02.783 - Team 7 is waiting for RouteMarker Ramon Crater to be available.
18:27:02.784 - Team 6 is waiting for RouteMarker Ramon Crater to be available.
18:27:02.785 - Team 8 is waiting for RouteMarker Ramon Crater to be available.
18:27:02.789 - Team 5 is waiting for RouteMarker Ramon Crater to be available.
18:27:02.790 - Team 10 is waiting for RouteMarker Ramon Crater to be available.
18:27:02.790 - Team 1 driving to marker 2(Dist: 28.0km) for 2800 milliseconds
18:27:03.561 - Team 0 at RM Ramon Crater is leaving..
18:27:03.561 - Team 10 approved to enter marker Ramon Crater
18:27:03.561 - Team 10 received clue: Detour
18:27:03.561 - Team 10 performing physical task for 2550 millis
18:27:03.561 - Team 5 is waiting for RouteMarker Ramon Crater to be available.
18:27:03.561 - Team 8 is waiting for RouteMarker Ramon Crater to be available.
18:27:03.562 - Team 6 is waiting for RouteMarker Ramon Crater to be available.
18:27:03.570 - Team 7 is waiting for RouteMarker Ramon Crater to be available.
18:27:03.570 - Team 4 is waiting for RouteMarker Ramon Crater to be available.
18:27:03.570 - Team 0 driving to marker 2(Dist: 28.0km) for 2800 milliseconds
18:27:04.083 - Team 9 at RM Ramon Crater is leaving..
18:27:04.083 - Team 4 approved to enter marker Ramon Crater
18:27:04.083 - Team 4 received clue: Detour
18:27:04.083 - Team 4 performing mental task for 1000 millis.
18:27:04.083 - Team 7 is waiting for RouteMarker Ramon Crater to be available.
18:27:04.083 - Team 6 is waiting for RouteMarker Ramon Crater to be available.
18:27:04.083 - Team 8 is waiting for RouteMarker Ramon Crater to be available.
18:27:04.084 - Team 5 is waiting for RouteMarker Ramon Crater to be available.
18:27:04.084 - Team 9 driving to marker 2(Dist: 28.0km) for 2800 milliseconds
18:27:05.083 - Team 4 at RM Ramon Crater is leaving..
18:27:05.083 - Team 5 approved to enter marker Ramon Crater
18:27:05.083 - Team 5 received clue: Detour
18:27:05.083 - Team 5 performing physical task for 2400 millis
18:27:05.083 - Team 8 is waiting for RouteMarker Ramon Crater to be available.
18:27:05.083 - Team 6 is waiting for RouteMarker Ramon Crater to be available.
18:27:05.088 - Team 7 is waiting for RouteMarker Ramon Crater to be available.
18:27:05.089 - Team 4 driving to marker 2(Dist: 28.0km) for 2800 milliseconds
18:27:05.378 - Team 2 arrived to RouteMarker Jerusalem Old City. Checking for approval..
18:27:05.378 - Team 2 approved to enter marker Jerusalem Old City
18:27:05.378 - Team 2 received clue: Route Information
18:27:05.378 - Team 2 at RM Jerusalem Old City is leaving..
18:27:05.378 - Team 2 driving to marker 3(Dist: 15.6km) for 1500 milliseconds
18:27:05.593 - Team 1 arrived to RouteMarker Jerusalem Old City. Checking for approval..
18:27:05.593 - Team 1 approved to enter marker Jerusalem Old City
18:27:05.593 - Team 1 received clue: Route Information
18:27:05.594 - Team 1 at RM Jerusalem Old City is leaving..
18:27:05.594 - Team 1 driving to marker 3(Dist: 15.6km) for 1500 milliseconds
18:27:05.926 - Team 3 at RM Ramon Crater is leaving..
18:27:05.926 - Team 7 approved to enter marker Ramon Crater
18:27:05.927 - Team 7 received clue: Detour
18:27:05.927 - Team 7 performing mental task for 3250 millis.
18:27:05.927 - Team 6 is waiting for RouteMarker Ramon Crater to be available.
18:27:05.927 - Team 8 is waiting for RouteMarker Ramon Crater to be available.
18:27:05.927 - Team 3 driving to marker 2(Dist: 28.0km) for 2800 milliseconds
18:27:06.111 - Team 10 at RM Ramon Crater is leaving..
18:27:06.115 - Team 8 approved to enter marker Ramon Crater
18:27:06.115 - Team 8 received clue: Detour
18:27:06.115 - Team 8 performing physical task for 850 millis
18:27:06.115 - Team 6 is waiting for RouteMarker Ramon Crater to be available.
18:27:06.115 - Team 10 driving to marker 2(Dist: 28.0km) for 2800 milliseconds
18:27:06.370 - Team 0 arrived to RouteMarker Jerusalem Old City. Checking for approval..
18:27:06.370 - Team 0 approved to enter marker Jerusalem Old City
18:27:06.370 - Team 0 received clue: Route Information
18:27:06.370 - Team 0 at RM Jerusalem Old City is leaving..
18:27:06.370 - Team 0 driving to marker 3(Dist: 15.6km) for 1500 milliseconds
18:27:06.881 - Team 2 arrived to RouteMarker Dead Sea. Checking for approval..
18:27:06.881 - Team 2 approved to enter marker Dead Sea
18:27:06.882 - Team 2 received clue: Roadblock
18:27:06.882 - Performing a member roadblock task
18:27:06.883 - Team 2 draws random member: Contestant [ name=Jana Cleve, physicalScore=43, mentalScore=88 ]
18:27:06.883 - Member Jana Cleve performing combined task for 3450 millis.
18:27:06.886 - Team 9 arrived to RouteMarker Jerusalem Old City. Checking for approval..
18:27:06.886 - Team 9 approved to enter marker Jerusalem Old City
18:27:06.886 - Team 9 received clue: Route Information
18:27:06.886 - Team 9 at RM Jerusalem Old City is leaving..
18:27:06.886 - Team 9 driving to marker 3(Dist: 15.6km) for 1500 milliseconds
18:27:06.966 - Team 8 at RM Ramon Crater is leaving..
18:27:06.966 - Team 6 approved to enter marker Ramon Crater
18:27:06.967 - Team 6 received clue: Detour
18:27:06.967 - Team 6 performing physical task for 5600 millis
18:27:06.967 - Team 8 driving to marker 2(Dist: 28.0km) for 2800 milliseconds
18:27:07.095 - Team 1 arrived to RouteMarker Dead Sea. Checking for approval..
18:27:07.095 - Team 1 approved to enter marker Dead Sea
18:27:07.095 - Team 1 received clue: Roadblock
18:27:07.095 - Performing a member roadblock task
18:27:07.096 - Team 1 draws random member: Contestant [ name=Elton Victor, physicalScore=69, mentalScore=65 ]
18:27:07.096 - Member Elton Victor performing combined task for 3300 millis.
18:27:07.484 - Team 5 at RM Ramon Crater is leaving..
18:27:07.484 - Team 5 driving to marker 2(Dist: 28.0km) for 2800 milliseconds
18:27:07.871 - Team 0 arrived to RouteMarker Dead Sea. Checking for approval..
18:27:07.871 - Team 0 approved to enter marker Dead Sea
18:27:07.872 - Team 0 received clue: Roadblock
18:27:07.872 - Performing a member roadblock task
18:27:07.873 - Team 0 draws random member: Contestant [ name=Rahmi Girish, physicalScore=67, mentalScore=78 ]
18:27:07.873 - Member Rahmi Girish performing combined task for 2750 millis.
18:27:07.892 - Team 4 arrived to RouteMarker Jerusalem Old City. Checking for approval..
18:27:07.892 - Team 4 approved to enter marker Jerusalem Old City
18:27:07.892 - Team 4 received clue: Route Information
18:27:07.892 - Team 4 at RM Jerusalem Old City is leaving..
18:27:07.892 - Team 4 driving to marker 3(Dist: 15.6km) for 1500 milliseconds
18:27:08.386 - Team 9 arrived to RouteMarker Dead Sea. Checking for approval..
18:27:08.386 - Team 9 is waiting for RouteMarker Dead Sea to be available.
18:27:08.728 - Team 3 arrived to RouteMarker Jerusalem Old City. Checking for approval..
18:27:08.728 - Team 3 approved to enter marker Jerusalem Old City
18:27:08.728 - Team 3 received clue: Route Information
18:27:08.728 - Team 3 at RM Jerusalem Old City is leaving..
18:27:08.728 - Team 3 driving to marker 3(Dist: 15.6km) for 1500 milliseconds
18:27:08.916 - Team 10 arrived to RouteMarker Jerusalem Old City. Checking for approval..
18:27:08.916 - Team 10 approved to enter marker Jerusalem Old City
18:27:08.916 - Team 10 received clue: Route Information
18:27:08.916 - Team 10 at RM Jerusalem Old City is leaving..
18:27:08.917 - Team 10 driving to marker 3(Dist: 15.6km) for 1500 milliseconds
18:27:09.178 - Team 7 at RM Ramon Crater is leaving..
18:27:09.178 - Team 7 driving to marker 2(Dist: 28.0km) for 2800 milliseconds
18:27:09.392 - Team 4 arrived to RouteMarker Dead Sea. Checking for approval..
18:27:09.392 - Team 4 is waiting for RouteMarker Dead Sea to be available.
18:27:09.767 - Team 8 arrived to RouteMarker Jerusalem Old City. Checking for approval..
18:27:09.767 - Team 8 approved to enter marker Jerusalem Old City
18:27:09.767 - Team 8 received clue: Route Information
18:27:09.767 - Team 8 at RM Jerusalem Old City is leaving..
18:27:09.767 - Team 8 driving to marker 3(Dist: 15.6km) for 1500 milliseconds
18:27:10.230 - Team 3 arrived to RouteMarker Dead Sea. Checking for approval..
18:27:10.231 - Team 3 is waiting for RouteMarker Dead Sea to be available.
18:27:10.284 - Team 5 arrived to RouteMarker Jerusalem Old City. Checking for approval..
18:27:10.284 - Team 5 approved to enter marker Jerusalem Old City
18:27:10.284 - Team 5 received clue: Route Information
18:27:10.286 - Team 5 at RM Jerusalem Old City is leaving..
18:27:10.286 - Team 5 driving to marker 3(Dist: 15.6km) for 1500 milliseconds
18:27:10.334 - Member Jana Cleve finished the combined task!
18:27:10.334 - Team 2 at RM Dead Sea is leaving..
18:27:10.334 - Team 3 approved to enter marker Dead Sea
18:27:10.334 - Team 3 received clue: Roadblock
18:27:10.334 - Performing a member roadblock task
18:27:10.335 - Team 3 draws random member: Contestant [ name=Ema Major, physicalScore=56, mentalScore=43 ]
18:27:10.338 - Member Ema Major performing combined task for 5050 millis.
18:27:10.338 - Team 4 is waiting for RouteMarker Dead Sea to be available.
18:27:10.339 - Team 9 is waiting for RouteMarker Dead Sea to be available.
18:27:10.339 - Team 2 driving to marker 4(Dist: 27.8km) for 2700 milliseconds
18:27:10.396 - Member Elton Victor finished the combined task!
18:27:10.396 - Team 1 at RM Dead Sea is leaving..
18:27:10.396 - Team 9 approved to enter marker Dead Sea
18:27:10.396 - Team 4 approved to enter marker Dead Sea
18:27:10.396 - Team 4 received clue: Roadblock
18:27:10.396 - Team 9 received clue: Roadblock
18:27:10.396 - Performing a member roadblock task
18:27:10.396 - Performing a member roadblock task
18:27:10.396 - Team 4 draws random member: Contestant [ name=Nicole McKenzie, physicalScore=45, mentalScore=89 ]
18:27:10.396 - Member Nicole McKenzie performing combined task for 3300 millis.
18:27:10.396 - Team 1 driving to marker 4(Dist: 27.8km) for 2700 milliseconds
18:27:10.397 - Team 9 draws random member: Contestant [ name=Pastor Wilcox, physicalScore=96, mentalScore=79 ]
18:27:10.397 - Member Pastor Wilcox performing combined task for 1250 millis.
18:27:10.417 - Team 10 arrived to RouteMarker Dead Sea. Checking for approval..
18:27:10.417 - Team 10 is waiting for RouteMarker Dead Sea to be available.
18:27:10.623 - Member Rahmi Girish finished the combined task!
18:27:10.623 - Team 0 at RM Dead Sea is leaving..
18:27:10.623 - Team 10 is waiting for RouteMarker Dead Sea to be available.
18:27:10.623 - Team 0 driving to marker 4(Dist: 27.8km) for 2700 milliseconds
18:27:11.267 - Team 8 arrived to RouteMarker Dead Sea. Checking for approval..
18:27:11.267 - Team 8 is waiting for RouteMarker Dead Sea to be available.
18:27:11.647 - Member Pastor Wilcox finished the combined task!
18:27:11.647 - Team 9 at RM Dead Sea is leaving..
18:27:11.647 - Team 8 approved to enter marker Dead Sea
18:27:11.647 - Team 8 received clue: Roadblock
18:27:11.647 - Performing a member roadblock task
18:27:11.648 - Team 8 draws random member: Contestant [ name=Khaled Baumhauer, physicalScore=97, mentalScore=55 ]
18:27:11.648 - Member Khaled Baumhauer performing combined task for 2400 millis.
18:27:11.649 - Team 10 is waiting for RouteMarker Dead Sea to be available.
18:27:11.649 - Team 9 driving to marker 4(Dist: 27.8km) for 2700 milliseconds
18:27:11.786 - Team 5 arrived to RouteMarker Dead Sea. Checking for approval..
18:27:11.791 - Team 5 is waiting for RouteMarker Dead Sea to be available.
18:27:11.978 - Team 7 arrived to RouteMarker Jerusalem Old City. Checking for approval..
18:27:11.978 - Team 7 approved to enter marker Jerusalem Old City
18:27:11.978 - Team 7 received clue: Route Information
18:27:11.978 - Team 7 at RM Jerusalem Old City is leaving..
18:27:11.978 - Team 7 driving to marker 3(Dist: 15.6km) for 1500 milliseconds
18:27:12.568 - Team 6 at RM Ramon Crater is leaving..
18:27:12.568 - Team 6 driving to marker 2(Dist: 28.0km) for 2800 milliseconds
18:27:13.039 - Team 2 arrived to RouteMarker Acre Market. Checking for approval..
18:27:13.039 - Team 2 approved to enter marker Acre Market
18:27:13.039 - Team 2 received clue: Route Information
18:27:13.039 - Team 2 at RM Acre Market is leaving..
18:27:13.040 - Team 2 driving to marker 5(Dist: 14.2km) for 1400 milliseconds
18:27:13.096 - Team 1 arrived to RouteMarker Acre Market. Checking for approval..
18:27:13.096 - Team 1 approved to enter marker Acre Market
18:27:13.096 - Team 1 received clue: Route Information
18:27:13.096 - Team 1 at RM Acre Market is leaving..
18:27:13.096 - Team 1 driving to marker 5(Dist: 14.2km) for 1400 milliseconds
18:27:13.323 - Team 0 arrived to RouteMarker Acre Market. Checking for approval..
18:27:13.323 - Team 0 approved to enter marker Acre Market
18:27:13.323 - Team 0 received clue: Route Information
18:27:13.323 - Team 0 at RM Acre Market is leaving..
18:27:13.324 - Team 0 driving to marker 5(Dist: 14.2km) for 1400 milliseconds
18:27:13.478 - Team 7 arrived to RouteMarker Dead Sea. Checking for approval..
18:27:13.481 - Team 7 is waiting for RouteMarker Dead Sea to be available.
18:27:13.696 - Member Nicole McKenzie finished the combined task!
18:27:13.696 - Team 4 at RM Dead Sea is leaving..
18:27:13.696 - Team 7 approved to enter marker Dead Sea
18:27:13.696 - Team 7 received clue: Roadblock
18:27:13.696 - Performing a member roadblock task
18:27:13.697 - Team 7 draws random member: Contestant [ name=Christen Shepherd, physicalScore=64, mentalScore=76 ]
18:27:13.697 - Member Christen Shepherd performing combined task for 3000 millis.
18:27:13.697 - Team 5 is waiting for RouteMarker Dead Sea to be available.
18:27:13.697 - Team 10 is waiting for RouteMarker Dead Sea to be available.
18:27:13.697 - Team 4 driving to marker 4(Dist: 27.8km) for 2700 milliseconds
18:27:14.049 - Member Khaled Baumhauer finished the combined task!
18:27:14.049 - Team 8 at RM Dead Sea is leaving..
18:27:14.049 - Team 10 approved to enter marker Dead Sea
18:27:14.049 - Team 10 received clue: Roadblock
18:27:14.049 - Performing a member roadblock task
18:27:14.050 - Team 10 draws random member: Contestant [ name=Theophilus Profeta, physicalScore=93, mentalScore=81 ]
18:27:14.050 - Member Theophilus Profeta performing combined task for 1300 millis.
18:27:14.050 - Team 5 is waiting for RouteMarker Dead Sea to be available.
18:27:14.050 - Team 8 driving to marker 4(Dist: 27.8km) for 2700 milliseconds
18:27:14.349 - Team 9 arrived to RouteMarker Acre Market. Checking for approval..
18:27:14.349 - Team 9 approved to enter marker Acre Market
18:27:14.349 - Team 9 received clue: Route Information
18:27:14.349 - Team 9 at RM Acre Market is leaving..
18:27:14.349 - Team 9 driving to marker 5(Dist: 14.2km) for 1400 milliseconds
18:27:14.440 - Team 2 arrived to RouteMarker Kinneret. Checking for approval..
18:27:14.440 - Team 2 approved to enter marker Kinneret
18:27:14.440 - Team 2 received clue: Route Information
18:27:14.440 - Team 2 at RM Kinneret is leaving..
18:27:14.441 - Team 2 driving to marker 6(Dist: 12.5km) for 1200 milliseconds
18:27:14.496 - Team 1 arrived to RouteMarker Kinneret. Checking for approval..
18:27:14.496 - Team 1 approved to enter marker Kinneret
18:27:14.496 - Team 1 received clue: Route Information
18:27:14.496 - Team 1 at RM Kinneret is leaving..
18:27:14.496 - Team 1 driving to marker 6(Dist: 12.5km) for 1200 milliseconds
18:27:14.724 - Team 0 arrived to RouteMarker Kinneret. Checking for approval..
18:27:14.724 - Team 0 approved to enter marker Kinneret
18:27:14.724 - Team 0 received clue: Route Information
18:27:14.724 - Team 0 at RM Kinneret is leaving..
18:27:14.724 - Team 0 driving to marker 6(Dist: 12.5km) for 1200 milliseconds
18:27:15.356 - Member Theophilus Profeta finished the combined task!
18:27:15.356 - Team 10 at RM Dead Sea is leaving..
18:27:15.356 - Team 5 approved to enter marker Dead Sea
18:27:15.357 - Team 5 received clue: Roadblock
18:27:15.357 - Performing a member roadblock task
18:27:15.357 - Team 5 draws random member: Contestant [ name=Jonas Herbert, physicalScore=67, mentalScore=75 ]
18:27:15.357 - Member Jonas Herbert performing combined task for 2900 millis.
18:27:15.357 - Team 10 driving to marker 4(Dist: 27.8km) for 2700 milliseconds
18:27:15.368 - Team 6 arrived to RouteMarker Jerusalem Old City. Checking for approval..
18:27:15.368 - Team 6 approved to enter marker Jerusalem Old City
18:27:15.368 - Team 6 received clue: Route Information
18:27:15.368 - Team 6 at RM Jerusalem Old City is leaving..
18:27:15.368 - Team 6 driving to marker 3(Dist: 15.6km) for 1500 milliseconds
18:27:15.388 - Member Ema Major finished the combined task!
18:27:15.388 - Team 3 at RM Dead Sea is leaving..
18:27:15.388 - Team 3 driving to marker 4(Dist: 27.8km) for 2700 milliseconds
18:27:15.641 - Team 2 arrived to RouteMarker Bahai Garden. Checking for approval..
18:27:15.641 - Team 2 approved to enter marker Bahai Garden
18:27:15.641 - Team 2 received clue: Detour
18:27:15.641 - Team 2 performing mental task for 2000 millis.
18:27:15.696 - Team 1 arrived to RouteMarker Bahai Garden. Checking for approval..
18:27:15.696 - Team 1 approved to enter marker Bahai Garden
18:27:15.696 - Team 1 received clue: Detour
18:27:15.696 - Team 1 performing mental task for 2200 millis.
18:27:15.749 - Team 9 arrived to RouteMarker Kinneret. Checking for approval..
18:27:15.749 - Team 9 approved to enter marker Kinneret
18:27:15.749 - Team 9 received clue: Route Information
18:27:15.749 - Team 9 at RM Kinneret is leaving..
18:27:15.749 - Team 9 driving to marker 6(Dist: 12.5km) for 1200 milliseconds
18:27:15.924 - Team 0 arrived to RouteMarker Bahai Garden. Checking for approval..
18:27:15.924 - Team 0 approved to enter marker Bahai Garden
18:27:15.924 - Team 0 received clue: Detour
18:27:15.924 - Team 0 performing physical task for 3000 millis
18:27:16.397 - Team 4 arrived to RouteMarker Acre Market. Checking for approval..
18:27:16.397 - Team 4 approved to enter marker Acre Market
18:27:16.397 - Team 4 received clue: Route Information
18:27:16.397 - Team 4 at RM Acre Market is leaving..
18:27:16.397 - Team 4 driving to marker 5(Dist: 14.2km) for 1400 milliseconds
18:27:16.718 - Member Christen Shepherd finished the combined task!
18:27:16.718 - Team 7 at RM Dead Sea is leaving..
18:27:16.718 - Team 7 driving to marker 4(Dist: 27.8km) for 2700 milliseconds
18:27:16.750 - Team 8 arrived to RouteMarker Acre Market. Checking for approval..
18:27:16.750 - Team 8 approved to enter marker Acre Market
18:27:16.750 - Team 8 received clue: Route Information
18:27:16.750 - Team 8 at RM Acre Market is leaving..
18:27:16.750 - Team 8 driving to marker 5(Dist: 14.2km) for 1400 milliseconds
18:27:16.875 - Team 6 arrived to RouteMarker Dead Sea. Checking for approval..
18:27:16.875 - Team 6 approved to enter marker Dead Sea
18:27:16.875 - Team 6 received clue: Roadblock
18:27:16.875 - Performing a member roadblock task
18:27:16.876 - Team 6 draws random member: Contestant [ name=Ulf Hurst, physicalScore=65, mentalScore=24 ]
18:27:16.876 - Member Ulf Hurst performing combined task for 5550 millis.
18:27:16.949 - Team 9 arrived to RouteMarker Bahai Garden. Checking for approval..
18:27:16.949 - Team 9 is waiting for RouteMarker Bahai Garden to be available.
18:27:17.641 - Team 2 at RM Bahai Garden is leaving..
18:27:17.641 - Team 2 driving to marker 7(Dist: 25.1km) for 2500 milliseconds
18:27:17.641 - Team 9 approved to enter marker Bahai Garden
18:27:17.641 - Team 9 received clue: Detour
18:27:17.641 - Team 9 performing mental task for 1300 millis.
18:27:17.797 - Team 4 arrived to RouteMarker Kinneret. Checking for approval..
18:27:17.800 - Team 4 approved to enter marker Kinneret
18:27:17.800 - Team 4 received clue: Route Information
18:27:17.800 - Team 4 at RM Kinneret is leaving..
18:27:17.800 - Team 4 driving to marker 6(Dist: 12.5km) for 1200 milliseconds
18:27:17.896 - Team 1 at RM Bahai Garden is leaving..
18:27:17.896 - Team 1 driving to marker 7(Dist: 25.1km) for 2500 milliseconds
18:27:18.057 - Team 10 arrived to RouteMarker Acre Market. Checking for approval..
18:27:18.057 - Team 10 approved to enter marker Acre Market
18:27:18.057 - Team 10 received clue: Route Information
18:27:18.057 - Team 10 at RM Acre Market is leaving..
18:27:18.057 - Team 10 driving to marker 5(Dist: 14.2km) for 1400 milliseconds
18:27:18.088 - Team 3 arrived to RouteMarker Acre Market. Checking for approval..
18:27:18.088 - Team 3 approved to enter marker Acre Market
18:27:18.088 - Team 3 received clue: Route Information
18:27:18.088 - Team 3 at RM Acre Market is leaving..
18:27:18.088 - Team 3 driving to marker 5(Dist: 14.2km) for 1400 milliseconds
18:27:18.150 - Team 8 arrived to RouteMarker Kinneret. Checking for approval..
18:27:18.150 - Team 8 approved to enter marker Kinneret
18:27:18.150 - Team 8 received clue: Route Information
18:27:18.150 - Team 8 at RM Kinneret is leaving..
18:27:18.150 - Team 8 driving to marker 6(Dist: 12.5km) for 1200 milliseconds
18:27:18.257 - Member Jonas Herbert finished the combined task!
18:27:18.264 - Team 5 at RM Dead Sea is leaving..
18:27:18.265 - Team 5 driving to marker 4(Dist: 27.8km) for 2700 milliseconds
18:27:18.924 - Team 0 at RM Bahai Garden is leaving..
18:27:18.924 - Team 0 driving to marker 7(Dist: 25.1km) for 2500 milliseconds
18:27:18.941 - Team 9 at RM Bahai Garden is leaving..
18:27:18.941 - Team 9 driving to marker 7(Dist: 25.1km) for 2500 milliseconds
18:27:19 - Team 4 arrived to RouteMarker Bahai Garden. Checking for approval..
18:27:19 - Team 4 approved to enter marker Bahai Garden
18:27:19 - Team 4 received clue: Detour
18:27:19 - Team 4 performing mental task for 1000 millis.
18:27:19.350 - Team 8 arrived to RouteMarker Bahai Garden. Checking for approval..
18:27:19.350 - Team 8 approved to enter marker Bahai Garden
18:27:19.350 - Team 8 received clue: Detour
18:27:19.350 - Team 8 performing physical task for 850 millis
18:27:19.418 - Team 7 arrived to RouteMarker Acre Market. Checking for approval..
18:27:19.418 - Team 7 approved to enter marker Acre Market
18:27:19.418 - Team 7 received clue: Route Information
18:27:19.418 - Team 7 at RM Acre Market is leaving..
18:27:19.418 - Team 7 driving to marker 5(Dist: 14.2km) for 1400 milliseconds
18:27:19.457 - Team 10 arrived to RouteMarker Kinneret. Checking for approval..
18:27:19.457 - Team 10 approved to enter marker Kinneret
18:27:19.457 - Team 10 received clue: Route Information
18:27:19.457 - Team 10 at RM Kinneret is leaving..
18:27:19.457 - Team 10 driving to marker 6(Dist: 12.5km) for 1200 milliseconds
18:27:19.490 - Team 3 arrived to RouteMarker Kinneret. Checking for approval..
18:27:19.490 - Team 3 approved to enter marker Kinneret
18:27:19.490 - Team 3 received clue: Route Information
18:27:19.490 - Team 3 at RM Kinneret is leaving..
18:27:19.491 - Team 3 driving to marker 6(Dist: 12.5km) for 1200 milliseconds
18:27:20 - Team 4 at RM Bahai Garden is leaving..
18:27:20 - Team 4 driving to marker 7(Dist: 25.1km) for 2500 milliseconds
18:27:20.141 - Team 2 arrived to RouteMarker Tel Aviv Azrieli Center. Checking for approval..
18:27:20.141 - Team 2 approved to enter marker Tel Aviv Azrieli Center
18:27:20.141 - Team 2 received clue: Route Information
18:27:20.141 - Team 2 at RM Tel Aviv Azrieli Center is leaving..
18:27:20.208 - Team 8 at RM Bahai Garden is leaving..
18:27:20.209 - Team 8 driving to marker 7(Dist: 25.1km) for 2500 milliseconds
18:27:20.396 - Team 1 arrived to RouteMarker Tel Aviv Azrieli Center. Checking for approval..
18:27:20.396 - Team 1 approved to enter marker Tel Aviv Azrieli Center
18:27:20.396 - Team 1 received clue: Route Information
18:27:20.396 - Team 1 at RM Tel Aviv Azrieli Center is leaving..
18:27:20.657 - Team 10 arrived to RouteMarker Bahai Garden. Checking for approval..
18:27:20.657 - Team 10 approved to enter marker Bahai Garden
18:27:20.657 - Team 10 received clue: Detour
18:27:20.658 - Team 10 performing physical task for 2550 millis
18:27:20.691 - Team 3 arrived to RouteMarker Bahai Garden. Checking for approval..
18:27:20.691 - Team 3 approved to enter marker Bahai Garden
18:27:20.691 - Team 3 received clue: Detour
18:27:20.691 - Team 3 performing physical task for 3350 millis
18:27:20.818 - Team 7 arrived to RouteMarker Kinneret. Checking for approval..
18:27:20.818 - Team 7 approved to enter marker Kinneret
18:27:20.818 - Team 7 received clue: Route Information
18:27:20.818 - Team 7 at RM Kinneret is leaving..
18:27:20.818 - Team 7 driving to marker 6(Dist: 12.5km) for 1200 milliseconds
18:27:20.965 - Team 5 arrived to RouteMarker Acre Market. Checking for approval..
18:27:20.969 - Team 5 approved to enter marker Acre Market
18:27:20.969 - Team 5 received clue: Route Information
18:27:20.969 - Team 5 at RM Acre Market is leaving..
18:27:20.969 - Team 5 driving to marker 5(Dist: 14.2km) for 1400 milliseconds
18:27:21.426 - Team 0 arrived to RouteMarker Tel Aviv Azrieli Center. Checking for approval..
18:27:21.426 - Team 0 approved to enter marker Tel Aviv Azrieli Center
18:27:21.426 - Team 0 received clue: Route Information
18:27:21.426 - Team 0 at RM Tel Aviv Azrieli Center is leaving..
18:27:21.426 - Team 0 has finished the race!
18:27:21.426 - Team 1 has finished the race!
18:27:21.426 - Team 2 has finished the race!
18:27:21.441 - Team 9 arrived to RouteMarker Tel Aviv Azrieli Center. Checking for approval..
18:27:21.441 - Team 9 approved to enter marker Tel Aviv Azrieli Center
18:27:21.441 - Team 9 received clue: Route Information
18:27:21.445 - Team 9 at RM Tel Aviv Azrieli Center is leaving..
18:27:22.018 - Team 7 arrived to RouteMarker Bahai Garden. Checking for approval..
18:27:22.018 - Team 7 approved to enter marker Bahai Garden
18:27:22.018 - Team 7 received clue: Detour
18:27:22.018 - Team 7 performing mental task for 3250 millis.
18:27:22.369 - Team 5 arrived to RouteMarker Kinneret. Checking for approval..
18:27:22.369 - Team 5 approved to enter marker Kinneret
18:27:22.369 - Team 5 received clue: Route Information
18:27:22.369 - Team 5 at RM Kinneret is leaving..
18:27:22.369 - Team 5 driving to marker 6(Dist: 12.5km) for 1200 milliseconds
18:27:22.426 - Member Ulf Hurst finished the combined task!
18:27:22.426 - Team 6 at RM Dead Sea is leaving..
18:27:22.427 - Team 6 driving to marker 4(Dist: 27.8km) for 2700 milliseconds
18:27:22.500 - Team 4 arrived to RouteMarker Tel Aviv Azrieli Center. Checking for approval..
18:27:22.500 - Team 4 approved to enter marker Tel Aviv Azrieli Center
18:27:22.500 - Team 4 received clue: Route Information
18:27:22.500 - Team 4 at RM Tel Aviv Azrieli Center is leaving..
18:27:22.709 - Team 8 arrived to RouteMarker Tel Aviv Azrieli Center. Checking for approval..
18:27:22.709 - Team 8 approved to enter marker Tel Aviv Azrieli Center
18:27:22.709 - Team 8 received clue: Route Information
18:27:22.709 - Team 8 at RM Tel Aviv Azrieli Center is leaving..
18:27:23.208 - Team 10 at RM Bahai Garden is leaving..
18:27:23.208 - Team 10 driving to marker 7(Dist: 25.1km) for 2500 milliseconds
18:27:23.570 - Team 5 arrived to RouteMarker Bahai Garden. Checking for approval..
18:27:23.570 - Team 5 approved to enter marker Bahai Garden
18:27:23.570 - Team 5 received clue: Detour
18:27:23.570 - Team 5 performing physical task for 2400 millis
18:27:24.041 - Team 3 at RM Bahai Garden is leaving..
18:27:24.041 - Team 3 driving to marker 7(Dist: 25.1km) for 2500 milliseconds
18:27:25.128 - Team 6 arrived to RouteMarker Acre Market. Checking for approval..
18:27:25.128 - Team 6 approved to enter marker Acre Market
18:27:25.128 - Team 6 received clue: Route Information
18:27:25.128 - Team 6 at RM Acre Market is leaving..
18:27:25.128 - Team 6 driving to marker 5(Dist: 14.2km) for 1400 milliseconds
18:27:25.278 - Team 7 at RM Bahai Garden is leaving..
18:27:25.278 - Team 7 driving to marker 7(Dist: 25.1km) for 2500 milliseconds
18:27:25.709 - Team 10 arrived to RouteMarker Tel Aviv Azrieli Center. Checking for approval..
18:27:25.709 - Team 10 approved to enter marker Tel Aviv Azrieli Center
18:27:25.709 - Team 10 received clue: Route Information
18:27:25.709 - Team 10 at RM Tel Aviv Azrieli Center is leaving..
18:27:25.971 - Team 5 at RM Bahai Garden is leaving..
18:27:25.971 - Team 5 driving to marker 7(Dist: 25.1km) for 2500 milliseconds
18:27:26.528 - Team 6 arrived to RouteMarker Kinneret. Checking for approval..
18:27:26.528 - Team 6 approved to enter marker Kinneret
18:27:26.528 - Team 6 received clue: Route Information
18:27:26.528 - Team 6 at RM Kinneret is leaving..
18:27:26.528 - Team 6 driving to marker 6(Dist: 12.5km) for 1200 milliseconds
18:27:26.542 - Team 3 arrived to RouteMarker Tel Aviv Azrieli Center. Checking for approval..
18:27:26.542 - Team 3 approved to enter marker Tel Aviv Azrieli Center
18:27:26.550 - Team 3 received clue: Route Information
18:27:26.550 - Team 3 at RM Tel Aviv Azrieli Center is leaving..
18:27:26.551 - Team 3 has finished the race!
18:27:26.551 - Team 4 has finished the race!
18:27:27.728 - Team 6 arrived to RouteMarker Bahai Garden. Checking for approval..
18:27:27.728 - Team 6 approved to enter marker Bahai Garden
18:27:27.728 - Team 6 received clue: Detour
18:27:27.728 - Team 6 performing physical task for 5600 millis
18:27:27.778 - Team 7 arrived to RouteMarker Tel Aviv Azrieli Center. Checking for approval..
18:27:27.778 - Team 7 approved to enter marker Tel Aviv Azrieli Center
18:27:27.778 - Team 7 received clue: Route Information
18:27:27.778 - Team 7 at RM Tel Aviv Azrieli Center is leaving..
18:27:28.471 - Team 5 arrived to RouteMarker Tel Aviv Azrieli Center. Checking for approval..
18:27:28.471 - Team 5 approved to enter marker Tel Aviv Azrieli Center
18:27:28.471 - Team 5 received clue: Route Information
18:27:28.471 - Team 5 at RM Tel Aviv Azrieli Center is leaving..
18:27:28.471 - Team 5 has finished the race!
18:27:33.328 - Team 6 at RM Bahai Garden is leaving..
18:27:33.328 - Team 6 driving to marker 7(Dist: 25.1km) for 2500 milliseconds
18:27:35.828 - Team 6 arrived to RouteMarker Tel Aviv Azrieli Center. Checking for approval..
18:27:35.828 - Team 6 approved to enter marker Tel Aviv Azrieli Center
18:27:35.828 - Team 6 received clue: Route Information
18:27:35.828 - Team 6 at RM Tel Aviv Azrieli Center is leaving..
18:27:35.828 - Team 6 has finished the race!
18:27:35.828 - Team 7 has finished the race!
18:27:35.828 - Team 8 has finished the race!
18:27:35.828 - Team 9 has finished the race!
18:27:35.828 - Team 10 has finished the race!
18:27:35.828 - ===================================
18:27:35.828 - Race is finished. Printing standings.
18:27:35.828 - ===================================
18:27:35.846 - 1. Team [ id=2, avgPhysicalScore=43.50, avgMentalScore=80.00, 
	member1=Contestant [ name=Jana Cleve, physicalScore=43, mentalScore=88 ], 
	member2=Contestant [ name=Lore Cirino, physicalScore=44, mentalScore=72 ]
Total Time: 232. Team [ id=1, avgPhysicalScore=63.50, avgMentalScore=78.00, 
	member1=Contestant [ name=Hans Emanuel, physicalScore=58, mentalScore=91 ], 
	member2=Contestant [ name=Elton Victor, physicalScore=69, mentalScore=65 ]
Total Time: 233. Team [ id=0, avgPhysicalScore=70.00, avgMentalScore=67.00, 
	member1=Contestant [ name=Yuli Dechen, physicalScore=73, mentalScore=56 ], 
	member2=Contestant [ name=Rahmi Girish, physicalScore=67, mentalScore=78 ]
Total Time: 244. Team [ id=9, avgPhysicalScore=76.00, avgMentalScore=87.00, 
	member1=Contestant [ name=Pastor Wilcox, physicalScore=96, mentalScore=79 ], 
	member2=Contestant [ name=Ohad Piatek, physicalScore=56, mentalScore=95 ]
Total Time: 245. Team [ id=4, avgPhysicalScore=40.50, avgMentalScore=91.50, 
	member1=Contestant [ name=Helena Sala, physicalScore=36, mentalScore=94 ], 
	member2=Contestant [ name=Nicole McKenzie, physicalScore=45, mentalScore=89 ]
Total Time: 256. Team [ id=8, avgPhysicalScore=91.50, avgMentalScore=48.50, 
	member1=Contestant [ name=Lucie Arts, physicalScore=86, mentalScore=42 ], 
	member2=Contestant [ name=Khaled Baumhauer, physicalScore=97, mentalScore=55 ]
Total Time: 257. Team [ id=10, avgPhysicalScore=74.50, avgMentalScore=53.00, 
	member1=Contestant [ name=Stella Blaha, physicalScore=56, mentalScore=25 ], 
	member2=Contestant [ name=Theophilus Profeta, physicalScore=93, mentalScore=81 ]
Total Time: 288. Team [ id=3, avgPhysicalScore=66.50, avgMentalScore=50.50, 
	member1=Contestant [ name=Ema Major, physicalScore=56, mentalScore=43 ], 
	member2=Contestant [ name=Filipa Xanthos, physicalScore=77, mentalScore=58 ]
Total Time: 299. Team [ id=7, avgPhysicalScore=59.00, avgMentalScore=67.50, 
	member1=Contestant [ name=Christen Shepherd, physicalScore=64, mentalScore=76 ], 
	member2=Contestant [ name=Faustino Garrard, physicalScore=54, mentalScore=59 ]
Total Time: 3010. Team [ id=5, avgPhysicalScore=76.00, avgMentalScore=73.00, 
	member1=Contestant [ name=Jonas Herbert, physicalScore=67, mentalScore=75 ], 
	member2=Contestant [ name=Andreas Putnam, physicalScore=85, mentalScore=71 ]
Total Time: 3111. Team [ id=6, avgPhysicalScore=44.00, avgMentalScore=25.00, 
	member1=Contestant [ name=Ulf Hurst, physicalScore=65, mentalScore=24 ], 
	member2=Contestant [ name=Sigifrid Cowden, physicalScore=23, mentalScore=26 ]
Total Time: 38
