18:26:57.060 - Team 2 joined the race!
18:26:57.060 - Team 2 driving to marker 0(Dist: 2.6km) for 200 milliseconds
18:26:57.260 - Team 2 arrived to RouteMarker Hula Valley. Checking for approval..
18:26:57.260 - Team 2 approved to enter marker Hula Valley
18:26:57.260 - Team 2 received clue: Route Information
18:26:57.260 - Team 2 at RM Hula Valley is leaving..
18:26:57.260 - Team 2 driving to marker 1(Dist: 33.0km) for 3300 milliseconds
18:27:00.561 - Team 2 arrived to RouteMarker Ramon Crater. Checking for approval..
18:27:00.563 - Team 2 approved to enter marker Ramon Crater
18:27:00.574 - Team 2 received clue: Detour
18:27:00.574 - Team 2 performing mental task for 2000 millis.
18:27:02.576 - Team 2 at RM Ramon Crater is leaving..
18:27:02.578 - Team 2 driving to marker 2(Dist: 28.0km) for 2800 milliseconds
18:27:05.378 - Team 2 arrived to RouteMarker Jerusalem Old City. Checking for approval..
18:27:05.378 - Team 2 approved to enter marker Jerusalem Old City
18:27:05.378 - Team 2 received clue: Route Information
18:27:05.378 - Team 2 at RM Jerusalem Old City is leaving..
18:27:05.378 - Team 2 driving to marker 3(Dist: 15.6km) for 1500 milliseconds
18:27:06.881 - Team 2 arrived to RouteMarker Dead Sea. Checking for approval..
18:27:06.881 - Team 2 approved to enter marker Dead Sea
18:27:06.882 - Team 2 received clue: Roadblock
18:27:06.883 - Team 2 draws random member: Contestant [ name=Jana Cleve, physicalScore=43, mentalScore=88 ]
18:27:10.334 - Team 2 at RM Dead Sea is leaving..
18:27:10.339 - Team 2 driving to marker 4(Dist: 27.8km) for 2700 milliseconds
18:27:13.039 - Team 2 arrived to RouteMarker Acre Market. Checking for approval..
18:27:13.039 - Team 2 approved to enter marker Acre Market
18:27:13.039 - Team 2 received clue: Route Information
18:27:13.039 - Team 2 at RM Acre Market is leaving..
18:27:13.040 - Team 2 driving to marker 5(Dist: 14.2km) for 1400 milliseconds
18:27:14.440 - Team 2 arrived to RouteMarker Kinneret. Checking for approval..
18:27:14.440 - Team 2 approved to enter marker Kinneret
18:27:14.440 - Team 2 received clue: Route Information
18:27:14.440 - Team 2 at RM Kinneret is leaving..
18:27:14.441 - Team 2 driving to marker 6(Dist: 12.5km) for 1200 milliseconds
18:27:15.641 - Team 2 arrived to RouteMarker Bahai Garden. Checking for approval..
18:27:15.641 - Team 2 approved to enter marker Bahai Garden
18:27:15.641 - Team 2 received clue: Detour
18:27:15.641 - Team 2 performing mental task for 2000 millis.
18:27:17.641 - Team 2 at RM Bahai Garden is leaving..
18:27:17.641 - Team 2 driving to marker 7(Dist: 25.1km) for 2500 milliseconds
18:27:20.141 - Team 2 arrived to RouteMarker Tel Aviv Azrieli Center. Checking for approval..
18:27:20.141 - Team 2 approved to enter marker Tel Aviv Azrieli Center
18:27:20.141 - Team 2 received clue: Route Information
18:27:20.141 - Team 2 at RM Tel Aviv Azrieli Center is leaving..
18:27:21.426 - Team 2 has finished the race!
