18:26:57.065 - Team 10 joined the race!
18:26:57.065 - Team 10 driving to marker 0(Dist: 2.6km) for 200 milliseconds
18:26:57.265 - Team 10 arrived to RouteMarker Hula Valley. Checking for approval..
18:26:57.265 - Team 10 approved to enter marker Hula Valley
18:26:57.265 - Team 10 received clue: Route Information
18:26:57.265 - Team 10 at RM Hula Valley is leaving..
18:26:57.268 - Team 10 driving to marker 1(Dist: 33.0km) for 3300 milliseconds
18:27:00.578 - Team 10 arrived to RouteMarker Ramon Crater. Checking for approval..
18:27:00.578 - Team 10 is waiting for RouteMarker Ramon Crater to be available.
18:27:02.576 - Team 10 is waiting for RouteMarker Ramon Crater to be available.
18:27:02.790 - Team 10 is waiting for RouteMarker Ramon Crater to be available.
18:27:03.561 - Team 10 approved to enter marker Ramon Crater
18:27:03.561 - Team 10 received clue: Detour
18:27:03.561 - Team 10 performing physical task for 2550 millis
18:27:06.111 - Team 10 at RM Ramon Crater is leaving..
18:27:06.115 - Team 10 driving to marker 2(Dist: 28.0km) for 2800 milliseconds
18:27:08.916 - Team 10 arrived to RouteMarker Jerusalem Old City. Checking for approval..
18:27:08.916 - Team 10 approved to enter marker Jerusalem Old City
18:27:08.916 - Team 10 received clue: Route Information
18:27:08.916 - Team 10 at RM Jerusalem Old City is leaving..
18:27:08.917 - Team 10 driving to marker 3(Dist: 15.6km) for 1500 milliseconds
18:27:10.417 - Team 10 arrived to RouteMarker Dead Sea. Checking for approval..
18:27:10.417 - Team 10 is waiting for RouteMarker Dead Sea to be available.
18:27:10.623 - Team 10 is waiting for RouteMarker Dead Sea to be available.
18:27:11.649 - Team 10 is waiting for RouteMarker Dead Sea to be available.
18:27:13.697 - Team 10 is waiting for RouteMarker Dead Sea to be available.
18:27:14.049 - Team 10 approved to enter marker Dead Sea
18:27:14.049 - Team 10 received clue: Roadblock
18:27:14.050 - Team 10 draws random member: Contestant [ name=Theophilus Profeta, physicalScore=93, mentalScore=81 ]
18:27:15.356 - Team 10 at RM Dead Sea is leaving..
18:27:15.357 - Team 10 driving to marker 4(Dist: 27.8km) for 2700 milliseconds
18:27:18.057 - Team 10 arrived to RouteMarker Acre Market. Checking for approval..
18:27:18.057 - Team 10 approved to enter marker Acre Market
18:27:18.057 - Team 10 received clue: Route Information
18:27:18.057 - Team 10 at RM Acre Market is leaving..
18:27:18.057 - Team 10 driving to marker 5(Dist: 14.2km) for 1400 milliseconds
18:27:19.457 - Team 10 arrived to RouteMarker Kinneret. Checking for approval..
18:27:19.457 - Team 10 approved to enter marker Kinneret
18:27:19.457 - Team 10 received clue: Route Information
18:27:19.457 - Team 10 at RM Kinneret is leaving..
18:27:19.457 - Team 10 driving to marker 6(Dist: 12.5km) for 1200 milliseconds
18:27:20.657 - Team 10 arrived to RouteMarker Bahai Garden. Checking for approval..
18:27:20.657 - Team 10 approved to enter marker Bahai Garden
18:27:20.657 - Team 10 received clue: Detour
18:27:20.658 - Team 10 performing physical task for 2550 millis
18:27:23.208 - Team 10 at RM Bahai Garden is leaving..
18:27:23.208 - Team 10 driving to marker 7(Dist: 25.1km) for 2500 milliseconds
18:27:25.709 - Team 10 arrived to RouteMarker Tel Aviv Azrieli Center. Checking for approval..
18:27:25.709 - Team 10 approved to enter marker Tel Aviv Azrieli Center
18:27:25.709 - Team 10 received clue: Route Information
18:27:25.709 - Team 10 at RM Tel Aviv Azrieli Center is leaving..
18:27:35.828 - Team 10 has finished the race!
