18:26:57.058 - Team 1 joined the race!
18:26:57.058 - Team 1 driving to marker 0(Dist: 2.6km) for 200 milliseconds
18:26:57.260 - Team 1 arrived to RouteMarker Hula Valley. Checking for approval..
18:26:57.261 - Team 1 approved to enter marker Hula Valley
18:26:57.261 - Team 1 received clue: Route Information
18:26:57.261 - Team 1 at RM Hula Valley is leaving..
18:26:57.261 - Team 1 driving to marker 1(Dist: 33.0km) for 3300 milliseconds
18:27:00.576 - Team 1 arrived to RouteMarker Ramon Crater. Checking for approval..
18:27:00.576 - Team 1 approved to enter marker Ramon Crater
18:27:00.576 - Team 1 received clue: Detour
18:27:00.577 - Team 1 performing mental task for 2200 millis.
18:27:02.777 - Team 1 at RM Ramon Crater is leaving..
18:27:02.790 - Team 1 driving to marker 2(Dist: 28.0km) for 2800 milliseconds
18:27:05.593 - Team 1 arrived to RouteMarker Jerusalem Old City. Checking for approval..
18:27:05.593 - Team 1 approved to enter marker Jerusalem Old City
18:27:05.593 - Team 1 received clue: Route Information
18:27:05.594 - Team 1 at RM Jerusalem Old City is leaving..
18:27:05.594 - Team 1 driving to marker 3(Dist: 15.6km) for 1500 milliseconds
18:27:07.095 - Team 1 arrived to RouteMarker Dead Sea. Checking for approval..
18:27:07.095 - Team 1 approved to enter marker Dead Sea
18:27:07.095 - Team 1 received clue: Roadblock
18:27:07.096 - Team 1 draws random member: Contestant [ name=Elton Victor, physicalScore=69, mentalScore=65 ]
18:27:10.396 - Team 1 at RM Dead Sea is leaving..
18:27:10.396 - Team 1 driving to marker 4(Dist: 27.8km) for 2700 milliseconds
18:27:13.096 - Team 1 arrived to RouteMarker Acre Market. Checking for approval..
18:27:13.096 - Team 1 approved to enter marker Acre Market
18:27:13.096 - Team 1 received clue: Route Information
18:27:13.096 - Team 1 at RM Acre Market is leaving..
18:27:13.096 - Team 1 driving to marker 5(Dist: 14.2km) for 1400 milliseconds
18:27:14.496 - Team 1 arrived to RouteMarker Kinneret. Checking for approval..
18:27:14.496 - Team 1 approved to enter marker Kinneret
18:27:14.496 - Team 1 received clue: Route Information
18:27:14.496 - Team 1 at RM Kinneret is leaving..
18:27:14.496 - Team 1 driving to marker 6(Dist: 12.5km) for 1200 milliseconds
18:27:15.696 - Team 1 arrived to RouteMarker Bahai Garden. Checking for approval..
18:27:15.696 - Team 1 approved to enter marker Bahai Garden
18:27:15.696 - Team 1 received clue: Detour
18:27:15.696 - Team 1 performing mental task for 2200 millis.
18:27:17.896 - Team 1 at RM Bahai Garden is leaving..
18:27:17.896 - Team 1 driving to marker 7(Dist: 25.1km) for 2500 milliseconds
18:27:20.396 - Team 1 arrived to RouteMarker Tel Aviv Azrieli Center. Checking for approval..
18:27:20.396 - Team 1 approved to enter marker Tel Aviv Azrieli Center
18:27:20.396 - Team 1 received clue: Route Information
18:27:20.396 - Team 1 at RM Tel Aviv Azrieli Center is leaving..
18:27:21.426 - Team 1 has finished the race!
