18:26:57.064 - Team 5 joined the race!
18:26:57.066 - Team 5 driving to marker 0(Dist: 2.6km) for 200 milliseconds
18:26:57.267 - Team 5 arrived to RouteMarker Hula Valley. Checking for approval..
18:26:57.267 - Team 5 approved to enter marker Hula Valley
18:26:57.267 - Team 5 received clue: Route Information
18:26:57.268 - Team 5 at RM Hula Valley is leaving..
18:26:57.268 - Team 5 driving to marker 1(Dist: 33.0km) for 3300 milliseconds
18:27:00.578 - Team 5 arrived to RouteMarker Ramon Crater. Checking for approval..
18:27:00.578 - Team 5 is waiting for RouteMarker Ramon Crater to be available.
18:27:02.577 - Team 5 is waiting for RouteMarker Ramon Crater to be available.
18:27:02.789 - Team 5 is waiting for RouteMarker Ramon Crater to be available.
18:27:03.561 - Team 5 is waiting for RouteMarker Ramon Crater to be available.
18:27:04.084 - Team 5 is waiting for RouteMarker Ramon Crater to be available.
18:27:05.083 - Team 5 approved to enter marker Ramon Crater
18:27:05.083 - Team 5 received clue: Detour
18:27:05.083 - Team 5 performing physical task for 2400 millis
18:27:07.484 - Team 5 at RM Ramon Crater is leaving..
18:27:07.484 - Team 5 driving to marker 2(Dist: 28.0km) for 2800 milliseconds
18:27:10.284 - Team 5 arrived to RouteMarker Jerusalem Old City. Checking for approval..
18:27:10.284 - Team 5 approved to enter marker Jerusalem Old City
18:27:10.284 - Team 5 received clue: Route Information
18:27:10.286 - Team 5 at RM Jerusalem Old City is leaving..
18:27:10.286 - Team 5 driving to marker 3(Dist: 15.6km) for 1500 milliseconds
18:27:11.786 - Team 5 arrived to RouteMarker Dead Sea. Checking for approval..
18:27:11.791 - Team 5 is waiting for RouteMarker Dead Sea to be available.
18:27:13.697 - Team 5 is waiting for RouteMarker Dead Sea to be available.
18:27:14.050 - Team 5 is waiting for RouteMarker Dead Sea to be available.
18:27:15.356 - Team 5 approved to enter marker Dead Sea
18:27:15.357 - Team 5 received clue: Roadblock
18:27:15.357 - Team 5 draws random member: Contestant [ name=Jonas Herbert, physicalScore=67, mentalScore=75 ]
18:27:18.264 - Team 5 at RM Dead Sea is leaving..
18:27:18.265 - Team 5 driving to marker 4(Dist: 27.8km) for 2700 milliseconds
18:27:20.965 - Team 5 arrived to RouteMarker Acre Market. Checking for approval..
18:27:20.968 - Team 5 approved to enter marker Acre Market
18:27:20.969 - Team 5 received clue: Route Information
18:27:20.969 - Team 5 at RM Acre Market is leaving..
18:27:20.969 - Team 5 driving to marker 5(Dist: 14.2km) for 1400 milliseconds
18:27:22.369 - Team 5 arrived to RouteMarker Kinneret. Checking for approval..
18:27:22.369 - Team 5 approved to enter marker Kinneret
18:27:22.369 - Team 5 received clue: Route Information
18:27:22.369 - Team 5 at RM Kinneret is leaving..
18:27:22.369 - Team 5 driving to marker 6(Dist: 12.5km) for 1200 milliseconds
18:27:23.570 - Team 5 arrived to RouteMarker Bahai Garden. Checking for approval..
18:27:23.570 - Team 5 approved to enter marker Bahai Garden
18:27:23.570 - Team 5 received clue: Detour
18:27:23.570 - Team 5 performing physical task for 2400 millis
18:27:25.971 - Team 5 at RM Bahai Garden is leaving..
18:27:25.971 - Team 5 driving to marker 7(Dist: 25.1km) for 2500 milliseconds
18:27:28.471 - Team 5 arrived to RouteMarker Tel Aviv Azrieli Center. Checking for approval..
18:27:28.471 - Team 5 approved to enter marker Tel Aviv Azrieli Center
18:27:28.471 - Team 5 received clue: Route Information
18:27:28.471 - Team 5 at RM Tel Aviv Azrieli Center is leaving..
18:27:28.471 - Team 5 has finished the race!
