18:26:57.061 - Team 6 joined the race!
18:26:57.064 - Team 6 driving to marker 0(Dist: 2.6km) for 200 milliseconds
18:26:57.264 - Team 6 arrived to RouteMarker Hula Valley. Checking for approval..
18:26:57.264 - Team 6 approved to enter marker Hula Valley
18:26:57.264 - Team 6 received clue: Route Information
18:26:57.264 - Team 6 at RM Hula Valley is leaving..
18:26:57.265 - Team 6 driving to marker 1(Dist: 33.0km) for 3300 milliseconds
18:27:00.577 - Team 6 arrived to RouteMarker Ramon Crater. Checking for approval..
18:27:00.577 - Team 6 is waiting for RouteMarker Ramon Crater to be available.
18:27:02.577 - Team 6 is waiting for RouteMarker Ramon Crater to be available.
18:27:02.784 - Team 6 is waiting for RouteMarker Ramon Crater to be available.
18:27:03.562 - Team 6 is waiting for RouteMarker Ramon Crater to be available.
18:27:04.083 - Team 6 is waiting for RouteMarker Ramon Crater to be available.
18:27:05.083 - Team 6 is waiting for RouteMarker Ramon Crater to be available.
18:27:05.927 - Team 6 is waiting for RouteMarker Ramon Crater to be available.
18:27:06.115 - Team 6 is waiting for RouteMarker Ramon Crater to be available.
18:27:06.966 - Team 6 approved to enter marker Ramon Crater
18:27:06.967 - Team 6 received clue: Detour
18:27:06.967 - Team 6 performing physical task for 5600 millis
18:27:12.567 - Team 6 at RM Ramon Crater is leaving..
18:27:12.568 - Team 6 driving to marker 2(Dist: 28.0km) for 2800 milliseconds
18:27:15.368 - Team 6 arrived to RouteMarker Jerusalem Old City. Checking for approval..
18:27:15.368 - Team 6 approved to enter marker Jerusalem Old City
18:27:15.368 - Team 6 received clue: Route Information
18:27:15.368 - Team 6 at RM Jerusalem Old City is leaving..
18:27:15.368 - Team 6 driving to marker 3(Dist: 15.6km) for 1500 milliseconds
18:27:16.868 - Team 6 arrived to RouteMarker Dead Sea. Checking for approval..
18:27:16.875 - Team 6 approved to enter marker Dead Sea
18:27:16.875 - Team 6 received clue: Roadblock
18:27:16.876 - Team 6 draws random member: Contestant [ name=Ulf Hurst, physicalScore=65, mentalScore=24 ]
18:27:22.426 - Team 6 at RM Dead Sea is leaving..
18:27:22.427 - Team 6 driving to marker 4(Dist: 27.8km) for 2700 milliseconds
18:27:25.128 - Team 6 arrived to RouteMarker Acre Market. Checking for approval..
18:27:25.128 - Team 6 approved to enter marker Acre Market
18:27:25.128 - Team 6 received clue: Route Information
18:27:25.128 - Team 6 at RM Acre Market is leaving..
18:27:25.128 - Team 6 driving to marker 5(Dist: 14.2km) for 1400 milliseconds
18:27:26.528 - Team 6 arrived to RouteMarker Kinneret. Checking for approval..
18:27:26.528 - Team 6 approved to enter marker Kinneret
18:27:26.528 - Team 6 received clue: Route Information
18:27:26.528 - Team 6 at RM Kinneret is leaving..
18:27:26.528 - Team 6 driving to marker 6(Dist: 12.5km) for 1200 milliseconds
18:27:27.728 - Team 6 arrived to RouteMarker Bahai Garden. Checking for approval..
18:27:27.728 - Team 6 approved to enter marker Bahai Garden
18:27:27.728 - Team 6 received clue: Detour
18:27:27.728 - Team 6 performing physical task for 5600 millis
18:27:33.328 - Team 6 at RM Bahai Garden is leaving..
18:27:33.328 - Team 6 driving to marker 7(Dist: 25.1km) for 2500 milliseconds
18:27:35.828 - Team 6 arrived to RouteMarker Tel Aviv Azrieli Center. Checking for approval..
18:27:35.828 - Team 6 approved to enter marker Tel Aviv Azrieli Center
18:27:35.828 - Team 6 received clue: Route Information
18:27:35.828 - Team 6 at RM Tel Aviv Azrieli Center is leaving..
18:27:35.828 - Team 6 has finished the race!
