18:26:57.058 - Team 0 joined the race!
18:26:57.058 - Team 0 driving to marker 0(Dist: 2.6km) for 200 milliseconds
18:26:57.258 - Team 0 arrived to RouteMarker Hula Valley. Checking for approval..
18:26:57.258 - Team 0 approved to enter marker Hula Valley
18:26:57.258 - Team 0 received clue: Route Information
18:26:57.259 - Team 0 at RM Hula Valley is leaving..
18:26:57.259 - Team 0 driving to marker 1(Dist: 33.0km) for 3300 milliseconds
18:27:00.559 - Team 0 arrived to RouteMarker Ramon Crater. Checking for approval..
18:27:00.559 - Team 0 approved to enter marker Ramon Crater
18:27:00.560 - Team 0 received clue: Detour
18:27:00.561 - Team 0 performing physical task for 3000 millis
18:27:03.561 - Team 0 at RM Ramon Crater is leaving..
18:27:03.570 - Team 0 driving to marker 2(Dist: 28.0km) for 2800 milliseconds
18:27:06.370 - Team 0 arrived to RouteMarker Jerusalem Old City. Checking for approval..
18:27:06.370 - Team 0 approved to enter marker Jerusalem Old City
18:27:06.370 - Team 0 received clue: Route Information
18:27:06.370 - Team 0 at RM Jerusalem Old City is leaving..
18:27:06.370 - Team 0 driving to marker 3(Dist: 15.6km) for 1500 milliseconds
18:27:07.871 - Team 0 arrived to RouteMarker Dead Sea. Checking for approval..
18:27:07.871 - Team 0 approved to enter marker Dead Sea
18:27:07.872 - Team 0 received clue: Roadblock
18:27:07.873 - Team 0 draws random member: Contestant [ name=Rahmi Girish, physicalScore=67, mentalScore=78 ]
18:27:10.623 - Team 0 at RM Dead Sea is leaving..
18:27:10.623 - Team 0 driving to marker 4(Dist: 27.8km) for 2700 milliseconds
18:27:13.323 - Team 0 arrived to RouteMarker Acre Market. Checking for approval..
18:27:13.323 - Team 0 approved to enter marker Acre Market
18:27:13.323 - Team 0 received clue: Route Information
18:27:13.323 - Team 0 at RM Acre Market is leaving..
18:27:13.324 - Team 0 driving to marker 5(Dist: 14.2km) for 1400 milliseconds
18:27:14.724 - Team 0 arrived to RouteMarker Kinneret. Checking for approval..
18:27:14.724 - Team 0 approved to enter marker Kinneret
18:27:14.724 - Team 0 received clue: Route Information
18:27:14.724 - Team 0 at RM Kinneret is leaving..
18:27:14.724 - Team 0 driving to marker 6(Dist: 12.5km) for 1200 milliseconds
18:27:15.924 - Team 0 arrived to RouteMarker Bahai Garden. Checking for approval..
18:27:15.924 - Team 0 approved to enter marker Bahai Garden
18:27:15.924 - Team 0 received clue: Detour
18:27:15.924 - Team 0 performing physical task for 3000 millis
18:27:18.924 - Team 0 at RM Bahai Garden is leaving..
18:27:18.924 - Team 0 driving to marker 7(Dist: 25.1km) for 2500 milliseconds
18:27:21.426 - Team 0 arrived to RouteMarker Tel Aviv Azrieli Center. Checking for approval..
18:27:21.426 - Team 0 approved to enter marker Tel Aviv Azrieli Center
18:27:21.426 - Team 0 received clue: Route Information
18:27:21.426 - Team 0 at RM Tel Aviv Azrieli Center is leaving..
18:27:21.426 - Team 0 has finished the race!
