18:26:57.063 - Team 3 joined the race!
18:26:57.064 - Team 3 driving to marker 0(Dist: 2.6km) for 200 milliseconds
18:26:57.264 - Team 3 arrived to RouteMarker Hula Valley. Checking for approval..
18:26:57.267 - Team 3 approved to enter marker Hula Valley
18:26:57.269 - Team 3 received clue: Route Information
18:26:57.269 - Team 3 at RM Hula Valley is leaving..
18:26:57.269 - Team 3 driving to marker 1(Dist: 33.0km) for 3300 milliseconds
18:27:00.578 - Team 3 arrived to RouteMarker Ramon Crater. Checking for approval..
18:27:00.582 - Team 3 is waiting for RouteMarker Ramon Crater to be available.
18:27:02.576 - Team 3 approved to enter marker Ramon Crater
18:27:02.576 - Team 3 received clue: Detour
18:27:02.576 - Team 3 performing physical task for 3350 millis
18:27:05.926 - Team 3 at RM Ramon Crater is leaving..
18:27:05.927 - Team 3 driving to marker 2(Dist: 28.0km) for 2800 milliseconds
18:27:08.728 - Team 3 arrived to RouteMarker Jerusalem Old City. Checking for approval..
18:27:08.728 - Team 3 approved to enter marker Jerusalem Old City
18:27:08.728 - Team 3 received clue: Route Information
18:27:08.728 - Team 3 at RM Jerusalem Old City is leaving..
18:27:08.728 - Team 3 driving to marker 3(Dist: 15.6km) for 1500 milliseconds
18:27:10.230 - Team 3 arrived to RouteMarker Dead Sea. Checking for approval..
18:27:10.231 - Team 3 is waiting for RouteMarker Dead Sea to be available.
18:27:10.334 - Team 3 approved to enter marker Dead Sea
18:27:10.334 - Team 3 received clue: Roadblock
18:27:10.335 - Team 3 draws random member: Contestant [ name=Ema Major, physicalScore=56, mentalScore=43 ]
18:27:15.388 - Team 3 at RM Dead Sea is leaving..
18:27:15.388 - Team 3 driving to marker 4(Dist: 27.8km) for 2700 milliseconds
18:27:18.088 - Team 3 arrived to RouteMarker Acre Market. Checking for approval..
18:27:18.088 - Team 3 approved to enter marker Acre Market
18:27:18.088 - Team 3 received clue: Route Information
18:27:18.088 - Team 3 at RM Acre Market is leaving..
18:27:18.088 - Team 3 driving to marker 5(Dist: 14.2km) for 1400 milliseconds
18:27:19.490 - Team 3 arrived to RouteMarker Kinneret. Checking for approval..
18:27:19.490 - Team 3 approved to enter marker Kinneret
18:27:19.490 - Team 3 received clue: Route Information
18:27:19.490 - Team 3 at RM Kinneret is leaving..
18:27:19.491 - Team 3 driving to marker 6(Dist: 12.5km) for 1200 milliseconds
18:27:20.691 - Team 3 arrived to RouteMarker Bahai Garden. Checking for approval..
18:27:20.691 - Team 3 approved to enter marker Bahai Garden
18:27:20.691 - Team 3 received clue: Detour
18:27:20.691 - Team 3 performing physical task for 3350 millis
18:27:24.041 - Team 3 at RM Bahai Garden is leaving..
18:27:24.041 - Team 3 driving to marker 7(Dist: 25.1km) for 2500 milliseconds
18:27:26.542 - Team 3 arrived to RouteMarker Tel Aviv Azrieli Center. Checking for approval..
18:27:26.542 - Team 3 approved to enter marker Tel Aviv Azrieli Center
18:27:26.550 - Team 3 received clue: Route Information
18:27:26.550 - Team 3 at RM Tel Aviv Azrieli Center is leaving..
18:27:26.551 - Team 3 has finished the race!
