18:26:57.062 - Team 7 joined the race!
18:26:57.062 - Team 7 driving to marker 0(Dist: 2.6km) for 200 milliseconds
18:26:57.263 - Team 7 arrived to RouteMarker Hula Valley. Checking for approval..
18:26:57.263 - Team 7 approved to enter marker Hula Valley
18:26:57.264 - Team 7 received clue: Route Information
18:26:57.264 - Team 7 at RM Hula Valley is leaving..
18:26:57.264 - Team 7 driving to marker 1(Dist: 33.0km) for 3300 milliseconds
18:27:00.577 - Team 7 arrived to RouteMarker Ramon Crater. Checking for approval..
18:27:00.577 - Team 7 is waiting for RouteMarker Ramon Crater to be available.
18:27:02.577 - Team 7 is waiting for RouteMarker Ramon Crater to be available.
18:27:02.783 - Team 7 is waiting for RouteMarker Ramon Crater to be available.
18:27:03.562 - Team 7 is waiting for RouteMarker Ramon Crater to be available.
18:27:04.083 - Team 7 is waiting for RouteMarker Ramon Crater to be available.
18:27:05.084 - Team 7 is waiting for RouteMarker Ramon Crater to be available.
18:27:05.926 - Team 7 approved to enter marker Ramon Crater
18:27:05.927 - Team 7 received clue: Detour
18:27:05.927 - Team 7 performing mental task for 3250 millis.
18:27:09.178 - Team 7 at RM Ramon Crater is leaving..
18:27:09.178 - Team 7 driving to marker 2(Dist: 28.0km) for 2800 milliseconds
18:27:11.978 - Team 7 arrived to RouteMarker Jerusalem Old City. Checking for approval..
18:27:11.978 - Team 7 approved to enter marker Jerusalem Old City
18:27:11.978 - Team 7 received clue: Route Information
18:27:11.978 - Team 7 at RM Jerusalem Old City is leaving..
18:27:11.978 - Team 7 driving to marker 3(Dist: 15.6km) for 1500 milliseconds
18:27:13.478 - Team 7 arrived to RouteMarker Dead Sea. Checking for approval..
18:27:13.481 - Team 7 is waiting for RouteMarker Dead Sea to be available.
18:27:13.696 - Team 7 approved to enter marker Dead Sea
18:27:13.696 - Team 7 received clue: Roadblock
18:27:13.697 - Team 7 draws random member: Contestant [ name=Christen Shepherd, physicalScore=64, mentalScore=76 ]
18:27:16.718 - Team 7 at RM Dead Sea is leaving..
18:27:16.718 - Team 7 driving to marker 4(Dist: 27.8km) for 2700 milliseconds
18:27:19.418 - Team 7 arrived to RouteMarker Acre Market. Checking for approval..
18:27:19.418 - Team 7 approved to enter marker Acre Market
18:27:19.418 - Team 7 received clue: Route Information
18:27:19.418 - Team 7 at RM Acre Market is leaving..
18:27:19.418 - Team 7 driving to marker 5(Dist: 14.2km) for 1400 milliseconds
18:27:20.818 - Team 7 arrived to RouteMarker Kinneret. Checking for approval..
18:27:20.818 - Team 7 approved to enter marker Kinneret
18:27:20.818 - Team 7 received clue: Route Information
18:27:20.818 - Team 7 at RM Kinneret is leaving..
18:27:20.818 - Team 7 driving to marker 6(Dist: 12.5km) for 1200 milliseconds
18:27:22.018 - Team 7 arrived to RouteMarker Bahai Garden. Checking for approval..
18:27:22.018 - Team 7 approved to enter marker Bahai Garden
18:27:22.018 - Team 7 received clue: Detour
18:27:22.018 - Team 7 performing mental task for 3250 millis.
18:27:25.278 - Team 7 at RM Bahai Garden is leaving..
18:27:25.278 - Team 7 driving to marker 7(Dist: 25.1km) for 2500 milliseconds
18:27:27.778 - Team 7 arrived to RouteMarker Tel Aviv Azrieli Center. Checking for approval..
18:27:27.778 - Team 7 approved to enter marker Tel Aviv Azrieli Center
18:27:27.778 - Team 7 received clue: Route Information
18:27:27.778 - Team 7 at RM Tel Aviv Azrieli Center is leaving..
18:27:35.828 - Team 7 has finished the race!
