18:29:14.126 - Starting simulating race
18:29:14.139 - Importing teams from teams.json
18:29:14.165 - Importing Route Markers from markers.json
18:29:14.169 - Team 0 joined the race!
18:29:14.170 - Team 0 driving to marker 0(Dist: 2.6km) for 200 milliseconds
18:29:14.171 - Team 4 joined the race!
18:29:14.171 - Team 4 driving to marker 0(Dist: 2.6km) for 200 milliseconds
18:29:14.172 - Team 2 joined the race!
18:29:14.172 - Team 2 driving to marker 0(Dist: 2.6km) for 200 milliseconds
18:29:14.173 - Team 6 joined the race!
18:29:14.173 - Team 6 driving to marker 0(Dist: 2.6km) for 200 milliseconds
18:29:14.173 - Team 1 joined the race!
18:29:14.174 - Team 3 joined the race!
18:29:14.174 - Team 10 joined the race!
18:29:14.174 - Team 3 driving to marker 0(Dist: 2.6km) for 200 milliseconds
18:29:14.175 - Team 9 joined the race!
18:29:14.175 - Team 9 driving to marker 0(Dist: 2.6km) for 200 milliseconds
18:29:14.173 - Team 8 joined the race!
18:29:14.176 - Team 10 driving to marker 0(Dist: 2.6km) for 200 milliseconds
18:29:14.176 - Team 1 driving to marker 0(Dist: 2.6km) for 200 milliseconds
18:29:14.176 - Team 8 driving to marker 0(Dist: 2.6km) for 200 milliseconds
18:29:14.177 - Team 7 joined the race!
18:29:14.177 - Team 5 joined the race!
18:29:14.177 - Team 7 driving to marker 0(Dist: 2.6km) for 200 milliseconds
18:29:14.177 - Team 5 driving to marker 0(Dist: 2.6km) for 200 milliseconds
18:29:14.370 - Team 0 arrived to RouteMarker Hula Valley. Checking for approval..
18:29:14.370 - Team 0 approved to enter marker Hula Valley
18:29:14.370 - Team 0 received clue: Route Information
18:29:14.371 - Team 0 at RM Hula Valley is leaving..
18:29:14.371 - Team 0 driving to marker 1(Dist: 33.0km) for 3300 milliseconds
18:29:14.372 - Team 4 arrived to RouteMarker Hula Valley. Checking for approval..
18:29:14.372 - Team 2 arrived to RouteMarker Hula Valley. Checking for approval..
18:29:14.372 - Team 4 approved to enter marker Hula Valley
18:29:14.372 - Team 2 approved to enter marker Hula Valley
18:29:14.372 - Team 2 received clue: Route Information
18:29:14.373 - Team 4 received clue: Route Information
18:29:14.373 - Team 2 at RM Hula Valley is leaving..
18:29:14.373 - Team 2 driving to marker 1(Dist: 33.0km) for 3300 milliseconds
18:29:14.373 - Team 6 arrived to RouteMarker Hula Valley. Checking for approval..
18:29:14.374 - Team 6 approved to enter marker Hula Valley
18:29:14.374 - Team 6 received clue: Route Information
18:29:14.374 - Team 4 at RM Hula Valley is leaving..
18:29:14.374 - Team 4 driving to marker 1(Dist: 33.0km) for 3300 milliseconds
18:29:14.375 - Team 6 at RM Hula Valley is leaving..
18:29:14.375 - Team 6 driving to marker 1(Dist: 33.0km) for 3300 milliseconds
18:29:14.375 - Team 9 arrived to RouteMarker Hula Valley. Checking for approval..
18:29:14.375 - Team 3 arrived to RouteMarker Hula Valley. Checking for approval..
18:29:14.375 - Team 9 approved to enter marker Hula Valley
18:29:14.375 - Team 3 approved to enter marker Hula Valley
18:29:14.376 - Team 9 received clue: Route Information
18:29:14.376 - Team 9 at RM Hula Valley is leaving..
18:29:14.376 - Team 9 driving to marker 1(Dist: 33.0km) for 3300 milliseconds
18:29:14.377 - Team 10 arrived to RouteMarker Hula Valley. Checking for approval..
18:29:14.377 - Team 10 approved to enter marker Hula Valley
18:29:14.377 - Team 10 received clue: Route Information
18:29:14.377 - Team 3 received clue: Route Information
18:29:14.377 - Team 10 at RM Hula Valley is leaving..
18:29:14.377 - Team 3 at RM Hula Valley is leaving..
18:29:14.378 - Team 10 driving to marker 1(Dist: 33.0km) for 3300 milliseconds
18:29:14.378 - Team 8 arrived to RouteMarker Hula Valley. Checking for approval..
18:29:14.378 - Team 3 driving to marker 1(Dist: 33.0km) for 3300 milliseconds
18:29:14.378 - Team 1 arrived to RouteMarker Hula Valley. Checking for approval..
18:29:14.378 - Team 1 approved to enter marker Hula Valley
18:29:14.378 - Team 1 received clue: Route Information
18:29:14.379 - Team 8 approved to enter marker Hula Valley
18:29:14.380 - Team 8 received clue: Route Information
18:29:14.380 - Team 8 at RM Hula Valley is leaving..
18:29:14.380 - Team 8 driving to marker 1(Dist: 33.0km) for 3300 milliseconds
18:29:14.381 - Team 1 at RM Hula Valley is leaving..
18:29:14.381 - Team 1 driving to marker 1(Dist: 33.0km) for 3300 milliseconds
18:29:14.381 - Team 7 arrived to RouteMarker Hula Valley. Checking for approval..
18:29:14.381 - Team 5 arrived to RouteMarker Hula Valley. Checking for approval..
18:29:14.381 - Team 7 approved to enter marker Hula Valley
18:29:14.381 - Team 5 approved to enter marker Hula Valley
18:29:14.381 - Team 7 received clue: Route Information
18:29:14.382 - Team 7 at RM Hula Valley is leaving..
18:29:14.382 - Team 7 driving to marker 1(Dist: 33.0km) for 3300 milliseconds
18:29:14.382 - Team 5 received clue: Route Information
18:29:14.382 - Team 5 at RM Hula Valley is leaving..
18:29:14.382 - Team 5 driving to marker 1(Dist: 33.0km) for 3300 milliseconds
