18:32:32.669 - Team 10 joined the race!
18:32:32.670 - Team 10 driving to marker 0(Dist: 2.6km) for 200 milliseconds
18:32:32.871 - Team 10 arrived to RouteMarker Hula Valley. Checking for approval..
18:32:32.872 - Team 10 approved to enter marker Hula Valley
18:32:32.872 - Team 10 received clue: Route Information
18:32:32.878 - Team 10 at RM Hula Valley is leaving..
18:32:32.878 - Team 10 driving to marker 1(Dist: 33.0km) for 3300 milliseconds
18:32:36.184 - Team 10 arrived to RouteMarker Ramon Crater. Checking for approval..
18:32:36.184 - Team 10 is waiting for RouteMarker Ramon Crater to be available.
18:32:37.185 - Team 10 is waiting for RouteMarker Ramon Crater to be available.
18:32:38.370 - Team 10 is waiting for RouteMarker Ramon Crater to be available.
18:32:39.184 - Team 10 is waiting for RouteMarker Ramon Crater to be available.
18:32:39.669 - Team 10 is waiting for RouteMarker Ramon Crater to be available.
18:32:40.540 - Team 10 is waiting for RouteMarker Ramon Crater to be available.
18:32:41.673 - Team 10 is waiting for RouteMarker Ramon Crater to be available.
18:32:42.433 - Team 10 is waiting for RouteMarker Ramon Crater to be available.
18:32:42.523 - Team 10 approved to enter marker Ramon Crater
18:32:42.523 - Team 10 received clue: Detour
18:32:42.523 - Team 10 performing physical task for 2550 millis
18:32:45.074 - Team 10 at RM Ramon Crater is leaving..
18:32:45.074 - Team 10 driving to marker 2(Dist: 28.0km) for 2800 milliseconds
18:32:47.874 - Team 10 arrived to RouteMarker Jerusalem Old City. Checking for approval..
18:32:47.884 - Team 10 approved to enter marker Jerusalem Old City
18:32:47.885 - Team 10 received clue: Route Information
18:32:47.885 - Team 10 at RM Jerusalem Old City is leaving..
18:32:47.885 - Team 10 driving to marker 3(Dist: 15.6km) for 1500 milliseconds
18:32:49.385 - Team 10 arrived to RouteMarker Dead Sea. Checking for approval..
18:32:49.385 - Team 10 is waiting for RouteMarker Dead Sea to be available.
18:32:49.885 - Team 10 is waiting for RouteMarker Dead Sea to be available.
18:32:50.641 - Team 10 approved to enter marker Dead Sea
18:32:50.641 - Team 10 received clue: Roadblock
18:32:50.647 - Team 10 draws random member: Contestant [ name=Stella Blaha, physicalScore=56, mentalScore=25 ]
18:32:56.598 - Team 10 at RM Dead Sea is leaving..
18:32:56.598 - Team 10 driving to marker 4(Dist: 27.8km) for 2700 milliseconds
18:32:59.298 - Team 10 arrived to RouteMarker Acre Market. Checking for approval..
18:32:59.298 - Team 10 approved to enter marker Acre Market
18:32:59.298 - Team 10 received clue: Route Information
18:32:59.298 - Team 10 at RM Acre Market is leaving..
18:32:59.298 - Team 10 driving to marker 5(Dist: 14.2km) for 1400 milliseconds
18:33:00.698 - Team 10 arrived to RouteMarker Kinneret. Checking for approval..
18:33:00.698 - Team 10 approved to enter marker Kinneret
18:33:00.698 - Team 10 received clue: Route Information
18:33:00.698 - Team 10 at RM Kinneret is leaving..
18:33:00.698 - Team 10 driving to marker 6(Dist: 12.5km) for 1200 milliseconds
18:33:01.898 - Team 10 arrived to RouteMarker Bahai Garden. Checking for approval..
18:33:01.898 - Team 10 approved to enter marker Bahai Garden
18:33:01.898 - Team 10 received clue: Detour
18:33:01.898 - Team 10 performing physical task for 2550 millis
18:33:04.448 - Team 10 at RM Bahai Garden is leaving..
18:33:04.448 - Team 10 driving to marker 7(Dist: 25.1km) for 2500 milliseconds
18:33:06.948 - Team 10 arrived to RouteMarker Tel Aviv Azrieli Center. Checking for approval..
18:33:06.948 - Team 10 approved to enter marker Tel Aviv Azrieli Center
18:33:06.948 - Team 10 received clue: Route Information
18:33:06.948 - Team 10 at RM Tel Aviv Azrieli Center is leaving..
18:33:11.301 - Team 10 has finished the race!
