18:32:32.667 - Team 4 joined the race!
18:32:32.667 - Team 4 driving to marker 0(Dist: 2.6km) for 200 milliseconds
18:32:32.868 - Team 4 arrived to RouteMarker Hula Valley. Checking for approval..
18:32:32.868 - Team 4 approved to enter marker Hula Valley
18:32:32.868 - Team 4 received clue: Route Information
18:32:32.868 - Team 4 at RM Hula Valley is leaving..
18:32:32.868 - Team 4 driving to marker 1(Dist: 33.0km) for 3300 milliseconds
18:32:36.182 - Team 4 arrived to RouteMarker Ramon Crater. Checking for approval..
18:32:36.182 - Team 4 approved to enter marker Ramon Crater
18:32:36.182 - Team 4 received clue: Detour
18:32:36.183 - Team 4 performing mental task for 1000 millis.
18:32:37.184 - Team 4 at RM Ramon Crater is leaving..
18:32:37.186 - Team 4 driving to marker 2(Dist: 28.0km) for 2800 milliseconds
18:32:39.987 - Team 4 arrived to RouteMarker Jerusalem Old City. Checking for approval..
18:32:39.987 - Team 4 approved to enter marker Jerusalem Old City
18:32:39.987 - Team 4 received clue: Route Information
18:32:39.987 - Team 4 at RM Jerusalem Old City is leaving..
18:32:39.988 - Team 4 driving to marker 3(Dist: 15.6km) for 1500 milliseconds
18:32:41.488 - Team 4 arrived to RouteMarker Dead Sea. Checking for approval..
18:32:41.488 - Team 4 approved to enter marker Dead Sea
18:32:41.489 - Team 4 received clue: Roadblock
18:32:41.490 - Team 4 draws random member: Contestant [ name=Helena Sala, physicalScore=36, mentalScore=94 ]
18:32:44.992 - Team 4 at RM Dead Sea is leaving..
18:32:44.994 - Team 4 driving to marker 4(Dist: 27.8km) for 2700 milliseconds
18:32:47.694 - Team 4 arrived to RouteMarker Acre Market. Checking for approval..
18:32:47.694 - Team 4 approved to enter marker Acre Market
18:32:47.694 - Team 4 received clue: Route Information
18:32:47.694 - Team 4 at RM Acre Market is leaving..
18:32:47.694 - Team 4 driving to marker 5(Dist: 14.2km) for 1400 milliseconds
18:32:49.094 - Team 4 arrived to RouteMarker Kinneret. Checking for approval..
18:32:49.094 - Team 4 approved to enter marker Kinneret
18:32:49.094 - Team 4 received clue: Route Information
18:32:49.094 - Team 4 at RM Kinneret is leaving..
18:32:49.095 - Team 4 driving to marker 6(Dist: 12.5km) for 1200 milliseconds
18:32:50.295 - Team 4 arrived to RouteMarker Bahai Garden. Checking for approval..
18:32:50.295 - Team 4 approved to enter marker Bahai Garden
18:32:50.295 - Team 4 received clue: Detour
18:32:50.295 - Team 4 performing mental task for 1000 millis.
18:32:51.295 - Team 4 at RM Bahai Garden is leaving..
18:32:51.299 - Team 4 driving to marker 7(Dist: 25.1km) for 2500 milliseconds
18:32:53.799 - Team 4 arrived to RouteMarker Tel Aviv Azrieli Center. Checking for approval..
18:32:53.799 - Team 4 approved to enter marker Tel Aviv Azrieli Center
18:32:53.799 - Team 4 received clue: Route Information
18:32:53.799 - Team 4 at RM Tel Aviv Azrieli Center is leaving..
18:33:01.299 - Team 4 has finished the race!
