18:32:32.669 - Team 5 joined the race!
18:32:32.669 - Team 5 driving to marker 0(Dist: 2.6km) for 200 milliseconds
18:32:32.872 - Team 5 arrived to RouteMarker Hula Valley. Checking for approval..
18:32:32.878 - Team 5 approved to enter marker Hula Valley
18:32:32.878 - Team 5 received clue: Route Information
18:32:32.879 - Team 5 at RM Hula Valley is leaving..
18:32:32.879 - Team 5 driving to marker 1(Dist: 33.0km) for 3300 milliseconds
18:32:36.185 - Team 5 arrived to RouteMarker Ramon Crater. Checking for approval..
18:32:36.185 - Team 5 is waiting for RouteMarker Ramon Crater to be available.
18:32:37.185 - Team 5 is waiting for RouteMarker Ramon Crater to be available.
18:32:38.376 - Team 5 is waiting for RouteMarker Ramon Crater to be available.
18:32:39.183 - Team 5 is waiting for RouteMarker Ramon Crater to be available.
18:32:39.669 - Team 5 is waiting for RouteMarker Ramon Crater to be available.
18:32:40.535 - Team 5 approved to enter marker Ramon Crater
18:32:40.540 - Team 5 received clue: Detour
18:32:40.540 - Team 5 performing physical task for 2400 millis
18:32:42.940 - Team 5 at RM Ramon Crater is leaving..
18:32:42.940 - Team 5 driving to marker 2(Dist: 28.0km) for 2800 milliseconds
18:32:45.740 - Team 5 arrived to RouteMarker Jerusalem Old City. Checking for approval..
18:32:45.740 - Team 5 approved to enter marker Jerusalem Old City
18:32:45.740 - Team 5 received clue: Route Information
18:32:45.740 - Team 5 at RM Jerusalem Old City is leaving..
18:32:45.740 - Team 5 driving to marker 3(Dist: 15.6km) for 1500 milliseconds
18:32:47.241 - Team 5 arrived to RouteMarker Dead Sea. Checking for approval..
18:32:47.241 - Team 5 is waiting for RouteMarker Dead Sea to be available.
18:32:47.680 - Team 5 approved to enter marker Dead Sea
18:32:47.682 - Team 5 received clue: Roadblock
18:32:47.682 - Team 5 draws random member: Contestant [ name=Andreas Putnam, physicalScore=85, mentalScore=71 ]
18:32:49.885 - Team 5 at RM Dead Sea is leaving..
18:32:49.886 - Team 5 driving to marker 4(Dist: 27.8km) for 2700 milliseconds
18:32:52.586 - Team 5 arrived to RouteMarker Acre Market. Checking for approval..
18:32:52.586 - Team 5 approved to enter marker Acre Market
18:32:52.586 - Team 5 received clue: Route Information
18:32:52.586 - Team 5 at RM Acre Market is leaving..
18:32:52.586 - Team 5 driving to marker 5(Dist: 14.2km) for 1400 milliseconds
18:32:53.986 - Team 5 arrived to RouteMarker Kinneret. Checking for approval..
18:32:53.993 - Team 5 approved to enter marker Kinneret
18:32:53.993 - Team 5 received clue: Route Information
18:32:53.993 - Team 5 at RM Kinneret is leaving..
18:32:53.993 - Team 5 driving to marker 6(Dist: 12.5km) for 1200 milliseconds
18:32:55.194 - Team 5 arrived to RouteMarker Bahai Garden. Checking for approval..
18:32:55.194 - Team 5 approved to enter marker Bahai Garden
18:32:55.194 - Team 5 received clue: Detour
18:32:55.194 - Team 5 performing physical task for 2400 millis
18:32:57.594 - Team 5 at RM Bahai Garden is leaving..
18:32:57.594 - Team 5 driving to marker 7(Dist: 25.1km) for 2500 milliseconds
18:33:00.094 - Team 5 arrived to RouteMarker Tel Aviv Azrieli Center. Checking for approval..
18:33:00.094 - Team 5 approved to enter marker Tel Aviv Azrieli Center
18:33:00.094 - Team 5 received clue: Route Information
18:33:00.094 - Team 5 at RM Tel Aviv Azrieli Center is leaving..
18:33:01.299 - Team 5 has finished the race!
