18:32:32.668 - Team 6 joined the race!
18:32:32.668 - Team 6 driving to marker 0(Dist: 2.6km) for 200 milliseconds
18:32:32.871 - Team 6 arrived to RouteMarker Hula Valley. Checking for approval..
18:32:32.877 - Team 6 approved to enter marker Hula Valley
18:32:32.877 - Team 6 received clue: Route Information
18:32:32.877 - Team 6 at RM Hula Valley is leaving..
18:32:32.877 - Team 6 driving to marker 1(Dist: 33.0km) for 3300 milliseconds
18:32:36.185 - Team 6 arrived to RouteMarker Ramon Crater. Checking for approval..
18:32:36.185 - Team 6 is waiting for RouteMarker Ramon Crater to be available.
18:32:37.185 - Team 6 is waiting for RouteMarker Ramon Crater to be available.
18:32:38.371 - Team 6 is waiting for RouteMarker Ramon Crater to be available.
18:32:39.183 - Team 6 is waiting for RouteMarker Ramon Crater to be available.
18:32:39.669 - Team 6 is waiting for RouteMarker Ramon Crater to be available.
18:32:40.540 - Team 6 is waiting for RouteMarker Ramon Crater to be available.
18:32:41.673 - Team 6 is waiting for RouteMarker Ramon Crater to be available.
18:32:42.433 - Team 6 approved to enter marker Ramon Crater
18:32:42.433 - Team 6 received clue: Detour
18:32:42.433 - Team 6 performing physical task for 5600 millis
18:32:48.033 - Team 6 at RM Ramon Crater is leaving..
18:32:48.037 - Team 6 driving to marker 2(Dist: 28.0km) for 2800 milliseconds
18:32:50.837 - Team 6 arrived to RouteMarker Jerusalem Old City. Checking for approval..
18:32:50.837 - Team 6 approved to enter marker Jerusalem Old City
18:32:50.837 - Team 6 received clue: Route Information
18:32:50.837 - Team 6 at RM Jerusalem Old City is leaving..
18:32:50.837 - Team 6 driving to marker 3(Dist: 15.6km) for 1500 milliseconds
18:32:52.337 - Team 6 arrived to RouteMarker Dead Sea. Checking for approval..
18:32:52.337 - Team 6 approved to enter marker Dead Sea
18:32:52.337 - Team 6 received clue: Roadblock
18:32:52.338 - Team 6 draws random member: Contestant [ name=Ulf Hurst, physicalScore=65, mentalScore=24 ]
18:32:57.889 - Team 6 at RM Dead Sea is leaving..
18:32:57.889 - Team 6 driving to marker 4(Dist: 27.8km) for 2700 milliseconds
18:33:00.589 - Team 6 arrived to RouteMarker Acre Market. Checking for approval..
18:33:00.589 - Team 6 approved to enter marker Acre Market
18:33:00.589 - Team 6 received clue: Route Information
18:33:00.589 - Team 6 at RM Acre Market is leaving..
18:33:00.589 - Team 6 driving to marker 5(Dist: 14.2km) for 1400 milliseconds
18:33:01.989 - Team 6 arrived to RouteMarker Kinneret. Checking for approval..
18:33:01.989 - Team 6 approved to enter marker Kinneret
18:33:01.989 - Team 6 received clue: Route Information
18:33:01.989 - Team 6 at RM Kinneret is leaving..
18:33:02.001 - Team 6 driving to marker 6(Dist: 12.5km) for 1200 milliseconds
18:33:03.201 - Team 6 arrived to RouteMarker Bahai Garden. Checking for approval..
18:33:03.201 - Team 6 approved to enter marker Bahai Garden
18:33:03.201 - Team 6 received clue: Detour
18:33:03.201 - Team 6 performing physical task for 5600 millis
18:33:08.801 - Team 6 at RM Bahai Garden is leaving..
18:33:08.801 - Team 6 driving to marker 7(Dist: 25.1km) for 2500 milliseconds
18:33:11.301 - Team 6 arrived to RouteMarker Tel Aviv Azrieli Center. Checking for approval..
18:33:11.301 - Team 6 approved to enter marker Tel Aviv Azrieli Center
18:33:11.301 - Team 6 received clue: Route Information
18:33:11.301 - Team 6 at RM Tel Aviv Azrieli Center is leaving..
18:33:11.301 - Team 6 has finished the race!
