18:32:32.664 - Team 1 joined the race!
18:32:32.665 - Team 1 driving to marker 0(Dist: 2.6km) for 200 milliseconds
18:32:32.865 - Team 1 arrived to RouteMarker Hula Valley. Checking for approval..
18:32:32.865 - Team 1 approved to enter marker Hula Valley
18:32:32.865 - Team 1 received clue: Route Information
18:32:32.866 - Team 1 at RM Hula Valley is leaving..
18:32:32.866 - Team 1 driving to marker 1(Dist: 33.0km) for 3300 milliseconds
18:32:36.166 - Team 1 arrived to RouteMarker Ramon Crater. Checking for approval..
18:32:36.166 - Team 1 approved to enter marker Ramon Crater
18:32:36.167 - Team 1 received clue: Detour
18:32:36.168 - Team 1 performing mental task for 2200 millis.
18:32:38.369 - Team 1 at RM Ramon Crater is leaving..
18:32:38.377 - Team 1 driving to marker 2(Dist: 28.0km) for 2800 milliseconds
18:32:41.177 - Team 1 arrived to RouteMarker Jerusalem Old City. Checking for approval..
18:32:41.177 - Team 1 approved to enter marker Jerusalem Old City
18:32:41.177 - Team 1 received clue: Route Information
18:32:41.177 - Team 1 at RM Jerusalem Old City is leaving..
18:32:41.177 - Team 1 driving to marker 3(Dist: 15.6km) for 1500 milliseconds
18:32:42.677 - Team 1 arrived to RouteMarker Dead Sea. Checking for approval..
18:32:42.677 - Team 1 approved to enter marker Dead Sea
18:32:42.677 - Team 1 received clue: Roadblock
18:32:42.677 - Team 1 draws random member: Contestant [ name=Hans Emanuel, physicalScore=58, mentalScore=91 ]
18:32:45.227 - Team 1 at RM Dead Sea is leaving..
18:32:45.230 - Team 1 driving to marker 4(Dist: 27.8km) for 2700 milliseconds
18:32:47.930 - Team 1 arrived to RouteMarker Acre Market. Checking for approval..
18:32:47.930 - Team 1 approved to enter marker Acre Market
18:32:47.930 - Team 1 received clue: Route Information
18:32:47.930 - Team 1 at RM Acre Market is leaving..
18:32:47.930 - Team 1 driving to marker 5(Dist: 14.2km) for 1400 milliseconds
18:32:49.330 - Team 1 arrived to RouteMarker Kinneret. Checking for approval..
18:32:49.330 - Team 1 approved to enter marker Kinneret
18:32:49.330 - Team 1 received clue: Route Information
18:32:49.330 - Team 1 at RM Kinneret is leaving..
18:32:49.330 - Team 1 driving to marker 6(Dist: 12.5km) for 1200 milliseconds
18:32:50.530 - Team 1 arrived to RouteMarker Bahai Garden. Checking for approval..
18:32:50.530 - Team 1 approved to enter marker Bahai Garden
18:32:50.530 - Team 1 received clue: Detour
18:32:50.530 - Team 1 performing mental task for 2200 millis.
18:32:52.730 - Team 1 at RM Bahai Garden is leaving..
18:32:52.730 - Team 1 driving to marker 7(Dist: 25.1km) for 2500 milliseconds
18:32:55.231 - Team 1 arrived to RouteMarker Tel Aviv Azrieli Center. Checking for approval..
18:32:55.231 - Team 1 approved to enter marker Tel Aviv Azrieli Center
18:32:55.231 - Team 1 received clue: Route Information
18:32:55.231 - Team 1 at RM Tel Aviv Azrieli Center is leaving..
18:32:57.848 - Team 1 has finished the race!
