18:32:32.669 - Team 9 joined the race!
18:32:32.670 - Team 9 driving to marker 0(Dist: 2.6km) for 200 milliseconds
18:32:32.870 - Team 9 arrived to RouteMarker Hula Valley. Checking for approval..
18:32:32.870 - Team 9 approved to enter marker Hula Valley
18:32:32.870 - Team 9 received clue: Route Information
18:32:32.871 - Team 9 at RM Hula Valley is leaving..
18:32:32.871 - Team 9 driving to marker 1(Dist: 33.0km) for 3300 milliseconds
18:32:36.183 - Team 9 arrived to RouteMarker Ramon Crater. Checking for approval..
18:32:36.183 - Team 9 is waiting for RouteMarker Ramon Crater to be available.
18:32:37.186 - Team 9 is waiting for RouteMarker Ramon Crater to be available.
18:32:38.369 - Team 9 approved to enter marker Ramon Crater
18:32:38.369 - Team 9 received clue: Detour
18:32:38.369 - Team 9 performing mental task for 1300 millis.
18:32:39.669 - Team 9 at RM Ramon Crater is leaving..
18:32:39.670 - Team 9 driving to marker 2(Dist: 28.0km) for 2800 milliseconds
18:32:42.470 - Team 9 arrived to RouteMarker Jerusalem Old City. Checking for approval..
18:32:42.470 - Team 9 approved to enter marker Jerusalem Old City
18:32:42.470 - Team 9 received clue: Route Information
18:32:42.470 - Team 9 at RM Jerusalem Old City is leaving..
18:32:42.470 - Team 9 driving to marker 3(Dist: 15.6km) for 1500 milliseconds
18:32:43.970 - Team 9 arrived to RouteMarker Dead Sea. Checking for approval..
18:32:43.970 - Team 9 is waiting for RouteMarker Dead Sea to be available.
18:32:44.993 - Team 9 is waiting for RouteMarker Dead Sea to be available.
18:32:45.227 - Team 9 approved to enter marker Dead Sea
18:32:45.227 - Team 9 received clue: Roadblock
18:32:45.228 - Team 9 draws random member: Contestant [ name=Ohad Piatek, physicalScore=56, mentalScore=95 ]
18:32:47.680 - Team 9 at RM Dead Sea is leaving..
18:32:47.680 - Team 9 driving to marker 4(Dist: 27.8km) for 2700 milliseconds
18:32:50.381 - Team 9 arrived to RouteMarker Acre Market. Checking for approval..
18:32:50.381 - Team 9 approved to enter marker Acre Market
18:32:50.381 - Team 9 received clue: Route Information
18:32:50.381 - Team 9 at RM Acre Market is leaving..
18:32:50.381 - Team 9 driving to marker 5(Dist: 14.2km) for 1400 milliseconds
18:32:51.781 - Team 9 arrived to RouteMarker Kinneret. Checking for approval..
18:32:51.781 - Team 9 approved to enter marker Kinneret
18:32:51.781 - Team 9 received clue: Route Information
18:32:51.781 - Team 9 at RM Kinneret is leaving..
18:32:51.781 - Team 9 driving to marker 6(Dist: 12.5km) for 1200 milliseconds
18:32:52.981 - Team 9 arrived to RouteMarker Bahai Garden. Checking for approval..
18:32:52.981 - Team 9 approved to enter marker Bahai Garden
18:32:52.981 - Team 9 received clue: Detour
18:32:52.981 - Team 9 performing mental task for 1300 millis.
18:32:54.281 - Team 9 at RM Bahai Garden is leaving..
18:32:54.281 - Team 9 driving to marker 7(Dist: 25.1km) for 2500 milliseconds
18:32:56.782 - Team 9 arrived to RouteMarker Tel Aviv Azrieli Center. Checking for approval..
18:32:56.785 - Team 9 approved to enter marker Tel Aviv Azrieli Center
18:32:56.786 - Team 9 received clue: Route Information
18:32:56.786 - Team 9 at RM Tel Aviv Azrieli Center is leaving..
18:33:11.301 - Team 9 has finished the race!
