18:29:21.638 - Starting simulating race
18:29:21.649 - Importing teams from teams.json
18:29:21.688 - Importing Route Markers from markers.json
18:29:21.692 - Team 0 joined the race!
18:29:21.692 - Team 0 driving to marker 0(Dist: 2.6km) for 200 milliseconds
18:29:21.693 - Team 1 joined the race!
18:29:21.694 - Team 3 joined the race!
18:29:21.694 - Team 2 joined the race!
18:29:21.695 - Team 3 driving to marker 0(Dist: 2.6km) for 200 milliseconds
18:29:21.695 - Team 1 driving to marker 0(Dist: 2.6km) for 200 milliseconds
18:29:21.695 - Team 5 joined the race!
18:29:21.696 - Team 5 driving to marker 0(Dist: 2.6km) for 200 milliseconds
18:29:21.697 - Team 2 driving to marker 0(Dist: 2.6km) for 200 milliseconds
18:29:21.697 - Team 4 joined the race!
18:29:21.698 - Team 4 driving to marker 0(Dist: 2.6km) for 200 milliseconds
18:29:21.698 - Team 7 joined the race!
18:29:21.698 - Team 7 driving to marker 0(Dist: 2.6km) for 200 milliseconds
18:29:21.698 - Team 9 joined the race!
18:29:21.699 - Team 10 joined the race!
18:29:21.699 - Team 10 driving to marker 0(Dist: 2.6km) for 200 milliseconds
18:29:21.699 - Team 6 joined the race!
18:29:21.700 - Team 6 driving to marker 0(Dist: 2.6km) for 200 milliseconds
18:29:21.700 - Team 8 joined the race!
18:29:21.700 - Team 8 driving to marker 0(Dist: 2.6km) for 200 milliseconds
18:29:21.700 - Team 9 driving to marker 0(Dist: 2.6km) for 200 milliseconds
18:29:21.892 - Team 0 arrived to RouteMarker Hula Valley. Checking for approval..
18:29:21.892 - Team 0 approved to enter marker Hula Valley
18:29:21.892 - Team 0 received clue: Route Information
18:29:21.893 - Team 0 at RM Hula Valley is leaving..
18:29:21.893 - Team 0 driving to marker 1(Dist: 33.0km) for 3300 milliseconds
18:29:21.897 - Team 1 arrived to RouteMarker Hula Valley. Checking for approval..
18:29:21.897 - Team 5 arrived to RouteMarker Hula Valley. Checking for approval..
18:29:21.897 - Team 1 approved to enter marker Hula Valley
18:29:21.897 - Team 2 arrived to RouteMarker Hula Valley. Checking for approval..
18:29:21.897 - Team 3 arrived to RouteMarker Hula Valley. Checking for approval..
18:29:21.898 - Team 2 approved to enter marker Hula Valley
18:29:21.898 - Team 3 approved to enter marker Hula Valley
18:29:21.897 - Team 5 approved to enter marker Hula Valley
18:29:21.899 - Team 7 arrived to RouteMarker Hula Valley. Checking for approval..
18:29:21.899 - Team 5 received clue: Route Information
18:29:21.897 - Team 1 received clue: Route Information
18:29:21.899 - Team 7 is waiting for RouteMarker Hula Valley to be available.
18:29:21.900 - Team 8 arrived to RouteMarker Hula Valley. Checking for approval..
18:29:21.900 - Team 6 arrived to RouteMarker Hula Valley. Checking for approval..
18:29:21.900 - Team 1 at RM Hula Valley is leaving..
18:29:21.899 - Team 5 at RM Hula Valley is leaving..
18:29:21.899 - Team 10 arrived to RouteMarker Hula Valley. Checking for approval..
18:29:21.898 - Team 3 received clue: Route Information
18:29:21.901 - Team 9 arrived to RouteMarker Hula Valley. Checking for approval..
18:29:21.902 - Team 3 at RM Hula Valley is leaving..
18:29:21.898 - Team 4 arrived to RouteMarker Hula Valley. Checking for approval..
18:29:21.898 - Team 2 received clue: Route Information
18:29:21.902 - Team 2 at RM Hula Valley is leaving..
18:29:21.902 - Team 10 is waiting for RouteMarker Hula Valley to be available.
18:29:21.903 - Team 5 driving to marker 1(Dist: 33.0km) for 3300 milliseconds
18:29:21.903 - Team 8 is waiting for RouteMarker Hula Valley to be available.
18:29:21.903 - Team 6 is waiting for RouteMarker Hula Valley to be available.
18:29:21.903 - Team 1 driving to marker 1(Dist: 33.0km) for 3300 milliseconds
18:29:21.904 - Team 8 approved to enter marker Hula Valley
18:29:21.903 - Team 6 approved to enter marker Hula Valley
18:29:21.904 - Team 8 received clue: Route Information
18:29:21.904 - Team 6 received clue: Route Information
18:29:21.904 - Team 8 at RM Hula Valley is leaving..
18:29:21.904 - Team 6 at RM Hula Valley is leaving..
18:29:21.906 - Team 10 is waiting for RouteMarker Hula Valley to be available.
18:29:21.906 - Team 7 is waiting for RouteMarker Hula Valley to be available.
18:29:21.906 - Team 2 driving to marker 1(Dist: 33.0km) for 3300 milliseconds
18:29:21.906 - Team 4 is waiting for RouteMarker Hula Valley to be available.
18:29:21.907 - Team 3 driving to marker 1(Dist: 33.0km) for 3300 milliseconds
18:29:21.907 - Team 9 approved to enter marker Hula Valley
18:29:21.907 - Team 9 received clue: Route Information
18:29:21.907 - Team 9 at RM Hula Valley is leaving..
18:29:21.907 - Team 9 driving to marker 1(Dist: 33.0km) for 3300 milliseconds
18:29:21.907 - Team 4 approved to enter marker Hula Valley
18:29:21.908 - Team 4 received clue: Route Information
18:29:21.908 - Team 4 at RM Hula Valley is leaving..
18:29:21.908 - Team 4 driving to marker 1(Dist: 33.0km) for 3300 milliseconds
18:29:21.908 - Team 7 approved to enter marker Hula Valley
18:29:21.908 - Team 7 received clue: Route Information
18:29:21.908 - Team 7 at RM Hula Valley is leaving..
18:29:21.908 - Team 10 is waiting for RouteMarker Hula Valley to be available.
18:29:21.909 - Team 6 driving to marker 1(Dist: 33.0km) for 3300 milliseconds
18:29:21.909 - Team 10 approved to enter marker Hula Valley
18:29:21.909 - Team 10 received clue: Route Information
18:29:21.909 - Team 10 at RM Hula Valley is leaving..
18:29:21.910 - Team 10 driving to marker 1(Dist: 33.0km) for 3300 milliseconds
18:29:21.910 - Team 8 driving to marker 1(Dist: 33.0km) for 3300 milliseconds
18:29:21.911 - Team 7 driving to marker 1(Dist: 33.0km) for 3300 milliseconds
18:29:25.193 - Team 0 arrived to RouteMarker Ramon Crater. Checking for approval..
18:29:25.193 - Team 0 approved to enter marker Ramon Crater
18:29:25.193 - Team 0 received clue: Detour
18:29:25.194 - Team 0 performing physical task for 3000 millis
18:29:25.203 - Team 1 arrived to RouteMarker Ramon Crater. Checking for approval..
18:29:25.203 - Team 1 approved to enter marker Ramon Crater
18:29:25.203 - Team 1 received clue: Detour
18:29:25.203 - Team 1 performing mental task for 2200 millis.
18:29:25.204 - Team 5 arrived to RouteMarker Ramon Crater. Checking for approval..
18:29:25.204 - Team 5 approved to enter marker Ramon Crater
18:29:25.204 - Team 5 received clue: Detour
18:29:25.204 - Team 5 performing physical task for 2400 millis
18:29:25.206 - Team 2 arrived to RouteMarker Ramon Crater. Checking for approval..
18:29:25.206 - Team 2 is waiting for RouteMarker Ramon Crater to be available.
18:29:25.207 - Team 3 arrived to RouteMarker Ramon Crater. Checking for approval..
18:29:25.207 - Team 3 is waiting for RouteMarker Ramon Crater to be available.
18:29:25.207 - Team 9 arrived to RouteMarker Ramon Crater. Checking for approval..
18:29:25.212 - Team 9 is waiting for RouteMarker Ramon Crater to be available.
18:29:25.212 - Team 4 arrived to RouteMarker Ramon Crater. Checking for approval..
18:29:25.212 - Team 4 is waiting for RouteMarker Ramon Crater to be available.
18:29:25.212 - Team 6 arrived to RouteMarker Ramon Crater. Checking for approval..
18:29:25.213 - Team 6 is waiting for RouteMarker Ramon Crater to be available.
18:29:25.213 - Team 10 arrived to RouteMarker Ramon Crater. Checking for approval..
18:29:25.213 - Team 10 is waiting for RouteMarker Ramon Crater to be available.
18:29:25.213 - Team 7 arrived to RouteMarker Ramon Crater. Checking for approval..
18:29:25.213 - Team 7 is waiting for RouteMarker Ramon Crater to be available.
18:29:25.214 - Team 8 arrived to RouteMarker Ramon Crater. Checking for approval..
18:29:25.214 - Team 8 is waiting for RouteMarker Ramon Crater to be available.
18:29:27.404 - Team 1 at RM Ramon Crater is leaving..
18:29:27.404 - Team 8 approved to enter marker Ramon Crater
18:29:27.404 - Team 8 received clue: Detour
18:29:27.404 - Team 8 performing physical task for 850 millis
18:29:27.404 - Team 7 is waiting for RouteMarker Ramon Crater to be available.
18:29:27.404 - Team 10 is waiting for RouteMarker Ramon Crater to be available.
18:29:27.405 - Team 6 is waiting for RouteMarker Ramon Crater to be available.
18:29:27.405 - Team 4 is waiting for RouteMarker Ramon Crater to be available.
18:29:27.405 - Team 9 is waiting for RouteMarker Ramon Crater to be available.
18:29:27.405 - Team 3 is waiting for RouteMarker Ramon Crater to be available.
18:29:27.406 - Team 2 is waiting for RouteMarker Ramon Crater to be available.
18:29:27.406 - Team 1 driving to marker 2(Dist: 28.0km) for 2800 milliseconds
18:29:27.606 - Team 5 at RM Ramon Crater is leaving..
18:29:27.606 - Team 5 driving to marker 2(Dist: 28.0km) for 2800 milliseconds
18:29:27.606 - Team 2 approved to enter marker Ramon Crater
18:29:27.606 - Team 2 received clue: Detour
18:29:27.606 - Team 2 performing mental task for 2000 millis.
18:29:27.607 - Team 3 is waiting for RouteMarker Ramon Crater to be available.
18:29:27.607 - Team 9 is waiting for RouteMarker Ramon Crater to be available.
18:29:27.608 - Team 4 is waiting for RouteMarker Ramon Crater to be available.
18:29:27.608 - Team 6 is waiting for RouteMarker Ramon Crater to be available.
18:29:27.612 - Team 10 is waiting for RouteMarker Ramon Crater to be available.
18:29:27.613 - Team 7 is waiting for RouteMarker Ramon Crater to be available.
18:29:28.195 - Team 0 at RM Ramon Crater is leaving..
18:29:28.195 - Team 7 approved to enter marker Ramon Crater
18:29:28.195 - Team 7 received clue: Detour
18:29:28.195 - Team 7 performing mental task for 3250 millis.
18:29:28.196 - Team 10 is waiting for RouteMarker Ramon Crater to be available.
18:29:28.196 - Team 6 is waiting for RouteMarker Ramon Crater to be available.
18:29:28.196 - Team 4 is waiting for RouteMarker Ramon Crater to be available.
18:29:28.196 - Team 9 is waiting for RouteMarker Ramon Crater to be available.
18:29:28.196 - Team 3 is waiting for RouteMarker Ramon Crater to be available.
18:29:28.196 - Team 0 driving to marker 2(Dist: 28.0km) for 2800 milliseconds
18:29:28.254 - Team 8 at RM Ramon Crater is leaving..
18:29:28.254 - Team 3 approved to enter marker Ramon Crater
18:29:28.254 - Team 3 received clue: Detour
18:29:28.255 - Team 3 performing physical task for 3350 millis
18:29:28.255 - Team 9 is waiting for RouteMarker Ramon Crater to be available.
18:29:28.255 - Team 4 is waiting for RouteMarker Ramon Crater to be available.
18:29:28.255 - Team 6 is waiting for RouteMarker Ramon Crater to be available.
18:29:28.256 - Team 10 is waiting for RouteMarker Ramon Crater to be available.
18:29:28.256 - Team 8 driving to marker 2(Dist: 28.0km) for 2800 milliseconds
18:29:29.606 - Team 2 at RM Ramon Crater is leaving..
18:29:29.606 - Team 10 approved to enter marker Ramon Crater
18:29:29.606 - Team 10 received clue: Detour
18:29:29.606 - Team 10 performing physical task for 2550 millis
18:29:29.606 - Team 6 is waiting for RouteMarker Ramon Crater to be available.
18:29:29.606 - Team 4 is waiting for RouteMarker Ramon Crater to be available.
18:29:29.607 - Team 9 is waiting for RouteMarker Ramon Crater to be available.
18:29:29.607 - Team 2 driving to marker 2(Dist: 28.0km) for 2800 milliseconds
18:29:30.207 - Team 1 arrived to RouteMarker Jerusalem Old City. Checking for approval..
18:29:30.207 - Team 1 approved to enter marker Jerusalem Old City
18:29:30.207 - Team 1 received clue: Route Information
18:29:30.207 - Team 1 at RM Jerusalem Old City is leaving..
18:29:30.209 - Team 1 driving to marker 3(Dist: 15.6km) for 1500 milliseconds
18:29:30.407 - Team 5 arrived to RouteMarker Jerusalem Old City. Checking for approval..
18:29:30.407 - Team 5 approved to enter marker Jerusalem Old City
18:29:30.407 - Team 5 received clue: Route Information
18:29:30.407 - Team 5 at RM Jerusalem Old City is leaving..
18:29:30.408 - Team 5 driving to marker 3(Dist: 15.6km) for 1500 milliseconds
18:29:30.996 - Team 0 arrived to RouteMarker Jerusalem Old City. Checking for approval..
18:29:30.996 - Team 0 approved to enter marker Jerusalem Old City
18:29:30.996 - Team 0 received clue: Route Information
18:29:30.996 - Team 0 at RM Jerusalem Old City is leaving..
18:29:30.996 - Team 0 driving to marker 3(Dist: 15.6km) for 1500 milliseconds
18:29:31.056 - Team 8 arrived to RouteMarker Jerusalem Old City. Checking for approval..
18:29:31.056 - Team 8 approved to enter marker Jerusalem Old City
18:29:31.056 - Team 8 received clue: Route Information
18:29:31.056 - Team 8 at RM Jerusalem Old City is leaving..
18:29:31.056 - Team 8 driving to marker 3(Dist: 15.6km) for 1500 milliseconds
18:29:31.446 - Team 7 at RM Ramon Crater is leaving..
18:29:31.446 - Team 9 approved to enter marker Ramon Crater
18:29:31.446 - Team 9 received clue: Detour
18:29:31.446 - Team 9 performing mental task for 1300 millis.
18:29:31.446 - Team 4 is waiting for RouteMarker Ramon Crater to be available.
18:29:31.446 - Team 6 is waiting for RouteMarker Ramon Crater to be available.
18:29:31.447 - Team 7 driving to marker 2(Dist: 28.0km) for 2800 milliseconds
18:29:31.605 - Team 3 at RM Ramon Crater is leaving..
18:29:31.605 - Team 3 driving to marker 2(Dist: 28.0km) for 2800 milliseconds
18:29:31.605 - Team 6 approved to enter marker Ramon Crater
18:29:31.605 - Team 6 received clue: Detour
18:29:31.605 - Team 6 performing physical task for 5600 millis
18:29:31.605 - Team 4 is waiting for RouteMarker Ramon Crater to be available.
18:29:31.714 - Team 1 arrived to RouteMarker Dead Sea. Checking for approval..
18:29:31.714 - Team 1 approved to enter marker Dead Sea
18:29:31.714 - Team 1 received clue: Roadblock
18:29:31.714 - Performing a member roadblock task
18:29:31.715 - Team 1 draws random member: Contestant [ name=Elton Victor, physicalScore=69, mentalScore=65 ]
18:29:31.715 - Member Elton Victor performing combined task for 3300 millis.
18:29:31.908 - Team 5 arrived to RouteMarker Dead Sea. Checking for approval..
18:29:31.908 - Team 5 approved to enter marker Dead Sea
18:29:31.908 - Team 5 received clue: Roadblock
18:29:31.908 - Performing a member roadblock task
18:29:31.909 - Team 5 draws random member: Contestant [ name=Jonas Herbert, physicalScore=67, mentalScore=75 ]
18:29:31.909 - Member Jonas Herbert performing combined task for 2900 millis.
18:29:32.156 - Team 10 at RM Ramon Crater is leaving..
18:29:32.156 - Team 4 approved to enter marker Ramon Crater
18:29:32.156 - Team 4 received clue: Detour
18:29:32.157 - Team 4 performing mental task for 1000 millis.
18:29:32.159 - Team 10 driving to marker 2(Dist: 28.0km) for 2800 milliseconds
18:29:32.407 - Team 2 arrived to RouteMarker Jerusalem Old City. Checking for approval..
18:29:32.407 - Team 2 approved to enter marker Jerusalem Old City
18:29:32.407 - Team 2 received clue: Route Information
18:29:32.407 - Team 2 at RM Jerusalem Old City is leaving..
18:29:32.407 - Team 2 driving to marker 3(Dist: 15.6km) for 1500 milliseconds
18:29:32.496 - Team 0 arrived to RouteMarker Dead Sea. Checking for approval..
18:29:32.496 - Team 0 approved to enter marker Dead Sea
18:29:32.496 - Team 0 received clue: Roadblock
18:29:32.496 - Performing a member roadblock task
18:29:32.497 - Team 0 draws random member: Contestant [ name=Yuli Dechen, physicalScore=73, mentalScore=56 ]
18:29:32.497 - Member Yuli Dechen performing combined task for 3550 millis.
18:29:32.556 - Team 8 arrived to RouteMarker Dead Sea. Checking for approval..
18:29:32.556 - Team 8 is waiting for RouteMarker Dead Sea to be available.
18:29:32.746 - Team 9 at RM Ramon Crater is leaving..
18:29:32.746 - Team 9 driving to marker 2(Dist: 28.0km) for 2800 milliseconds
18:29:33.159 - Team 4 at RM Ramon Crater is leaving..
18:29:33.159 - Team 4 driving to marker 2(Dist: 28.0km) for 2800 milliseconds
18:29:33.907 - Team 2 arrived to RouteMarker Dead Sea. Checking for approval..
18:29:33.907 - Team 2 is waiting for RouteMarker Dead Sea to be available.
18:29:34.247 - Team 7 arrived to RouteMarker Jerusalem Old City. Checking for approval..
18:29:34.247 - Team 7 approved to enter marker Jerusalem Old City
18:29:34.247 - Team 7 received clue: Route Information
18:29:34.247 - Team 7 at RM Jerusalem Old City is leaving..
18:29:34.247 - Team 7 driving to marker 3(Dist: 15.6km) for 1500 milliseconds
18:29:34.406 - Team 3 arrived to RouteMarker Jerusalem Old City. Checking for approval..
18:29:34.406 - Team 3 approved to enter marker Jerusalem Old City
18:29:34.406 - Team 3 received clue: Route Information
18:29:34.406 - Team 3 at RM Jerusalem Old City is leaving..
18:29:34.406 - Team 3 driving to marker 3(Dist: 15.6km) for 1500 milliseconds
18:29:34.809 - Member Jonas Herbert finished the combined task!
18:29:34.811 - Team 5 at RM Dead Sea is leaving..
18:29:34.811 - Team 2 approved to enter marker Dead Sea
18:29:34.811 - Team 2 received clue: Roadblock
18:29:34.811 - Performing a member roadblock task
18:29:34.811 - Team 2 draws random member: Contestant [ name=Jana Cleve, physicalScore=43, mentalScore=88 ]
18:29:34.812 - Member Jana Cleve performing combined task for 3450 millis.
18:29:34.812 - Team 8 is waiting for RouteMarker Dead Sea to be available.
18:29:34.812 - Team 5 driving to marker 4(Dist: 27.8km) for 2700 milliseconds
18:29:34.959 - Team 10 arrived to RouteMarker Jerusalem Old City. Checking for approval..
18:29:34.960 - Team 10 approved to enter marker Jerusalem Old City
18:29:34.960 - Team 10 received clue: Route Information
18:29:34.960 - Team 10 at RM Jerusalem Old City is leaving..
18:29:34.960 - Team 10 driving to marker 3(Dist: 15.6km) for 1500 milliseconds
18:29:35.015 - Member Elton Victor finished the combined task!
18:29:35.015 - Team 1 at RM Dead Sea is leaving..
18:29:35.015 - Team 8 approved to enter marker Dead Sea
18:29:35.016 - Team 8 received clue: Roadblock
18:29:35.016 - Performing a member roadblock task
18:29:35.016 - Team 8 draws random member: Contestant [ name=Lucie Arts, physicalScore=86, mentalScore=42 ]
18:29:35.016 - Member Lucie Arts performing combined task for 3600 millis.
18:29:35.016 - Team 1 driving to marker 4(Dist: 27.8km) for 2700 milliseconds
18:29:35.546 - Team 9 arrived to RouteMarker Jerusalem Old City. Checking for approval..
18:29:35.546 - Team 9 approved to enter marker Jerusalem Old City
18:29:35.546 - Team 9 received clue: Route Information
18:29:35.546 - Team 9 at RM Jerusalem Old City is leaving..
18:29:35.546 - Team 9 driving to marker 3(Dist: 15.6km) for 1500 milliseconds
18:29:35.750 - Team 7 arrived to RouteMarker Dead Sea. Checking for approval..
18:29:35.750 - Team 7 is waiting for RouteMarker Dead Sea to be available.
18:29:35.906 - Team 3 arrived to RouteMarker Dead Sea. Checking for approval..
18:29:35.908 - Team 3 is waiting for RouteMarker Dead Sea to be available.
18:29:35.959 - Team 4 arrived to RouteMarker Jerusalem Old City. Checking for approval..
18:29:35.959 - Team 4 approved to enter marker Jerusalem Old City
18:29:35.959 - Team 4 received clue: Route Information
18:29:35.959 - Team 4 at RM Jerusalem Old City is leaving..
18:29:35.959 - Team 4 driving to marker 3(Dist: 15.6km) for 1500 milliseconds
18:29:36.047 - Member Yuli Dechen finished the combined task!
18:29:36.047 - Team 0 at RM Dead Sea is leaving..
18:29:36.047 - Team 3 approved to enter marker Dead Sea
18:29:36.047 - Team 3 received clue: Roadblock
18:29:36.047 - Performing a member roadblock task
18:29:36.048 - Team 3 draws random member: Contestant [ name=Filipa Xanthos, physicalScore=77, mentalScore=58 ]
18:29:36.048 - Member Filipa Xanthos performing combined task for 3250 millis.
18:29:36.048 - Team 7 is waiting for RouteMarker Dead Sea to be available.
18:29:36.048 - Team 0 driving to marker 4(Dist: 27.8km) for 2700 milliseconds
18:29:36.460 - Team 10 arrived to RouteMarker Dead Sea. Checking for approval..
18:29:36.460 - Team 10 is waiting for RouteMarker Dead Sea to be available.
18:29:37.046 - Team 9 arrived to RouteMarker Dead Sea. Checking for approval..
18:29:37.046 - Team 9 is waiting for RouteMarker Dead Sea to be available.
18:29:37.205 - Team 6 at RM Ramon Crater is leaving..
18:29:37.208 - Team 6 driving to marker 2(Dist: 28.0km) for 2800 milliseconds
18:29:37.459 - Team 4 arrived to RouteMarker Dead Sea. Checking for approval..
18:29:37.459 - Team 4 is waiting for RouteMarker Dead Sea to be available.
18:29:37.512 - Team 5 arrived to RouteMarker Acre Market. Checking for approval..
18:29:37.512 - Team 5 approved to enter marker Acre Market
18:29:37.512 - Team 5 received clue: Route Information
18:29:37.512 - Team 5 at RM Acre Market is leaving..
18:29:37.512 - Team 5 driving to marker 5(Dist: 14.2km) for 1400 milliseconds
18:29:37.716 - Team 1 arrived to RouteMarker Acre Market. Checking for approval..
18:29:37.716 - Team 1 approved to enter marker Acre Market
18:29:37.716 - Team 1 received clue: Route Information
18:29:37.716 - Team 1 at RM Acre Market is leaving..
18:29:37.716 - Team 1 driving to marker 5(Dist: 14.2km) for 1400 milliseconds
18:29:38.264 - Member Jana Cleve finished the combined task!
18:29:38.264 - Team 2 at RM Dead Sea is leaving..
18:29:38.264 - Team 4 approved to enter marker Dead Sea
18:29:38.264 - Team 4 received clue: Roadblock
18:29:38.264 - Performing a member roadblock task
18:29:38.265 - Team 4 draws random member: Contestant [ name=Nicole McKenzie, physicalScore=45, mentalScore=89 ]
18:29:38.265 - Member Nicole McKenzie performing combined task for 3300 millis.
18:29:38.265 - Team 9 is waiting for RouteMarker Dead Sea to be available.
18:29:38.265 - Team 10 is waiting for RouteMarker Dead Sea to be available.
18:29:38.265 - Team 7 is waiting for RouteMarker Dead Sea to be available.
18:29:38.266 - Team 2 driving to marker 4(Dist: 27.8km) for 2700 milliseconds
18:29:38.616 - Member Lucie Arts finished the combined task!
18:29:38.616 - Team 8 at RM Dead Sea is leaving..
18:29:38.616 - Team 7 approved to enter marker Dead Sea
18:29:38.616 - Team 7 received clue: Roadblock
18:29:38.616 - Performing a member roadblock task
18:29:38.618 - Team 7 draws random member: Contestant [ name=Christen Shepherd, physicalScore=64, mentalScore=76 ]
18:29:38.618 - Member Christen Shepherd performing combined task for 3000 millis.
18:29:38.618 - Team 10 is waiting for RouteMarker Dead Sea to be available.
18:29:38.618 - Team 9 is waiting for RouteMarker Dead Sea to be available.
18:29:38.618 - Team 8 driving to marker 4(Dist: 27.8km) for 2700 milliseconds
18:29:38.749 - Team 0 arrived to RouteMarker Acre Market. Checking for approval..
18:29:38.749 - Team 0 approved to enter marker Acre Market
18:29:38.749 - Team 0 received clue: Route Information
18:29:38.749 - Team 0 at RM Acre Market is leaving..
18:29:38.749 - Team 0 driving to marker 5(Dist: 14.2km) for 1400 milliseconds
18:29:38.912 - Team 5 arrived to RouteMarker Kinneret. Checking for approval..
18:29:38.912 - Team 5 approved to enter marker Kinneret
18:29:38.912 - Team 5 received clue: Route Information
18:29:38.912 - Team 5 at RM Kinneret is leaving..
18:29:38.912 - Team 5 driving to marker 6(Dist: 12.5km) for 1200 milliseconds
18:29:39.116 - Team 1 arrived to RouteMarker Kinneret. Checking for approval..
18:29:39.116 - Team 1 approved to enter marker Kinneret
18:29:39.116 - Team 1 received clue: Route Information
18:29:39.116 - Team 1 at RM Kinneret is leaving..
18:29:39.117 - Team 1 driving to marker 6(Dist: 12.5km) for 1200 milliseconds
18:29:39.298 - Member Filipa Xanthos finished the combined task!
18:29:39.301 - Team 3 at RM Dead Sea is leaving..
18:29:39.301 - Team 9 approved to enter marker Dead Sea
18:29:39.301 - Team 9 received clue: Roadblock
18:29:39.301 - Performing a member roadblock task
18:29:39.302 - Team 9 draws random member: Contestant [ name=Pastor Wilcox, physicalScore=96, mentalScore=79 ]
18:29:39.302 - Member Pastor Wilcox performing combined task for 1250 millis.
18:29:39.302 - Team 10 is waiting for RouteMarker Dead Sea to be available.
18:29:39.302 - Team 3 driving to marker 4(Dist: 27.8km) for 2700 milliseconds
18:29:40.008 - Team 6 arrived to RouteMarker Jerusalem Old City. Checking for approval..
18:29:40.008 - Team 6 approved to enter marker Jerusalem Old City
18:29:40.008 - Team 6 received clue: Route Information
18:29:40.008 - Team 6 at RM Jerusalem Old City is leaving..
18:29:40.008 - Team 6 driving to marker 3(Dist: 15.6km) for 1500 milliseconds
18:29:40.112 - Team 5 arrived to RouteMarker Bahai Garden. Checking for approval..
18:29:40.112 - Team 5 approved to enter marker Bahai Garden
18:29:40.112 - Team 5 received clue: Detour
18:29:40.112 - Team 5 performing physical task for 2400 millis
18:29:40.149 - Team 0 arrived to RouteMarker Kinneret. Checking for approval..
18:29:40.149 - Team 0 approved to enter marker Kinneret
18:29:40.149 - Team 0 received clue: Route Information
18:29:40.149 - Team 0 at RM Kinneret is leaving..
18:29:40.149 - Team 0 driving to marker 6(Dist: 12.5km) for 1200 milliseconds
18:29:40.317 - Team 1 arrived to RouteMarker Bahai Garden. Checking for approval..
18:29:40.317 - Team 1 approved to enter marker Bahai Garden
18:29:40.317 - Team 1 received clue: Detour
18:29:40.317 - Team 1 performing mental task for 2200 millis.
18:29:40.552 - Member Pastor Wilcox finished the combined task!
18:29:40.552 - Team 9 at RM Dead Sea is leaving..
18:29:40.552 - Team 10 approved to enter marker Dead Sea
18:29:40.552 - Team 10 received clue: Roadblock
18:29:40.552 - Performing a member roadblock task
18:29:40.553 - Team 10 draws random member: Contestant [ name=Stella Blaha, physicalScore=56, mentalScore=25 ]
18:29:40.553 - Member Stella Blaha performing combined task for 5950 millis.
18:29:40.553 - Team 9 driving to marker 4(Dist: 27.8km) for 2700 milliseconds
18:29:40.966 - Team 2 arrived to RouteMarker Acre Market. Checking for approval..
18:29:40.966 - Team 2 approved to enter marker Acre Market
18:29:40.966 - Team 2 received clue: Route Information
18:29:40.966 - Team 2 at RM Acre Market is leaving..
18:29:40.966 - Team 2 driving to marker 5(Dist: 14.2km) for 1400 milliseconds
18:29:41.319 - Team 8 arrived to RouteMarker Acre Market. Checking for approval..
18:29:41.319 - Team 8 approved to enter marker Acre Market
18:29:41.319 - Team 8 received clue: Route Information
18:29:41.319 - Team 8 at RM Acre Market is leaving..
18:29:41.319 - Team 8 driving to marker 5(Dist: 14.2km) for 1400 milliseconds
18:29:41.349 - Team 0 arrived to RouteMarker Bahai Garden. Checking for approval..
18:29:41.349 - Team 0 approved to enter marker Bahai Garden
18:29:41.349 - Team 0 received clue: Detour
18:29:41.349 - Team 0 performing physical task for 3000 millis
18:29:41.509 - Team 6 arrived to RouteMarker Dead Sea. Checking for approval..
18:29:41.514 - Team 6 is waiting for RouteMarker Dead Sea to be available.
18:29:41.565 - Member Nicole McKenzie finished the combined task!
18:29:41.565 - Team 4 at RM Dead Sea is leaving..
18:29:41.565 - Team 6 approved to enter marker Dead Sea
18:29:41.565 - Team 4 driving to marker 4(Dist: 27.8km) for 2700 milliseconds
18:29:41.565 - Team 6 received clue: Roadblock
18:29:41.565 - Performing a member roadblock task
18:29:41.565 - Team 6 draws random member: Contestant [ name=Sigifrid Cowden, physicalScore=23, mentalScore=26 ]
18:29:41.565 - Member Sigifrid Cowden performing combined task for 7550 millis.
18:29:41.618 - Member Christen Shepherd finished the combined task!
18:29:41.618 - Team 7 at RM Dead Sea is leaving..
18:29:41.618 - Team 7 driving to marker 4(Dist: 27.8km) for 2700 milliseconds
18:29:42.002 - Team 3 arrived to RouteMarker Acre Market. Checking for approval..
18:29:42.002 - Team 3 approved to enter marker Acre Market
18:29:42.002 - Team 3 received clue: Route Information
18:29:42.002 - Team 3 at RM Acre Market is leaving..
18:29:42.002 - Team 3 driving to marker 5(Dist: 14.2km) for 1400 milliseconds
18:29:42.366 - Team 2 arrived to RouteMarker Kinneret. Checking for approval..
18:29:42.366 - Team 2 approved to enter marker Kinneret
18:29:42.366 - Team 2 received clue: Route Information
18:29:42.366 - Team 2 at RM Kinneret is leaving..
18:29:42.366 - Team 2 driving to marker 6(Dist: 12.5km) for 1200 milliseconds
18:29:42.512 - Team 5 at RM Bahai Garden is leaving..
18:29:42.516 - Team 5 driving to marker 7(Dist: 25.1km) for 2500 milliseconds
18:29:42.517 - Team 1 at RM Bahai Garden is leaving..
18:29:42.517 - Team 1 driving to marker 7(Dist: 25.1km) for 2500 milliseconds
18:29:42.719 - Team 8 arrived to RouteMarker Kinneret. Checking for approval..
18:29:42.719 - Team 8 approved to enter marker Kinneret
18:29:42.719 - Team 8 received clue: Route Information
18:29:42.719 - Team 8 at RM Kinneret is leaving..
18:29:42.719 - Team 8 driving to marker 6(Dist: 12.5km) for 1200 milliseconds
18:29:43.254 - Team 9 arrived to RouteMarker Acre Market. Checking for approval..
18:29:43.254 - Team 9 approved to enter marker Acre Market
18:29:43.254 - Team 9 received clue: Route Information
18:29:43.254 - Team 9 at RM Acre Market is leaving..
18:29:43.254 - Team 9 driving to marker 5(Dist: 14.2km) for 1400 milliseconds
18:29:43.403 - Team 3 arrived to RouteMarker Kinneret. Checking for approval..
18:29:43.406 - Team 3 approved to enter marker Kinneret
18:29:43.406 - Team 3 received clue: Route Information
18:29:43.406 - Team 3 at RM Kinneret is leaving..
18:29:43.406 - Team 3 driving to marker 6(Dist: 12.5km) for 1200 milliseconds
18:29:43.567 - Team 2 arrived to RouteMarker Bahai Garden. Checking for approval..
18:29:43.567 - Team 2 approved to enter marker Bahai Garden
18:29:43.567 - Team 2 received clue: Detour
18:29:43.567 - Team 2 performing mental task for 2000 millis.
18:29:43.920 - Team 8 arrived to RouteMarker Bahai Garden. Checking for approval..
18:29:43.922 - Team 8 approved to enter marker Bahai Garden
18:29:43.922 - Team 8 received clue: Detour
18:29:43.922 - Team 8 performing physical task for 850 millis
18:29:44.266 - Team 4 arrived to RouteMarker Acre Market. Checking for approval..
18:29:44.266 - Team 4 approved to enter marker Acre Market
18:29:44.266 - Team 4 received clue: Route Information
18:29:44.266 - Team 4 at RM Acre Market is leaving..
18:29:44.266 - Team 4 driving to marker 5(Dist: 14.2km) for 1400 milliseconds
18:29:44.319 - Team 7 arrived to RouteMarker Acre Market. Checking for approval..
18:29:44.319 - Team 7 approved to enter marker Acre Market
18:29:44.319 - Team 7 received clue: Route Information
18:29:44.319 - Team 7 at RM Acre Market is leaving..
18:29:44.319 - Team 7 driving to marker 5(Dist: 14.2km) for 1400 milliseconds
18:29:44.350 - Team 0 at RM Bahai Garden is leaving..
18:29:44.350 - Team 0 driving to marker 7(Dist: 25.1km) for 2500 milliseconds
18:29:44.606 - Team 3 arrived to RouteMarker Bahai Garden. Checking for approval..
18:29:44.606 - Team 3 approved to enter marker Bahai Garden
18:29:44.606 - Team 3 received clue: Detour
18:29:44.606 - Team 3 performing physical task for 3350 millis
18:29:44.655 - Team 9 arrived to RouteMarker Kinneret. Checking for approval..
18:29:44.655 - Team 9 approved to enter marker Kinneret
18:29:44.655 - Team 9 received clue: Route Information
18:29:44.655 - Team 9 at RM Kinneret is leaving..
18:29:44.655 - Team 9 driving to marker 6(Dist: 12.5km) for 1200 milliseconds
18:29:44.772 - Team 8 at RM Bahai Garden is leaving..
18:29:44.772 - Team 8 driving to marker 7(Dist: 25.1km) for 2500 milliseconds
18:29:45.017 - Team 5 arrived to RouteMarker Tel Aviv Azrieli Center. Checking for approval..
18:29:45.017 - Team 5 approved to enter marker Tel Aviv Azrieli Center
18:29:45.017 - Team 5 received clue: Route Information
18:29:45.017 - Team 5 at RM Tel Aviv Azrieli Center is leaving..
18:29:45.018 - Team 1 arrived to RouteMarker Tel Aviv Azrieli Center. Checking for approval..
18:29:45.018 - Team 1 approved to enter marker Tel Aviv Azrieli Center
18:29:45.018 - Team 1 received clue: Route Information
18:29:45.018 - Team 1 at RM Tel Aviv Azrieli Center is leaving..
18:29:45.568 - Team 2 at RM Bahai Garden is leaving..
18:29:45.568 - Team 2 driving to marker 7(Dist: 25.1km) for 2500 milliseconds
18:29:45.688 - Team 4 arrived to RouteMarker Kinneret. Checking for approval..
18:29:45.688 - Team 4 approved to enter marker Kinneret
18:29:45.688 - Team 4 received clue: Route Information
18:29:45.688 - Team 4 at RM Kinneret is leaving..
18:29:45.688 - Team 4 driving to marker 6(Dist: 12.5km) for 1200 milliseconds
18:29:45.719 - Team 7 arrived to RouteMarker Kinneret. Checking for approval..
18:29:45.719 - Team 7 approved to enter marker Kinneret
18:29:45.719 - Team 7 received clue: Route Information
18:29:45.719 - Team 7 at RM Kinneret is leaving..
18:29:45.719 - Team 7 driving to marker 6(Dist: 12.5km) for 1200 milliseconds
18:29:45.855 - Team 9 arrived to RouteMarker Bahai Garden. Checking for approval..
18:29:45.855 - Team 9 approved to enter marker Bahai Garden
18:29:45.855 - Team 9 received clue: Detour
18:29:45.856 - Team 9 performing mental task for 1300 millis.
18:29:46.504 - Member Stella Blaha finished the combined task!
18:29:46.504 - Team 10 at RM Dead Sea is leaving..
18:29:46.504 - Team 10 driving to marker 4(Dist: 27.8km) for 2700 milliseconds
18:29:46.850 - Team 0 arrived to RouteMarker Tel Aviv Azrieli Center. Checking for approval..
18:29:46.850 - Team 0 approved to enter marker Tel Aviv Azrieli Center
18:29:46.850 - Team 0 received clue: Route Information
18:29:46.850 - Team 0 at RM Tel Aviv Azrieli Center is leaving..
18:29:46.850 - Team 0 has finished the race!
18:29:46.850 - Team 1 has finished the race!
18:29:46.889 - Team 4 arrived to RouteMarker Bahai Garden. Checking for approval..
18:29:46.889 - Team 4 approved to enter marker Bahai Garden
18:29:46.889 - Team 4 received clue: Detour
18:29:46.889 - Team 4 performing mental task for 1000 millis.
18:29:46.919 - Team 7 arrived to RouteMarker Bahai Garden. Checking for approval..
18:29:46.919 - Team 7 is waiting for RouteMarker Bahai Garden to be available.
18:29:47.156 - Team 9 at RM Bahai Garden is leaving..
18:29:47.156 - Team 7 approved to enter marker Bahai Garden
18:29:47.156 - Team 7 received clue: Detour
18:29:47.156 - Team 7 performing mental task for 3250 millis.
18:29:47.156 - Team 9 driving to marker 7(Dist: 25.1km) for 2500 milliseconds
18:29:47.272 - Team 8 arrived to RouteMarker Tel Aviv Azrieli Center. Checking for approval..
18:29:47.272 - Team 8 approved to enter marker Tel Aviv Azrieli Center
18:29:47.272 - Team 8 received clue: Route Information
18:29:47.272 - Team 8 at RM Tel Aviv Azrieli Center is leaving..
18:29:47.889 - Team 4 at RM Bahai Garden is leaving..
18:29:47.889 - Team 4 driving to marker 7(Dist: 25.1km) for 2500 milliseconds
18:29:47.956 - Team 3 at RM Bahai Garden is leaving..
18:29:47.956 - Team 3 driving to marker 7(Dist: 25.1km) for 2500 milliseconds
18:29:48.068 - Team 2 arrived to RouteMarker Tel Aviv Azrieli Center. Checking for approval..
18:29:48.071 - Team 2 approved to enter marker Tel Aviv Azrieli Center
18:29:48.071 - Team 2 received clue: Route Information
18:29:48.071 - Team 2 at RM Tel Aviv Azrieli Center is leaving..
18:29:48.071 - Team 2 has finished the race!
18:29:49.116 - Member Sigifrid Cowden finished the combined task!
18:29:49.116 - Team 6 at RM Dead Sea is leaving..
18:29:49.116 - Team 6 driving to marker 4(Dist: 27.8km) for 2700 milliseconds
18:29:49.205 - Team 10 arrived to RouteMarker Acre Market. Checking for approval..
18:29:49.205 - Team 10 approved to enter marker Acre Market
18:29:49.205 - Team 10 received clue: Route Information
18:29:49.205 - Team 10 at RM Acre Market is leaving..
18:29:49.205 - Team 10 driving to marker 5(Dist: 14.2km) for 1400 milliseconds
18:29:49.656 - Team 9 arrived to RouteMarker Tel Aviv Azrieli Center. Checking for approval..
18:29:49.656 - Team 9 approved to enter marker Tel Aviv Azrieli Center
18:29:49.656 - Team 9 received clue: Route Information
18:29:49.656 - Team 9 at RM Tel Aviv Azrieli Center is leaving..
18:29:50.389 - Team 4 arrived to RouteMarker Tel Aviv Azrieli Center. Checking for approval..
18:29:50.389 - Team 4 approved to enter marker Tel Aviv Azrieli Center
18:29:50.389 - Team 4 received clue: Route Information
18:29:50.389 - Team 4 at RM Tel Aviv Azrieli Center is leaving..
18:29:50.406 - Team 7 at RM Bahai Garden is leaving..
18:29:50.406 - Team 7 driving to marker 7(Dist: 25.1km) for 2500 milliseconds
18:29:50.456 - Team 3 arrived to RouteMarker Tel Aviv Azrieli Center. Checking for approval..
18:29:50.456 - Team 3 approved to enter marker Tel Aviv Azrieli Center
18:29:50.456 - Team 3 received clue: Route Information
18:29:50.456 - Team 3 at RM Tel Aviv Azrieli Center is leaving..
18:29:50.456 - Team 3 has finished the race!
18:29:50.456 - Team 4 has finished the race!
18:29:50.456 - Team 5 has finished the race!
18:29:50.605 - Team 10 arrived to RouteMarker Kinneret. Checking for approval..
18:29:50.605 - Team 10 approved to enter marker Kinneret
18:29:50.605 - Team 10 received clue: Route Information
18:29:50.605 - Team 10 at RM Kinneret is leaving..
18:29:50.605 - Team 10 driving to marker 6(Dist: 12.5km) for 1200 milliseconds
18:29:51.805 - Team 10 arrived to RouteMarker Bahai Garden. Checking for approval..
18:29:51.814 - Team 10 approved to enter marker Bahai Garden
18:29:51.814 - Team 10 received clue: Detour
18:29:51.814 - Team 10 performing physical task for 2550 millis
18:29:51.816 - Team 6 arrived to RouteMarker Acre Market. Checking for approval..
18:29:51.816 - Team 6 approved to enter marker Acre Market
18:29:51.816 - Team 6 received clue: Route Information
18:29:51.816 - Team 6 at RM Acre Market is leaving..
18:29:51.816 - Team 6 driving to marker 5(Dist: 14.2km) for 1400 milliseconds
18:29:52.906 - Team 7 arrived to RouteMarker Tel Aviv Azrieli Center. Checking for approval..
18:29:52.906 - Team 7 approved to enter marker Tel Aviv Azrieli Center
18:29:52.906 - Team 7 received clue: Route Information
18:29:52.906 - Team 7 at RM Tel Aviv Azrieli Center is leaving..
18:29:53.216 - Team 6 arrived to RouteMarker Kinneret. Checking for approval..
18:29:53.216 - Team 6 approved to enter marker Kinneret
18:29:53.216 - Team 6 received clue: Route Information
18:29:53.216 - Team 6 at RM Kinneret is leaving..
18:29:53.216 - Team 6 driving to marker 6(Dist: 12.5km) for 1200 milliseconds
18:29:54.364 - Team 10 at RM Bahai Garden is leaving..
18:29:54.364 - Team 10 driving to marker 7(Dist: 25.1km) for 2500 milliseconds
18:29:54.416 - Team 6 arrived to RouteMarker Bahai Garden. Checking for approval..
18:29:54.416 - Team 6 approved to enter marker Bahai Garden
18:29:54.416 - Team 6 received clue: Detour
18:29:54.416 - Team 6 performing physical task for 5600 millis
18:29:56.864 - Team 10 arrived to RouteMarker Tel Aviv Azrieli Center. Checking for approval..
18:29:56.864 - Team 10 approved to enter marker Tel Aviv Azrieli Center
18:29:56.864 - Team 10 received clue: Route Information
18:29:56.864 - Team 10 at RM Tel Aviv Azrieli Center is leaving..
18:30:00.016 - Team 6 at RM Bahai Garden is leaving..
18:30:00.016 - Team 6 driving to marker 7(Dist: 25.1km) for 2500 milliseconds
18:30:02.517 - Team 6 arrived to RouteMarker Tel Aviv Azrieli Center. Checking for approval..
18:30:02.517 - Team 6 approved to enter marker Tel Aviv Azrieli Center
18:30:02.517 - Team 6 received clue: Route Information
18:30:02.517 - Team 6 at RM Tel Aviv Azrieli Center is leaving..
18:30:02.517 - Team 6 has finished the race!
18:30:02.517 - Team 7 has finished the race!
18:30:02.517 - Team 8 has finished the race!
18:30:02.517 - Team 9 has finished the race!
18:30:02.517 - Team 10 has finished the race!
18:30:02.517 - ===================================
18:30:02.517 - Race is finished. Printing standings.
18:30:02.517 - ===================================
18:30:02.542 - 1. Team [ id=5, avgPhysicalScore=76.00, avgMentalScore=73.00, 
	member1=Contestant [ name=Jonas Herbert, physicalScore=67, mentalScore=75 ], 
	member2=Contestant [ name=Andreas Putnam, physicalScore=85, mentalScore=71 ]
Total Time: 232. Team [ id=1, avgPhysicalScore=63.50, avgMentalScore=78.00, 
	member1=Contestant [ name=Hans Emanuel, physicalScore=58, mentalScore=91 ], 
	member2=Contestant [ name=Elton Victor, physicalScore=69, mentalScore=65 ]
Total Time: 233. Team [ id=0, avgPhysicalScore=70.00, avgMentalScore=67.00, 
	member1=Contestant [ name=Yuli Dechen, physicalScore=73, mentalScore=56 ], 
	member2=Contestant [ name=Rahmi Girish, physicalScore=67, mentalScore=78 ]
Total Time: 254. Team [ id=8, avgPhysicalScore=91.50, avgMentalScore=48.50, 
	member1=Contestant [ name=Lucie Arts, physicalScore=86, mentalScore=42 ], 
	member2=Contestant [ name=Khaled Baumhauer, physicalScore=97, mentalScore=55 ]
Total Time: 255. Team [ id=2, avgPhysicalScore=43.50, avgMentalScore=80.00, 
	member1=Contestant [ name=Jana Cleve, physicalScore=43, mentalScore=88 ], 
	member2=Contestant [ name=Lore Cirino, physicalScore=44, mentalScore=72 ]
Total Time: 266. Team [ id=9, avgPhysicalScore=76.00, avgMentalScore=87.00, 
	member1=Contestant [ name=Pastor Wilcox, physicalScore=96, mentalScore=79 ], 
	member2=Contestant [ name=Ohad Piatek, physicalScore=56, mentalScore=95 ]
Total Time: 277. Team [ id=4, avgPhysicalScore=40.50, avgMentalScore=91.50, 
	member1=Contestant [ name=Helena Sala, physicalScore=36, mentalScore=94 ], 
	member2=Contestant [ name=Nicole McKenzie, physicalScore=45, mentalScore=89 ]
Total Time: 288. Team [ id=3, avgPhysicalScore=66.50, avgMentalScore=50.50, 
	member1=Contestant [ name=Ema Major, physicalScore=56, mentalScore=43 ], 
	member2=Contestant [ name=Filipa Xanthos, physicalScore=77, mentalScore=58 ]
Total Time: 289. Team [ id=7, avgPhysicalScore=59.00, avgMentalScore=67.50, 
	member1=Contestant [ name=Christen Shepherd, physicalScore=64, mentalScore=76 ], 
	member2=Contestant [ name=Faustino Garrard, physicalScore=54, mentalScore=59 ]
Total Time: 3110. Team [ id=10, avgPhysicalScore=74.50, avgMentalScore=53.00, 
	member1=Contestant [ name=Stella Blaha, physicalScore=56, mentalScore=25 ], 
	member2=Contestant [ name=Theophilus Profeta, physicalScore=93, mentalScore=81 ]
Total Time: 3511. Team [ id=6, avgPhysicalScore=44.00, avgMentalScore=25.00, 
	member1=Contestant [ name=Ulf Hurst, physicalScore=65, mentalScore=24 ], 
	member2=Contestant [ name=Sigifrid Cowden, physicalScore=23, mentalScore=26 ]
Total Time: 40
