18:29:21.691 - Team 0 joined the race!
18:29:21.692 - Team 0 driving to marker 0(Dist: 2.6km) for 200 milliseconds
18:29:21.892 - Team 0 arrived to RouteMarker Hula Valley. Checking for approval..
18:29:21.892 - Team 0 approved to enter marker Hula Valley
18:29:21.892 - Team 0 received clue: Route Information
18:29:21.893 - Team 0 at RM Hula Valley is leaving..
18:29:21.893 - Team 0 driving to marker 1(Dist: 33.0km) for 3300 milliseconds
18:29:25.193 - Team 0 arrived to RouteMarker Ramon Crater. Checking for approval..
18:29:25.193 - Team 0 approved to enter marker Ramon Crater
18:29:25.193 - Team 0 received clue: Detour
18:29:25.194 - Team 0 performing physical task for 3000 millis
18:29:28.195 - Team 0 at RM Ramon Crater is leaving..
18:29:28.196 - Team 0 driving to marker 2(Dist: 28.0km) for 2800 milliseconds
18:29:30.996 - Team 0 arrived to RouteMarker Jerusalem Old City. Checking for approval..
18:29:30.996 - Team 0 approved to enter marker Jerusalem Old City
18:29:30.996 - Team 0 received clue: Route Information
18:29:30.996 - Team 0 at RM Jerusalem Old City is leaving..
18:29:30.996 - Team 0 driving to marker 3(Dist: 15.6km) for 1500 milliseconds
18:29:32.496 - Team 0 arrived to RouteMarker Dead Sea. Checking for approval..
18:29:32.496 - Team 0 approved to enter marker Dead Sea
18:29:32.496 - Team 0 received clue: Roadblock
18:29:32.497 - Team 0 draws random member: Contestant [ name=Yuli Dechen, physicalScore=73, mentalScore=56 ]
18:29:36.047 - Team 0 at RM Dead Sea is leaving..
18:29:36.048 - Team 0 driving to marker 4(Dist: 27.8km) for 2700 milliseconds
18:29:38.749 - Team 0 arrived to RouteMarker Acre Market. Checking for approval..
18:29:38.749 - Team 0 approved to enter marker Acre Market
18:29:38.749 - Team 0 received clue: Route Information
18:29:38.749 - Team 0 at RM Acre Market is leaving..
18:29:38.749 - Team 0 driving to marker 5(Dist: 14.2km) for 1400 milliseconds
18:29:40.149 - Team 0 arrived to RouteMarker Kinneret. Checking for approval..
18:29:40.149 - Team 0 approved to enter marker Kinneret
18:29:40.149 - Team 0 received clue: Route Information
18:29:40.149 - Team 0 at RM Kinneret is leaving..
18:29:40.149 - Team 0 driving to marker 6(Dist: 12.5km) for 1200 milliseconds
18:29:41.349 - Team 0 arrived to RouteMarker Bahai Garden. Checking for approval..
18:29:41.349 - Team 0 approved to enter marker Bahai Garden
18:29:41.349 - Team 0 received clue: Detour
18:29:41.349 - Team 0 performing physical task for 3000 millis
18:29:44.350 - Team 0 at RM Bahai Garden is leaving..
18:29:44.350 - Team 0 driving to marker 7(Dist: 25.1km) for 2500 milliseconds
18:29:46.850 - Team 0 arrived to RouteMarker Tel Aviv Azrieli Center. Checking for approval..
18:29:46.850 - Team 0 approved to enter marker Tel Aviv Azrieli Center
18:29:46.850 - Team 0 received clue: Route Information
18:29:46.850 - Team 0 at RM Tel Aviv Azrieli Center is leaving..
18:29:46.850 - Team 0 has finished the race!
