18:29:21.694 - Team 2 joined the race!
18:29:21.697 - Team 2 driving to marker 0(Dist: 2.6km) for 200 milliseconds
18:29:21.897 - Team 2 arrived to RouteMarker Hula Valley. Checking for approval..
18:29:21.897 - Team 2 approved to enter marker Hula Valley
18:29:21.898 - Team 2 received clue: Route Information
18:29:21.902 - Team 2 at RM Hula Valley is leaving..
18:29:21.906 - Team 2 driving to marker 1(Dist: 33.0km) for 3300 milliseconds
18:29:25.206 - Team 2 arrived to RouteMarker Ramon Crater. Checking for approval..
18:29:25.206 - Team 2 is waiting for RouteMarker Ramon Crater to be available.
18:29:27.406 - Team 2 is waiting for RouteMarker Ramon Crater to be available.
18:29:27.606 - Team 2 approved to enter marker Ramon Crater
18:29:27.606 - Team 2 received clue: Detour
18:29:27.606 - Team 2 performing mental task for 2000 millis.
18:29:29.606 - Team 2 at RM Ramon Crater is leaving..
18:29:29.607 - Team 2 driving to marker 2(Dist: 28.0km) for 2800 milliseconds
18:29:32.407 - Team 2 arrived to RouteMarker Jerusalem Old City. Checking for approval..
18:29:32.407 - Team 2 approved to enter marker Jerusalem Old City
18:29:32.407 - Team 2 received clue: Route Information
18:29:32.407 - Team 2 at RM Jerusalem Old City is leaving..
18:29:32.407 - Team 2 driving to marker 3(Dist: 15.6km) for 1500 milliseconds
18:29:33.907 - Team 2 arrived to RouteMarker Dead Sea. Checking for approval..
18:29:33.907 - Team 2 is waiting for RouteMarker Dead Sea to be available.
18:29:34.811 - Team 2 approved to enter marker Dead Sea
18:29:34.811 - Team 2 received clue: Roadblock
18:29:34.811 - Team 2 draws random member: Contestant [ name=Jana Cleve, physicalScore=43, mentalScore=88 ]
18:29:38.264 - Team 2 at RM Dead Sea is leaving..
18:29:38.266 - Team 2 driving to marker 4(Dist: 27.8km) for 2700 milliseconds
18:29:40.966 - Team 2 arrived to RouteMarker Acre Market. Checking for approval..
18:29:40.966 - Team 2 approved to enter marker Acre Market
18:29:40.966 - Team 2 received clue: Route Information
18:29:40.966 - Team 2 at RM Acre Market is leaving..
18:29:40.966 - Team 2 driving to marker 5(Dist: 14.2km) for 1400 milliseconds
18:29:42.366 - Team 2 arrived to RouteMarker Kinneret. Checking for approval..
18:29:42.366 - Team 2 approved to enter marker Kinneret
18:29:42.366 - Team 2 received clue: Route Information
18:29:42.366 - Team 2 at RM Kinneret is leaving..
18:29:42.366 - Team 2 driving to marker 6(Dist: 12.5km) for 1200 milliseconds
18:29:43.567 - Team 2 arrived to RouteMarker Bahai Garden. Checking for approval..
18:29:43.567 - Team 2 approved to enter marker Bahai Garden
18:29:43.567 - Team 2 received clue: Detour
18:29:43.567 - Team 2 performing mental task for 2000 millis.
18:29:45.568 - Team 2 at RM Bahai Garden is leaving..
18:29:45.568 - Team 2 driving to marker 7(Dist: 25.1km) for 2500 milliseconds
18:29:48.068 - Team 2 arrived to RouteMarker Tel Aviv Azrieli Center. Checking for approval..
18:29:48.071 - Team 2 approved to enter marker Tel Aviv Azrieli Center
18:29:48.071 - Team 2 received clue: Route Information
18:29:48.071 - Team 2 at RM Tel Aviv Azrieli Center is leaving..
18:29:48.071 - Team 2 has finished the race!
