18:29:21.695 - Team 5 joined the race!
18:29:21.696 - Team 5 driving to marker 0(Dist: 2.6km) for 200 milliseconds
18:29:21.897 - Team 5 arrived to RouteMarker Hula Valley. Checking for approval..
18:29:21.897 - Team 5 approved to enter marker Hula Valley
18:29:21.898 - Team 5 received clue: Route Information
18:29:21.899 - Team 5 at RM Hula Valley is leaving..
18:29:21.903 - Team 5 driving to marker 1(Dist: 33.0km) for 3300 milliseconds
18:29:25.203 - Team 5 arrived to RouteMarker Ramon Crater. Checking for approval..
18:29:25.204 - Team 5 approved to enter marker Ramon Crater
18:29:25.204 - Team 5 received clue: Detour
18:29:25.204 - Team 5 performing physical task for 2400 millis
18:29:27.606 - Team 5 at RM Ramon Crater is leaving..
18:29:27.606 - Team 5 driving to marker 2(Dist: 28.0km) for 2800 milliseconds
18:29:30.406 - Team 5 arrived to RouteMarker Jerusalem Old City. Checking for approval..
18:29:30.407 - Team 5 approved to enter marker Jerusalem Old City
18:29:30.407 - Team 5 received clue: Route Information
18:29:30.407 - Team 5 at RM Jerusalem Old City is leaving..
18:29:30.408 - Team 5 driving to marker 3(Dist: 15.6km) for 1500 milliseconds
18:29:31.908 - Team 5 arrived to RouteMarker Dead Sea. Checking for approval..
18:29:31.908 - Team 5 approved to enter marker Dead Sea
18:29:31.908 - Team 5 received clue: Roadblock
18:29:31.909 - Team 5 draws random member: Contestant [ name=Jonas Herbert, physicalScore=67, mentalScore=75 ]
18:29:34.809 - Team 5 at RM Dead Sea is leaving..
18:29:34.812 - Team 5 driving to marker 4(Dist: 27.8km) for 2700 milliseconds
18:29:37.512 - Team 5 arrived to RouteMarker Acre Market. Checking for approval..
18:29:37.512 - Team 5 approved to enter marker Acre Market
18:29:37.512 - Team 5 received clue: Route Information
18:29:37.512 - Team 5 at RM Acre Market is leaving..
18:29:37.512 - Team 5 driving to marker 5(Dist: 14.2km) for 1400 milliseconds
18:29:38.912 - Team 5 arrived to RouteMarker Kinneret. Checking for approval..
18:29:38.912 - Team 5 approved to enter marker Kinneret
18:29:38.912 - Team 5 received clue: Route Information
18:29:38.912 - Team 5 at RM Kinneret is leaving..
18:29:38.912 - Team 5 driving to marker 6(Dist: 12.5km) for 1200 milliseconds
18:29:40.112 - Team 5 arrived to RouteMarker Bahai Garden. Checking for approval..
18:29:40.112 - Team 5 approved to enter marker Bahai Garden
18:29:40.112 - Team 5 received clue: Detour
18:29:40.112 - Team 5 performing physical task for 2400 millis
18:29:42.512 - Team 5 at RM Bahai Garden is leaving..
18:29:42.516 - Team 5 driving to marker 7(Dist: 25.1km) for 2500 milliseconds
18:29:45.017 - Team 5 arrived to RouteMarker Tel Aviv Azrieli Center. Checking for approval..
18:29:45.017 - Team 5 approved to enter marker Tel Aviv Azrieli Center
18:29:45.017 - Team 5 received clue: Route Information
18:29:45.017 - Team 5 at RM Tel Aviv Azrieli Center is leaving..
18:29:50.456 - Team 5 has finished the race!
