18:29:21.698 - Team 9 joined the race!
18:29:21.699 - Team 9 driving to marker 0(Dist: 2.6km) for 200 milliseconds
18:29:21.901 - Team 9 arrived to RouteMarker Hula Valley. Checking for approval..
18:29:21.907 - Team 9 approved to enter marker Hula Valley
18:29:21.907 - Team 9 received clue: Route Information
18:29:21.907 - Team 9 at RM Hula Valley is leaving..
18:29:21.907 - Team 9 driving to marker 1(Dist: 33.0km) for 3300 milliseconds
18:29:25.207 - Team 9 arrived to RouteMarker Ramon Crater. Checking for approval..
18:29:25.211 - Team 9 is waiting for RouteMarker Ramon Crater to be available.
18:29:27.405 - Team 9 is waiting for RouteMarker Ramon Crater to be available.
18:29:27.607 - Team 9 is waiting for RouteMarker Ramon Crater to be available.
18:29:28.196 - Team 9 is waiting for RouteMarker Ramon Crater to be available.
18:29:28.255 - Team 9 is waiting for RouteMarker Ramon Crater to be available.
18:29:29.606 - Team 9 is waiting for RouteMarker Ramon Crater to be available.
18:29:31.446 - Team 9 approved to enter marker Ramon Crater
18:29:31.446 - Team 9 received clue: Detour
18:29:31.446 - Team 9 performing mental task for 1300 millis.
18:29:32.746 - Team 9 at RM Ramon Crater is leaving..
18:29:32.746 - Team 9 driving to marker 2(Dist: 28.0km) for 2800 milliseconds
18:29:35.546 - Team 9 arrived to RouteMarker Jerusalem Old City. Checking for approval..
18:29:35.546 - Team 9 approved to enter marker Jerusalem Old City
18:29:35.546 - Team 9 received clue: Route Information
18:29:35.546 - Team 9 at RM Jerusalem Old City is leaving..
18:29:35.546 - Team 9 driving to marker 3(Dist: 15.6km) for 1500 milliseconds
18:29:37.046 - Team 9 arrived to RouteMarker Dead Sea. Checking for approval..
18:29:37.046 - Team 9 is waiting for RouteMarker Dead Sea to be available.
18:29:38.265 - Team 9 is waiting for RouteMarker Dead Sea to be available.
18:29:38.618 - Team 9 is waiting for RouteMarker Dead Sea to be available.
18:29:39.301 - Team 9 approved to enter marker Dead Sea
18:29:39.301 - Team 9 received clue: Roadblock
18:29:39.302 - Team 9 draws random member: Contestant [ name=Pastor Wilcox, physicalScore=96, mentalScore=79 ]
18:29:40.552 - Team 9 at RM Dead Sea is leaving..
18:29:40.553 - Team 9 driving to marker 4(Dist: 27.8km) for 2700 milliseconds
18:29:43.254 - Team 9 arrived to RouteMarker Acre Market. Checking for approval..
18:29:43.254 - Team 9 approved to enter marker Acre Market
18:29:43.254 - Team 9 received clue: Route Information
18:29:43.254 - Team 9 at RM Acre Market is leaving..
18:29:43.254 - Team 9 driving to marker 5(Dist: 14.2km) for 1400 milliseconds
18:29:44.655 - Team 9 arrived to RouteMarker Kinneret. Checking for approval..
18:29:44.655 - Team 9 approved to enter marker Kinneret
18:29:44.655 - Team 9 received clue: Route Information
18:29:44.655 - Team 9 at RM Kinneret is leaving..
18:29:44.655 - Team 9 driving to marker 6(Dist: 12.5km) for 1200 milliseconds
18:29:45.855 - Team 9 arrived to RouteMarker Bahai Garden. Checking for approval..
18:29:45.855 - Team 9 approved to enter marker Bahai Garden
18:29:45.855 - Team 9 received clue: Detour
18:29:45.856 - Team 9 performing mental task for 1300 millis.
18:29:47.156 - Team 9 at RM Bahai Garden is leaving..
18:29:47.156 - Team 9 driving to marker 7(Dist: 25.1km) for 2500 milliseconds
18:29:49.656 - Team 9 arrived to RouteMarker Tel Aviv Azrieli Center. Checking for approval..
18:29:49.656 - Team 9 approved to enter marker Tel Aviv Azrieli Center
18:29:49.656 - Team 9 received clue: Route Information
18:29:49.656 - Team 9 at RM Tel Aviv Azrieli Center is leaving..
18:30:02.517 - Team 9 has finished the race!
