18:29:21.698 - Team 10 joined the race!
18:29:21.699 - Team 10 driving to marker 0(Dist: 2.6km) for 200 milliseconds
18:29:21.899 - Team 10 arrived to RouteMarker Hula Valley. Checking for approval..
18:29:21.902 - Team 10 is waiting for RouteMarker Hula Valley to be available.
18:29:21.905 - Team 10 is waiting for RouteMarker Hula Valley to be available.
18:29:21.908 - Team 10 is waiting for RouteMarker Hula Valley to be available.
18:29:21.909 - Team 10 approved to enter marker Hula Valley
18:29:21.909 - Team 10 received clue: Route Information
18:29:21.909 - Team 10 at RM Hula Valley is leaving..
18:29:21.910 - Team 10 driving to marker 1(Dist: 33.0km) for 3300 milliseconds
18:29:25.213 - Team 10 arrived to RouteMarker Ramon Crater. Checking for approval..
18:29:25.213 - Team 10 is waiting for RouteMarker Ramon Crater to be available.
18:29:27.404 - Team 10 is waiting for RouteMarker Ramon Crater to be available.
18:29:27.612 - Team 10 is waiting for RouteMarker Ramon Crater to be available.
18:29:28.196 - Team 10 is waiting for RouteMarker Ramon Crater to be available.
18:29:28.255 - Team 10 is waiting for RouteMarker Ramon Crater to be available.
18:29:29.606 - Team 10 approved to enter marker Ramon Crater
18:29:29.606 - Team 10 received clue: Detour
18:29:29.606 - Team 10 performing physical task for 2550 millis
18:29:32.156 - Team 10 at RM Ramon Crater is leaving..
18:29:32.159 - Team 10 driving to marker 2(Dist: 28.0km) for 2800 milliseconds
18:29:34.959 - Team 10 arrived to RouteMarker Jerusalem Old City. Checking for approval..
18:29:34.959 - Team 10 approved to enter marker Jerusalem Old City
18:29:34.960 - Team 10 received clue: Route Information
18:29:34.960 - Team 10 at RM Jerusalem Old City is leaving..
18:29:34.960 - Team 10 driving to marker 3(Dist: 15.6km) for 1500 milliseconds
18:29:36.460 - Team 10 arrived to RouteMarker Dead Sea. Checking for approval..
18:29:36.460 - Team 10 is waiting for RouteMarker Dead Sea to be available.
18:29:38.265 - Team 10 is waiting for RouteMarker Dead Sea to be available.
18:29:38.618 - Team 10 is waiting for RouteMarker Dead Sea to be available.
18:29:39.302 - Team 10 is waiting for RouteMarker Dead Sea to be available.
18:29:40.552 - Team 10 approved to enter marker Dead Sea
18:29:40.552 - Team 10 received clue: Roadblock
18:29:40.552 - Team 10 draws random member: Contestant [ name=Stella Blaha, physicalScore=56, mentalScore=25 ]
18:29:46.504 - Team 10 at RM Dead Sea is leaving..
18:29:46.504 - Team 10 driving to marker 4(Dist: 27.8km) for 2700 milliseconds
18:29:49.205 - Team 10 arrived to RouteMarker Acre Market. Checking for approval..
18:29:49.205 - Team 10 approved to enter marker Acre Market
18:29:49.205 - Team 10 received clue: Route Information
18:29:49.205 - Team 10 at RM Acre Market is leaving..
18:29:49.205 - Team 10 driving to marker 5(Dist: 14.2km) for 1400 milliseconds
18:29:50.605 - Team 10 arrived to RouteMarker Kinneret. Checking for approval..
18:29:50.605 - Team 10 approved to enter marker Kinneret
18:29:50.605 - Team 10 received clue: Route Information
18:29:50.605 - Team 10 at RM Kinneret is leaving..
18:29:50.605 - Team 10 driving to marker 6(Dist: 12.5km) for 1200 milliseconds
18:29:51.805 - Team 10 arrived to RouteMarker Bahai Garden. Checking for approval..
18:29:51.805 - Team 10 approved to enter marker Bahai Garden
18:29:51.814 - Team 10 received clue: Detour
18:29:51.814 - Team 10 performing physical task for 2550 millis
18:29:54.364 - Team 10 at RM Bahai Garden is leaving..
18:29:54.364 - Team 10 driving to marker 7(Dist: 25.1km) for 2500 milliseconds
18:29:56.864 - Team 10 arrived to RouteMarker Tel Aviv Azrieli Center. Checking for approval..
18:29:56.864 - Team 10 approved to enter marker Tel Aviv Azrieli Center
18:29:56.864 - Team 10 received clue: Route Information
18:29:56.864 - Team 10 at RM Tel Aviv Azrieli Center is leaving..
18:30:02.517 - Team 10 has finished the race!
