18:29:21.700 - Team 8 joined the race!
18:29:21.700 - Team 8 driving to marker 0(Dist: 2.6km) for 200 milliseconds
18:29:21.900 - Team 8 arrived to RouteMarker Hula Valley. Checking for approval..
18:29:21.903 - Team 8 is waiting for RouteMarker Hula Valley to be available.
18:29:21.903 - Team 8 approved to enter marker Hula Valley
18:29:21.904 - Team 8 received clue: Route Information
18:29:21.904 - Team 8 at RM Hula Valley is leaving..
18:29:21.909 - Team 8 driving to marker 1(Dist: 33.0km) for 3300 milliseconds
18:29:25.213 - Team 8 arrived to RouteMarker Ramon Crater. Checking for approval..
18:29:25.214 - Team 8 is waiting for RouteMarker Ramon Crater to be available.
18:29:27.404 - Team 8 approved to enter marker Ramon Crater
18:29:27.404 - Team 8 received clue: Detour
18:29:27.404 - Team 8 performing physical task for 850 millis
18:29:28.254 - Team 8 at RM Ramon Crater is leaving..
18:29:28.256 - Team 8 driving to marker 2(Dist: 28.0km) for 2800 milliseconds
18:29:31.056 - Team 8 arrived to RouteMarker Jerusalem Old City. Checking for approval..
18:29:31.056 - Team 8 approved to enter marker Jerusalem Old City
18:29:31.056 - Team 8 received clue: Route Information
18:29:31.056 - Team 8 at RM Jerusalem Old City is leaving..
18:29:31.056 - Team 8 driving to marker 3(Dist: 15.6km) for 1500 milliseconds
18:29:32.556 - Team 8 arrived to RouteMarker Dead Sea. Checking for approval..
18:29:32.556 - Team 8 is waiting for RouteMarker Dead Sea to be available.
18:29:34.812 - Team 8 is waiting for RouteMarker Dead Sea to be available.
18:29:35.015 - Team 8 approved to enter marker Dead Sea
18:29:35.016 - Team 8 received clue: Roadblock
18:29:35.016 - Team 8 draws random member: Contestant [ name=Lucie Arts, physicalScore=86, mentalScore=42 ]
18:29:38.616 - Team 8 at RM Dead Sea is leaving..
18:29:38.618 - Team 8 driving to marker 4(Dist: 27.8km) for 2700 milliseconds
18:29:41.319 - Team 8 arrived to RouteMarker Acre Market. Checking for approval..
18:29:41.319 - Team 8 approved to enter marker Acre Market
18:29:41.319 - Team 8 received clue: Route Information
18:29:41.319 - Team 8 at RM Acre Market is leaving..
18:29:41.319 - Team 8 driving to marker 5(Dist: 14.2km) for 1400 milliseconds
18:29:42.719 - Team 8 arrived to RouteMarker Kinneret. Checking for approval..
18:29:42.719 - Team 8 approved to enter marker Kinneret
18:29:42.719 - Team 8 received clue: Route Information
18:29:42.719 - Team 8 at RM Kinneret is leaving..
18:29:42.719 - Team 8 driving to marker 6(Dist: 12.5km) for 1200 milliseconds
18:29:43.920 - Team 8 arrived to RouteMarker Bahai Garden. Checking for approval..
18:29:43.920 - Team 8 approved to enter marker Bahai Garden
18:29:43.922 - Team 8 received clue: Detour
18:29:43.922 - Team 8 performing physical task for 850 millis
18:29:44.772 - Team 8 at RM Bahai Garden is leaving..
18:29:44.772 - Team 8 driving to marker 7(Dist: 25.1km) for 2500 milliseconds
18:29:47.272 - Team 8 arrived to RouteMarker Tel Aviv Azrieli Center. Checking for approval..
18:29:47.272 - Team 8 approved to enter marker Tel Aviv Azrieli Center
18:29:47.272 - Team 8 received clue: Route Information
18:29:47.272 - Team 8 at RM Tel Aviv Azrieli Center is leaving..
18:30:02.517 - Team 8 has finished the race!
