16:03:49.373 - Team 1 joined the race!
16:03:49.376 - Team 1 driving to marker 0(Dist: 2.6km) for 200 milliseconds
16:03:49.579 - Team 1 arrived to RouteMarker Hula Valley. Checking for approval..
16:03:49.580 - Team 1 approved to enter marker Hula Valley
16:03:49.580 - Team 1 received clue: Route Information
16:03:49.580 - Team 1 at RM Hula Valley is leaving..
16:03:49.581 - Team 1 driving to marker 1(Dist: 33.0km) for 3300 milliseconds
16:03:52.888 - Team 1 arrived to RouteMarker Ramon Crater. Checking for approval..
16:03:52.888 - Team 1 is waiting for RouteMarker Ramon Crater to be available.
16:03:53.898 - Team 1 is waiting for RouteMarker Ramon Crater to be available.
16:03:54.891 - Team 1 is waiting for RouteMarker Ramon Crater to be available.
16:03:55.871 - Team 1 is waiting for RouteMarker Ramon Crater to be available.
16:03:57.149 - Team 1 is waiting for RouteMarker Ramon Crater to be available.
16:03:57.435 - Team 1 approved to enter marker Ramon Crater
16:03:57.435 - Team 1 received clue: Detour
16:03:57.435 - Team 1 performing mental task for 2200 millis.
16:03:59.635 - Team 1 at RM Ramon Crater is leaving..
16:03:59.636 - Team 1 driving to marker 2(Dist: 28.0km) for 2800 milliseconds
16:04:02.437 - Team 1 arrived to RouteMarker Jerusalem Old City. Checking for approval..
16:04:02.437 - Team 1 approved to enter marker Jerusalem Old City
16:04:02.437 - Team 1 received clue: Route Information
16:04:02.437 - Team 1 at RM Jerusalem Old City is leaving..
16:04:02.437 - Team 1 driving to marker 3(Dist: 15.6km) for 1500 milliseconds
16:04:03.938 - Team 1 arrived to RouteMarker Dead Sea. Checking for approval..
16:04:03.938 - Team 1 is waiting for RouteMarker Dead Sea to be available.
16:04:05.861 - Team 1 is waiting for RouteMarker Dead Sea to be available.
16:04:08.312 - Team 1 is waiting for RouteMarker Dead Sea to be available.
16:04:08.785 - Team 1 approved to enter marker Dead Sea
16:04:08.786 - Team 1 received clue: Roadblock
16:04:08.786 - Team 1 draws random member: Contestant [ name=Hans Emanuel, physicalScore=58, mentalScore=91 ]
16:04:11.336 - Team 1 at RM Dead Sea is leaving..
16:04:11.336 - Team 1 driving to marker 4(Dist: 27.8km) for 2700 milliseconds
16:04:14.036 - Team 1 arrived to RouteMarker Acre Market. Checking for approval..
16:04:14.036 - Team 1 approved to enter marker Acre Market
16:04:14.036 - Team 1 received clue: Route Information
16:04:14.036 - Team 1 at RM Acre Market is leaving..
16:04:14.036 - Team 1 driving to marker 5(Dist: 14.2km) for 1400 milliseconds
16:04:15.436 - Team 1 arrived to RouteMarker Kinneret. Checking for approval..
16:04:15.436 - Team 1 approved to enter marker Kinneret
16:04:15.436 - Team 1 received clue: Route Information
16:04:15.436 - Team 1 at RM Kinneret is leaving..
16:04:15.436 - Team 1 driving to marker 6(Dist: 12.5km) for 1200 milliseconds
16:04:16.636 - Team 1 arrived to RouteMarker Bahai Garden. Checking for approval..
16:04:16.636 - Team 1 approved to enter marker Bahai Garden
16:04:16.636 - Team 1 received clue: Detour
16:04:16.636 - Team 1 performing mental task for 2200 millis.
16:04:18.836 - Team 1 at RM Bahai Garden is leaving..
16:04:18.836 - Team 1 driving to marker 7(Dist: 25.1km) for 2500 milliseconds
16:04:21.337 - Team 1 arrived to RouteMarker Tel Aviv Azrieli Center. Checking for approval..
16:04:21.337 - Team 1 approved to enter marker Tel Aviv Azrieli Center
16:04:21.337 - Team 1 received clue: Route Information
16:04:21.346 - Team 1 at RM Tel Aviv Azrieli Center is leaving..
