16:03:49.367 - Team 0 joined the race!
16:03:49.367 - Team 0 driving to marker 0(Dist: 2.6km) for 200 milliseconds
16:03:49.568 - Team 0 arrived to RouteMarker Hula Valley. Checking for approval..
16:03:49.568 - Team 0 approved to enter marker Hula Valley
16:03:49.568 - Team 0 received clue: Route Information
16:03:49.569 - Team 0 at RM Hula Valley is leaving..
16:03:49.569 - Team 0 driving to marker 1(Dist: 33.0km) for 3300 milliseconds
16:03:52.869 - Team 0 arrived to RouteMarker Ramon Crater. Checking for approval..
16:03:52.869 - Team 0 approved to enter marker Ramon Crater
16:03:52.870 - Team 0 received clue: Detour
16:03:52.871 - Team 0 performing physical task for 3000 millis
16:03:55.871 - Team 0 at RM Ramon Crater is leaving..
16:03:55.880 - Team 0 driving to marker 2(Dist: 28.0km) for 2800 milliseconds
16:03:58.681 - Team 0 arrived to RouteMarker Jerusalem Old City. Checking for approval..
16:03:58.681 - Team 0 approved to enter marker Jerusalem Old City
16:03:58.681 - Team 0 received clue: Route Information
16:03:58.681 - Team 0 at RM Jerusalem Old City is leaving..
16:03:58.681 - Team 0 driving to marker 3(Dist: 15.6km) for 1500 milliseconds
16:04:00.182 - Team 0 arrived to RouteMarker Dead Sea. Checking for approval..
16:04:00.182 - Team 0 approved to enter marker Dead Sea
16:04:00.182 - Team 0 received clue: Roadblock
16:04:00.183 - Team 0 draws random member: Contestant [ name=Yuli Dechen, physicalScore=73, mentalScore=56 ]
16:04:03.734 - Team 0 at RM Dead Sea is leaving..
16:04:03.735 - Team 0 driving to marker 4(Dist: 27.8km) for 2700 milliseconds
16:04:06.435 - Team 0 arrived to RouteMarker Acre Market. Checking for approval..
16:04:06.436 - Team 0 approved to enter marker Acre Market
16:04:06.436 - Team 0 received clue: Route Information
16:04:06.436 - Team 0 at RM Acre Market is leaving..
16:04:06.436 - Team 0 driving to marker 5(Dist: 14.2km) for 1400 milliseconds
16:04:07.836 - Team 0 arrived to RouteMarker Kinneret. Checking for approval..
16:04:07.836 - Team 0 approved to enter marker Kinneret
16:04:07.836 - Team 0 received clue: Route Information
16:04:07.836 - Team 0 at RM Kinneret is leaving..
16:04:07.836 - Team 0 driving to marker 6(Dist: 12.5km) for 1200 milliseconds
16:04:09.036 - Team 0 arrived to RouteMarker Bahai Garden. Checking for approval..
16:04:09.036 - Team 0 approved to enter marker Bahai Garden
16:04:09.036 - Team 0 received clue: Detour
16:04:09.036 - Team 0 performing physical task for 3000 millis
16:04:12.036 - Team 0 at RM Bahai Garden is leaving..
16:04:12.036 - Team 0 driving to marker 7(Dist: 25.1km) for 2500 milliseconds
16:04:14.536 - Team 0 arrived to RouteMarker Tel Aviv Azrieli Center. Checking for approval..
16:04:14.536 - Team 0 approved to enter marker Tel Aviv Azrieli Center
16:04:14.536 - Team 0 received clue: Route Information
16:04:14.536 - Team 0 at RM Tel Aviv Azrieli Center is leaving..
