16:03:49.374 - Team 5 joined the race!
16:03:49.374 - Team 5 driving to marker 0(Dist: 2.6km) for 200 milliseconds
16:03:49.579 - Team 5 arrived to RouteMarker Hula Valley. Checking for approval..
16:03:49.579 - Team 5 approved to enter marker Hula Valley
16:03:49.579 - Team 5 received clue: Route Information
16:03:49.579 - Team 5 at RM Hula Valley is leaving..
16:03:49.580 - Team 5 driving to marker 1(Dist: 33.0km) for 3300 milliseconds
16:03:52.887 - Team 5 arrived to RouteMarker Ramon Crater. Checking for approval..
16:03:52.887 - Team 5 is waiting for RouteMarker Ramon Crater to be available.
16:03:53.899 - Team 5 is waiting for RouteMarker Ramon Crater to be available.
16:03:54.886 - Team 5 is waiting for RouteMarker Ramon Crater to be available.
16:03:55.871 - Team 5 is waiting for RouteMarker Ramon Crater to be available.
16:03:57.149 - Team 5 is waiting for RouteMarker Ramon Crater to be available.
16:03:57.435 - Team 5 approved to enter marker Ramon Crater
16:03:57.435 - Team 5 received clue: Detour
16:03:57.435 - Team 5 performing physical task for 2400 millis
16:03:59.835 - Team 5 at RM Ramon Crater is leaving..
16:03:59.840 - Team 5 driving to marker 2(Dist: 28.0km) for 2800 milliseconds
16:04:02.641 - Team 5 arrived to RouteMarker Jerusalem Old City. Checking for approval..
16:04:02.641 - Team 5 approved to enter marker Jerusalem Old City
16:04:02.641 - Team 5 received clue: Route Information
16:04:02.641 - Team 5 at RM Jerusalem Old City is leaving..
16:04:02.641 - Team 5 driving to marker 3(Dist: 15.6km) for 1500 milliseconds
16:04:04.141 - Team 5 arrived to RouteMarker Dead Sea. Checking for approval..
16:04:04.141 - Team 5 is waiting for RouteMarker Dead Sea to be available.
16:04:05.861 - Team 5 is waiting for RouteMarker Dead Sea to be available.
16:04:08.312 - Team 5 is waiting for RouteMarker Dead Sea to be available.
16:04:08.785 - Team 5 approved to enter marker Dead Sea
16:04:08.785 - Team 5 received clue: Roadblock
16:04:08.785 - Team 5 draws random member: Contestant [ name=Jonas Herbert, physicalScore=67, mentalScore=75 ]
16:04:11.689 - Team 5 at RM Dead Sea is leaving..
16:04:11.689 - Team 5 driving to marker 4(Dist: 27.8km) for 2700 milliseconds
16:04:14.390 - Team 5 arrived to RouteMarker Acre Market. Checking for approval..
16:04:14.390 - Team 5 approved to enter marker Acre Market
16:04:14.390 - Team 5 received clue: Route Information
16:04:14.390 - Team 5 at RM Acre Market is leaving..
16:04:14.390 - Team 5 driving to marker 5(Dist: 14.2km) for 1400 milliseconds
16:04:15.790 - Team 5 arrived to RouteMarker Kinneret. Checking for approval..
16:04:15.790 - Team 5 approved to enter marker Kinneret
16:04:15.790 - Team 5 received clue: Route Information
16:04:15.790 - Team 5 at RM Kinneret is leaving..
16:04:15.790 - Team 5 driving to marker 6(Dist: 12.5km) for 1200 milliseconds
16:04:16.990 - Team 5 arrived to RouteMarker Bahai Garden. Checking for approval..
16:04:16.990 - Team 5 is waiting for RouteMarker Bahai Garden to be available.
16:04:17.201 - Team 5 approved to enter marker Bahai Garden
16:04:17.201 - Team 5 received clue: Detour
16:04:17.201 - Team 5 performing physical task for 2400 millis
16:04:19.601 - Team 5 at RM Bahai Garden is leaving..
16:04:19.601 - Team 5 driving to marker 7(Dist: 25.1km) for 2500 milliseconds
16:04:22.102 - Team 5 arrived to RouteMarker Tel Aviv Azrieli Center. Checking for approval..
16:04:22.102 - Team 5 approved to enter marker Tel Aviv Azrieli Center
16:04:22.102 - Team 5 received clue: Route Information
16:04:22.102 - Team 5 at RM Tel Aviv Azrieli Center is leaving..
