16:03:49.373 - Team 8 joined the race!
16:03:49.373 - Team 8 driving to marker 0(Dist: 2.6km) for 200 milliseconds
16:03:49.574 - Team 8 arrived to RouteMarker Hula Valley. Checking for approval..
16:03:49.577 - Team 8 approved to enter marker Hula Valley
16:03:49.577 - Team 8 received clue: Route Information
16:03:49.577 - Team 8 at RM Hula Valley is leaving..
16:03:49.577 - Team 8 driving to marker 1(Dist: 33.0km) for 3300 milliseconds
16:03:52.886 - Team 8 arrived to RouteMarker Ramon Crater. Checking for approval..
16:03:52.887 - Team 8 is waiting for RouteMarker Ramon Crater to be available.
16:03:53.899 - Team 8 is waiting for RouteMarker Ramon Crater to be available.
16:03:54.886 - Team 8 is waiting for RouteMarker Ramon Crater to be available.
16:03:55.872 - Team 8 is waiting for RouteMarker Ramon Crater to be available.
16:03:57.149 - Team 8 is waiting for RouteMarker Ramon Crater to be available.
16:03:57.435 - Team 8 is waiting for RouteMarker Ramon Crater to be available.
16:03:59.221 - Team 8 is waiting for RouteMarker Ramon Crater to be available.
16:03:59.635 - Team 8 approved to enter marker Ramon Crater
16:03:59.635 - Team 8 received clue: Detour
16:03:59.635 - Team 8 performing physical task for 850 millis
16:04:00.487 - Team 8 at RM Ramon Crater is leaving..
16:04:00.487 - Team 8 driving to marker 2(Dist: 28.0km) for 2800 milliseconds
16:04:03.288 - Team 8 arrived to RouteMarker Jerusalem Old City. Checking for approval..
16:04:03.288 - Team 8 approved to enter marker Jerusalem Old City
16:04:03.288 - Team 8 received clue: Route Information
16:04:03.288 - Team 8 at RM Jerusalem Old City is leaving..
16:04:03.293 - Team 8 driving to marker 3(Dist: 15.6km) for 1500 milliseconds
16:04:04.793 - Team 8 arrived to RouteMarker Dead Sea. Checking for approval..
16:04:04.793 - Team 8 is waiting for RouteMarker Dead Sea to be available.
16:04:05.861 - Team 8 approved to enter marker Dead Sea
16:04:05.861 - Team 8 received clue: Roadblock
16:04:05.861 - Team 8 draws random member: Contestant [ name=Lucie Arts, physicalScore=86, mentalScore=42 ]
16:04:09.461 - Team 8 at RM Dead Sea is leaving..
16:04:09.461 - Team 8 driving to marker 4(Dist: 27.8km) for 2700 milliseconds
16:04:12.161 - Team 8 arrived to RouteMarker Acre Market. Checking for approval..
16:04:12.165 - Team 8 approved to enter marker Acre Market
16:04:12.166 - Team 8 received clue: Route Information
16:04:12.166 - Team 8 at RM Acre Market is leaving..
16:04:12.166 - Team 8 driving to marker 5(Dist: 14.2km) for 1400 milliseconds
16:04:13.566 - Team 8 arrived to RouteMarker Kinneret. Checking for approval..
16:04:13.566 - Team 8 approved to enter marker Kinneret
16:04:13.566 - Team 8 received clue: Route Information
16:04:13.566 - Team 8 at RM Kinneret is leaving..
16:04:13.566 - Team 8 driving to marker 6(Dist: 12.5km) for 1200 milliseconds
16:04:14.767 - Team 8 arrived to RouteMarker Bahai Garden. Checking for approval..
16:04:14.767 - Team 8 is waiting for RouteMarker Bahai Garden to be available.
16:04:14.915 - Team 8 approved to enter marker Bahai Garden
16:04:14.915 - Team 8 received clue: Detour
16:04:14.915 - Team 8 performing physical task for 850 millis
16:04:15.784 - Team 8 at RM Bahai Garden is leaving..
16:04:15.784 - Team 8 driving to marker 7(Dist: 25.1km) for 2500 milliseconds
16:04:18.284 - Team 8 arrived to RouteMarker Tel Aviv Azrieli Center. Checking for approval..
16:04:18.284 - Team 8 approved to enter marker Tel Aviv Azrieli Center
16:04:18.284 - Team 8 received clue: Route Information
16:04:18.284 - Team 8 at RM Tel Aviv Azrieli Center is leaving..
