16:03:49.372 - Team 6 joined the race!
16:03:49.375 - Team 6 driving to marker 0(Dist: 2.6km) for 200 milliseconds
16:03:49.575 - Team 6 arrived to RouteMarker Hula Valley. Checking for approval..
16:03:49.576 - Team 6 approved to enter marker Hula Valley
16:03:49.576 - Team 6 received clue: Route Information
16:03:49.577 - Team 6 at RM Hula Valley is leaving..
16:03:49.577 - Team 6 driving to marker 1(Dist: 33.0km) for 3300 milliseconds
16:03:52.885 - Team 6 arrived to RouteMarker Ramon Crater. Checking for approval..
16:03:52.885 - Team 6 is waiting for RouteMarker Ramon Crater to be available.
16:03:53.899 - Team 6 is waiting for RouteMarker Ramon Crater to be available.
16:03:54.885 - Team 6 is waiting for RouteMarker Ramon Crater to be available.
16:03:55.880 - Team 6 is waiting for RouteMarker Ramon Crater to be available.
16:03:57.149 - Team 6 approved to enter marker Ramon Crater
16:03:57.149 - Team 6 received clue: Detour
16:03:57.149 - Team 6 performing physical task for 5600 millis
16:04:02.750 - Team 6 at RM Ramon Crater is leaving..
16:04:02.750 - Team 6 driving to marker 2(Dist: 28.0km) for 2800 milliseconds
16:04:05.550 - Team 6 arrived to RouteMarker Jerusalem Old City. Checking for approval..
16:04:05.550 - Team 6 approved to enter marker Jerusalem Old City
16:04:05.550 - Team 6 received clue: Route Information
16:04:05.551 - Team 6 at RM Jerusalem Old City is leaving..
16:04:05.552 - Team 6 driving to marker 3(Dist: 15.6km) for 1500 milliseconds
16:04:07.058 - Team 6 arrived to RouteMarker Dead Sea. Checking for approval..
16:04:07.058 - Team 6 is waiting for RouteMarker Dead Sea to be available.
16:04:08.312 - Team 6 is waiting for RouteMarker Dead Sea to be available.
16:04:08.785 - Team 6 approved to enter marker Dead Sea
16:04:08.785 - Team 6 received clue: Roadblock
16:04:08.785 - Team 6 draws random member: Contestant [ name=Sigifrid Cowden, physicalScore=23, mentalScore=26 ]
16:04:16.337 - Team 6 at RM Dead Sea is leaving..
16:04:16.337 - Team 6 driving to marker 4(Dist: 27.8km) for 2700 milliseconds
16:04:19.041 - Team 6 arrived to RouteMarker Acre Market. Checking for approval..
16:04:19.041 - Team 6 approved to enter marker Acre Market
16:04:19.041 - Team 6 received clue: Route Information
16:04:19.041 - Team 6 at RM Acre Market is leaving..
16:04:19.041 - Team 6 driving to marker 5(Dist: 14.2km) for 1400 milliseconds
16:04:20.442 - Team 6 arrived to RouteMarker Kinneret. Checking for approval..
16:04:20.442 - Team 6 approved to enter marker Kinneret
16:04:20.442 - Team 6 received clue: Route Information
16:04:20.442 - Team 6 at RM Kinneret is leaving..
16:04:20.442 - Team 6 driving to marker 6(Dist: 12.5km) for 1200 milliseconds
16:04:21.643 - Team 6 arrived to RouteMarker Bahai Garden. Checking for approval..
16:04:21.643 - Team 6 approved to enter marker Bahai Garden
16:04:21.643 - Team 6 received clue: Detour
16:04:21.643 - Team 6 performing physical task for 5600 millis
16:04:27.244 - Team 6 at RM Bahai Garden is leaving..
16:04:27.244 - Team 6 driving to marker 7(Dist: 25.1km) for 2500 milliseconds
16:04:29.744 - Team 6 arrived to RouteMarker Tel Aviv Azrieli Center. Checking for approval..
16:04:29.744 - Team 6 approved to enter marker Tel Aviv Azrieli Center
16:04:29.744 - Team 6 received clue: Route Information
16:04:29.744 - Team 6 at RM Tel Aviv Azrieli Center is leaving..
