16:03:49.374 - Team 10 joined the race!
16:03:49.375 - Team 10 driving to marker 0(Dist: 2.6km) for 200 milliseconds
16:03:49.575 - Team 10 arrived to RouteMarker Hula Valley. Checking for approval..
16:03:49.576 - Team 10 approved to enter marker Hula Valley
16:03:49.576 - Team 10 received clue: Route Information
16:03:49.576 - Team 10 at RM Hula Valley is leaving..
16:03:49.576 - Team 10 driving to marker 1(Dist: 33.0km) for 3300 milliseconds
16:03:52.885 - Team 10 arrived to RouteMarker Ramon Crater. Checking for approval..
16:03:52.885 - Team 10 is waiting for RouteMarker Ramon Crater to be available.
16:03:53.904 - Team 10 is waiting for RouteMarker Ramon Crater to be available.
16:03:54.884 - Team 10 approved to enter marker Ramon Crater
16:03:54.884 - Team 10 received clue: Detour
16:03:54.885 - Team 10 performing physical task for 2550 millis
16:03:57.435 - Team 10 at RM Ramon Crater is leaving..
16:03:57.435 - Team 10 driving to marker 2(Dist: 28.0km) for 2800 milliseconds
16:04:00.235 - Team 10 arrived to RouteMarker Jerusalem Old City. Checking for approval..
16:04:00.235 - Team 10 approved to enter marker Jerusalem Old City
16:04:00.235 - Team 10 received clue: Route Information
16:04:00.235 - Team 10 at RM Jerusalem Old City is leaving..
16:04:00.235 - Team 10 driving to marker 3(Dist: 15.6km) for 1500 milliseconds
16:04:01.736 - Team 10 arrived to RouteMarker Dead Sea. Checking for approval..
16:04:01.736 - Team 10 is waiting for RouteMarker Dead Sea to be available.
16:04:03.395 - Team 10 approved to enter marker Dead Sea
16:04:03.395 - Team 10 received clue: Roadblock
16:04:03.396 - Team 10 draws random member: Contestant [ name=Stella Blaha, physicalScore=56, mentalScore=25 ]
16:04:09.346 - Team 10 at RM Dead Sea is leaving..
16:04:09.346 - Team 10 driving to marker 4(Dist: 27.8km) for 2700 milliseconds
16:04:12.046 - Team 10 arrived to RouteMarker Acre Market. Checking for approval..
16:04:12.046 - Team 10 approved to enter marker Acre Market
16:04:12.046 - Team 10 received clue: Route Information
16:04:12.046 - Team 10 at RM Acre Market is leaving..
16:04:12.046 - Team 10 driving to marker 5(Dist: 14.2km) for 1400 milliseconds
16:04:13.447 - Team 10 arrived to RouteMarker Kinneret. Checking for approval..
16:04:13.447 - Team 10 approved to enter marker Kinneret
16:04:13.447 - Team 10 received clue: Route Information
16:04:13.447 - Team 10 at RM Kinneret is leaving..
16:04:13.447 - Team 10 driving to marker 6(Dist: 12.5km) for 1200 milliseconds
16:04:14.648 - Team 10 arrived to RouteMarker Bahai Garden. Checking for approval..
16:04:14.651 - Team 10 approved to enter marker Bahai Garden
16:04:14.651 - Team 10 received clue: Detour
16:04:14.651 - Team 10 performing physical task for 2550 millis
16:04:17.201 - Team 10 at RM Bahai Garden is leaving..
16:04:17.201 - Team 10 driving to marker 7(Dist: 25.1km) for 2500 milliseconds
16:04:19.703 - Team 10 arrived to RouteMarker Tel Aviv Azrieli Center. Checking for approval..
16:04:19.705 - Team 10 approved to enter marker Tel Aviv Azrieli Center
16:04:19.705 - Team 10 received clue: Route Information
16:04:19.705 - Team 10 at RM Tel Aviv Azrieli Center is leaving..
