16:03:49.374 - Team 3 joined the race!
16:03:49.376 - Team 3 driving to marker 0(Dist: 2.6km) for 200 milliseconds
16:03:49.581 - Team 3 arrived to RouteMarker Hula Valley. Checking for approval..
16:03:49.581 - Team 3 approved to enter marker Hula Valley
16:03:49.581 - Team 3 received clue: Route Information
16:03:49.581 - Team 3 at RM Hula Valley is leaving..
16:03:49.582 - Team 3 driving to marker 1(Dist: 33.0km) for 3300 milliseconds
16:03:52.888 - Team 3 arrived to RouteMarker Ramon Crater. Checking for approval..
16:03:52.888 - Team 3 is waiting for RouteMarker Ramon Crater to be available.
16:03:53.898 - Team 3 is waiting for RouteMarker Ramon Crater to be available.
16:03:54.892 - Team 3 is waiting for RouteMarker Ramon Crater to be available.
16:03:55.871 - Team 3 approved to enter marker Ramon Crater
16:03:55.871 - Team 3 received clue: Detour
16:03:55.871 - Team 3 performing physical task for 3350 millis
16:03:59.221 - Team 3 at RM Ramon Crater is leaving..
16:03:59.221 - Team 3 driving to marker 2(Dist: 28.0km) for 2800 milliseconds
16:04:02.022 - Team 3 arrived to RouteMarker Jerusalem Old City. Checking for approval..
16:04:02.022 - Team 3 approved to enter marker Jerusalem Old City
16:04:02.022 - Team 3 received clue: Route Information
16:04:02.022 - Team 3 at RM Jerusalem Old City is leaving..
16:04:02.022 - Team 3 driving to marker 3(Dist: 15.6km) for 1500 milliseconds
16:04:03.523 - Team 3 arrived to RouteMarker Dead Sea. Checking for approval..
16:04:03.523 - Team 3 is waiting for RouteMarker Dead Sea to be available.
16:04:03.734 - Team 3 approved to enter marker Dead Sea
16:04:03.734 - Team 3 received clue: Roadblock
16:04:03.735 - Team 3 draws random member: Contestant [ name=Ema Major, physicalScore=56, mentalScore=43 ]
16:04:08.785 - Team 3 at RM Dead Sea is leaving..
16:04:08.786 - Team 3 driving to marker 4(Dist: 27.8km) for 2700 milliseconds
16:04:11.486 - Team 3 arrived to RouteMarker Acre Market. Checking for approval..
16:04:11.489 - Team 3 approved to enter marker Acre Market
16:04:11.489 - Team 3 received clue: Route Information
16:04:11.489 - Team 3 at RM Acre Market is leaving..
16:04:11.490 - Team 3 driving to marker 5(Dist: 14.2km) for 1400 milliseconds
16:04:12.890 - Team 3 arrived to RouteMarker Kinneret. Checking for approval..
16:04:12.890 - Team 3 approved to enter marker Kinneret
16:04:12.890 - Team 3 received clue: Route Information
16:04:12.890 - Team 3 at RM Kinneret is leaving..
16:04:12.890 - Team 3 driving to marker 6(Dist: 12.5km) for 1200 milliseconds
16:04:14.093 - Team 3 arrived to RouteMarker Bahai Garden. Checking for approval..
16:04:14.093 - Team 3 approved to enter marker Bahai Garden
16:04:14.093 - Team 3 received clue: Detour
16:04:14.093 - Team 3 performing physical task for 3350 millis
16:04:17.443 - Team 3 at RM Bahai Garden is leaving..
16:04:17.443 - Team 3 driving to marker 7(Dist: 25.1km) for 2500 milliseconds
16:04:19.944 - Team 3 arrived to RouteMarker Tel Aviv Azrieli Center. Checking for approval..
16:04:19.944 - Team 3 approved to enter marker Tel Aviv Azrieli Center
16:04:19.944 - Team 3 received clue: Route Information
16:04:19.944 - Team 3 at RM Tel Aviv Azrieli Center is leaving..
