16:03:49.371 - Team 9 joined the race!
16:03:49.371 - Team 9 driving to marker 0(Dist: 2.6km) for 200 milliseconds
16:03:49.573 - Team 9 arrived to RouteMarker Hula Valley. Checking for approval..
16:03:49.573 - Team 9 approved to enter marker Hula Valley
16:03:49.573 - Team 9 received clue: Route Information
16:03:49.575 - Team 9 at RM Hula Valley is leaving..
16:03:49.578 - Team 9 driving to marker 1(Dist: 33.0km) for 3300 milliseconds
16:03:52.886 - Team 9 arrived to RouteMarker Ramon Crater. Checking for approval..
16:03:52.886 - Team 9 is waiting for RouteMarker Ramon Crater to be available.
16:03:53.899 - Team 9 is waiting for RouteMarker Ramon Crater to be available.
16:03:54.885 - Team 9 is waiting for RouteMarker Ramon Crater to be available.
16:03:55.880 - Team 9 is waiting for RouteMarker Ramon Crater to be available.
16:03:57.149 - Team 9 is waiting for RouteMarker Ramon Crater to be available.
16:03:57.435 - Team 9 is waiting for RouteMarker Ramon Crater to be available.
16:03:59.221 - Team 9 is waiting for RouteMarker Ramon Crater to be available.
16:03:59.635 - Team 9 is waiting for RouteMarker Ramon Crater to be available.
16:03:59.839 - Team 9 approved to enter marker Ramon Crater
16:03:59.839 - Team 9 received clue: Detour
16:03:59.839 - Team 9 performing mental task for 1300 millis.
16:04:01.147 - Team 9 at RM Ramon Crater is leaving..
16:04:01.147 - Team 9 driving to marker 2(Dist: 28.0km) for 2800 milliseconds
16:04:03.948 - Team 9 arrived to RouteMarker Jerusalem Old City. Checking for approval..
16:04:03.948 - Team 9 approved to enter marker Jerusalem Old City
16:04:03.948 - Team 9 received clue: Route Information
16:04:03.948 - Team 9 at RM Jerusalem Old City is leaving..
16:04:03.948 - Team 9 driving to marker 3(Dist: 15.6km) for 1500 milliseconds
16:04:05.449 - Team 9 arrived to RouteMarker Dead Sea. Checking for approval..
16:04:05.449 - Team 9 is waiting for RouteMarker Dead Sea to be available.
16:04:05.861 - Team 9 approved to enter marker Dead Sea
16:04:05.861 - Team 9 received clue: Roadblock
16:04:05.862 - Team 9 draws random member: Contestant [ name=Ohad Piatek, physicalScore=56, mentalScore=95 ]
16:04:08.312 - Team 9 at RM Dead Sea is leaving..
16:04:08.312 - Team 9 driving to marker 4(Dist: 27.8km) for 2700 milliseconds
16:04:11.012 - Team 9 arrived to RouteMarker Acre Market. Checking for approval..
16:04:11.012 - Team 9 approved to enter marker Acre Market
16:04:11.012 - Team 9 received clue: Route Information
16:04:11.012 - Team 9 at RM Acre Market is leaving..
16:04:11.012 - Team 9 driving to marker 5(Dist: 14.2km) for 1400 milliseconds
16:04:12.412 - Team 9 arrived to RouteMarker Kinneret. Checking for approval..
16:04:12.412 - Team 9 approved to enter marker Kinneret
16:04:12.412 - Team 9 received clue: Route Information
16:04:12.412 - Team 9 at RM Kinneret is leaving..
16:04:12.412 - Team 9 driving to marker 6(Dist: 12.5km) for 1200 milliseconds
16:04:13.613 - Team 9 arrived to RouteMarker Bahai Garden. Checking for approval..
16:04:13.613 - Team 9 approved to enter marker Bahai Garden
16:04:13.613 - Team 9 received clue: Detour
16:04:13.613 - Team 9 performing mental task for 1300 millis.
16:04:14.913 - Team 9 at RM Bahai Garden is leaving..
16:04:14.916 - Team 9 driving to marker 7(Dist: 25.1km) for 2500 milliseconds
16:04:17.416 - Team 9 arrived to RouteMarker Tel Aviv Azrieli Center. Checking for approval..
16:04:17.416 - Team 9 approved to enter marker Tel Aviv Azrieli Center
16:04:17.416 - Team 9 received clue: Route Information
16:04:17.416 - Team 9 at RM Tel Aviv Azrieli Center is leaving..
