18:57:21.471 - Team 10 joined the race!
18:57:21.471 - Team 10 driving to marker 0(Dist: 2.6km) for 200 milliseconds
18:57:21.685 - Team 10 arrived to RouteMarker Hula Valley. Checking for approval..
18:57:21.686 - Team 10 approved to enter marker Hula Valley
18:57:21.686 - Team 10 received clue: Route Information
18:57:21.686 - Team 10 at RM Hula Valley is leaving..
18:57:21.686 - Team 10 driving to marker 1(Dist: 33.0km) for 3300 milliseconds
18:57:24.997 - Team 10 arrived to RouteMarker Ramon Crater. Checking for approval..
18:57:24.997 - Team 10 is waiting for RouteMarker Ramon Crater to be available.
18:57:26.291 - Team 10 is waiting for RouteMarker Ramon Crater to be available.
18:57:27.149 - Team 10 is waiting for RouteMarker Ramon Crater to be available.
18:57:28.346 - Team 10 approved to enter marker Ramon Crater
18:57:28.346 - Team 10 received clue: Detour
18:57:28.346 - Team 10 performing physical task for 2550 millis
18:57:30.896 - Team 10 at RM Ramon Crater is leaving..
18:57:30.896 - Team 10 driving to marker 2(Dist: 28.0km) for 2800 milliseconds
18:57:33.697 - Team 10 arrived to RouteMarker Jerusalem Old City. Checking for approval..
18:57:33.697 - Team 10 approved to enter marker Jerusalem Old City
18:57:33.697 - Team 10 received clue: Route Information
18:57:33.697 - Team 10 at RM Jerusalem Old City is leaving..
18:57:33.697 - Team 10 driving to marker 3(Dist: 15.6km) for 1500 milliseconds
18:57:35.197 - Team 10 arrived to RouteMarker Dead Sea. Checking for approval..
18:57:35.197 - Team 10 approved to enter marker Dead Sea
18:57:35.197 - Team 10 received clue: Roadblock
18:57:35.197 - Team 10 draws random member: Contestant [ name=Theophilus Profeta, physicalScore=93, mentalScore=81 ]
18:57:36.497 - Team 10 at RM Dead Sea is leaving..
18:57:36.497 - Team 10 driving to marker 4(Dist: 27.8km) for 2700 milliseconds
18:57:39.198 - Team 10 arrived to RouteMarker Acre Market. Checking for approval..
18:57:39.198 - Team 10 approved to enter marker Acre Market
18:57:39.198 - Team 10 received clue: Route Information
18:57:39.198 - Team 10 at RM Acre Market is leaving..
18:57:39.198 - Team 10 driving to marker 5(Dist: 14.2km) for 1400 milliseconds
18:57:40.598 - Team 10 arrived to RouteMarker Kinneret. Checking for approval..
18:57:40.602 - Team 10 approved to enter marker Kinneret
18:57:40.602 - Team 10 received clue: Route Information
18:57:40.602 - Team 10 at RM Kinneret is leaving..
18:57:40.602 - Team 10 driving to marker 6(Dist: 12.5km) for 1200 milliseconds
18:57:41.802 - Team 10 arrived to RouteMarker Bahai Garden. Checking for approval..
18:57:41.802 - Team 10 approved to enter marker Bahai Garden
18:57:41.802 - Team 10 received clue: Detour
18:57:41.802 - Team 10 performing physical task for 2550 millis
18:57:44.352 - Team 10 at RM Bahai Garden is leaving..
18:57:44.352 - Team 10 driving to marker 7(Dist: 25.1km) for 2500 milliseconds
18:57:46.852 - Team 10 arrived to RouteMarker Tel Aviv Azrieli Center. Checking for approval..
18:57:46.853 - Team 10 approved to enter marker Tel Aviv Azrieli Center
18:57:46.853 - Team 10 received clue: Route Information
18:57:46.853 - Team 10 at RM Tel Aviv Azrieli Center is leaving..
18:58:07.109 - Team 10 has finished the race!
