18:57:21.470 - Team 7 joined the race!
18:57:21.472 - Team 7 driving to marker 0(Dist: 2.6km) for 200 milliseconds
18:57:21.678 - Team 7 arrived to RouteMarker Hula Valley. Checking for approval..
18:57:21.678 - Team 7 approved to enter marker Hula Valley
18:57:21.678 - Team 7 received clue: Route Information
18:57:21.678 - Team 7 at RM Hula Valley is leaving..
18:57:21.679 - Team 7 driving to marker 1(Dist: 33.0km) for 3300 milliseconds
18:57:24.989 - Team 7 arrived to RouteMarker Ramon Crater. Checking for approval..
18:57:24.989 - Team 7 is waiting for RouteMarker Ramon Crater to be available.
18:57:26.292 - Team 7 is waiting for RouteMarker Ramon Crater to be available.
18:57:27.142 - Team 7 is waiting for RouteMarker Ramon Crater to be available.
18:57:28.347 - Team 7 is waiting for RouteMarker Ramon Crater to be available.
18:57:29.542 - Team 7 approved to enter marker Ramon Crater
18:57:29.542 - Team 7 received clue: Detour
18:57:29.542 - Team 7 performing mental task for 3250 millis.
18:57:32.793 - Team 7 at RM Ramon Crater is leaving..
18:57:32.793 - Team 7 driving to marker 2(Dist: 28.0km) for 2800 milliseconds
18:57:35.593 - Team 7 arrived to RouteMarker Jerusalem Old City. Checking for approval..
18:57:35.593 - Team 7 approved to enter marker Jerusalem Old City
18:57:35.593 - Team 7 received clue: Route Information
18:57:35.594 - Team 7 at RM Jerusalem Old City is leaving..
18:57:35.594 - Team 7 driving to marker 3(Dist: 15.6km) for 1500 milliseconds
18:57:37.094 - Team 7 arrived to RouteMarker Dead Sea. Checking for approval..
18:57:37.094 - Team 7 approved to enter marker Dead Sea
18:57:37.094 - Team 7 received clue: Roadblock
18:57:37.095 - Team 7 draws random member: Contestant [ name=Faustino Garrard, physicalScore=54, mentalScore=59 ]
18:57:41.445 - Team 7 at RM Dead Sea is leaving..
18:57:41.446 - Team 7 driving to marker 4(Dist: 27.8km) for 2700 milliseconds
18:57:44.146 - Team 7 arrived to RouteMarker Acre Market. Checking for approval..
18:57:44.146 - Team 7 approved to enter marker Acre Market
18:57:44.146 - Team 7 received clue: Route Information
18:57:44.146 - Team 7 at RM Acre Market is leaving..
18:57:44.146 - Team 7 driving to marker 5(Dist: 14.2km) for 1400 milliseconds
18:57:45.547 - Team 7 arrived to RouteMarker Kinneret. Checking for approval..
18:57:45.549 - Team 7 approved to enter marker Kinneret
18:57:45.549 - Team 7 received clue: Route Information
18:57:45.549 - Team 7 at RM Kinneret is leaving..
18:57:45.550 - Team 7 driving to marker 6(Dist: 12.5km) for 1200 milliseconds
18:57:46.750 - Team 7 arrived to RouteMarker Bahai Garden. Checking for approval..
18:57:46.750 - Team 7 approved to enter marker Bahai Garden
18:57:46.750 - Team 7 received clue: Detour
18:57:46.750 - Team 7 performing mental task for 3250 millis.
18:57:50.003 - Team 7 at RM Bahai Garden is leaving..
18:57:50.003 - Team 7 driving to marker 7(Dist: 25.1km) for 2500 milliseconds
18:57:52.503 - Team 7 arrived to RouteMarker Tel Aviv Azrieli Center. Checking for approval..
18:57:52.503 - Team 7 approved to enter marker Tel Aviv Azrieli Center
18:57:52.503 - Team 7 received clue: Route Information
18:57:52.504 - Team 7 at RM Tel Aviv Azrieli Center is leaving..
18:58:07.108 - Team 7 has finished the race!
