18:57:21.468 - Team 1 joined the race!
18:57:21.469 - Team 1 driving to marker 0(Dist: 2.6km) for 200 milliseconds
18:57:21.673 - Team 1 arrived to RouteMarker Hula Valley. Checking for approval..
18:57:21.674 - Team 1 approved to enter marker Hula Valley
18:57:21.674 - Team 1 received clue: Route Information
18:57:21.674 - Team 1 at RM Hula Valley is leaving..
18:57:21.675 - Team 1 driving to marker 1(Dist: 33.0km) for 3300 milliseconds
18:57:24.984 - Team 1 arrived to RouteMarker Ramon Crater. Checking for approval..
18:57:24.984 - Team 1 approved to enter marker Ramon Crater
18:57:24.984 - Team 1 received clue: Detour
18:57:24.985 - Team 1 performing physical task for 10000 millis
18:57:34.988 - Team 1 at RM Ramon Crater is leaving..
18:57:34.991 - Team 1 driving to marker 2(Dist: 28.0km) for 2800 milliseconds
18:57:37.791 - Team 1 arrived to RouteMarker Jerusalem Old City. Checking for approval..
18:57:37.791 - Team 1 approved to enter marker Jerusalem Old City
18:57:37.791 - Team 1 received clue: Route Information
18:57:37.791 - Team 1 at RM Jerusalem Old City is leaving..
18:57:37.791 - Team 1 driving to marker 3(Dist: 15.6km) for 1500 milliseconds
18:57:39.292 - Team 1 arrived to RouteMarker Dead Sea. Checking for approval..
18:57:39.292 - Team 1 approved to enter marker Dead Sea
18:57:39.292 - Team 1 received clue: Roadblock
18:57:39.292 - Team 1 draws random member: Contestant [ name=Elton Victor, physicalScore=0, mentalScore=0 ]
18:57:49.293 - Team 1 at RM Dead Sea is leaving..
18:57:49.293 - Team 1 driving to marker 4(Dist: 27.8km) for 2700 milliseconds
18:57:51.998 - Team 1 arrived to RouteMarker Acre Market. Checking for approval..
18:57:51.998 - Team 1 approved to enter marker Acre Market
18:57:51.998 - Team 1 received clue: Route Information
18:57:51.998 - Team 1 at RM Acre Market is leaving..
18:57:51.998 - Team 1 driving to marker 5(Dist: 14.2km) for 1400 milliseconds
18:57:53.398 - Team 1 arrived to RouteMarker Kinneret. Checking for approval..
18:57:53.398 - Team 1 approved to enter marker Kinneret
18:57:53.398 - Team 1 received clue: Route Information
18:57:53.398 - Team 1 at RM Kinneret is leaving..
18:57:53.398 - Team 1 driving to marker 6(Dist: 12.5km) for 1200 milliseconds
18:57:54.598 - Team 1 arrived to RouteMarker Bahai Garden. Checking for approval..
18:57:54.598 - Team 1 approved to enter marker Bahai Garden
18:57:54.598 - Team 1 received clue: Detour
18:57:54.598 - Team 1 performing physical task for 10000 millis
18:58:04.598 - Team 1 at RM Bahai Garden is leaving..
18:58:04.598 - Team 1 driving to marker 7(Dist: 25.1km) for 2500 milliseconds
18:58:07.099 - Team 1 arrived to RouteMarker Tel Aviv Azrieli Center. Checking for approval..
18:58:07.099 - Team 1 approved to enter marker Tel Aviv Azrieli Center
18:58:07.099 - Team 1 received clue: Route Information
18:58:07.099 - Team 1 at RM Tel Aviv Azrieli Center is leaving..
18:58:07.099 - Team 1 has finished the race!
