18:57:21.470 - Team 5 joined the race!
18:57:21.470 - Team 5 driving to marker 0(Dist: 2.6km) for 200 milliseconds
18:57:21.676 - Team 5 arrived to RouteMarker Hula Valley. Checking for approval..
18:57:21.676 - Team 5 approved to enter marker Hula Valley
18:57:21.677 - Team 5 received clue: Route Information
18:57:21.677 - Team 5 at RM Hula Valley is leaving..
18:57:21.677 - Team 5 driving to marker 1(Dist: 33.0km) for 3300 milliseconds
18:57:24.988 - Team 5 arrived to RouteMarker Ramon Crater. Checking for approval..
18:57:24.988 - Team 5 is waiting for RouteMarker Ramon Crater to be available.
18:57:26.292 - Team 5 is waiting for RouteMarker Ramon Crater to be available.
18:57:27.141 - Team 5 approved to enter marker Ramon Crater
18:57:27.141 - Team 5 received clue: Detour
18:57:27.142 - Team 5 performing physical task for 2400 millis
18:57:29.542 - Team 5 at RM Ramon Crater is leaving..
18:57:29.542 - Team 5 driving to marker 2(Dist: 28.0km) for 2800 milliseconds
18:57:32.343 - Team 5 arrived to RouteMarker Jerusalem Old City. Checking for approval..
18:57:32.348 - Team 5 approved to enter marker Jerusalem Old City
18:57:32.348 - Team 5 received clue: Route Information
18:57:32.348 - Team 5 at RM Jerusalem Old City is leaving..
18:57:32.348 - Team 5 driving to marker 3(Dist: 15.6km) for 1500 milliseconds
18:57:33.848 - Team 5 arrived to RouteMarker Dead Sea. Checking for approval..
18:57:33.848 - Team 5 approved to enter marker Dead Sea
18:57:33.848 - Team 5 received clue: Roadblock
18:57:33.848 - Team 5 draws random member: Contestant [ name=Andreas Putnam, physicalScore=85, mentalScore=71 ]
18:57:36.049 - Team 5 at RM Dead Sea is leaving..
18:57:36.049 - Team 5 driving to marker 4(Dist: 27.8km) for 2700 milliseconds
18:57:38.749 - Team 5 arrived to RouteMarker Acre Market. Checking for approval..
18:57:38.749 - Team 5 approved to enter marker Acre Market
18:57:38.749 - Team 5 received clue: Route Information
18:57:38.749 - Team 5 at RM Acre Market is leaving..
18:57:38.749 - Team 5 driving to marker 5(Dist: 14.2km) for 1400 milliseconds
18:57:40.149 - Team 5 arrived to RouteMarker Kinneret. Checking for approval..
18:57:40.149 - Team 5 approved to enter marker Kinneret
18:57:40.149 - Team 5 received clue: Route Information
18:57:40.149 - Team 5 at RM Kinneret is leaving..
18:57:40.149 - Team 5 driving to marker 6(Dist: 12.5km) for 1200 milliseconds
18:57:41.349 - Team 5 arrived to RouteMarker Bahai Garden. Checking for approval..
18:57:41.349 - Team 5 approved to enter marker Bahai Garden
18:57:41.349 - Team 5 received clue: Detour
18:57:41.349 - Team 5 performing physical task for 2400 millis
18:57:43.749 - Team 5 at RM Bahai Garden is leaving..
18:57:43.749 - Team 5 driving to marker 7(Dist: 25.1km) for 2500 milliseconds
18:57:46.250 - Team 5 arrived to RouteMarker Tel Aviv Azrieli Center. Checking for approval..
18:57:46.250 - Team 5 approved to enter marker Tel Aviv Azrieli Center
18:57:46.250 - Team 5 received clue: Route Information
18:57:46.250 - Team 5 at RM Tel Aviv Azrieli Center is leaving..
18:58:07.108 - Team 5 has finished the race!
