18:57:21.468 - Team 6 joined the race!
18:57:21.469 - Team 6 driving to marker 0(Dist: 2.6km) for 200 milliseconds
18:57:21.684 - Team 6 arrived to RouteMarker Hula Valley. Checking for approval..
18:57:21.684 - Team 6 approved to enter marker Hula Valley
18:57:21.685 - Team 6 received clue: Route Information
18:57:21.685 - Team 6 at RM Hula Valley is leaving..
18:57:21.685 - Team 6 driving to marker 1(Dist: 33.0km) for 3300 milliseconds
18:57:24.990 - Team 6 arrived to RouteMarker Ramon Crater. Checking for approval..
18:57:24.997 - Team 6 is waiting for RouteMarker Ramon Crater to be available.
18:57:26.291 - Team 6 is waiting for RouteMarker Ramon Crater to be available.
18:57:27.149 - Team 6 is waiting for RouteMarker Ramon Crater to be available.
18:57:28.346 - Team 6 is waiting for RouteMarker Ramon Crater to be available.
18:57:29.543 - Team 6 is waiting for RouteMarker Ramon Crater to be available.
18:57:30.896 - Team 6 approved to enter marker Ramon Crater
18:57:30.896 - Team 6 received clue: Detour
18:57:30.896 - Team 6 performing physical task for 5600 millis
18:57:36.498 - Team 6 at RM Ramon Crater is leaving..
18:57:36.498 - Team 6 driving to marker 2(Dist: 28.0km) for 2800 milliseconds
18:57:39.298 - Team 6 arrived to RouteMarker Jerusalem Old City. Checking for approval..
18:57:39.298 - Team 6 approved to enter marker Jerusalem Old City
18:57:39.298 - Team 6 received clue: Route Information
18:57:39.298 - Team 6 at RM Jerusalem Old City is leaving..
18:57:39.298 - Team 6 driving to marker 3(Dist: 15.6km) for 1500 milliseconds
18:57:40.798 - Team 6 arrived to RouteMarker Dead Sea. Checking for approval..
18:57:40.798 - Team 6 is waiting for RouteMarker Dead Sea to be available.
18:57:41.445 - Team 6 approved to enter marker Dead Sea
18:57:41.445 - Team 6 received clue: Roadblock
18:57:41.446 - Team 6 draws random member: Contestant [ name=Ulf Hurst, physicalScore=65, mentalScore=24 ]
18:57:46.996 - Team 6 at RM Dead Sea is leaving..
18:57:46.996 - Team 6 driving to marker 4(Dist: 27.8km) for 2700 milliseconds
18:57:49.697 - Team 6 arrived to RouteMarker Acre Market. Checking for approval..
18:57:49.697 - Team 6 approved to enter marker Acre Market
18:57:49.697 - Team 6 received clue: Route Information
18:57:49.697 - Team 6 at RM Acre Market is leaving..
18:57:49.697 - Team 6 driving to marker 5(Dist: 14.2km) for 1400 milliseconds
18:57:51.097 - Team 6 arrived to RouteMarker Kinneret. Checking for approval..
18:57:51.097 - Team 6 approved to enter marker Kinneret
18:57:51.097 - Team 6 received clue: Route Information
18:57:51.097 - Team 6 at RM Kinneret is leaving..
18:57:51.097 - Team 6 driving to marker 6(Dist: 12.5km) for 1200 milliseconds
18:57:52.297 - Team 6 arrived to RouteMarker Bahai Garden. Checking for approval..
18:57:52.297 - Team 6 approved to enter marker Bahai Garden
18:57:52.297 - Team 6 received clue: Detour
18:57:52.298 - Team 6 performing physical task for 5600 millis
18:57:57.898 - Team 6 at RM Bahai Garden is leaving..
18:57:57.898 - Team 6 driving to marker 7(Dist: 25.1km) for 2500 milliseconds
18:58:00.398 - Team 6 arrived to RouteMarker Tel Aviv Azrieli Center. Checking for approval..
18:58:00.398 - Team 6 approved to enter marker Tel Aviv Azrieli Center
18:58:00.398 - Team 6 received clue: Route Information
18:58:00.398 - Team 6 at RM Tel Aviv Azrieli Center is leaving..
18:58:07.108 - Team 6 has finished the race!
