17:50:21.176 - Team 10 joined the race!
17:50:21.177 - Team 10 driving to marker 0(Dist: 2.6km) for 200 milliseconds
17:50:21.377 - Team 10 arrived to RouteMarker Hula Valley. Checking for approval..
17:50:21.377 - Team 10 approved to enter marker Hula Valley
17:50:21.378 - Team 10 received clue: Route Information
17:50:21.378 - Team 10 at RM Hula Valley is leaving..
17:50:21.378 - Team 10 driving to marker 1(Dist: 33.0km) for 3300 milliseconds
17:50:24.679 - Team 10 arrived to RouteMarker Ramon Crater. Checking for approval..
17:50:24.679 - Team 10 is waiting for RouteMarker Ramon Crater to be available.
17:50:26.680 - Team 10 is waiting for RouteMarker Ramon Crater to be available.
17:50:26.886 - Team 10 is waiting for RouteMarker Ramon Crater to be available.
17:50:27.687 - Team 10 is waiting for RouteMarker Ramon Crater to be available.
17:50:27.979 - Team 10 approved to enter marker Ramon Crater
17:50:27.979 - Team 10 received clue: Detour
17:50:27.979 - Team 10 performing physical task for 2550 millis
17:50:30.529 - Team 10 at RM Ramon Crater is leaving..
17:50:30.529 - Team 10 driving to marker 2(Dist: 28.0km) for 2800 milliseconds
17:50:33.329 - Team 10 arrived to RouteMarker Jerusalem Old City. Checking for approval..
17:50:33.329 - Team 10 approved to enter marker Jerusalem Old City
17:50:33.329 - Team 10 received clue: Route Information
17:50:33.329 - Team 10 at RM Jerusalem Old City is leaving..
17:50:33.330 - Team 10 driving to marker 3(Dist: 15.6km) for 1500 milliseconds
17:50:34.833 - Team 10 arrived to RouteMarker Dead Sea. Checking for approval..
17:50:34.833 - Team 10 is waiting for RouteMarker Dead Sea to be available.
17:50:35 - Team 10 approved to enter marker Dead Sea
17:50:35 - Team 10 received clue: Roadblock
17:50:35 - Team 10 draws random member: Contestant [ name=Theophilus Profeta, physicalScore=93, mentalScore=81 ]
17:50:36.300 - Team 10 at RM Dead Sea is leaving..
17:50:36.302 - Team 10 driving to marker 4(Dist: 27.8km) for 2700 milliseconds
17:50:39.003 - Team 10 arrived to RouteMarker Acre Market. Checking for approval..
17:50:39.003 - Team 10 approved to enter marker Acre Market
17:50:39.003 - Team 10 received clue: Route Information
17:50:39.003 - Team 10 at RM Acre Market is leaving..
17:50:39.003 - Team 10 driving to marker 5(Dist: 14.2km) for 1400 milliseconds
17:50:40.403 - Team 10 arrived to RouteMarker Kinneret. Checking for approval..
17:50:40.403 - Team 10 approved to enter marker Kinneret
17:50:40.403 - Team 10 received clue: Route Information
17:50:40.403 - Team 10 at RM Kinneret is leaving..
17:50:40.403 - Team 10 driving to marker 6(Dist: 12.5km) for 1200 milliseconds
17:50:41.604 - Team 10 arrived to RouteMarker Bahai Garden. Checking for approval..
17:50:41.604 - Team 10 approved to enter marker Bahai Garden
17:50:41.604 - Team 10 received clue: Detour
17:50:41.604 - Team 10 performing physical task for 2550 millis
17:50:44.154 - Team 10 at RM Bahai Garden is leaving..
17:50:44.154 - Team 10 driving to marker 7(Dist: 25.1km) for 2500 milliseconds
17:50:46.654 - Team 10 arrived to RouteMarker Tel Aviv Azrieli Center. Checking for approval..
17:50:46.654 - Team 10 approved to enter marker Tel Aviv Azrieli Center
17:50:46.654 - Team 10 received clue: Route Information
17:50:46.654 - Team 10 at RM Tel Aviv Azrieli Center is leaving..
17:51:01.394 - Team 10 has finished the race!
