17:50:21.170 - Team 3 joined the race!
17:50:21.170 - Team 3 driving to marker 0(Dist: 2.6km) for 200 milliseconds
17:50:21.371 - Team 3 arrived to RouteMarker Hula Valley. Checking for approval..
17:50:21.371 - Team 3 approved to enter marker Hula Valley
17:50:21.372 - Team 3 received clue: Route Information
17:50:21.372 - Team 3 at RM Hula Valley is leaving..
17:50:21.375 - Team 3 driving to marker 1(Dist: 33.0km) for 3300 milliseconds
17:50:24.679 - Team 3 arrived to RouteMarker Ramon Crater. Checking for approval..
17:50:24.680 - Team 3 is waiting for RouteMarker Ramon Crater to be available.
17:50:26.680 - Team 3 is waiting for RouteMarker Ramon Crater to be available.
17:50:26.886 - Team 3 is waiting for RouteMarker Ramon Crater to be available.
17:50:27.687 - Team 3 is waiting for RouteMarker Ramon Crater to be available.
17:50:27.979 - Team 3 is waiting for RouteMarker Ramon Crater to be available.
17:50:29.932 - Team 3 is waiting for RouteMarker Ramon Crater to be available.
17:50:30.079 - Team 3 approved to enter marker Ramon Crater
17:50:30.079 - Team 3 received clue: Detour
17:50:30.079 - Team 3 performing physical task for 3350 millis
17:50:33.432 - Team 3 at RM Ramon Crater is leaving..
17:50:33.432 - Team 3 driving to marker 2(Dist: 28.0km) for 2800 milliseconds
17:50:36.232 - Team 3 arrived to RouteMarker Jerusalem Old City. Checking for approval..
17:50:36.232 - Team 3 approved to enter marker Jerusalem Old City
17:50:36.232 - Team 3 received clue: Route Information
17:50:36.232 - Team 3 at RM Jerusalem Old City is leaving..
17:50:36.233 - Team 3 driving to marker 3(Dist: 15.6km) for 1500 milliseconds
17:50:37.734 - Team 3 arrived to RouteMarker Dead Sea. Checking for approval..
17:50:37.734 - Team 3 is waiting for RouteMarker Dead Sea to be available.
17:50:38.189 - Team 3 approved to enter marker Dead Sea
17:50:38.189 - Team 3 received clue: Roadblock
17:50:38.190 - Team 3 draws random member: Contestant [ name=Ema Major, physicalScore=56, mentalScore=43 ]
17:50:43.246 - Team 3 at RM Dead Sea is leaving..
17:50:43.246 - Team 3 driving to marker 4(Dist: 27.8km) for 2700 milliseconds
17:50:45.946 - Team 3 arrived to RouteMarker Acre Market. Checking for approval..
17:50:45.946 - Team 3 approved to enter marker Acre Market
17:50:45.946 - Team 3 received clue: Route Information
17:50:45.946 - Team 3 at RM Acre Market is leaving..
17:50:45.946 - Team 3 driving to marker 5(Dist: 14.2km) for 1400 milliseconds
17:50:47.346 - Team 3 arrived to RouteMarker Kinneret. Checking for approval..
17:50:47.346 - Team 3 approved to enter marker Kinneret
17:50:47.346 - Team 3 received clue: Route Information
17:50:47.346 - Team 3 at RM Kinneret is leaving..
17:50:47.346 - Team 3 driving to marker 6(Dist: 12.5km) for 1200 milliseconds
17:50:48.546 - Team 3 arrived to RouteMarker Bahai Garden. Checking for approval..
17:50:48.546 - Team 3 approved to enter marker Bahai Garden
17:50:48.546 - Team 3 received clue: Detour
17:50:48.546 - Team 3 performing physical task for 3350 millis
17:50:51.896 - Team 3 at RM Bahai Garden is leaving..
17:50:51.896 - Team 3 driving to marker 7(Dist: 25.1km) for 2500 milliseconds
17:50:54.405 - Team 3 arrived to RouteMarker Tel Aviv Azrieli Center. Checking for approval..
17:50:54.405 - Team 3 approved to enter marker Tel Aviv Azrieli Center
17:50:54.405 - Team 3 received clue: Route Information
17:50:54.405 - Team 3 at RM Tel Aviv Azrieli Center is leaving..
17:50:54.405 - Team 3 has finished the race!
