17:50:21.171 - Team 1 joined the race!
17:50:21.171 - Team 1 driving to marker 0(Dist: 2.6km) for 200 milliseconds
17:50:21.372 - Team 1 arrived to RouteMarker Hula Valley. Checking for approval..
17:50:21.372 - Team 1 approved to enter marker Hula Valley
17:50:21.372 - Team 1 received clue: Route Information
17:50:21.372 - Team 1 at RM Hula Valley is leaving..
17:50:21.373 - Team 1 driving to marker 1(Dist: 33.0km) for 3300 milliseconds
17:50:24.673 - Team 1 arrived to RouteMarker Ramon Crater. Checking for approval..
17:50:24.674 - Team 1 approved to enter marker Ramon Crater
17:50:24.676 - Team 1 received clue: Detour
17:50:24.679 - Team 1 performing mental task for 2200 millis.
17:50:26.879 - Team 1 at RM Ramon Crater is leaving..
17:50:26.888 - Team 1 driving to marker 2(Dist: 28.0km) for 2800 milliseconds
17:50:29.688 - Team 1 arrived to RouteMarker Jerusalem Old City. Checking for approval..
17:50:29.688 - Team 1 approved to enter marker Jerusalem Old City
17:50:29.693 - Team 1 received clue: Route Information
17:50:29.693 - Team 1 at RM Jerusalem Old City is leaving..
17:50:29.693 - Team 1 driving to marker 3(Dist: 15.6km) for 1500 milliseconds
17:50:31.193 - Team 1 arrived to RouteMarker Dead Sea. Checking for approval..
17:50:31.193 - Team 1 approved to enter marker Dead Sea
17:50:31.193 - Team 1 received clue: Roadblock
17:50:31.193 - Team 1 draws random member: Contestant [ name=Hans Emanuel, physicalScore=58, mentalScore=91 ]
17:50:33.747 - Team 1 at RM Dead Sea is leaving..
17:50:33.748 - Team 1 driving to marker 4(Dist: 27.8km) for 2700 milliseconds
17:50:36.450 - Team 1 arrived to RouteMarker Acre Market. Checking for approval..
17:50:36.450 - Team 1 approved to enter marker Acre Market
17:50:36.450 - Team 1 received clue: Route Information
17:50:36.450 - Team 1 at RM Acre Market is leaving..
17:50:36.450 - Team 1 driving to marker 5(Dist: 14.2km) for 1400 milliseconds
17:50:37.852 - Team 1 arrived to RouteMarker Kinneret. Checking for approval..
17:50:37.853 - Team 1 approved to enter marker Kinneret
17:50:37.853 - Team 1 received clue: Route Information
17:50:37.853 - Team 1 at RM Kinneret is leaving..
17:50:37.854 - Team 1 driving to marker 6(Dist: 12.5km) for 1200 milliseconds
17:50:39.054 - Team 1 arrived to RouteMarker Bahai Garden. Checking for approval..
17:50:39.054 - Team 1 approved to enter marker Bahai Garden
17:50:39.054 - Team 1 received clue: Detour
17:50:39.054 - Team 1 performing mental task for 2200 millis.
17:50:41.254 - Team 1 at RM Bahai Garden is leaving..
17:50:41.254 - Team 1 driving to marker 7(Dist: 25.1km) for 2500 milliseconds
17:50:43.754 - Team 1 arrived to RouteMarker Tel Aviv Azrieli Center. Checking for approval..
17:50:43.754 - Team 1 approved to enter marker Tel Aviv Azrieli Center
17:50:43.754 - Team 1 received clue: Route Information
17:50:43.754 - Team 1 at RM Tel Aviv Azrieli Center is leaving..
17:50:46.757 - Team 1 has finished the race!
