17:50:21.174 - Team 4 joined the race!
17:50:21.174 - Team 4 driving to marker 0(Dist: 2.6km) for 200 milliseconds
17:50:21.374 - Team 4 arrived to RouteMarker Hula Valley. Checking for approval..
17:50:21.374 - Team 4 approved to enter marker Hula Valley
17:50:21.376 - Team 4 received clue: Route Information
17:50:21.376 - Team 4 at RM Hula Valley is leaving..
17:50:21.380 - Team 4 driving to marker 1(Dist: 33.0km) for 3300 milliseconds
17:50:24.681 - Team 4 arrived to RouteMarker Ramon Crater. Checking for approval..
17:50:24.681 - Team 4 is waiting for RouteMarker Ramon Crater to be available.
17:50:26.680 - Team 4 is waiting for RouteMarker Ramon Crater to be available.
17:50:26.887 - Team 4 is waiting for RouteMarker Ramon Crater to be available.
17:50:27.679 - Team 4 is waiting for RouteMarker Ramon Crater to be available.
17:50:27.979 - Team 4 is waiting for RouteMarker Ramon Crater to be available.
17:50:29.931 - Team 4 is waiting for RouteMarker Ramon Crater to be available.
17:50:30.079 - Team 4 is waiting for RouteMarker Ramon Crater to be available.
17:50:30.529 - Team 4 is waiting for RouteMarker Ramon Crater to be available.
17:50:30.781 - Team 4 approved to enter marker Ramon Crater
17:50:30.781 - Team 4 received clue: Detour
17:50:30.781 - Team 4 performing mental task for 1000 millis.
17:50:31.781 - Team 4 at RM Ramon Crater is leaving..
17:50:31.781 - Team 4 driving to marker 2(Dist: 28.0km) for 2800 milliseconds
17:50:34.581 - Team 4 arrived to RouteMarker Jerusalem Old City. Checking for approval..
17:50:34.583 - Team 4 approved to enter marker Jerusalem Old City
17:50:34.583 - Team 4 received clue: Route Information
17:50:34.587 - Team 4 at RM Jerusalem Old City is leaving..
17:50:34.587 - Team 4 driving to marker 3(Dist: 15.6km) for 1500 milliseconds
17:50:36.087 - Team 4 arrived to RouteMarker Dead Sea. Checking for approval..
17:50:36.087 - Team 4 is waiting for RouteMarker Dead Sea to be available.
17:50:36.300 - Team 4 approved to enter marker Dead Sea
17:50:36.300 - Team 4 received clue: Roadblock
17:50:36.301 - Team 4 draws random member: Contestant [ name=Nicole McKenzie, physicalScore=45, mentalScore=89 ]
17:50:39.602 - Team 4 at RM Dead Sea is leaving..
17:50:39.602 - Team 4 driving to marker 4(Dist: 27.8km) for 2700 milliseconds
17:50:42.302 - Team 4 arrived to RouteMarker Acre Market. Checking for approval..
17:50:42.302 - Team 4 approved to enter marker Acre Market
17:50:42.302 - Team 4 received clue: Route Information
17:50:42.302 - Team 4 at RM Acre Market is leaving..
17:50:42.304 - Team 4 driving to marker 5(Dist: 14.2km) for 1400 milliseconds
17:50:43.704 - Team 4 arrived to RouteMarker Kinneret. Checking for approval..
17:50:43.704 - Team 4 approved to enter marker Kinneret
17:50:43.704 - Team 4 received clue: Route Information
17:50:43.704 - Team 4 at RM Kinneret is leaving..
17:50:43.704 - Team 4 driving to marker 6(Dist: 12.5km) for 1200 milliseconds
17:50:44.904 - Team 4 arrived to RouteMarker Bahai Garden. Checking for approval..
17:50:44.904 - Team 4 approved to enter marker Bahai Garden
17:50:44.904 - Team 4 received clue: Detour
17:50:44.904 - Team 4 performing mental task for 1000 millis.
17:50:45.904 - Team 4 at RM Bahai Garden is leaving..
17:50:45.904 - Team 4 driving to marker 7(Dist: 25.1km) for 2500 milliseconds
17:50:48.404 - Team 4 arrived to RouteMarker Tel Aviv Azrieli Center. Checking for approval..
17:50:48.404 - Team 4 approved to enter marker Tel Aviv Azrieli Center
17:50:48.404 - Team 4 received clue: Route Information
17:50:48.404 - Team 4 at RM Tel Aviv Azrieli Center is leaving..
17:50:54.405 - Team 4 has finished the race!
