17:50:21.174 - Team 5 joined the race!
17:50:21.175 - Team 5 driving to marker 0(Dist: 2.6km) for 200 milliseconds
17:50:21.376 - Team 5 arrived to RouteMarker Hula Valley. Checking for approval..
17:50:21.378 - Team 5 approved to enter marker Hula Valley
17:50:21.380 - Team 5 received clue: Route Information
17:50:21.383 - Team 5 at RM Hula Valley is leaving..
17:50:21.383 - Team 5 driving to marker 1(Dist: 33.0km) for 3300 milliseconds
17:50:24.683 - Team 5 arrived to RouteMarker Ramon Crater. Checking for approval..
17:50:24.683 - Team 5 is waiting for RouteMarker Ramon Crater to be available.
17:50:26.679 - Team 5 is waiting for RouteMarker Ramon Crater to be available.
17:50:26.888 - Team 5 is waiting for RouteMarker Ramon Crater to be available.
17:50:27.678 - Team 5 approved to enter marker Ramon Crater
17:50:27.678 - Team 5 received clue: Detour
17:50:27.678 - Team 5 performing physical task for 2400 millis
17:50:30.079 - Team 5 at RM Ramon Crater is leaving..
17:50:30.080 - Team 5 driving to marker 2(Dist: 28.0km) for 2800 milliseconds
17:50:32.880 - Team 5 arrived to RouteMarker Jerusalem Old City. Checking for approval..
17:50:32.883 - Team 5 approved to enter marker Jerusalem Old City
17:50:32.883 - Team 5 received clue: Route Information
17:50:32.883 - Team 5 at RM Jerusalem Old City is leaving..
17:50:32.883 - Team 5 driving to marker 3(Dist: 15.6km) for 1500 milliseconds
17:50:34.384 - Team 5 arrived to RouteMarker Dead Sea. Checking for approval..
17:50:34.387 - Team 5 is waiting for RouteMarker Dead Sea to be available.
17:50:35 - Team 5 is waiting for RouteMarker Dead Sea to be available.
17:50:35.188 - Team 5 is waiting for RouteMarker Dead Sea to be available.
17:50:35.538 - Team 5 is waiting for RouteMarker Dead Sea to be available.
17:50:36.301 - Team 5 is waiting for RouteMarker Dead Sea to be available.
17:50:37.588 - Team 5 approved to enter marker Dead Sea
17:50:37.588 - Team 5 received clue: Roadblock
17:50:37.588 - Team 5 draws random member: Contestant [ name=Jonas Herbert, physicalScore=67, mentalScore=75 ]
17:50:40.488 - Team 5 at RM Dead Sea is leaving..
17:50:40.488 - Team 5 driving to marker 4(Dist: 27.8km) for 2700 milliseconds
17:50:43.188 - Team 5 arrived to RouteMarker Acre Market. Checking for approval..
17:50:43.188 - Team 5 approved to enter marker Acre Market
17:50:43.188 - Team 5 received clue: Route Information
17:50:43.188 - Team 5 at RM Acre Market is leaving..
17:50:43.188 - Team 5 driving to marker 5(Dist: 14.2km) for 1400 milliseconds
17:50:44.588 - Team 5 arrived to RouteMarker Kinneret. Checking for approval..
17:50:44.588 - Team 5 approved to enter marker Kinneret
17:50:44.588 - Team 5 received clue: Route Information
17:50:44.588 - Team 5 at RM Kinneret is leaving..
17:50:44.588 - Team 5 driving to marker 6(Dist: 12.5km) for 1200 milliseconds
17:50:45.789 - Team 5 arrived to RouteMarker Bahai Garden. Checking for approval..
17:50:45.789 - Team 5 approved to enter marker Bahai Garden
17:50:45.789 - Team 5 received clue: Detour
17:50:45.789 - Team 5 performing physical task for 2400 millis
17:50:48.189 - Team 5 at RM Bahai Garden is leaving..
17:50:48.192 - Team 5 driving to marker 7(Dist: 25.1km) for 2500 milliseconds
17:50:50.692 - Team 5 arrived to RouteMarker Tel Aviv Azrieli Center. Checking for approval..
17:50:50.692 - Team 5 approved to enter marker Tel Aviv Azrieli Center
17:50:50.692 - Team 5 received clue: Route Information
17:50:50.692 - Team 5 at RM Tel Aviv Azrieli Center is leaving..
17:50:54.405 - Team 5 has finished the race!
