17:50:21.176 - Team 7 joined the race!
17:50:21.178 - Team 7 driving to marker 0(Dist: 2.6km) for 200 milliseconds
17:50:21.379 - Team 7 arrived to RouteMarker Hula Valley. Checking for approval..
17:50:21.379 - Team 7 is waiting for RouteMarker Hula Valley to be available.
17:50:21.382 - Team 7 approved to enter marker Hula Valley
17:50:21.383 - Team 7 received clue: Route Information
17:50:21.383 - Team 7 at RM Hula Valley is leaving..
17:50:21.383 - Team 7 driving to marker 1(Dist: 33.0km) for 3300 milliseconds
17:50:24.685 - Team 7 arrived to RouteMarker Ramon Crater. Checking for approval..
17:50:24.685 - Team 7 is waiting for RouteMarker Ramon Crater to be available.
17:50:26.679 - Team 7 approved to enter marker Ramon Crater
17:50:26.679 - Team 7 received clue: Detour
17:50:26.679 - Team 7 performing mental task for 3250 millis.
17:50:29.930 - Team 7 at RM Ramon Crater is leaving..
17:50:29.932 - Team 7 driving to marker 2(Dist: 28.0km) for 2800 milliseconds
17:50:32.732 - Team 7 arrived to RouteMarker Jerusalem Old City. Checking for approval..
17:50:32.732 - Team 7 approved to enter marker Jerusalem Old City
17:50:32.732 - Team 7 received clue: Route Information
17:50:32.732 - Team 7 at RM Jerusalem Old City is leaving..
17:50:32.732 - Team 7 driving to marker 3(Dist: 15.6km) for 1500 milliseconds
17:50:34.232 - Team 7 arrived to RouteMarker Dead Sea. Checking for approval..
17:50:34.232 - Team 7 is waiting for RouteMarker Dead Sea to be available.
17:50:35.001 - Team 7 is waiting for RouteMarker Dead Sea to be available.
17:50:35.187 - Team 7 approved to enter marker Dead Sea
17:50:35.187 - Team 7 received clue: Roadblock
17:50:35.188 - Team 7 draws random member: Contestant [ name=Christen Shepherd, physicalScore=64, mentalScore=76 ]
17:50:38.189 - Team 7 at RM Dead Sea is leaving..
17:50:38.196 - Team 7 driving to marker 4(Dist: 27.8km) for 2700 milliseconds
17:50:40.896 - Team 7 arrived to RouteMarker Acre Market. Checking for approval..
17:50:40.896 - Team 7 approved to enter marker Acre Market
17:50:40.896 - Team 7 received clue: Route Information
17:50:40.896 - Team 7 at RM Acre Market is leaving..
17:50:40.896 - Team 7 driving to marker 5(Dist: 14.2km) for 1400 milliseconds
17:50:42.296 - Team 7 arrived to RouteMarker Kinneret. Checking for approval..
17:50:42.296 - Team 7 approved to enter marker Kinneret
17:50:42.296 - Team 7 received clue: Route Information
17:50:42.296 - Team 7 at RM Kinneret is leaving..
17:50:42.296 - Team 7 driving to marker 6(Dist: 12.5km) for 1200 milliseconds
17:50:43.497 - Team 7 arrived to RouteMarker Bahai Garden. Checking for approval..
17:50:43.497 - Team 7 is waiting for RouteMarker Bahai Garden to be available.
17:50:43.738 - Team 7 approved to enter marker Bahai Garden
17:50:43.738 - Team 7 received clue: Detour
17:50:43.738 - Team 7 performing mental task for 3250 millis.
17:50:46.988 - Team 7 at RM Bahai Garden is leaving..
17:50:46.988 - Team 7 driving to marker 7(Dist: 25.1km) for 2500 milliseconds
17:50:49.488 - Team 7 arrived to RouteMarker Tel Aviv Azrieli Center. Checking for approval..
17:50:49.488 - Team 7 approved to enter marker Tel Aviv Azrieli Center
17:50:49.488 - Team 7 received clue: Route Information
17:50:49.488 - Team 7 at RM Tel Aviv Azrieli Center is leaving..
17:51:01.394 - Team 7 has finished the race!
